[ 2016-10-24T14:20:19+08:00 ] 127.0.0.1 /
INFO: [ app_init ] --START--
INFO: Run Behavior\BuildLiteBehavior [ RunTime:0.000140s ]
INFO: [ app_init ] --END-- [ RunTime:0.000479s ]
INFO: [ app_begin ] --START--
INFO: Run Behavior\ReadHtmlCacheBehavior [ RunTime:0.005055s ]
INFO: [ app_begin ] --END-- [ RunTime:0.005463s ]
NOTIC: [8192] mysql_connect(): The mysql extension is deprecated and will be removed in the future: use mysqli or PDO instead /home/vagrant/www/ant-manager/ThinkPHP/Library/Think/Session/Driver/Db.class.php 第 95 行.
INFO: [ view_parse ] --START--
INFO: [ template_filter ] --START--
INFO: Run Behavior\ContentReplaceBehavior [ RunTime:0.000188s ]
INFO: [ template_filter ] --END-- [ RunTime:0.000577s ]
INFO: Run Behavior\ParseTemplateBehavior [ RunTime:0.091538s ]
INFO: [ view_parse ] --END-- [ RunTime:0.091895s ]
INFO: [ view_filter ] --START--
INFO: Run Behavior\WriteHtmlCacheBehavior [ RunTime:0.004844s ]
INFO: [ view_filter ] --END-- [ RunTime:0.005340s ]
INFO: [ app_end ] --START--
INFO: Run Behavior\ShowPageTraceBehavior [ RunTime:0.005577s ]
INFO: [ app_end ] --END-- [ RunTime:0.005910s ]

[ 2016-10-24T14:20:31+08:00 ] 127.0.0.1 /
INFO: [ app_init ] --START--
INFO: Run Behavior\BuildLiteBehavior [ RunTime:0.000070s ]
INFO: [ app_init ] --END-- [ RunTime:0.000854s ]
INFO: [ app_begin ] --START--
INFO: Run Behavior\ReadHtmlCacheBehavior [ RunTime:0.004193s ]
INFO: [ app_begin ] --END-- [ RunTime:0.004594s ]
NOTIC: [8192] mysql_connect(): The mysql extension is deprecated and will be removed in the future: use mysqli or PDO instead /home/vagrant/www/ant-manager/ThinkPHP/Library/Think/Session/Driver/Db.class.php 第 95 行.
INFO: [ view_parse ] --START--
INFO: [ template_filter ] --START--
INFO: Run Behavior\ContentReplaceBehavior [ RunTime:0.000189s ]
INFO: [ template_filter ] --END-- [ RunTime:0.000580s ]
INFO: Run Behavior\ParseTemplateBehavior [ RunTime:0.051120s ]
INFO: [ view_parse ] --END-- [ RunTime:0.051609s ]
INFO: [ view_filter ] --START--
INFO: Run Behavior\WriteHtmlCacheBehavior [ RunTime:0.004285s ]
INFO: [ view_filter ] --END-- [ RunTime:0.004595s ]
INFO: [ app_end ] --START--
INFO: Run Behavior\ShowPageTraceBehavior [ RunTime:0.004637s ]
INFO: [ app_end ] --END-- [ RunTime:0.005066s ]

[ 2016-10-24T14:23:17+08:00 ] 127.0.0.1 /admin/main
INFO: [ app_init ] --START--
INFO: Run Behavior\BuildLiteBehavior [ RunTime:0.000068s ]
INFO: [ app_init ] --END-- [ RunTime:0.000411s ]
INFO: [ app_begin ] --START--
INFO: Run Behavior\ReadHtmlCacheBehavior [ RunTime:0.002422s ]
INFO: [ app_begin ] --END-- [ RunTime:0.002842s ]
NOTIC: [8192] mysql_connect(): The mysql extension is deprecated and will be removed in the future: use mysqli or PDO instead /home/vagrant/www/ant-manager/ThinkPHP/Library/Think/Session/Driver/Db.class.php 第 95 行.
INFO: [ view_parse ] --START--
INFO: [ template_filter ] --START--
INFO: Run Behavior\ContentReplaceBehavior [ RunTime:0.000301s ]
INFO: [ template_filter ] --END-- [ RunTime:0.000630s ]
NOTIC: [8] Undefined variable: msg /home/vagrant/www/ant-manager/Application/Runtime/Cache/Admin/b2958c8c8e586a48faa6c68ada732ac5.php 第 40 行.
INFO: Run Behavior\ParseTemplateBehavior [ RunTime:0.076041s ]
INFO: [ view_parse ] --END-- [ RunTime:0.076514s ]
INFO: [ view_filter ] --START--
INFO: Run Behavior\WriteHtmlCacheBehavior [ RunTime:0.004537s ]
INFO: [ view_filter ] --END-- [ RunTime:0.004874s ]

[ 2016-10-24T17:15:48+08:00 ] 127.0.0.1 /
INFO: [ app_init ] --START--
INFO: Run Behavior\BuildLiteBehavior [ RunTime:0.000069s ]
INFO: [ app_init ] --END-- [ RunTime:0.000727s ]
INFO: [ app_begin ] --START--
INFO: Run Behavior\ReadHtmlCacheBehavior [ RunTime:0.004942s ]
INFO: [ app_begin ] --END-- [ RunTime:0.005289s ]
NOTIC: [8192] mysql_connect(): The mysql extension is deprecated and will be removed in the future: use mysqli or PDO instead /home/vagrant/www/ant-manager/ThinkPHP/Library/Think/Session/Driver/Db.class.php 第 95 行.
INFO: [ view_parse ] --START--
INFO: [ template_filter ] --START--
INFO: Run Behavior\ContentReplaceBehavior [ RunTime:0.000187s ]
INFO: [ template_filter ] --END-- [ RunTime:0.000534s ]
INFO: Run Behavior\ParseTemplateBehavior [ RunTime:0.052048s ]
INFO: [ view_parse ] --END-- [ RunTime:0.052618s ]
INFO: [ view_filter ] --START--
INFO: Run Behavior\WriteHtmlCacheBehavior [ RunTime:0.004575s ]
INFO: [ view_filter ] --END-- [ RunTime:0.004885s ]
INFO: [ app_end ] --START--
INFO: Run Behavior\ShowPageTraceBehavior [ RunTime:0.006826s ]
INFO: [ app_end ] --END-- [ RunTime:0.007222s ]

[ 2016-10-24T17:15:49+08:00 ] 127.0.0.1 /
INFO: [ app_init ] --START--
INFO: Run Behavior\BuildLiteBehavior [ RunTime:0.000065s ]
INFO: [ app_init ] --END-- [ RunTime:0.000414s ]
INFO: [ app_begin ] --START--
INFO: Run Behavior\ReadHtmlCacheBehavior [ RunTime:0.001616s ]
INFO: [ app_begin ] --END-- [ RunTime:0.001946s ]
NOTIC: [8192] mysql_connect(): The mysql extension is deprecated and will be removed in the future: use mysqli or PDO instead /home/vagrant/www/ant-manager/ThinkPHP/Library/Think/Session/Driver/Db.class.php 第 95 行.
INFO: [ view_parse ] --START--
INFO: [ template_filter ] --START--
INFO: Run Behavior\ContentReplaceBehavior [ RunTime:0.000183s ]
INFO: [ template_filter ] --END-- [ RunTime:0.000665s ]
INFO: Run Behavior\ParseTemplateBehavior [ RunTime:0.039371s ]
INFO: [ view_parse ] --END-- [ RunTime:0.040407s ]
INFO: [ view_filter ] --START--
INFO: Run Behavior\WriteHtmlCacheBehavior [ RunTime:0.001545s ]
INFO: [ view_filter ] --END-- [ RunTime:0.001891s ]
INFO: [ app_end ] --START--
INFO: Run Behavior\ShowPageTraceBehavior [ RunTime:0.001878s ]
INFO: [ app_end ] --END-- [ RunTime:0.002193s ]

[ 2016-10-24T17:24:25+08:00 ] 127.0.0.1 /admin/debuger/sms.html
INFO: [ app_init ] --START--
INFO: Run Behavior\BuildLiteBehavior [ RunTime:0.000121s ]
INFO: [ app_init ] --END-- [ RunTime:0.000461s ]
INFO: [ app_begin ] --START--
INFO: Run Behavior\ReadHtmlCacheBehavior [ RunTime:0.004572s ]
INFO: [ app_begin ] --END-- [ RunTime:0.004901s ]
NOTIC: [8192] mysql_connect(): The mysql extension is deprecated and will be removed in the future: use mysqli or PDO instead /home/vagrant/www/ant-manager/ThinkPHP/Library/Think/Session/Driver/Db.class.php 第 95 行.
NOTIC: [2048] Declaration of Admin\Controller\DebugerController::show() should be compatible with Think\Controller::show($content, $charset = '', $contentType = '', $prefix = '') /home/vagrant/www/ant-manager/Application/Admin/Controller/DebugerController.class.php 第 17 行.
INFO: [ view_parse ] --START--
INFO: [ template_filter ] --START--
INFO: Run Behavior\ContentReplaceBehavior [ RunTime:0.000258s ]
INFO: [ template_filter ] --END-- [ RunTime:0.000578s ]
NOTIC: [8] Undefined variable: msg /home/vagrant/www/ant-manager/Application/Runtime/Cache/Admin/b2958c8c8e586a48faa6c68ada732ac5.php 第 40 行.
INFO: Run Behavior\ParseTemplateBehavior [ RunTime:0.052495s ]
INFO: [ view_parse ] --END-- [ RunTime:0.052926s ]
INFO: [ view_filter ] --START--
INFO: Run Behavior\WriteHtmlCacheBehavior [ RunTime:0.004969s ]
INFO: [ view_filter ] --END-- [ RunTime:0.005307s ]

[ 2016-10-24T17:24:30+08:00 ] 127.0.0.1 /admin/login
INFO: [ app_init ] --START--
INFO: Run Behavior\BuildLiteBehavior [ RunTime:0.000067s ]
INFO: [ app_init ] --END-- [ RunTime:0.000555s ]
INFO: [ app_begin ] --START--
INFO: Run Behavior\ReadHtmlCacheBehavior [ RunTime:0.002253s ]
INFO: [ app_begin ] --END-- [ RunTime:0.002664s ]
NOTIC: [8192] mysql_connect(): The mysql extension is deprecated and will be removed in the future: use mysqli or PDO instead /home/vagrant/www/ant-manager/ThinkPHP/Library/Think/Session/Driver/Db.class.php 第 95 行.
INFO: [ view_parse ] --START--
INFO: [ template_filter ] --START--
INFO: Run Behavior\ContentReplaceBehavior [ RunTime:0.000220s ]
INFO: [ template_filter ] --END-- [ RunTime:0.000535s ]
NOTIC: [8] Undefined variable: msg /home/vagrant/www/ant-manager/Application/Runtime/Cache/Admin/2275611bb46a2a49189a5a4b00fcf970.php 第 41 行.
INFO: Run Behavior\ParseTemplateBehavior [ RunTime:0.063282s ]
INFO: [ view_parse ] --END-- [ RunTime:0.063652s ]
INFO: [ view_filter ] --START--
INFO: Run Behavior\WriteHtmlCacheBehavior [ RunTime:0.004831s ]
INFO: [ view_filter ] --END-- [ RunTime:0.005149s ]
INFO: [ app_end ] --START--
INFO: Run Behavior\ShowPageTraceBehavior [ RunTime:0.004718s ]
INFO: [ app_end ] --END-- [ RunTime:0.005061s ]

[ 2016-10-24T17:24:35+08:00 ] 127.0.0.1 /Admin/Admin/login
INFO: [ app_init ] --START--
INFO: Run Behavior\BuildLiteBehavior [ RunTime:0.000066s ]
INFO: [ app_init ] --END-- [ RunTime:0.000414s ]
INFO: [ app_begin ] --START--
INFO: Run Behavior\ReadHtmlCacheBehavior [ RunTime:0.004373s ]
INFO: [ app_begin ] --END-- [ RunTime:0.004770s ]
NOTIC: [8192] mysql_connect(): The mysql extension is deprecated and will be removed in the future: use mysqli or PDO instead /home/vagrant/www/ant-manager/ThinkPHP/Library/Think/Session/Driver/Db.class.php 第 95 行.

[ 2016-10-24T17:24:36+08:00 ] 127.0.0.1 /admin/main.html
INFO: [ app_init ] --START--
INFO: Run Behavior\BuildLiteBehavior [ RunTime:0.000065s ]
INFO: [ app_init ] --END-- [ RunTime:0.000468s ]
INFO: [ app_begin ] --START--
INFO: Run Behavior\ReadHtmlCacheBehavior [ RunTime:0.001857s ]
INFO: [ app_begin ] --END-- [ RunTime:0.002198s ]
NOTIC: [8192] mysql_connect(): The mysql extension is deprecated and will be removed in the future: use mysqli or PDO instead /home/vagrant/www/ant-manager/ThinkPHP/Library/Think/Session/Driver/Db.class.php 第 95 行.
INFO: [ view_parse ] --START--
INFO: [ template_filter ] --START--
INFO: Run Behavior\ContentReplaceBehavior [ RunTime:0.000320s ]
INFO: [ template_filter ] --END-- [ RunTime:0.001000s ]
INFO: Run Behavior\ParseTemplateBehavior [ RunTime:0.121875s ]
INFO: [ view_parse ] --END-- [ RunTime:0.122210s ]
INFO: [ view_filter ] --START--
INFO: Run Behavior\WriteHtmlCacheBehavior [ RunTime:0.006974s ]
INFO: [ view_filter ] --END-- [ RunTime:0.007296s ]
INFO: [ app_end ] --START--
INFO: Run Behavior\ShowPageTraceBehavior [ RunTime:0.005290s ]
INFO: [ app_end ] --END-- [ RunTime:0.005618s ]

[ 2016-10-24T17:24:39+08:00 ] 127.0.0.1 /admin/debuger/sms.html
INFO: [ app_init ] --START--
INFO: Run Behavior\BuildLiteBehavior [ RunTime:0.000072s ]
INFO: [ app_init ] --END-- [ RunTime:0.000519s ]
INFO: [ app_begin ] --START--
INFO: Run Behavior\ReadHtmlCacheBehavior [ RunTime:0.003687s ]
INFO: [ app_begin ] --END-- [ RunTime:0.004020s ]
NOTIC: [8192] mysql_connect(): The mysql extension is deprecated and will be removed in the future: use mysqli or PDO instead /home/vagrant/www/ant-manager/ThinkPHP/Library/Think/Session/Driver/Db.class.php 第 95 行.
NOTIC: [2048] Declaration of Admin\Controller\DebugerController::show() should be compatible with Think\Controller::show($content, $charset = '', $contentType = '', $prefix = '') /home/vagrant/www/ant-manager/Application/Admin/Controller/DebugerController.class.php 第 17 行.
INFO: [ view_parse ] --START--
INFO: [ template_filter ] --START--
INFO: Run Behavior\ContentReplaceBehavior [ RunTime:0.000207s ]
INFO: [ template_filter ] --END-- [ RunTime:0.000598s ]
INFO: Run Behavior\ParseTemplateBehavior [ RunTime:0.101169s ]
INFO: [ view_parse ] --END-- [ RunTime:0.101606s ]
INFO: [ view_filter ] --START--
INFO: Run Behavior\WriteHtmlCacheBehavior [ RunTime:0.004817s ]
INFO: [ view_filter ] --END-- [ RunTime:0.005138s ]
INFO: [ app_end ] --START--
INFO: Run Behavior\ShowPageTraceBehavior [ RunTime:0.004418s ]
INFO: [ app_end ] --END-- [ RunTime:0.004738s ]

[ 2016-10-24T17:26:23+08:00 ] 127.0.0.1 /Admin/Debuger/request
INFO: [ app_init ] --START--
INFO: Run Behavior\BuildLiteBehavior [ RunTime:0.000070s ]
INFO: [ app_init ] --END-- [ RunTime:0.000532s ]
INFO: [ app_begin ] --START--
INFO: Run Behavior\ReadHtmlCacheBehavior [ RunTime:0.002157s ]
INFO: [ app_begin ] --END-- [ RunTime:0.003494s ]
NOTIC: [8192] mysql_connect(): The mysql extension is deprecated and will be removed in the future: use mysqli or PDO instead /home/vagrant/www/ant-manager/ThinkPHP/Library/Think/Session/Driver/Db.class.php 第 95 行.
NOTIC: [2048] Declaration of Admin\Controller\DebugerController::show() should be compatible with Think\Controller::show($content, $charset = '', $contentType = '', $prefix = '') /home/vagrant/www/ant-manager/Application/Admin/Controller/DebugerController.class.php 第 17 行.

[ 2016-10-24T17:26:44+08:00 ] 127.0.0.1 /Admin/Debuger/request
INFO: [ app_init ] --START--
INFO: Run Behavior\BuildLiteBehavior [ RunTime:0.000072s ]
INFO: [ app_init ] --END-- [ RunTime:0.000452s ]
INFO: [ app_begin ] --START--
INFO: Run Behavior\ReadHtmlCacheBehavior [ RunTime:0.004487s ]
INFO: [ app_begin ] --END-- [ RunTime:0.004835s ]
NOTIC: [8192] mysql_connect(): The mysql extension is deprecated and will be removed in the future: use mysqli or PDO instead /home/vagrant/www/ant-manager/ThinkPHP/Library/Think/Session/Driver/Db.class.php 第 95 行.
NOTIC: [2048] Declaration of Admin\Controller\DebugerController::show() should be compatible with Think\Controller::show($content, $charset = '', $contentType = '', $prefix = '') /home/vagrant/www/ant-manager/Application/Admin/Controller/DebugerController.class.php 第 17 行.

[ 2016-10-24T17:28:03+08:00 ] 127.0.0.1 /Admin/Debuger/request
INFO: [ app_init ] --START--
INFO: Run Behavior\BuildLiteBehavior [ RunTime:0.000068s ]
INFO: [ app_init ] --END-- [ RunTime:0.000474s ]
INFO: [ app_begin ] --START--
INFO: Run Behavior\ReadHtmlCacheBehavior [ RunTime:0.006171s ]
INFO: [ app_begin ] --END-- [ RunTime:0.006705s ]
NOTIC: [8192] mysql_connect(): The mysql extension is deprecated and will be removed in the future: use mysqli or PDO instead /home/vagrant/www/ant-manager/ThinkPHP/Library/Think/Session/Driver/Db.class.php 第 95 行.
NOTIC: [2048] Declaration of Admin\Controller\DebugerController::show() should be compatible with Think\Controller::show($content, $charset = '', $contentType = '', $prefix = '') /home/vagrant/www/ant-manager/Application/Admin/Controller/DebugerController.class.php 第 17 行.

[ 2016-10-24T17:28:29+08:00 ] 127.0.0.1 /Admin/Debuger/request
INFO: [ app_init ] --START--
INFO: Run Behavior\BuildLiteBehavior [ RunTime:0.000142s ]
INFO: [ app_init ] --END-- [ RunTime:0.000473s ]
INFO: [ app_begin ] --START--
INFO: Run Behavior\ReadHtmlCacheBehavior [ RunTime:0.003286s ]
INFO: [ app_begin ] --END-- [ RunTime:0.003567s ]
NOTIC: [8192] mysql_connect(): The mysql extension is deprecated and will be removed in the future: use mysqli or PDO instead /home/vagrant/www/ant-manager/ThinkPHP/Library/Think/Session/Driver/Db.class.php 第 95 行.
NOTIC: [2048] Declaration of Admin\Controller\DebugerController::show() should be compatible with Think\Controller::show($content, $charset = '', $contentType = '', $prefix = '') /home/vagrant/www/ant-manager/Application/Admin/Controller/DebugerController.class.php 第 17 行.

[ 2016-10-24T17:32:14+08:00 ] 127.0.0.1 /Admin/Debuger/request
INFO: [ app_init ] --START--
INFO: Run Behavior\BuildLiteBehavior [ RunTime:0.000068s ]
INFO: [ app_init ] --END-- [ RunTime:0.000475s ]
INFO: [ app_begin ] --START--
INFO: Run Behavior\ReadHtmlCacheBehavior [ RunTime:0.004697s ]
INFO: [ app_begin ] --END-- [ RunTime:0.004982s ]
NOTIC: [8192] mysql_connect(): The mysql extension is deprecated and will be removed in the future: use mysqli or PDO instead /home/vagrant/www/ant-manager/ThinkPHP/Library/Think/Session/Driver/Db.class.php 第 95 行.
NOTIC: [2048] Declaration of Admin\Controller\DebugerController::show() should be compatible with Think\Controller::show($content, $charset = '', $contentType = '', $prefix = '') /home/vagrant/www/ant-manager/Application/Admin/Controller/DebugerController.class.php 第 17 行.

[ 2016-10-24T17:33:07+08:00 ] 127.0.0.1 /Admin/Debuger/request
INFO: [ app_init ] --START--
INFO: Run Behavior\BuildLiteBehavior [ RunTime:0.000072s ]
INFO: [ app_init ] --END-- [ RunTime:0.000500s ]
INFO: [ app_begin ] --START--
INFO: Run Behavior\ReadHtmlCacheBehavior [ RunTime:0.004832s ]
INFO: [ app_begin ] --END-- [ RunTime:0.005170s ]
NOTIC: [8192] mysql_connect(): The mysql extension is deprecated and will be removed in the future: use mysqli or PDO instead /home/vagrant/www/ant-manager/ThinkPHP/Library/Think/Session/Driver/Db.class.php 第 95 行.
NOTIC: [2048] Declaration of Admin\Controller\DebugerController::show() should be compatible with Think\Controller::show($content, $charset = '', $contentType = '', $prefix = '') /home/vagrant/www/ant-manager/Application/Admin/Controller/DebugerController.class.php 第 17 行.

[ 2016-10-24T17:33:47+08:00 ] 127.0.0.1 /Admin/Debuger/request
INFO: [ app_init ] --START--
INFO: Run Behavior\BuildLiteBehavior [ RunTime:0.000068s ]
INFO: [ app_init ] --END-- [ RunTime:0.000486s ]
INFO: [ app_begin ] --START--
INFO: Run Behavior\ReadHtmlCacheBehavior [ RunTime:0.001536s ]
INFO: [ app_begin ] --END-- [ RunTime:0.001809s ]
NOTIC: [8192] mysql_connect(): The mysql extension is deprecated and will be removed in the future: use mysqli or PDO instead /home/vagrant/www/ant-manager/ThinkPHP/Library/Think/Session/Driver/Db.class.php 第 95 行.
NOTIC: [2048] Declaration of Admin\Controller\DebugerController::show() should be compatible with Think\Controller::show($content, $charset = '', $contentType = '', $prefix = '') /home/vagrant/www/ant-manager/Application/Admin/Controller/DebugerController.class.php 第 17 行.

[ 2016-10-24T17:42:03+08:00 ] 127.0.0.1 /Admin/Debuger/request
INFO: [ app_init ] --START--
INFO: Run Behavior\BuildLiteBehavior [ RunTime:0.000070s ]
INFO: [ app_init ] --END-- [ RunTime:0.000500s ]
INFO: [ app_begin ] --START--
INFO: Run Behavior\ReadHtmlCacheBehavior [ RunTime:0.004545s ]
INFO: [ app_begin ] --END-- [ RunTime:0.004878s ]
NOTIC: [8192] mysql_connect(): The mysql extension is deprecated and will be removed in the future: use mysqli or PDO instead /home/vagrant/www/ant-manager/ThinkPHP/Library/Think/Session/Driver/Db.class.php 第 95 行.
NOTIC: [2048] Declaration of Admin\Controller\DebugerController::show() should be compatible with Think\Controller::show($content, $charset = '', $contentType = '', $prefix = '') /home/vagrant/www/ant-manager/Application/Admin/Controller/DebugerController.class.php 第 17 行.

[ 2016-10-24T17:43:24+08:00 ] 127.0.0.1 /Admin/Debuger/request
INFO: [ app_init ] --START--
INFO: Run Behavior\BuildLiteBehavior [ RunTime:0.000069s ]
INFO: [ app_init ] --END-- [ RunTime:0.000470s ]
INFO: [ app_begin ] --START--
INFO: Run Behavior\ReadHtmlCacheBehavior [ RunTime:0.005528s ]
INFO: [ app_begin ] --END-- [ RunTime:0.005913s ]
NOTIC: [8192] mysql_connect(): The mysql extension is deprecated and will be removed in the future: use mysqli or PDO instead /home/vagrant/www/ant-manager/ThinkPHP/Library/Think/Session/Driver/Db.class.php 第 95 行.
NOTIC: [2048] Declaration of Admin\Controller\DebugerController::show() should be compatible with Think\Controller::show($content, $charset = '', $contentType = '', $prefix = '') /home/vagrant/www/ant-manager/Application/Admin/Controller/DebugerController.class.php 第 17 行.

[ 2016-10-24T17:49:16+08:00 ] 127.0.0.1 /Admin/Debuger/request
INFO: [ app_init ] --START--
INFO: Run Behavior\BuildLiteBehavior [ RunTime:0.000078s ]
INFO: [ app_init ] --END-- [ RunTime:0.000555s ]
INFO: [ app_begin ] --START--
INFO: Run Behavior\ReadHtmlCacheBehavior [ RunTime:0.005566s ]
INFO: [ app_begin ] --END-- [ RunTime:0.005919s ]
NOTIC: [8192] mysql_connect(): The mysql extension is deprecated and will be removed in the future: use mysqli or PDO instead /home/vagrant/www/ant-manager/ThinkPHP/Library/Think/Session/Driver/Db.class.php 第 95 行.
NOTIC: [2048] Declaration of Admin\Controller\DebugerController::show() should be compatible with Think\Controller::show($content, $charset = '', $contentType = '', $prefix = '') /home/vagrant/www/ant-manager/Application/Admin/Controller/DebugerController.class.php 第 17 行.

[ 2016-10-24T17:49:49+08:00 ] 127.0.0.1 /Admin/Debuger/request
INFO: [ app_init ] --START--
INFO: Run Behavior\BuildLiteBehavior [ RunTime:0.000070s ]
INFO: [ app_init ] --END-- [ RunTime:0.000525s ]
INFO: [ app_begin ] --START--
INFO: Run Behavior\ReadHtmlCacheBehavior [ RunTime:0.004745s ]
INFO: [ app_begin ] --END-- [ RunTime:0.005035s ]
NOTIC: [8192] mysql_connect(): The mysql extension is deprecated and will be removed in the future: use mysqli or PDO instead /home/vagrant/www/ant-manager/ThinkPHP/Library/Think/Session/Driver/Db.class.php 第 95 行.
NOTIC: [2048] Declaration of Admin\Controller\DebugerController::show() should be compatible with Think\Controller::show($content, $charset = '', $contentType = '', $prefix = '') /home/vagrant/www/ant-manager/Application/Admin/Controller/DebugerController.class.php 第 17 行.

[ 2016-10-24T17:50:03+08:00 ] 127.0.0.1 /Admin/Debuger/request
INFO: [ app_init ] --START--
INFO: Run Behavior\BuildLiteBehavior [ RunTime:0.000126s ]
INFO: [ app_init ] --END-- [ RunTime:0.000467s ]
INFO: [ app_begin ] --START--
INFO: Run Behavior\ReadHtmlCacheBehavior [ RunTime:0.004347s ]
INFO: [ app_begin ] --END-- [ RunTime:0.004748s ]
NOTIC: [8192] mysql_connect(): The mysql extension is deprecated and will be removed in the future: use mysqli or PDO instead /home/vagrant/www/ant-manager/ThinkPHP/Library/Think/Session/Driver/Db.class.php 第 95 行.
NOTIC: [2048] Declaration of Admin\Controller\DebugerController::show() should be compatible with Think\Controller::show($content, $charset = '', $contentType = '', $prefix = '') /home/vagrant/www/ant-manager/Application/Admin/Controller/DebugerController.class.php 第 17 行.

[ 2016-10-24T17:50:38+08:00 ] 127.0.0.1 /
INFO: [ app_init ] --START--
INFO: Run Behavior\BuildLiteBehavior [ RunTime:0.000067s ]
INFO: [ app_init ] --END-- [ RunTime:0.000462s ]
INFO: [ app_begin ] --START--
INFO: Run Behavior\ReadHtmlCacheBehavior [ RunTime:0.002286s ]
INFO: [ app_begin ] --END-- [ RunTime:0.002931s ]
NOTIC: [8192] mysql_connect(): The mysql extension is deprecated and will be removed in the future: use mysqli or PDO instead /home/vagrant/www/ant-manager/ThinkPHP/Library/Think/Session/Driver/Db.class.php 第 95 行.
INFO: [ view_parse ] --START--
INFO: [ template_filter ] --START--
INFO: Run Behavior\ContentReplaceBehavior [ RunTime:0.000262s ]
INFO: [ template_filter ] --END-- [ RunTime:0.000820s ]
INFO: Run Behavior\ParseTemplateBehavior [ RunTime:0.051367s ]
INFO: [ view_parse ] --END-- [ RunTime:0.051774s ]
INFO: [ view_filter ] --START--
INFO: Run Behavior\WriteHtmlCacheBehavior [ RunTime:0.004525s ]
INFO: [ view_filter ] --END-- [ RunTime:0.004837s ]
INFO: [ app_end ] --START--
INFO: Run Behavior\ShowPageTraceBehavior [ RunTime:0.004401s ]
INFO: [ app_end ] --END-- [ RunTime:0.004716s ]

