[ 2016-09-23T10:18:26+08:00 ] 127.0.0.1 /ucenter/doc
INFO: [ app_init ] --START--
INFO: Run Behavior\BuildLiteBehavior [ RunTime:0.000029s ]
INFO: [ app_init ] --END-- [ RunTime:0.000249s ]
INFO: [ app_begin ] --START--
INFO: Run Behavior\ReadHtmlCacheBehavior [ RunTime:0.001613s ]
INFO: [ app_begin ] --END-- [ RunTime:0.001730s ]
INFO: [ view_parse ] --START--
INFO: [ template_filter ] --START--
INFO: Run Behavior\ContentReplaceBehavior [ RunTime:0.000073s ]
INFO: [ template_filter ] --END-- [ RunTime:0.000187s ]
INFO: Run Behavior\ParseTemplateBehavior [ RunTime:0.022376s ]
INFO: [ view_parse ] --END-- [ RunTime:0.022550s ]
INFO: [ view_filter ] --START--
INFO: Run Behavior\WriteHtmlCacheBehavior [ RunTime:0.002026s ]
INFO: [ view_filter ] --END-- [ RunTime:0.002138s ]
INFO: [ app_end ] --START--
INFO: Run Behavior\ShowPageTraceBehavior [ RunTime:0.002145s ]
INFO: [ app_end ] --END-- [ RunTime:0.002257s ]

[ 2016-09-23T10:18:32+08:00 ] 127.0.0.1 /ucenter/doc
INFO: [ app_init ] --START--
INFO: Run Behavior\BuildLiteBehavior [ RunTime:0.000034s ]
INFO: [ app_init ] --END-- [ RunTime:0.000196s ]
INFO: [ app_begin ] --START--
INFO: Run Behavior\ReadHtmlCacheBehavior [ RunTime:0.001156s ]
INFO: [ app_begin ] --END-- [ RunTime:0.001274s ]
INFO: [ view_parse ] --START--
INFO: [ template_filter ] --START--
INFO: Run Behavior\ContentReplaceBehavior [ RunTime:0.000071s ]
INFO: [ template_filter ] --END-- [ RunTime:0.000179s ]
INFO: Run Behavior\ParseTemplateBehavior [ RunTime:0.016748s ]
INFO: [ view_parse ] --END-- [ RunTime:0.016868s ]
INFO: [ view_filter ] --START--
INFO: Run Behavior\WriteHtmlCacheBehavior [ RunTime:0.001624s ]
INFO: [ view_filter ] --END-- [ RunTime:0.001728s ]
INFO: [ app_end ] --START--
INFO: Run Behavior\ShowPageTraceBehavior [ RunTime:0.001830s ]
INFO: [ app_end ] --END-- [ RunTime:0.001956s ]

[ 2016-09-23T10:39:21+08:00 ] 127.0.0.1 /ucenter/doc
INFO: [ app_init ] --START--
INFO: Run Behavior\BuildLiteBehavior [ RunTime:0.000042s ]
INFO: [ app_init ] --END-- [ RunTime:0.000241s ]
INFO: [ app_begin ] --START--
INFO: Run Behavior\ReadHtmlCacheBehavior [ RunTime:0.002020s ]
INFO: [ app_begin ] --END-- [ RunTime:0.002227s ]
INFO: [ view_parse ] --START--
INFO: [ template_filter ] --START--
INFO: Run Behavior\ContentReplaceBehavior [ RunTime:0.000072s ]
INFO: [ template_filter ] --END-- [ RunTime:0.000180s ]
INFO: Run Behavior\ParseTemplateBehavior [ RunTime:0.018132s ]
INFO: [ view_parse ] --END-- [ RunTime:0.018271s ]
INFO: [ view_filter ] --START--
INFO: Run Behavior\WriteHtmlCacheBehavior [ RunTime:0.001683s ]
INFO: [ view_filter ] --END-- [ RunTime:0.001790s ]
INFO: [ app_end ] --START--
INFO: Run Behavior\ShowPageTraceBehavior [ RunTime:0.001619s ]
INFO: [ app_end ] --END-- [ RunTime:0.001730s ]

[ 2016-09-23T10:41:32+08:00 ] 127.0.0.1 /ucenter/api/accounts/regist
INFO: [ app_init ] --START--
INFO: Run Behavior\BuildLiteBehavior [ RunTime:0.000027s ]
INFO: [ app_init ] --END-- [ RunTime:0.000149s ]
INFO: [ app_begin ] --START--
INFO: Run Behavior\ReadHtmlCacheBehavior [ RunTime:0.001686s ]
INFO: [ app_begin ] --END-- [ RunTime:0.001807s ]
NOTIC: [8] Undefined index: account /home/vagrant/www/ant-account/Application/Ucenter/Service/CommonService.class.php 第 61 行.

[ 2016-09-23T10:42:43+08:00 ] 127.0.0.1 /ucenter/api/accounts/regist
INFO: [ app_init ] --START--
INFO: Run Behavior\BuildLiteBehavior [ RunTime:0.000049s ]
INFO: [ app_init ] --END-- [ RunTime:0.000214s ]
INFO: [ app_begin ] --START--
INFO: Run Behavior\ReadHtmlCacheBehavior [ RunTime:0.001534s ]
INFO: [ app_begin ] --END-- [ RunTime:0.001703s ]
NOTIC: [8] Undefined variable: response xdebug://debug-eval 第 1 行.
NOTIC: [8] Undefined variable: response xdebug://debug-eval 第 1 行.
NOTIC: [8] Undefined variable: response xdebug://debug-eval 第 1 行.
NOTIC: [8] Undefined variable: response xdebug://debug-eval 第 1 行.
NOTIC: [8] Undefined variable: response xdebug://debug-eval 第 1 行.
NOTIC: [8] Undefined variable: response xdebug://debug-eval 第 1 行.
NOTIC: [8] Undefined index: account /home/vagrant/www/ant-account/Application/Ucenter/Service/CommonService.class.php 第 61 行.

[ 2016-09-23T11:45:33+08:00 ] 127.0.0.1 /ucenter/api/accounts/regist
INFO: [ app_init ] --START--
INFO: Run Behavior\BuildLiteBehavior [ RunTime:0.000049s ]
INFO: [ app_init ] --END-- [ RunTime:0.000212s ]
INFO: [ app_begin ] --START--
INFO: Run Behavior\ReadHtmlCacheBehavior [ RunTime:0.002224s ]
INFO: [ app_begin ] --END-- [ RunTime:0.002413s ]
NOTIC: [8] Undefined variable: response xdebug://debug-eval 第 1 行.
NOTIC: [8] Undefined variable: response xdebug://debug-eval 第 1 行.
NOTIC: [8] Undefined variable: response xdebug://debug-eval 第 1 行.
NOTIC: [8] Undefined variable: response xdebug://debug-eval 第 1 行.
NOTIC: [8] Undefined variable: response xdebug://debug-eval 第 1 行.
NOTIC: [8] Undefined variable: response xdebug://debug-eval 第 1 行.
NOTIC: [8] Undefined variable: response xdebug://debug-eval 第 1 行.
NOTIC: [8] Undefined variable: response xdebug://debug-eval 第 1 行.
NOTIC: [8] Undefined variable: response xdebug://debug-eval 第 1 行.
NOTIC: [8] Undefined variable: response xdebug://debug-eval 第 1 行.
NOTIC: [8] Undefined variable: response xdebug://debug-eval 第 1 行.
NOTIC: [8] Undefined variable: response xdebug://debug-eval 第 1 行.
NOTIC: [8] Undefined variable: response xdebug://debug-eval 第 1 行.
NOTIC: [8] Undefined variable: response xdebug://debug-eval 第 1 行.
NOTIC: [8] Undefined variable: response xdebug://debug-eval 第 1 行.
NOTIC: [8] Undefined variable: response xdebug://debug-eval 第 1 行.
NOTIC: [8] Undefined index: account /home/vagrant/www/ant-account/Application/Ucenter/Service/CommonService.class.php 第 61 行.
NOTIC: [8] Undefined variable: response xdebug://debug-eval 第 1 行.
NOTIC: [8] Undefined variable: response xdebug://debug-eval 第 1 行.

[ 2016-09-23T11:46:02+08:00 ] 127.0.0.1 /ucenter/api/accounts/regist
INFO: [ app_init ] --START--
INFO: Run Behavior\BuildLiteBehavior [ RunTime:0.000048s ]
INFO: [ app_init ] --END-- [ RunTime:0.000215s ]
INFO: [ app_begin ] --START--
INFO: Run Behavior\ReadHtmlCacheBehavior [ RunTime:0.000851s ]
INFO: [ app_begin ] --END-- [ RunTime:0.001099s ]
NOTIC: [8] Undefined variable: response xdebug://debug-eval 第 1 行.
NOTIC: [8] Undefined variable: response xdebug://debug-eval 第 1 行.
NOTIC: [8] Undefined variable: response xdebug://debug-eval 第 1 行.
NOTIC: [8] Undefined variable: response xdebug://debug-eval 第 1 行.
NOTIC: [8] Undefined index: account /home/vagrant/www/ant-account/Application/Ucenter/Service/CommonService.class.php 第 61 行.

[ 2016-09-23T11:46:05+08:00 ] 127.0.0.1 /ucenter/api/accounts/regist
INFO: [ app_init ] --START--
INFO: Run Behavior\BuildLiteBehavior [ RunTime:0.000042s ]
INFO: [ app_init ] --END-- [ RunTime:0.000263s ]
INFO: [ app_begin ] --START--
INFO: Run Behavior\ReadHtmlCacheBehavior [ RunTime:0.001602s ]
INFO: [ app_begin ] --END-- [ RunTime:0.001810s ]
NOTIC: [8] Undefined index: account /home/vagrant/www/ant-account/Application/Ucenter/Service/CommonService.class.php 第 61 行.

[ 2016-09-23T11:46:12+08:00 ] 127.0.0.1 /ucenter/api/accounts/regist
INFO: [ app_init ] --START--
INFO: Run Behavior\BuildLiteBehavior [ RunTime:0.000026s ]
INFO: [ app_init ] --END-- [ RunTime:0.000148s ]
INFO: [ app_begin ] --START--
INFO: Run Behavior\ReadHtmlCacheBehavior [ RunTime:0.001359s ]
INFO: [ app_begin ] --END-- [ RunTime:0.001482s ]
NOTIC: [8] Undefined index: validate /home/vagrant/www/ant-account/ThinkPHP/Library/Think/Model.class.php 第 1185 行.
SQL: SELECT * FROM `uc_dealer_account` WHERE `account_name` = 'sean_21' LIMIT 1   [ RunTime:0.0024s ]
SQL: SELECT * FROM `uc_dealer_account` WHERE `email` = '123' LIMIT 1   [ RunTime:0.0024s ]

[ 2016-09-23T13:47:08+08:00 ] 127.0.0.1 /ucenter/doc
INFO: [ app_init ] --START--
INFO: Run Behavior\BuildLiteBehavior [ RunTime:0.000027s ]
INFO: [ app_init ] --END-- [ RunTime:0.000161s ]
INFO: [ app_begin ] --START--
INFO: Run Behavior\ReadHtmlCacheBehavior [ RunTime:0.001061s ]
INFO: [ app_begin ] --END-- [ RunTime:0.001193s ]
INFO: [ view_parse ] --START--
INFO: [ template_filter ] --START--
INFO: Run Behavior\ContentReplaceBehavior [ RunTime:0.000076s ]
INFO: [ template_filter ] --END-- [ RunTime:0.000192s ]
INFO: Run Behavior\ParseTemplateBehavior [ RunTime:0.018804s ]
INFO: [ view_parse ] --END-- [ RunTime:0.018941s ]
INFO: [ view_filter ] --START--
INFO: Run Behavior\WriteHtmlCacheBehavior [ RunTime:0.001403s ]
INFO: [ view_filter ] --END-- [ RunTime:0.001518s ]
INFO: [ app_end ] --START--
INFO: Run Behavior\ShowPageTraceBehavior [ RunTime:0.001290s ]
INFO: [ app_end ] --END-- [ RunTime:0.001406s ]

[ 2016-09-23T13:52:56+08:00 ] 127.0.0.1 /ucenter/api/accounts/regist
INFO: [ app_init ] --START--
INFO: Run Behavior\BuildLiteBehavior [ RunTime:0.000026s ]
INFO: [ app_init ] --END-- [ RunTime:0.000157s ]
INFO: [ app_begin ] --START--
INFO: Run Behavior\ReadHtmlCacheBehavior [ RunTime:0.001102s ]
INFO: [ app_begin ] --END-- [ RunTime:0.001218s ]
NOTIC: [8] Undefined index: account /home/vagrant/www/ant-account/Application/Ucenter/Service/CommonService.class.php 第 61 行.

[ 2016-09-23T13:53:35+08:00 ] 127.0.0.1 /ucenter/api/accounts/regist
INFO: [ app_init ] --START--
INFO: Run Behavior\BuildLiteBehavior [ RunTime:0.000037s ]
INFO: [ app_init ] --END-- [ RunTime:0.000203s ]
INFO: [ app_begin ] --START--
INFO: Run Behavior\ReadHtmlCacheBehavior [ RunTime:0.001595s ]
INFO: [ app_begin ] --END-- [ RunTime:0.001767s ]
NOTIC: [8] Undefined variable: response xdebug://debug-eval 第 1 行.
NOTIC: [8] Undefined variable: response xdebug://debug-eval 第 1 行.
NOTIC: [8] Undefined variable: response xdebug://debug-eval 第 1 行.
NOTIC: [8] Undefined variable: response xdebug://debug-eval 第 1 行.
NOTIC: [8] Undefined variable: response xdebug://debug-eval 第 1 行.
NOTIC: [8] Undefined variable: response xdebug://debug-eval 第 1 行.
NOTIC: [8] Undefined variable: response xdebug://debug-eval 第 1 行.
NOTIC: [8] Undefined variable: response xdebug://debug-eval 第 1 行.
NOTIC: [8] Undefined variable: response xdebug://debug-eval 第 1 行.
NOTIC: [8] Undefined variable: response xdebug://debug-eval 第 1 行.
NOTIC: [8] Undefined variable: response xdebug://debug-eval 第 1 行.
NOTIC: [8] Undefined variable: response xdebug://debug-eval 第 1 行.
NOTIC: [8] Undefined variable: response xdebug://debug-eval 第 1 行.
NOTIC: [8] Undefined variable: response xdebug://debug-eval 第 1 行.
NOTIC: [8] Undefined variable: response xdebug://debug-eval 第 1 行.
NOTIC: [8] Undefined variable: response xdebug://debug-eval 第 1 行.
NOTIC: [8] Undefined index: account /home/vagrant/www/ant-account/Application/Ucenter/Service/CommonService.class.php 第 61 行.
NOTIC: [8] Undefined variable: response xdebug://debug-eval 第 1 行.
NOTIC: [8] Undefined variable: response xdebug://debug-eval 第 1 行.

[ 2016-09-23T13:53:43+08:00 ] 127.0.0.1 /ucenter/api/accounts/regist
INFO: [ app_init ] --START--
INFO: Run Behavior\BuildLiteBehavior [ RunTime:0.000032s ]
INFO: [ app_init ] --END-- [ RunTime:0.000171s ]
INFO: [ app_begin ] --START--
INFO: Run Behavior\ReadHtmlCacheBehavior [ RunTime:0.002041s ]
INFO: [ app_begin ] --END-- [ RunTime:0.002497s ]
NOTIC: [8] Undefined index: validate /home/vagrant/www/ant-account/ThinkPHP/Library/Think/Model.class.php 第 1185 行.
SQL: SELECT * FROM `uc_dealer_account` WHERE `account_name` = 'sean_21' LIMIT 1   [ RunTime:0.0033s ]
SQL: SELECT * FROM `uc_dealer_account` WHERE `mobile` = '15029911706' LIMIT 1   [ RunTime:0.0027s ]
NOTIC: [8] Undefined index: auto /home/vagrant/www/ant-account/ThinkPHP/Library/Think/Model.class.php 第 1128 行.
SQL: INSERT INTO `uc_dealer_account` (`account_name`,`mobile`,`email`,`pwd`,`status`,`createtime`) VALUES ('sean_21','15029911706','','123456','1','2016-09-23 13:53:43') [ RunTime:0.1086s ]
NOTIC: [8] Undefined index: validate /home/vagrant/www/ant-account/ThinkPHP/Library/Think/Model.class.php 第 1185 行.
NOTIC: [8] Undefined index: auto /home/vagrant/www/ant-account/ThinkPHP/Library/Think/Model.class.php 第 1128 行.
SQL: INSERT INTO `uc_dealer_account_action_log` (`account_id`,`action_source`,`action_type`,`option`,`login_ip`,`remark`,`createtime`) VALUES ('10800','','1','新用户注册','127.0.0.1','','2016-09-23 13:53:43') [ RunTime:0.1077s ]

[ 2016-09-23T13:53:49+08:00 ] 127.0.0.1 /ucenter/api/accounts/regist
INFO: [ app_init ] --START--
INFO: Run Behavior\BuildLiteBehavior [ RunTime:0.000026s ]
INFO: [ app_init ] --END-- [ RunTime:0.000141s ]
INFO: [ app_begin ] --START--
INFO: Run Behavior\ReadHtmlCacheBehavior [ RunTime:0.001800s ]
INFO: [ app_begin ] --END-- [ RunTime:0.001926s ]
NOTIC: [8] Undefined index: validate /home/vagrant/www/ant-account/ThinkPHP/Library/Think/Model.class.php 第 1185 行.
SQL: SELECT * FROM `uc_dealer_account` WHERE `account_name` = 'sean_21' LIMIT 1   [ RunTime:0.0029s ]

[ 2016-09-23T13:54:16+08:00 ] 127.0.0.1 /ucenter/api/accounts/regist
INFO: [ app_init ] --START--
INFO: Run Behavior\BuildLiteBehavior [ RunTime:0.000027s ]
INFO: [ app_init ] --END-- [ RunTime:0.000151s ]
INFO: [ app_begin ] --START--
INFO: Run Behavior\ReadHtmlCacheBehavior [ RunTime:0.001873s ]
INFO: [ app_begin ] --END-- [ RunTime:0.002004s ]
NOTIC: [8] Undefined index: validate /home/vagrant/www/ant-account/ThinkPHP/Library/Think/Model.class.php 第 1185 行.
SQL: SELECT * FROM `uc_dealer_account` WHERE `account_name` = 'sean_21' LIMIT 1   [ RunTime:0.0023s ]

[ 2016-09-23T13:54:23+08:00 ] 127.0.0.1 /ucenter/api/accounts/regist
INFO: [ app_init ] --START--
INFO: Run Behavior\BuildLiteBehavior [ RunTime:0.000042s ]
INFO: [ app_init ] --END-- [ RunTime:0.000239s ]
INFO: [ app_begin ] --START--
INFO: Run Behavior\ReadHtmlCacheBehavior [ RunTime:0.001883s ]
INFO: [ app_begin ] --END-- [ RunTime:0.002101s ]

[ 2016-09-23T13:54:35+08:00 ] 127.0.0.1 /ucenter/api/accounts/regist
INFO: [ app_init ] --START--
INFO: Run Behavior\BuildLiteBehavior [ RunTime:0.000029s ]
INFO: [ app_init ] --END-- [ RunTime:0.000166s ]
INFO: [ app_begin ] --START--
INFO: Run Behavior\ReadHtmlCacheBehavior [ RunTime:0.002262s ]
INFO: [ app_begin ] --END-- [ RunTime:0.002393s ]
NOTIC: [8] Undefined index: validate /home/vagrant/www/ant-account/ThinkPHP/Library/Think/Model.class.php 第 1185 行.
SQL: SELECT * FROM `uc_dealer_account` WHERE `account_name` = 'sean_22' LIMIT 1   [ RunTime:0.0024s ]
SQL: SELECT * FROM `uc_dealer_account` WHERE `mobile` = '15029911706' LIMIT 1   [ RunTime:0.0025s ]

[ 2016-09-23T13:54:41+08:00 ] 127.0.0.1 /ucenter/api/accounts/regist
INFO: [ app_init ] --START--
INFO: Run Behavior\BuildLiteBehavior [ RunTime:0.000032s ]
INFO: [ app_init ] --END-- [ RunTime:0.000177s ]
INFO: [ app_begin ] --START--
INFO: Run Behavior\ReadHtmlCacheBehavior [ RunTime:0.001049s ]
INFO: [ app_begin ] --END-- [ RunTime:0.001161s ]

[ 2016-09-23T13:54:49+08:00 ] 127.0.0.1 /ucenter/api/accounts/regist
INFO: [ app_init ] --START--
INFO: Run Behavior\BuildLiteBehavior [ RunTime:0.000026s ]
INFO: [ app_init ] --END-- [ RunTime:0.000147s ]
INFO: [ app_begin ] --START--
INFO: Run Behavior\ReadHtmlCacheBehavior [ RunTime:0.001558s ]
INFO: [ app_begin ] --END-- [ RunTime:0.001686s ]
NOTIC: [8] Undefined index: validate /home/vagrant/www/ant-account/ThinkPHP/Library/Think/Model.class.php 第 1185 行.
SQL: SELECT * FROM `uc_dealer_account` WHERE `account_name` = 'sean_22' LIMIT 1   [ RunTime:0.0026s ]
SQL: SELECT * FROM `uc_dealer_account` WHERE `mobile` = '15029911706e' LIMIT 1   [ RunTime:0.0023s ]

[ 2016-09-23T13:54:57+08:00 ] 127.0.0.1 /ucenter/api/accounts/regist
INFO: [ app_init ] --START--
INFO: Run Behavior\BuildLiteBehavior [ RunTime:0.000069s ]
INFO: [ app_init ] --END-- [ RunTime:0.000235s ]
INFO: [ app_begin ] --START--
INFO: Run Behavior\ReadHtmlCacheBehavior [ RunTime:0.001831s ]
INFO: [ app_begin ] --END-- [ RunTime:0.002043s ]
NOTIC: [8] Undefined index: validate /home/vagrant/www/ant-account/ThinkPHP/Library/Think/Model.class.php 第 1185 行.
SQL: SELECT * FROM `uc_dealer_account` WHERE `account_name` = 'sean_22' LIMIT 1   [ RunTime:0.0023s ]
SQL: SELECT * FROM `uc_dealer_account` WHERE `email` = 'abc' LIMIT 1   [ RunTime:0.0023s ]

[ 2016-09-23T13:55:03+08:00 ] 127.0.0.1 /ucenter/api/accounts/regist
INFO: [ app_init ] --START--
INFO: Run Behavior\BuildLiteBehavior [ RunTime:0.000039s ]
INFO: [ app_init ] --END-- [ RunTime:0.000254s ]
INFO: [ app_begin ] --START--
INFO: Run Behavior\ReadHtmlCacheBehavior [ RunTime:0.001813s ]
INFO: [ app_begin ] --END-- [ RunTime:0.001948s ]
NOTIC: [8] Undefined index: validate /home/vagrant/www/ant-account/ThinkPHP/Library/Think/Model.class.php 第 1185 行.
SQL: SELECT * FROM `uc_dealer_account` WHERE `account_name` = 'sean_22' LIMIT 1   [ RunTime:0.0023s ]
SQL: SELECT * FROM `uc_dealer_account` WHERE `mobile` = '15029911706' LIMIT 1   [ RunTime:0.0027s ]

[ 2016-09-23T14:14:08+08:00 ] 127.0.0.1 /ucenter/doc
INFO: [ app_init ] --START--
INFO: Run Behavior\BuildLiteBehavior [ RunTime:0.000026s ]
INFO: [ app_init ] --END-- [ RunTime:0.000174s ]
INFO: [ app_begin ] --START--
INFO: Run Behavior\ReadHtmlCacheBehavior [ RunTime:0.000861s ]
INFO: [ app_begin ] --END-- [ RunTime:0.000980s ]
INFO: [ view_parse ] --START--
INFO: [ template_filter ] --START--
INFO: Run Behavior\ContentReplaceBehavior [ RunTime:0.000074s ]
INFO: [ template_filter ] --END-- [ RunTime:0.000195s ]
INFO: Run Behavior\ParseTemplateBehavior [ RunTime:0.013144s ]
INFO: [ view_parse ] --END-- [ RunTime:0.013276s ]
INFO: [ view_filter ] --START--
INFO: Run Behavior\WriteHtmlCacheBehavior [ RunTime:0.000842s ]
INFO: [ view_filter ] --END-- [ RunTime:0.000956s ]
INFO: [ app_end ] --START--
INFO: Run Behavior\ShowPageTraceBehavior [ RunTime:0.000854s ]
INFO: [ app_end ] --END-- [ RunTime:0.001030s ]

[ 2016-09-23T14:37:17+08:00 ] 127.0.0.1 /ucenter/doc
INFO: [ app_init ] --START--
INFO: Run Behavior\BuildLiteBehavior [ RunTime:0.000037s ]
INFO: [ app_init ] --END-- [ RunTime:0.000203s ]
INFO: [ app_begin ] --START--
INFO: Run Behavior\ReadHtmlCacheBehavior [ RunTime:0.001645s ]
INFO: [ app_begin ] --END-- [ RunTime:0.001767s ]
INFO: [ view_parse ] --START--
INFO: [ template_filter ] --START--
INFO: Run Behavior\ContentReplaceBehavior [ RunTime:0.000075s ]
INFO: [ template_filter ] --END-- [ RunTime:0.000189s ]
INFO: Run Behavior\ParseTemplateBehavior [ RunTime:0.018211s ]
INFO: [ view_parse ] --END-- [ RunTime:0.018365s ]
INFO: [ view_filter ] --START--
INFO: Run Behavior\WriteHtmlCacheBehavior [ RunTime:0.002344s ]
INFO: [ view_filter ] --END-- [ RunTime:0.002457s ]
INFO: [ app_end ] --START--
INFO: Run Behavior\ShowPageTraceBehavior [ RunTime:0.002565s ]
INFO: [ app_end ] --END-- [ RunTime:0.002686s ]

[ 2016-09-23T15:03:16+08:00 ] 127.0.0.1 /ucenter/doc
INFO: [ app_init ] --START--
INFO: Run Behavior\BuildLiteBehavior [ RunTime:0.000030s ]
INFO: [ app_init ] --END-- [ RunTime:0.000153s ]
INFO: [ app_begin ] --START--
INFO: Run Behavior\ReadHtmlCacheBehavior [ RunTime:0.000905s ]
INFO: [ app_begin ] --END-- [ RunTime:0.001022s ]
INFO: [ view_parse ] --START--
INFO: [ template_filter ] --START--
INFO: Run Behavior\ContentReplaceBehavior [ RunTime:0.000087s ]
INFO: [ template_filter ] --END-- [ RunTime:0.000204s ]
INFO: Run Behavior\ParseTemplateBehavior [ RunTime:0.015060s ]
INFO: [ view_parse ] --END-- [ RunTime:0.015189s ]
INFO: [ view_filter ] --START--
INFO: Run Behavior\WriteHtmlCacheBehavior [ RunTime:0.000878s ]
INFO: [ view_filter ] --END-- [ RunTime:0.000980s ]
INFO: [ app_end ] --START--
INFO: Run Behavior\ShowPageTraceBehavior [ RunTime:0.000864s ]
INFO: [ app_end ] --END-- [ RunTime:0.000972s ]

[ 2016-09-23T15:03:18+08:00 ] 127.0.0.1 /ucenter/doc
INFO: [ app_init ] --START--
INFO: Run Behavior\BuildLiteBehavior [ RunTime:0.000030s ]
INFO: [ app_init ] --END-- [ RunTime:0.000207s ]
INFO: [ app_begin ] --START--
INFO: Run Behavior\ReadHtmlCacheBehavior [ RunTime:0.000550s ]
INFO: [ app_begin ] --END-- [ RunTime:0.000677s ]
INFO: [ view_parse ] --START--
INFO: [ template_filter ] --START--
INFO: Run Behavior\ContentReplaceBehavior [ RunTime:0.000074s ]
INFO: [ template_filter ] --END-- [ RunTime:0.000185s ]
INFO: Run Behavior\ParseTemplateBehavior [ RunTime:0.010488s ]
INFO: [ view_parse ] --END-- [ RunTime:0.010627s ]
INFO: [ view_filter ] --START--
INFO: Run Behavior\WriteHtmlCacheBehavior [ RunTime:0.000484s ]
INFO: [ view_filter ] --END-- [ RunTime:0.000600s ]
INFO: [ app_end ] --START--
INFO: Run Behavior\ShowPageTraceBehavior [ RunTime:0.000358s ]
INFO: [ app_end ] --END-- [ RunTime:0.000496s ]

[ 2016-09-23T15:04:43+08:00 ] 127.0.0.1 /ucenter/api/accounts/changeinfo
INFO: [ app_init ] --START--
INFO: Run Behavior\BuildLiteBehavior [ RunTime:0.000039s ]
INFO: [ app_init ] --END-- [ RunTime:0.000215s ]
INFO: [ app_begin ] --START--
INFO: Run Behavior\ReadHtmlCacheBehavior [ RunTime:0.001714s ]
INFO: [ app_begin ] --END-- [ RunTime:0.001897s ]
NOTIC: [8] Undefined variable: response xdebug://debug-eval 第 1 行.
NOTIC: [8] Undefined variable: response xdebug://debug-eval 第 1 行.
NOTIC: [8] Undefined variable: response xdebug://debug-eval 第 1 行.
NOTIC: [8] Undefined variable: response xdebug://debug-eval 第 1 行.
NOTIC: [8] Undefined variable: response xdebug://debug-eval 第 1 行.
NOTIC: [8] Undefined variable: response xdebug://debug-eval 第 1 行.
NOTIC: [8] Undefined variable: response xdebug://debug-eval 第 1 行.
NOTIC: [8] Undefined variable: response xdebug://debug-eval 第 1 行.
NOTIC: [8] Undefined variable: response xdebug://debug-eval 第 1 行.
NOTIC: [8] Undefined variable: response xdebug://debug-eval 第 1 行.
NOTIC: [8] Undefined variable: response xdebug://debug-eval 第 1 行.
NOTIC: [8] Undefined variable: response xdebug://debug-eval 第 1 行.
NOTIC: [8] Undefined variable: response xdebug://debug-eval 第 1 行.
NOTIC: [8] Undefined variable: response xdebug://debug-eval 第 1 行.
NOTIC: [8] Undefined variable: response xdebug://debug-eval 第 1 行.
NOTIC: [8] Undefined variable: response xdebug://debug-eval 第 1 行.
NOTIC: [8] Undefined variable: response xdebug://debug-eval 第 1 行.
NOTIC: [8] Undefined variable: response xdebug://debug-eval 第 1 行.
NOTIC: [8] Undefined variable: response xdebug://debug-eval 第 1 行.
NOTIC: [8] Undefined variable: response xdebug://debug-eval 第 1 行.
NOTIC: [8] Undefined variable: response xdebug://debug-eval 第 1 行.
NOTIC: [8] Undefined variable: response xdebug://debug-eval 第 1 行.
NOTIC: [8] Undefined variable: response xdebug://debug-eval 第 1 行.
NOTIC: [8] Undefined variable: response xdebug://debug-eval 第 1 行.
NOTIC: [8] Undefined variable: response xdebug://debug-eval 第 1 行.
NOTIC: [8] Undefined variable: response xdebug://debug-eval 第 1 行.
NOTIC: [8] Undefined variable: response xdebug://debug-eval 第 1 行.
NOTIC: [8] Undefined variable: response xdebug://debug-eval 第 1 行.

[ 2016-09-23T15:05:36+08:00 ] 127.0.0.1 /ucenter/api/accounts/changeinfo
INFO: [ app_init ] --START--
INFO: Run Behavior\BuildLiteBehavior [ RunTime:0.000059s ]
INFO: [ app_init ] --END-- [ RunTime:0.000348s ]
INFO: [ app_begin ] --START--
INFO: Run Behavior\ReadHtmlCacheBehavior [ RunTime:0.001239s ]
INFO: [ app_begin ] --END-- [ RunTime:0.001360s ]

[ 2016-09-23T15:05:52+08:00 ] 127.0.0.1 /ucenter/api/accounts/changeinfo
INFO: [ app_init ] --START--
INFO: Run Behavior\BuildLiteBehavior [ RunTime:0.000037s ]
INFO: [ app_init ] --END-- [ RunTime:0.000315s ]
INFO: [ app_begin ] --START--
INFO: Run Behavior\ReadHtmlCacheBehavior [ RunTime:0.001469s ]
INFO: [ app_begin ] --END-- [ RunTime:0.001587s ]
NOTIC: [8] Undefined index: validate /home/vagrant/www/ant-account/ThinkPHP/Library/Think/Model.class.php 第 1185 行.
NOTIC: [8] Undefined index: account_name /home/vagrant/www/ant-account/ThinkPHP/Library/Think/Model.class.php 第 1217 行.
NOTIC: [8] Undefined index: account_name /home/vagrant/www/ant-account/ThinkPHP/Library/Think/Model.class.php 第 1217 行.
NOTIC: [8] Undefined index: email /home/vagrant/www/ant-account/ThinkPHP/Library/Think/Model.class.php 第 1217 行.
NOTIC: [8] Undefined index: email /home/vagrant/www/ant-account/ThinkPHP/Library/Think/Model.class.php 第 1217 行.
NOTIC: [8] Undefined index: email /home/vagrant/www/ant-account/ThinkPHP/Library/Think/Model.class.php 第 1217 行.

[ 2016-09-23T15:07:37+08:00 ] 127.0.0.1 /ucenter/api/accounts/changeinfo
INFO: [ app_init ] --START--
INFO: Run Behavior\BuildLiteBehavior [ RunTime:0.000039s ]
INFO: [ app_init ] --END-- [ RunTime:0.000210s ]
INFO: [ app_begin ] --START--
INFO: Run Behavior\ReadHtmlCacheBehavior [ RunTime:0.002196s ]
INFO: [ app_begin ] --END-- [ RunTime:0.002401s ]
NOTIC: [8] Undefined variable: response xdebug://debug-eval 第 1 行.
NOTIC: [8] Undefined variable: response xdebug://debug-eval 第 1 行.
NOTIC: [8] Undefined variable: response xdebug://debug-eval 第 1 行.
NOTIC: [8] Undefined variable: response xdebug://debug-eval 第 1 行.
NOTIC: [8] Undefined variable: response xdebug://debug-eval 第 1 行.
NOTIC: [8] Undefined variable: response xdebug://debug-eval 第 1 行.
NOTIC: [8] Undefined variable: response xdebug://debug-eval 第 1 行.
NOTIC: [8] Undefined variable: response xdebug://debug-eval 第 1 行.
NOTIC: [8] Undefined index: validate /home/vagrant/www/ant-account/ThinkPHP/Library/Think/Model.class.php 第 1185 行.
NOTIC: [8] Undefined index: account_name /home/vagrant/www/ant-account/ThinkPHP/Library/Think/Model.class.php 第 1217 行.
NOTIC: [8] Undefined index: account_name /home/vagrant/www/ant-account/ThinkPHP/Library/Think/Model.class.php 第 1217 行.
NOTIC: [8] Undefined index: email /home/vagrant/www/ant-account/ThinkPHP/Library/Think/Model.class.php 第 1217 行.
NOTIC: [8] Undefined index: email /home/vagrant/www/ant-account/ThinkPHP/Library/Think/Model.class.php 第 1217 行.
NOTIC: [8] Undefined index: email /home/vagrant/www/ant-account/ThinkPHP/Library/Think/Model.class.php 第 1217 行.
NOTIC: [8] Undefined variable: response xdebug://debug-eval 第 1 行.
NOTIC: [8] Undefined variable: response xdebug://debug-eval 第 1 行.
NOTIC: [8] Undefined variable: response xdebug://debug-eval 第 1 行.
NOTIC: [8] Undefined variable: response xdebug://debug-eval 第 1 行.
NOTIC: [8] Undefined variable: response xdebug://debug-eval 第 1 行.
NOTIC: [8] Undefined variable: response xdebug://debug-eval 第 1 行.
NOTIC: [8] Undefined variable: response xdebug://debug-eval 第 1 行.
NOTIC: [8] Undefined variable: response xdebug://debug-eval 第 1 行.
NOTIC: [8] Undefined variable: response xdebug://debug-eval 第 1 行.
NOTIC: [8] Undefined variable: response xdebug://debug-eval 第 1 行.
NOTIC: [8] Undefined variable: response xdebug://debug-eval 第 1 行.
NOTIC: [8] Undefined variable: response xdebug://debug-eval 第 1 行.
NOTIC: [8] Undefined variable: response xdebug://debug-eval 第 1 行.
NOTIC: [8] Undefined variable: response xdebug://debug-eval 第 1 行.
NOTIC: [8] Undefined variable: response xdebug://debug-eval 第 1 行.
NOTIC: [8] Undefined variable: response xdebug://debug-eval 第 1 行.
NOTIC: [8] Undefined variable: response xdebug://debug-eval 第 1 行.
NOTIC: [8] Undefined variable: response xdebug://debug-eval 第 1 行.
NOTIC: [8] Undefined variable: response xdebug://debug-eval 第 1 行.
NOTIC: [8] Undefined variable: response xdebug://debug-eval 第 1 行.
NOTIC: [8] Undefined variable: response xdebug://debug-eval 第 1 行.
NOTIC: [8] Undefined variable: response xdebug://debug-eval 第 1 行.
NOTIC: [8] Undefined variable: response xdebug://debug-eval 第 1 行.
NOTIC: [8] Undefined variable: response xdebug://debug-eval 第 1 行.
NOTIC: [8] Undefined variable: response xdebug://debug-eval 第 1 行.
NOTIC: [8] Undefined variable: response xdebug://debug-eval 第 1 行.
NOTIC: [8] Undefined variable: response xdebug://debug-eval 第 1 行.
NOTIC: [8] Undefined variable: response xdebug://debug-eval 第 1 行.
NOTIC: [8] Undefined variable: response xdebug://debug-eval 第 1 行.
NOTIC: [8] Undefined variable: response xdebug://debug-eval 第 1 行.
NOTIC: [8] Undefined variable: response xdebug://debug-eval 第 1 行.
NOTIC: [8] Undefined variable: response xdebug://debug-eval 第 1 行.
NOTIC: [8] Undefined variable: response xdebug://debug-eval 第 1 行.
NOTIC: [8] Undefined variable: response xdebug://debug-eval 第 1 行.
NOTIC: [8] Undefined variable: response xdebug://debug-eval 第 1 行.
NOTIC: [8] Undefined variable: response xdebug://debug-eval 第 1 行.
NOTIC: [8] Undefined variable: response xdebug://debug-eval 第 1 行.
NOTIC: [8] Undefined variable: response xdebug://debug-eval 第 1 行.
NOTIC: [8] Undefined variable: response xdebug://debug-eval 第 1 行.
NOTIC: [8] Undefined variable: response xdebug://debug-eval 第 1 行.
NOTIC: [8] Undefined variable: response xdebug://debug-eval 第 1 行.
NOTIC: [8] Undefined variable: response xdebug://debug-eval 第 1 行.

[ 2016-09-23T15:08:22+08:00 ] 127.0.0.1 /ucenter/api/accounts/changeinfo
INFO: [ app_init ] --START--
INFO: Run Behavior\BuildLiteBehavior [ RunTime:0.000027s ]
INFO: [ app_init ] --END-- [ RunTime:0.000159s ]
INFO: [ app_begin ] --START--
INFO: Run Behavior\ReadHtmlCacheBehavior [ RunTime:0.001496s ]
INFO: [ app_begin ] --END-- [ RunTime:0.001615s ]
NOTIC: [8] Undefined index: validate /home/vagrant/www/ant-account/ThinkPHP/Library/Think/Model.class.php 第 1185 行.
NOTIC: [8] Undefined index: account_name /home/vagrant/www/ant-account/ThinkPHP/Library/Think/Model.class.php 第 1217 行.
NOTIC: [8] Undefined index: account_name /home/vagrant/www/ant-account/ThinkPHP/Library/Think/Model.class.php 第 1217 行.
NOTIC: [8] Undefined index: email /home/vagrant/www/ant-account/ThinkPHP/Library/Think/Model.class.php 第 1217 行.
NOTIC: [8] Undefined index: email /home/vagrant/www/ant-account/ThinkPHP/Library/Think/Model.class.php 第 1217 行.
NOTIC: [8] Undefined index: email /home/vagrant/www/ant-account/ThinkPHP/Library/Think/Model.class.php 第 1217 行.

[ 2016-09-23T15:08:22+08:00 ] 127.0.0.1 /ucenter/api/accounts/changeinfo
INFO: [ app_init ] --START--
INFO: Run Behavior\BuildLiteBehavior [ RunTime:0.000026s ]
INFO: [ app_init ] --END-- [ RunTime:0.000151s ]
INFO: [ app_begin ] --START--
INFO: Run Behavior\ReadHtmlCacheBehavior [ RunTime:0.000345s ]
INFO: [ app_begin ] --END-- [ RunTime:0.000464s ]
NOTIC: [8] Undefined index: validate /home/vagrant/www/ant-account/ThinkPHP/Library/Think/Model.class.php 第 1185 行.
NOTIC: [8] Undefined index: account_name /home/vagrant/www/ant-account/ThinkPHP/Library/Think/Model.class.php 第 1217 行.
NOTIC: [8] Undefined index: account_name /home/vagrant/www/ant-account/ThinkPHP/Library/Think/Model.class.php 第 1217 行.
NOTIC: [8] Undefined index: email /home/vagrant/www/ant-account/ThinkPHP/Library/Think/Model.class.php 第 1217 行.
NOTIC: [8] Undefined index: email /home/vagrant/www/ant-account/ThinkPHP/Library/Think/Model.class.php 第 1217 行.
NOTIC: [8] Undefined index: email /home/vagrant/www/ant-account/ThinkPHP/Library/Think/Model.class.php 第 1217 行.

[ 2016-09-23T15:08:26+08:00 ] 127.0.0.1 /ucenter/api/accounts/changeinfo
INFO: [ app_init ] --START--
INFO: Run Behavior\BuildLiteBehavior [ RunTime:0.000037s ]
INFO: [ app_init ] --END-- [ RunTime:0.000206s ]
INFO: [ app_begin ] --START--
INFO: Run Behavior\ReadHtmlCacheBehavior [ RunTime:0.000825s ]
INFO: [ app_begin ] --END-- [ RunTime:0.000945s ]
NOTIC: [8] Undefined index: validate /home/vagrant/www/ant-account/ThinkPHP/Library/Think/Model.class.php 第 1185 行.
NOTIC: [8] Undefined index: account_name /home/vagrant/www/ant-account/ThinkPHP/Library/Think/Model.class.php 第 1217 行.
NOTIC: [8] Undefined index: account_name /home/vagrant/www/ant-account/ThinkPHP/Library/Think/Model.class.php 第 1217 行.
NOTIC: [8] Undefined index: email /home/vagrant/www/ant-account/ThinkPHP/Library/Think/Model.class.php 第 1217 行.
NOTIC: [8] Undefined index: email /home/vagrant/www/ant-account/ThinkPHP/Library/Think/Model.class.php 第 1217 行.
NOTIC: [8] Undefined index: email /home/vagrant/www/ant-account/ThinkPHP/Library/Think/Model.class.php 第 1217 行.

[ 2016-09-23T15:09:40+08:00 ] 127.0.0.1 /ucenter/api/accounts/changeinfo
INFO: [ app_init ] --START--
INFO: Run Behavior\BuildLiteBehavior [ RunTime:0.000063s ]
INFO: [ app_init ] --END-- [ RunTime:0.000246s ]
INFO: [ app_begin ] --START--
INFO: Run Behavior\ReadHtmlCacheBehavior [ RunTime:0.001473s ]
INFO: [ app_begin ] --END-- [ RunTime:0.001667s ]
NOTIC: [8] Undefined variable: response xdebug://debug-eval 第 1 行.
NOTIC: [8] Undefined variable: response xdebug://debug-eval 第 1 行.
NOTIC: [8] Undefined index: validate /home/vagrant/www/ant-account/ThinkPHP/Library/Think/Model.class.php 第 1185 行.
NOTIC: [8] Undefined index: account_name /home/vagrant/www/ant-account/ThinkPHP/Library/Think/Model.class.php 第 1217 行.
NOTIC: [8] Undefined index: account_name /home/vagrant/www/ant-account/ThinkPHP/Library/Think/Model.class.php 第 1217 行.
NOTIC: [8] Undefined index: email /home/vagrant/www/ant-account/ThinkPHP/Library/Think/Model.class.php 第 1217 行.
NOTIC: [8] Undefined index: email /home/vagrant/www/ant-account/ThinkPHP/Library/Think/Model.class.php 第 1217 行.
NOTIC: [8] Undefined index: email /home/vagrant/www/ant-account/ThinkPHP/Library/Think/Model.class.php 第 1217 行.
NOTIC: [8] Undefined variable: response xdebug://debug-eval 第 1 行.
NOTIC: [8] Undefined variable: response xdebug://debug-eval 第 1 行.
NOTIC: [8] Undefined variable: response xdebug://debug-eval 第 1 行.
NOTIC: [8] Undefined variable: response xdebug://debug-eval 第 1 行.
NOTIC: [8] Undefined variable: response xdebug://debug-eval 第 1 行.
NOTIC: [8] Undefined variable: response xdebug://debug-eval 第 1 行.
NOTIC: [8] Undefined variable: response xdebug://debug-eval 第 1 行.
NOTIC: [8] Undefined variable: response xdebug://debug-eval 第 1 行.
NOTIC: [8] Undefined variable: response xdebug://debug-eval 第 1 行.
NOTIC: [8] Undefined variable: response xdebug://debug-eval 第 1 行.

[ 2016-09-23T15:09:57+08:00 ] 127.0.0.1 /ucenter/api/accounts/changeinfo
INFO: [ app_init ] --START--
INFO: Run Behavior\BuildLiteBehavior [ RunTime:0.000030s ]
INFO: [ app_init ] --END-- [ RunTime:0.000279s ]
INFO: [ app_begin ] --START--
INFO: Run Behavior\ReadHtmlCacheBehavior [ RunTime:0.001438s ]
INFO: [ app_begin ] --END-- [ RunTime:0.001577s ]
NOTIC: [8] Undefined index: validate /home/vagrant/www/ant-account/ThinkPHP/Library/Think/Model.class.php 第 1185 行.
NOTIC: [8] Undefined index: account_name /home/vagrant/www/ant-account/ThinkPHP/Library/Think/Model.class.php 第 1217 行.
NOTIC: [8] Undefined index: account_name /home/vagrant/www/ant-account/ThinkPHP/Library/Think/Model.class.php 第 1217 行.
NOTIC: [8] Undefined index: email /home/vagrant/www/ant-account/ThinkPHP/Library/Think/Model.class.php 第 1217 行.
NOTIC: [8] Undefined index: email /home/vagrant/www/ant-account/ThinkPHP/Library/Think/Model.class.php 第 1217 行.
NOTIC: [8] Undefined index: email /home/vagrant/www/ant-account/ThinkPHP/Library/Think/Model.class.php 第 1217 行.

[ 2016-09-23T15:11:01+08:00 ] 127.0.0.1 /ucenter/api/accounts/changeinfo
INFO: [ app_init ] --START--
INFO: Run Behavior\BuildLiteBehavior [ RunTime:0.000027s ]
INFO: [ app_init ] --END-- [ RunTime:0.000172s ]
INFO: [ app_begin ] --START--
INFO: Run Behavior\ReadHtmlCacheBehavior [ RunTime:0.000982s ]
INFO: [ app_begin ] --END-- [ RunTime:0.001107s ]
NOTIC: [8] Undefined index: validate /home/vagrant/www/ant-account/ThinkPHP/Library/Think/Model.class.php 第 1185 行.
NOTIC: [8] Undefined index: account_name /home/vagrant/www/ant-account/ThinkPHP/Library/Think/Model.class.php 第 1217 行.
NOTIC: [8] Undefined index: account_name /home/vagrant/www/ant-account/ThinkPHP/Library/Think/Model.class.php 第 1217 行.
NOTIC: [8] Undefined index: email /home/vagrant/www/ant-account/ThinkPHP/Library/Think/Model.class.php 第 1217 行.
NOTIC: [8] Undefined index: email /home/vagrant/www/ant-account/ThinkPHP/Library/Think/Model.class.php 第 1217 行.
NOTIC: [8] Undefined index: email /home/vagrant/www/ant-account/ThinkPHP/Library/Think/Model.class.php 第 1217 行.
NOTIC: [8] Undefined index: sex /home/vagrant/www/ant-account/ThinkPHP/Library/Think/Model.class.php 第 1217 行.
NOTIC: [8] Undefined index: auto /home/vagrant/www/ant-account/ThinkPHP/Library/Think/Model.class.php 第 1128 行.
SQL: UPDATE `uc_dealer_account` SET `mobile`='',`account_avatar`='',`updatetime`='2016-09-23 15:11:01' WHERE `account_id` = 1001 [ RunTime:0.0018s ]

[ 2016-09-23T15:11:45+08:00 ] 127.0.0.1 /ucenter/api/accounts/changeinfo
INFO: [ app_init ] --START--
INFO: Run Behavior\BuildLiteBehavior [ RunTime:0.000028s ]
INFO: [ app_init ] --END-- [ RunTime:0.000158s ]
INFO: [ app_begin ] --START--
INFO: Run Behavior\ReadHtmlCacheBehavior [ RunTime:0.001437s ]
INFO: [ app_begin ] --END-- [ RunTime:0.001580s ]
NOTIC: [8] Undefined index: validate /home/vagrant/www/ant-account/ThinkPHP/Library/Think/Model.class.php 第 1185 行.
NOTIC: [8] Undefined index: account_name /home/vagrant/www/ant-account/ThinkPHP/Library/Think/Model.class.php 第 1217 行.
NOTIC: [8] Undefined index: account_name /home/vagrant/www/ant-account/ThinkPHP/Library/Think/Model.class.php 第 1217 行.
NOTIC: [8] Undefined index: email /home/vagrant/www/ant-account/ThinkPHP/Library/Think/Model.class.php 第 1217 行.
NOTIC: [8] Undefined index: email /home/vagrant/www/ant-account/ThinkPHP/Library/Think/Model.class.php 第 1217 行.
NOTIC: [8] Undefined index: email /home/vagrant/www/ant-account/ThinkPHP/Library/Think/Model.class.php 第 1217 行.
NOTIC: [8] Undefined index: sex /home/vagrant/www/ant-account/ThinkPHP/Library/Think/Model.class.php 第 1217 行.
NOTIC: [8] Undefined index: auto /home/vagrant/www/ant-account/ThinkPHP/Library/Think/Model.class.php 第 1128 行.
SQL: UPDATE `uc_dealer_account` SET `mobile`='',`account_avatar`='',`updatetime`='2016-09-23 15:11:45' WHERE `account_id` = 1001 [ RunTime:0.0023s ]

[ 2016-09-23T15:11:56+08:00 ] 127.0.0.1 /ucenter/api/accounts/changeinfo
INFO: [ app_init ] --START--
INFO: Run Behavior\BuildLiteBehavior [ RunTime:0.000027s ]
INFO: [ app_init ] --END-- [ RunTime:0.000150s ]
INFO: [ app_begin ] --START--
INFO: Run Behavior\ReadHtmlCacheBehavior [ RunTime:0.000845s ]
INFO: [ app_begin ] --END-- [ RunTime:0.000966s ]
NOTIC: [8] Undefined index: validate /home/vagrant/www/ant-account/ThinkPHP/Library/Think/Model.class.php 第 1185 行.
NOTIC: [8] Undefined index: account_name /home/vagrant/www/ant-account/ThinkPHP/Library/Think/Model.class.php 第 1217 行.
NOTIC: [8] Undefined index: account_name /home/vagrant/www/ant-account/ThinkPHP/Library/Think/Model.class.php 第 1217 行.
NOTIC: [8] Undefined index: email /home/vagrant/www/ant-account/ThinkPHP/Library/Think/Model.class.php 第 1217 行.
NOTIC: [8] Undefined index: email /home/vagrant/www/ant-account/ThinkPHP/Library/Think/Model.class.php 第 1217 行.
NOTIC: [8] Undefined index: email /home/vagrant/www/ant-account/ThinkPHP/Library/Think/Model.class.php 第 1217 行.

[ 2016-09-23T15:12:32+08:00 ] 127.0.0.1 /ucenter/api/accounts/changeinfo
INFO: [ app_init ] --START--
INFO: Run Behavior\BuildLiteBehavior [ RunTime:0.000033s ]
INFO: [ app_init ] --END-- [ RunTime:0.000190s ]
INFO: [ app_begin ] --START--
INFO: Run Behavior\ReadHtmlCacheBehavior [ RunTime:0.001592s ]
INFO: [ app_begin ] --END-- [ RunTime:0.001764s ]
NOTIC: [8] Undefined index: validate /home/vagrant/www/ant-account/ThinkPHP/Library/Think/Model.class.php 第 1185 行.
NOTIC: [8] Undefined index: account_name /home/vagrant/www/ant-account/ThinkPHP/Library/Think/Model.class.php 第 1217 行.
NOTIC: [8] Undefined index: account_name /home/vagrant/www/ant-account/ThinkPHP/Library/Think/Model.class.php 第 1217 行.
NOTIC: [8] Undefined index: email /home/vagrant/www/ant-account/ThinkPHP/Library/Think/Model.class.php 第 1217 行.
NOTIC: [8] Undefined index: email /home/vagrant/www/ant-account/ThinkPHP/Library/Think/Model.class.php 第 1217 行.
NOTIC: [8] Undefined index: email /home/vagrant/www/ant-account/ThinkPHP/Library/Think/Model.class.php 第 1217 行.
NOTIC: [2] preg_match(): Empty regular expression /home/vagrant/www/ant-account/ThinkPHP/Library/Think/Model.class.php 第 1117 行.

[ 2016-09-23T15:13:11+08:00 ] 127.0.0.1 /ucenter/api/accounts/changeinfo
INFO: [ app_init ] --START--
INFO: Run Behavior\BuildLiteBehavior [ RunTime:0.000033s ]
INFO: [ app_init ] --END-- [ RunTime:0.000187s ]
INFO: [ app_begin ] --START--
INFO: Run Behavior\ReadHtmlCacheBehavior [ RunTime:0.001583s ]
INFO: [ app_begin ] --END-- [ RunTime:0.001809s ]
NOTIC: [8] Undefined index: validate /home/vagrant/www/ant-account/ThinkPHP/Library/Think/Model.class.php 第 1185 行.
NOTIC: [8] Undefined index: account_name /home/vagrant/www/ant-account/ThinkPHP/Library/Think/Model.class.php 第 1217 行.
NOTIC: [8] Undefined index: account_name /home/vagrant/www/ant-account/ThinkPHP/Library/Think/Model.class.php 第 1217 行.
NOTIC: [8] Undefined index: email /home/vagrant/www/ant-account/ThinkPHP/Library/Think/Model.class.php 第 1217 行.
NOTIC: [8] Undefined index: email /home/vagrant/www/ant-account/ThinkPHP/Library/Think/Model.class.php 第 1217 行.
NOTIC: [8] Undefined index: email /home/vagrant/www/ant-account/ThinkPHP/Library/Think/Model.class.php 第 1217 行.
NOTIC: [2] preg_match(): Empty regular expression /home/vagrant/www/ant-account/ThinkPHP/Library/Think/Model.class.php 第 1117 行.

[ 2016-09-23T15:14:05+08:00 ] 127.0.0.1 /ucenter/api/accounts/changeinfo
INFO: [ app_init ] --START--
INFO: Run Behavior\BuildLiteBehavior [ RunTime:0.000038s ]
INFO: [ app_init ] --END-- [ RunTime:0.000216s ]
INFO: [ app_begin ] --START--
INFO: Run Behavior\ReadHtmlCacheBehavior [ RunTime:0.001270s ]
INFO: [ app_begin ] --END-- [ RunTime:0.001480s ]
NOTIC: [8] Undefined variable: response xdebug://debug-eval 第 1 行.
NOTIC: [8] Undefined variable: response xdebug://debug-eval 第 1 行.
NOTIC: [8] Undefined variable: response xdebug://debug-eval 第 1 行.
NOTIC: [8] Undefined variable: response xdebug://debug-eval 第 1 行.
NOTIC: [8] Undefined variable: response xdebug://debug-eval 第 1 行.
NOTIC: [8] Undefined variable: response xdebug://debug-eval 第 1 行.
NOTIC: [8] Undefined variable: response xdebug://debug-eval 第 1 行.
NOTIC: [8] Undefined variable: response xdebug://debug-eval 第 1 行.
NOTIC: [8] Undefined index: validate /home/vagrant/www/ant-account/ThinkPHP/Library/Think/Model.class.php 第 1185 行.
NOTIC: [8] Undefined index: account_name /home/vagrant/www/ant-account/ThinkPHP/Library/Think/Model.class.php 第 1217 行.
NOTIC: [8] Undefined index: account_name /home/vagrant/www/ant-account/ThinkPHP/Library/Think/Model.class.php 第 1217 行.
NOTIC: [8] Undefined index: email /home/vagrant/www/ant-account/ThinkPHP/Library/Think/Model.class.php 第 1217 行.
NOTIC: [8] Undefined index: email /home/vagrant/www/ant-account/ThinkPHP/Library/Think/Model.class.php 第 1217 行.
NOTIC: [8] Undefined index: email /home/vagrant/www/ant-account/ThinkPHP/Library/Think/Model.class.php 第 1217 行.
NOTIC: [2] preg_match(): Empty regular expression /home/vagrant/www/ant-account/ThinkPHP/Library/Think/Model.class.php 第 1117 行.
NOTIC: [8] Undefined variable: response xdebug://debug-eval 第 1 行.
NOTIC: [8] Undefined variable: response xdebug://debug-eval 第 1 行.
NOTIC: [8] Undefined variable: response xdebug://debug-eval 第 1 行.
NOTIC: [8] Undefined variable: response xdebug://debug-eval 第 1 行.

[ 2016-09-23T15:14:21+08:00 ] 127.0.0.1 /ucenter/api/accounts/changeinfo
INFO: [ app_init ] --START--
INFO: Run Behavior\BuildLiteBehavior [ RunTime:0.000029s ]
INFO: [ app_init ] --END-- [ RunTime:0.000164s ]
INFO: [ app_begin ] --START--
INFO: Run Behavior\ReadHtmlCacheBehavior [ RunTime:0.001213s ]
INFO: [ app_begin ] --END-- [ RunTime:0.001345s ]
NOTIC: [8] Undefined index: validate /home/vagrant/www/ant-account/ThinkPHP/Library/Think/Model.class.php 第 1185 行.
NOTIC: [8] Undefined index: account_name /home/vagrant/www/ant-account/ThinkPHP/Library/Think/Model.class.php 第 1217 行.
NOTIC: [8] Undefined index: account_name /home/vagrant/www/ant-account/ThinkPHP/Library/Think/Model.class.php 第 1217 行.
NOTIC: [8] Undefined index: email /home/vagrant/www/ant-account/ThinkPHP/Library/Think/Model.class.php 第 1217 行.
NOTIC: [8] Undefined index: email /home/vagrant/www/ant-account/ThinkPHP/Library/Think/Model.class.php 第 1217 行.
NOTIC: [8] Undefined index: email /home/vagrant/www/ant-account/ThinkPHP/Library/Think/Model.class.php 第 1217 行.
SQL: SELECT * FROM `uc_dealer_account` WHERE `mobile` = '15029911786' AND `account_id` <> '1001' LIMIT 1   [ RunTime:0.0030s ]

[ 2016-09-23T15:14:27+08:00 ] 127.0.0.1 /ucenter/api/accounts/changeinfo
INFO: [ app_init ] --START--
INFO: Run Behavior\BuildLiteBehavior [ RunTime:0.000028s ]
INFO: [ app_init ] --END-- [ RunTime:0.000157s ]
INFO: [ app_begin ] --START--
INFO: Run Behavior\ReadHtmlCacheBehavior [ RunTime:0.001472s ]
INFO: [ app_begin ] --END-- [ RunTime:0.001587s ]
NOTIC: [8] Undefined index: validate /home/vagrant/www/ant-account/ThinkPHP/Library/Think/Model.class.php 第 1185 行.
NOTIC: [8] Undefined index: account_name /home/vagrant/www/ant-account/ThinkPHP/Library/Think/Model.class.php 第 1217 行.
NOTIC: [8] Undefined index: account_name /home/vagrant/www/ant-account/ThinkPHP/Library/Think/Model.class.php 第 1217 行.
NOTIC: [8] Undefined index: email /home/vagrant/www/ant-account/ThinkPHP/Library/Think/Model.class.php 第 1217 行.
NOTIC: [8] Undefined index: email /home/vagrant/www/ant-account/ThinkPHP/Library/Think/Model.class.php 第 1217 行.
NOTIC: [8] Undefined index: email /home/vagrant/www/ant-account/ThinkPHP/Library/Think/Model.class.php 第 1217 行.

[ 2016-09-23T15:14:33+08:00 ] 127.0.0.1 /ucenter/api/accounts/changeinfo
INFO: [ app_init ] --START--
INFO: Run Behavior\BuildLiteBehavior [ RunTime:0.000057s ]
INFO: [ app_init ] --END-- [ RunTime:0.000328s ]
INFO: [ app_begin ] --START--
INFO: Run Behavior\ReadHtmlCacheBehavior [ RunTime:0.001395s ]
INFO: [ app_begin ] --END-- [ RunTime:0.001547s ]
NOTIC: [8] Undefined index: validate /home/vagrant/www/ant-account/ThinkPHP/Library/Think/Model.class.php 第 1185 行.
NOTIC: [8] Undefined index: account_name /home/vagrant/www/ant-account/ThinkPHP/Library/Think/Model.class.php 第 1217 行.
NOTIC: [8] Undefined index: account_name /home/vagrant/www/ant-account/ThinkPHP/Library/Think/Model.class.php 第 1217 行.
NOTIC: [8] Undefined index: email /home/vagrant/www/ant-account/ThinkPHP/Library/Think/Model.class.php 第 1217 行.
NOTIC: [8] Undefined index: email /home/vagrant/www/ant-account/ThinkPHP/Library/Think/Model.class.php 第 1217 行.
NOTIC: [8] Undefined index: email /home/vagrant/www/ant-account/ThinkPHP/Library/Think/Model.class.php 第 1217 行.
SQL: SELECT * FROM `uc_dealer_account` WHERE `mobile` = 'abc' AND `account_id` <> '1001' LIMIT 1   [ RunTime:0.0027s ]

[ 2016-09-23T15:14:38+08:00 ] 127.0.0.1 /ucenter/api/accounts/changeinfo
INFO: [ app_init ] --START--
INFO: Run Behavior\BuildLiteBehavior [ RunTime:0.000028s ]
INFO: [ app_init ] --END-- [ RunTime:0.000163s ]
INFO: [ app_begin ] --START--
INFO: Run Behavior\ReadHtmlCacheBehavior [ RunTime:0.001727s ]
INFO: [ app_begin ] --END-- [ RunTime:0.001846s ]
NOTIC: [8] Undefined index: validate /home/vagrant/www/ant-account/ThinkPHP/Library/Think/Model.class.php 第 1185 行.
NOTIC: [8] Undefined index: account_name /home/vagrant/www/ant-account/ThinkPHP/Library/Think/Model.class.php 第 1217 行.
NOTIC: [8] Undefined index: account_name /home/vagrant/www/ant-account/ThinkPHP/Library/Think/Model.class.php 第 1217 行.
NOTIC: [8] Undefined index: email /home/vagrant/www/ant-account/ThinkPHP/Library/Think/Model.class.php 第 1217 行.
NOTIC: [8] Undefined index: email /home/vagrant/www/ant-account/ThinkPHP/Library/Think/Model.class.php 第 1217 行.
NOTIC: [8] Undefined index: email /home/vagrant/www/ant-account/ThinkPHP/Library/Think/Model.class.php 第 1217 行.

[ 2016-09-23T15:14:48+08:00 ] 127.0.0.1 /ucenter/api/accounts/changeinfo
INFO: [ app_init ] --START--
INFO: Run Behavior\BuildLiteBehavior [ RunTime:0.000050s ]
INFO: [ app_init ] --END-- [ RunTime:0.000221s ]
INFO: [ app_begin ] --START--
INFO: Run Behavior\ReadHtmlCacheBehavior [ RunTime:0.003340s ]
INFO: [ app_begin ] --END-- [ RunTime:0.003519s ]
NOTIC: [8] Undefined index: validate /home/vagrant/www/ant-account/ThinkPHP/Library/Think/Model.class.php 第 1185 行.
NOTIC: [8] Undefined index: account_name /home/vagrant/www/ant-account/ThinkPHP/Library/Think/Model.class.php 第 1217 行.
NOTIC: [8] Undefined index: account_name /home/vagrant/www/ant-account/ThinkPHP/Library/Think/Model.class.php 第 1217 行.
NOTIC: [8] Undefined index: email /home/vagrant/www/ant-account/ThinkPHP/Library/Think/Model.class.php 第 1217 行.
NOTIC: [8] Undefined index: email /home/vagrant/www/ant-account/ThinkPHP/Library/Think/Model.class.php 第 1217 行.
NOTIC: [8] Undefined index: email /home/vagrant/www/ant-account/ThinkPHP/Library/Think/Model.class.php 第 1217 行.
NOTIC: [8] Undefined index: mobile /home/vagrant/www/ant-account/ThinkPHP/Library/Think/Model.class.php 第 1217 行.
NOTIC: [8] Undefined index: sex /home/vagrant/www/ant-account/ThinkPHP/Library/Think/Model.class.php 第 1217 行.
NOTIC: [8] Undefined index: auto /home/vagrant/www/ant-account/ThinkPHP/Library/Think/Model.class.php 第 1128 行.
SQL: UPDATE `uc_dealer_account` SET `account_avatar`='',`updatetime`='2016-09-23 15:14:48' WHERE `account_id` = 1001 [ RunTime:0.0058s ]

[ 2016-09-23T15:14:58+08:00 ] 127.0.0.1 /ucenter/api/accounts/changeinfo
INFO: [ app_init ] --START--
INFO: Run Behavior\BuildLiteBehavior [ RunTime:0.000026s ]
INFO: [ app_init ] --END-- [ RunTime:0.000148s ]
INFO: [ app_begin ] --START--
INFO: Run Behavior\ReadHtmlCacheBehavior [ RunTime:0.001798s ]
INFO: [ app_begin ] --END-- [ RunTime:0.001909s ]
NOTIC: [8] Undefined index: validate /home/vagrant/www/ant-account/ThinkPHP/Library/Think/Model.class.php 第 1185 行.
NOTIC: [8] Undefined index: account_name /home/vagrant/www/ant-account/ThinkPHP/Library/Think/Model.class.php 第 1217 行.
NOTIC: [8] Undefined index: account_name /home/vagrant/www/ant-account/ThinkPHP/Library/Think/Model.class.php 第 1217 行.
NOTIC: [8] Undefined index: email /home/vagrant/www/ant-account/ThinkPHP/Library/Think/Model.class.php 第 1217 行.
NOTIC: [8] Undefined index: email /home/vagrant/www/ant-account/ThinkPHP/Library/Think/Model.class.php 第 1217 行.
NOTIC: [8] Undefined index: email /home/vagrant/www/ant-account/ThinkPHP/Library/Think/Model.class.php 第 1217 行.
SQL: SELECT * FROM `uc_dealer_account` WHERE `mobile` = '15029911786' AND `account_id` <> '1001' LIMIT 1   [ RunTime:0.0024s ]

[ 2016-09-23T15:15:03+08:00 ] 127.0.0.1 /ucenter/api/accounts/changeinfo
INFO: [ app_init ] --START--
INFO: Run Behavior\BuildLiteBehavior [ RunTime:0.000037s ]
INFO: [ app_init ] --END-- [ RunTime:0.000214s ]
INFO: [ app_begin ] --START--
INFO: Run Behavior\ReadHtmlCacheBehavior [ RunTime:0.001601s ]
INFO: [ app_begin ] --END-- [ RunTime:0.001722s ]
NOTIC: [8] Undefined index: validate /home/vagrant/www/ant-account/ThinkPHP/Library/Think/Model.class.php 第 1185 行.
NOTIC: [8] Undefined index: account_name /home/vagrant/www/ant-account/ThinkPHP/Library/Think/Model.class.php 第 1217 行.
NOTIC: [8] Undefined index: account_name /home/vagrant/www/ant-account/ThinkPHP/Library/Think/Model.class.php 第 1217 行.
NOTIC: [8] Undefined index: email /home/vagrant/www/ant-account/ThinkPHP/Library/Think/Model.class.php 第 1217 行.
NOTIC: [8] Undefined index: email /home/vagrant/www/ant-account/ThinkPHP/Library/Think/Model.class.php 第 1217 行.
NOTIC: [8] Undefined index: email /home/vagrant/www/ant-account/ThinkPHP/Library/Think/Model.class.php 第 1217 行.
SQL: SELECT * FROM `uc_dealer_account` WHERE `mobile` = '15029911780' AND `account_id` <> '1001' LIMIT 1   [ RunTime:0.0032s ]
NOTIC: [8] Undefined index: sex /home/vagrant/www/ant-account/ThinkPHP/Library/Think/Model.class.php 第 1217 行.
NOTIC: [8] Undefined index: auto /home/vagrant/www/ant-account/ThinkPHP/Library/Think/Model.class.php 第 1128 行.
SQL: UPDATE `uc_dealer_account` SET `mobile`='15029911780',`account_avatar`='',`updatetime`='2016-09-23 15:15:03' WHERE `account_id` = 1001 [ RunTime:0.0011s ]

[ 2016-09-23T15:16:37+08:00 ] 127.0.0.1 /ucenter/api/accounts/changeinfo
INFO: [ app_init ] --START--
INFO: Run Behavior\BuildLiteBehavior [ RunTime:0.000028s ]
INFO: [ app_init ] --END-- [ RunTime:0.000168s ]
INFO: [ app_begin ] --START--
INFO: Run Behavior\ReadHtmlCacheBehavior [ RunTime:0.001138s ]
INFO: [ app_begin ] --END-- [ RunTime:0.001250s ]
NOTIC: [8] Undefined index: validate /home/vagrant/www/ant-account/ThinkPHP/Library/Think/Model.class.php 第 1185 行.
SQL: SELECT * FROM `uc_dealer_account` WHERE `account_name` = 'wangji' AND `account_id` <> '1001' LIMIT 1   [ RunTime:0.0178s ]

[ 2016-09-23T15:16:41+08:00 ] 127.0.0.1 /ucenter/api/accounts/changeinfo
INFO: [ app_init ] --START--
INFO: Run Behavior\BuildLiteBehavior [ RunTime:0.000038s ]
INFO: [ app_init ] --END-- [ RunTime:0.000211s ]
INFO: [ app_begin ] --START--
INFO: Run Behavior\ReadHtmlCacheBehavior [ RunTime:0.001593s ]
INFO: [ app_begin ] --END-- [ RunTime:0.001763s ]
NOTIC: [8] Undefined index: validate /home/vagrant/www/ant-account/ThinkPHP/Library/Think/Model.class.php 第 1185 行.

[ 2016-09-23T15:17:05+08:00 ] 127.0.0.1 /ucenter/api/accounts/changeinfo
INFO: [ app_init ] --START--
INFO: Run Behavior\BuildLiteBehavior [ RunTime:0.000035s ]
INFO: [ app_init ] --END-- [ RunTime:0.000205s ]
INFO: [ app_begin ] --START--
INFO: Run Behavior\ReadHtmlCacheBehavior [ RunTime:0.001612s ]
INFO: [ app_begin ] --END-- [ RunTime:0.001729s ]

[ 2016-09-23T15:17:16+08:00 ] 127.0.0.1 /ucenter/api/accounts/changeinfo
INFO: [ app_init ] --START--
INFO: Run Behavior\BuildLiteBehavior [ RunTime:0.000032s ]
INFO: [ app_init ] --END-- [ RunTime:0.000185s ]
INFO: [ app_begin ] --START--
INFO: Run Behavior\ReadHtmlCacheBehavior [ RunTime:0.001824s ]
INFO: [ app_begin ] --END-- [ RunTime:0.001959s ]

[ 2016-09-23T15:17:38+08:00 ] 127.0.0.1 /ucenter/api/accounts/changeinfo
INFO: [ app_init ] --START--
INFO: Run Behavior\BuildLiteBehavior [ RunTime:0.000028s ]
INFO: [ app_init ] --END-- [ RunTime:0.000157s ]
INFO: [ app_begin ] --START--
INFO: Run Behavior\ReadHtmlCacheBehavior [ RunTime:0.001687s ]
INFO: [ app_begin ] --END-- [ RunTime:0.001810s ]
NOTIC: [8] Undefined index: validate /home/vagrant/www/ant-account/ThinkPHP/Library/Think/Model.class.php 第 1185 行.
SQL: SELECT * FROM `uc_dealer_account` WHERE `account_name` = 'abc' AND `account_id` <> '1001' LIMIT 1   [ RunTime:0.0176s ]
NOTIC: [8] Undefined index: email /home/vagrant/www/ant-account/ThinkPHP/Library/Think/Model.class.php 第 1217 行.
NOTIC: [8] Undefined index: email /home/vagrant/www/ant-account/ThinkPHP/Library/Think/Model.class.php 第 1217 行.
SQL: SELECT * FROM `uc_dealer_account` WHERE `mobile` = '15029911780' AND `account_id` <> '1001' LIMIT 1   [ RunTime:0.0027s ]
NOTIC: [8] Undefined index: sex /home/vagrant/www/ant-account/ThinkPHP/Library/Think/Model.class.php 第 1217 行.
NOTIC: [8] Undefined index: auto /home/vagrant/www/ant-account/ThinkPHP/Library/Think/Model.class.php 第 1128 行.
SQL: UPDATE `uc_dealer_account` SET `account_name`='abc',`mobile`='15029911780',`account_avatar`='',`updatetime`='2016-09-23 15:17:38' WHERE `account_id` = 1001 [ RunTime:0.0016s ]

[ 2016-09-23T15:17:52+08:00 ] 127.0.0.1 /ucenter/api/accounts/changeinfo
INFO: [ app_init ] --START--
INFO: Run Behavior\BuildLiteBehavior [ RunTime:0.000035s ]
INFO: [ app_init ] --END-- [ RunTime:0.000196s ]
INFO: [ app_begin ] --START--
INFO: Run Behavior\ReadHtmlCacheBehavior [ RunTime:0.001533s ]
INFO: [ app_begin ] --END-- [ RunTime:0.001705s ]

[ 2016-09-23T15:19:03+08:00 ] 127.0.0.1 /ucenter/api/accounts/changeinfo
INFO: [ app_init ] --START--
INFO: Run Behavior\BuildLiteBehavior [ RunTime:0.000029s ]
INFO: [ app_init ] --END-- [ RunTime:0.000160s ]
INFO: [ app_begin ] --START--
INFO: Run Behavior\ReadHtmlCacheBehavior [ RunTime:0.001736s ]
INFO: [ app_begin ] --END-- [ RunTime:0.001859s ]
NOTIC: [8] Undefined index: validate /home/vagrant/www/ant-account/ThinkPHP/Library/Think/Model.class.php 第 1185 行.
SQL: SELECT * FROM `uc_dealer_account` WHERE `account_name` = 'abc' AND `account_id` <> '1001' LIMIT 1   [ RunTime:0.0029s ]
SQL: SELECT * FROM `uc_dealer_account` WHERE `email` = 'abc' AND `account_id` <> '1001' LIMIT 1   [ RunTime:0.0036s ]

[ 2016-09-23T15:19:09+08:00 ] 127.0.0.1 /ucenter/api/accounts/changeinfo
INFO: [ app_init ] --START--
INFO: Run Behavior\BuildLiteBehavior [ RunTime:0.000027s ]
INFO: [ app_init ] --END-- [ RunTime:0.000147s ]
INFO: [ app_begin ] --START--
INFO: Run Behavior\ReadHtmlCacheBehavior [ RunTime:0.001336s ]
INFO: [ app_begin ] --END-- [ RunTime:0.001460s ]
NOTIC: [8] Undefined index: validate /home/vagrant/www/ant-account/ThinkPHP/Library/Think/Model.class.php 第 1185 行.
SQL: SELECT * FROM `uc_dealer_account` WHERE `account_name` = 'abc' AND `account_id` <> '1001' LIMIT 1   [ RunTime:0.0048s ]

[ 2016-09-23T15:20:13+08:00 ] 127.0.0.1 /ucenter/api/accounts/changeinfo
INFO: [ app_init ] --START--
INFO: Run Behavior\BuildLiteBehavior [ RunTime:0.000029s ]
INFO: [ app_init ] --END-- [ RunTime:0.000164s ]
INFO: [ app_begin ] --START--
INFO: Run Behavior\ReadHtmlCacheBehavior [ RunTime:0.002178s ]
INFO: [ app_begin ] --END-- [ RunTime:0.002311s ]
NOTIC: [8] Undefined index: validate /home/vagrant/www/ant-account/ThinkPHP/Library/Think/Model.class.php 第 1185 行.
SQL: SELECT * FROM `uc_dealer_account` WHERE `account_name` = 'abc' AND `account_id` <> '1001' LIMIT 1   [ RunTime:0.0025s ]
SQL: SELECT * FROM `uc_dealer_account` WHERE `email` = 'liuxuliang@clcw.com.cn' AND `account_id` <> '1001' LIMIT 1   [ RunTime:0.0025s ]
SQL: SELECT * FROM `uc_dealer_account` WHERE `mobile` = '15029911780' AND `account_id` <> '1001' LIMIT 1   [ RunTime:0.0043s ]
NOTIC: [8] Undefined index: sex /home/vagrant/www/ant-account/ThinkPHP/Library/Think/Model.class.php 第 1217 行.
NOTIC: [8] Undefined index: auto /home/vagrant/www/ant-account/ThinkPHP/Library/Think/Model.class.php 第 1128 行.
SQL: UPDATE `uc_dealer_account` SET `account_name`='abc',`mobile`='15029911780',`email`='liuxuliang@clcw.com.cn',`account_avatar`='',`updatetime`='2016-09-23 15:20:13' WHERE `account_id` = 1001 [ RunTime:0.0013s ]

[ 2016-09-23T15:20:35+08:00 ] 127.0.0.1 /ucenter/api/accounts/changeinfo
INFO: [ app_init ] --START--
INFO: Run Behavior\BuildLiteBehavior [ RunTime:0.000038s ]
INFO: [ app_init ] --END-- [ RunTime:0.000226s ]
INFO: [ app_begin ] --START--
INFO: Run Behavior\ReadHtmlCacheBehavior [ RunTime:0.001798s ]
INFO: [ app_begin ] --END-- [ RunTime:0.001969s ]
NOTIC: [8] Undefined variable: response xdebug://debug-eval 第 1 行.
NOTIC: [8] Undefined variable: response xdebug://debug-eval 第 1 行.
NOTIC: [8] Undefined variable: response xdebug://debug-eval 第 1 行.
NOTIC: [8] Undefined variable: response xdebug://debug-eval 第 1 行.
NOTIC: [8] Undefined variable: response xdebug://debug-eval 第 1 行.
NOTIC: [8] Undefined variable: response xdebug://debug-eval 第 1 行.
NOTIC: [8] Undefined variable: response xdebug://debug-eval 第 1 行.
NOTIC: [8] Undefined variable: response xdebug://debug-eval 第 1 行.
NOTIC: [8] Undefined index: validate /home/vagrant/www/ant-account/ThinkPHP/Library/Think/Model.class.php 第 1185 行.
SQL: SELECT * FROM `uc_dealer_account` WHERE `account_name` = 'abc' AND `account_id` <> '1001' LIMIT 1   [ RunTime:0.0031s ]
SQL: SELECT * FROM `uc_dealer_account` WHERE `email` = 'liuxuliang@clcw.com.cn' AND `account_id` <> '1001' LIMIT 1   [ RunTime:0.0029s ]
SQL: SELECT * FROM `uc_dealer_account` WHERE `mobile` = '15029911780' AND `account_id` <> '1001' LIMIT 1   [ RunTime:0.0027s ]
NOTIC: [8] Undefined index: sex /home/vagrant/www/ant-account/ThinkPHP/Library/Think/Model.class.php 第 1217 行.
NOTIC: [8] Undefined index: auto /home/vagrant/www/ant-account/ThinkPHP/Library/Think/Model.class.php 第 1128 行.
NOTIC: [8] Undefined variable: response xdebug://debug-eval 第 1 行.
NOTIC: [8] Undefined variable: response xdebug://debug-eval 第 1 行.
SQL: UPDATE `uc_dealer_account` SET `account_name`='abc',`mobile`='15029911780',`email`='liuxuliang@clcw.com.cn',`account_avatar`='',`updatetime`='2016-09-23 15:20:23' WHERE `account_id` = 1001 [ RunTime:0.0020s ]
NOTIC: [8] Undefined variable: response xdebug://debug-eval 第 1 行.
NOTIC: [8] Undefined variable: response xdebug://debug-eval 第 1 行.
NOTIC: [8] Undefined variable: response xdebug://debug-eval 第 1 行.
NOTIC: [8] Undefined variable: response xdebug://debug-eval 第 1 行.

[ 2016-09-23T15:21:54+08:00 ] 127.0.0.1 /ucenter/api/accounts/changeinfo
INFO: [ app_init ] --START--
INFO: Run Behavior\BuildLiteBehavior [ RunTime:0.000036s ]
INFO: [ app_init ] --END-- [ RunTime:0.000196s ]
INFO: [ app_begin ] --START--
INFO: Run Behavior\ReadHtmlCacheBehavior [ RunTime:0.001626s ]
INFO: [ app_begin ] --END-- [ RunTime:0.001806s ]
NOTIC: [8] Undefined variable: response xdebug://debug-eval 第 1 行.
NOTIC: [8] Undefined variable: response xdebug://debug-eval 第 1 行.
NOTIC: [8] Undefined index: validate /home/vagrant/www/ant-account/ThinkPHP/Library/Think/Model.class.php 第 1185 行.
SQL: SELECT * FROM `uc_dealer_account` WHERE `account_name` = 'abc' AND `account_id` <> '1001' LIMIT 1   [ RunTime:0.0024s ]
SQL: SELECT * FROM `uc_dealer_account` WHERE `email` = 'liuxuliang@clcw.com.cn' AND `account_id` <> '1001' LIMIT 1   [ RunTime:0.0025s ]
SQL: SELECT * FROM `uc_dealer_account` WHERE `mobile` = '15029911780' AND `account_id` <> '1001' LIMIT 1   [ RunTime:0.0032s ]
NOTIC: [8] Undefined index: sex /home/vagrant/www/ant-account/ThinkPHP/Library/Think/Model.class.php 第 1217 行.
NOTIC: [8] Undefined index: auto /home/vagrant/www/ant-account/ThinkPHP/Library/Think/Model.class.php 第 1128 行.
SQL: UPDATE `uc_dealer_account` SET `account_name`='abc',`mobile`='15029911780',`email`='liuxuliang@clcw.com.cn',`account_avatar`='',`updatetime`='2016-09-23 15:21:04' WHERE `account_id` = 1001 [ RunTime:0.0014s ]
NOTIC: [8] Undefined variable: response xdebug://debug-eval 第 1 行.
NOTIC: [8] Undefined variable: response xdebug://debug-eval 第 1 行.
NOTIC: [8] Undefined variable: response xdebug://debug-eval 第 1 行.
NOTIC: [8] Undefined variable: response xdebug://debug-eval 第 1 行.
NOTIC: [8] Undefined variable: response xdebug://debug-eval 第 1 行.
NOTIC: [8] Undefined variable: response xdebug://debug-eval 第 1 行.

[ 2016-09-23T15:43:47+08:00 ] 127.0.0.1 /ucenter/api/accounts/changeinfo
INFO: [ app_init ] --START--
INFO: Run Behavior\BuildLiteBehavior [ RunTime:0.000039s ]
INFO: [ app_init ] --END-- [ RunTime:0.000215s ]
INFO: [ app_begin ] --START--
INFO: Run Behavior\ReadHtmlCacheBehavior [ RunTime:0.001940s ]
INFO: [ app_begin ] --END-- [ RunTime:0.002197s ]
NOTIC: [8] Undefined variable: response xdebug://debug-eval 第 1 行.
NOTIC: [8] Undefined variable: response xdebug://debug-eval 第 1 行.
SQL: SELECT COUNT(*) AS tp_count FROM `uc_dealer_account` WHERE ( account_id=1001 ) LIMIT 1   [ RunTime:0.0042s ]
NOTIC: [8] Undefined index: validate /home/vagrant/www/ant-account/ThinkPHP/Library/Think/Model.class.php 第 1185 行.
SQL: SELECT * FROM `uc_dealer_account` WHERE `account_name` = 'abc' AND `account_id` <> '1001' LIMIT 1   [ RunTime:0.0024s ]
SQL: SELECT * FROM `uc_dealer_account` WHERE `email` = 'liuxuliang@clcw.com.cn' AND `account_id` <> '1001' LIMIT 1   [ RunTime:0.0028s ]
SQL: SELECT * FROM `uc_dealer_account` WHERE `mobile` = '15029911780' AND `account_id` <> '1001' LIMIT 1   [ RunTime:0.0031s ]
NOTIC: [8] Undefined index: sex /home/vagrant/www/ant-account/ThinkPHP/Library/Think/Model.class.php 第 1217 行.
NOTIC: [8] Undefined index: auto /home/vagrant/www/ant-account/ThinkPHP/Library/Think/Model.class.php 第 1128 行.
SQL: UPDATE `uc_dealer_account` SET `account_name`='abc',`mobile`='15029911780',`email`='liuxuliang@clcw.com.cn',`account_avatar`='',`updatetime`='2016-09-23 15:43:47' WHERE `account_id` = 1001 [ RunTime:0.0014s ]

[ 2016-09-23T15:44:42+08:00 ] 127.0.0.1 /ucenter/api/accounts/changeinfo
INFO: [ app_init ] --START--
INFO: Run Behavior\BuildLiteBehavior [ RunTime:0.000042s ]
INFO: [ app_init ] --END-- [ RunTime:0.000211s ]
INFO: [ app_begin ] --START--
INFO: Run Behavior\ReadHtmlCacheBehavior [ RunTime:0.001289s ]
INFO: [ app_begin ] --END-- [ RunTime:0.001462s ]
NOTIC: [8] Undefined variable: response xdebug://debug-eval 第 1 行.
NOTIC: [8] Undefined variable: response xdebug://debug-eval 第 1 行.
NOTIC: [8] Undefined variable: response xdebug://debug-eval 第 1 行.
NOTIC: [8] Undefined variable: response xdebug://debug-eval 第 1 行.
NOTIC: [8] Undefined variable: response xdebug://debug-eval 第 1 行.
NOTIC: [8] Undefined variable: response xdebug://debug-eval 第 1 行.
SQL: SELECT COUNT(*) AS tp_count FROM `uc_dealer_account` WHERE ( account_id=1001 ) LIMIT 1   [ RunTime:0.0011s ]
NOTIC: [8] Undefined variable: response xdebug://debug-eval 第 1 行.
NOTIC: [8] Undefined variable: response xdebug://debug-eval 第 1 行.
NOTIC: [8] Undefined variable: response xdebug://debug-eval 第 1 行.
NOTIC: [8] Undefined variable: response xdebug://debug-eval 第 1 行.
NOTIC: [8] Undefined variable: response xdebug://debug-eval 第 1 行.
NOTIC: [8] Undefined variable: response xdebug://debug-eval 第 1 行.
NOTIC: [8] Undefined index: validate /home/vagrant/www/ant-account/ThinkPHP/Library/Think/Model.class.php 第 1185 行.
SQL: SELECT * FROM `uc_dealer_account` WHERE `account_name` = 'abc' AND `account_id` <> '1001' LIMIT 1   [ RunTime:0.0039s ]
SQL: SELECT * FROM `uc_dealer_account` WHERE `email` = 'liuxuliang@clcw.com.cn' AND `account_id` <> '1001' LIMIT 1   [ RunTime:0.0035s ]
SQL: SELECT * FROM `uc_dealer_account` WHERE `mobile` = '15029911780' AND `account_id` <> '1001' LIMIT 1   [ RunTime:0.0037s ]
NOTIC: [8] Undefined index: sex /home/vagrant/www/ant-account/ThinkPHP/Library/Think/Model.class.php 第 1217 行.
NOTIC: [8] Undefined index: auto /home/vagrant/www/ant-account/ThinkPHP/Library/Think/Model.class.php 第 1128 行.
NOTIC: [8] Undefined variable: response xdebug://debug-eval 第 1 行.
NOTIC: [8] Undefined variable: response xdebug://debug-eval 第 1 行.
SQL: UPDATE `uc_dealer_account` SET `account_name`='abc',`mobile`='15029911780',`email`='liuxuliang@clcw.com.cn',`account_avatar`='',`updatetime`='2016-09-23 15:44:24' WHERE `account_id` = 1001 [ RunTime:0.0009s ]
NOTIC: [8] Undefined variable: response xdebug://debug-eval 第 1 行.
NOTIC: [8] Undefined variable: response xdebug://debug-eval 第 1 行.

[ 2016-09-23T15:45:08+08:00 ] 127.0.0.1 /ucenter/api/accounts/changeinfo
INFO: [ app_init ] --START--
INFO: Run Behavior\BuildLiteBehavior [ RunTime:0.000044s ]
INFO: [ app_init ] --END-- [ RunTime:0.000243s ]
INFO: [ app_begin ] --START--
INFO: Run Behavior\ReadHtmlCacheBehavior [ RunTime:0.001462s ]
INFO: [ app_begin ] --END-- [ RunTime:0.001635s ]
NOTIC: [8] Undefined variable: response xdebug://debug-eval 第 1 行.
NOTIC: [8] Undefined variable: response xdebug://debug-eval 第 1 行.
NOTIC: [8] Undefined variable: response xdebug://debug-eval 第 1 行.
NOTIC: [8] Undefined variable: response xdebug://debug-eval 第 1 行.
NOTIC: [8] Undefined variable: response xdebug://debug-eval 第 1 行.
NOTIC: [8] Undefined variable: response xdebug://debug-eval 第 1 行.
NOTIC: [8] Undefined variable: response xdebug://debug-eval 第 1 行.
NOTIC: [8] Undefined variable: response xdebug://debug-eval 第 1 行.
NOTIC: [8] Undefined variable: response xdebug://debug-eval 第 1 行.
NOTIC: [8] Undefined variable: response xdebug://debug-eval 第 1 行.
SQL: SELECT COUNT(*) AS tp_count FROM `uc_dealer_account` WHERE ( account_id=1001 ) LIMIT 1   [ RunTime:0.0013s ]
NOTIC: [8] Undefined variable: response xdebug://debug-eval 第 1 行.
NOTIC: [8] Undefined variable: response xdebug://debug-eval 第 1 行.
NOTIC: [8] Undefined variable: response xdebug://debug-eval 第 1 行.
NOTIC: [8] Undefined variable: response xdebug://debug-eval 第 1 行.
NOTIC: [8] Undefined index: validate /home/vagrant/www/ant-account/ThinkPHP/Library/Think/Model.class.php 第 1185 行.
SQL: SELECT * FROM `uc_dealer_account` WHERE `account_name` = 'abc' AND `account_id` <> '1001' LIMIT 1   [ RunTime:0.0033s ]
SQL: SELECT * FROM `uc_dealer_account` WHERE `email` = 'liuxuliang@clcw.com.cn' AND `account_id` <> '1001' LIMIT 1   [ RunTime:0.0027s ]
SQL: SELECT * FROM `uc_dealer_account` WHERE `mobile` = '15029911780' AND `account_id` <> '1001' LIMIT 1   [ RunTime:0.0025s ]
NOTIC: [8] Undefined index: sex /home/vagrant/www/ant-account/ThinkPHP/Library/Think/Model.class.php 第 1217 行.
NOTIC: [8] Undefined index: auto /home/vagrant/www/ant-account/ThinkPHP/Library/Think/Model.class.php 第 1128 行.
SQL: UPDATE `uc_dealer_account` SET `account_name`='abc',`mobile`='15029911780',`email`='liuxuliang@clcw.com.cn',`account_avatar`='',`updatetime`='2016-09-23 15:45:08' WHERE `account_id` = 1001 [ RunTime:0.0008s ]

[ 2016-09-23T15:45:38+08:00 ] 127.0.0.1 /ucenter/api/accounts/changeinfo
INFO: [ app_init ] --START--
INFO: Run Behavior\BuildLiteBehavior [ RunTime:0.000030s ]
INFO: [ app_init ] --END-- [ RunTime:0.000161s ]
INFO: [ app_begin ] --START--
INFO: Run Behavior\ReadHtmlCacheBehavior [ RunTime:0.000947s ]
INFO: [ app_begin ] --END-- [ RunTime:0.001076s ]
SQL: SELECT COUNT(*) AS tp_count FROM `uc_dealer_account` WHERE ( account_id=10800 ) LIMIT 1   [ RunTime:0.0012s ]

[ 2016-09-23T15:46:03+08:00 ] 127.0.0.1 /ucenter/api/accounts/changeinfo
INFO: [ app_init ] --START--
INFO: Run Behavior\BuildLiteBehavior [ RunTime:0.000037s ]
INFO: [ app_init ] --END-- [ RunTime:0.000214s ]
INFO: [ app_begin ] --START--
INFO: Run Behavior\ReadHtmlCacheBehavior [ RunTime:0.001644s ]
INFO: [ app_begin ] --END-- [ RunTime:0.001848s ]
NOTIC: [8] Undefined variable: response xdebug://debug-eval 第 1 行.
NOTIC: [8] Undefined variable: response xdebug://debug-eval 第 1 行.
NOTIC: [8] Undefined variable: response xdebug://debug-eval 第 1 行.
NOTIC: [8] Undefined variable: response xdebug://debug-eval 第 1 行.
NOTIC: [8] Undefined variable: response xdebug://debug-eval 第 1 行.
NOTIC: [8] Undefined variable: response xdebug://debug-eval 第 1 行.
NOTIC: [8] Undefined variable: response xdebug://debug-eval 第 1 行.
NOTIC: [8] Undefined variable: response xdebug://debug-eval 第 1 行.
NOTIC: [8] Undefined variable: response xdebug://debug-eval 第 1 行.
NOTIC: [8] Undefined variable: response xdebug://debug-eval 第 1 行.
SQL: SELECT COUNT(*) AS tp_count FROM `uc_dealer_account` WHERE ( account_id=10800 ) LIMIT 1   [ RunTime:0.0121s ]
NOTIC: [8] Undefined variable: response xdebug://debug-eval 第 1 行.
NOTIC: [8] Undefined variable: response xdebug://debug-eval 第 1 行.
NOTIC: [8] Undefined variable: response xdebug://debug-eval 第 1 行.
NOTIC: [8] Undefined variable: response xdebug://debug-eval 第 1 行.
NOTIC: [8] Undefined variable: response xdebug://debug-eval 第 1 行.
NOTIC: [8] Undefined variable: response xdebug://debug-eval 第 1 行.

[ 2016-09-23T15:46:35+08:00 ] 127.0.0.1 /ucenter/api/accounts/changeinfo
INFO: [ app_init ] --START--
INFO: Run Behavior\BuildLiteBehavior [ RunTime:0.000037s ]
INFO: [ app_init ] --END-- [ RunTime:0.000209s ]
INFO: [ app_begin ] --START--
INFO: Run Behavior\ReadHtmlCacheBehavior [ RunTime:0.001297s ]
INFO: [ app_begin ] --END-- [ RunTime:0.001464s ]
SQL: SELECT COUNT(*) AS tp_count FROM `uc_dealer_account` WHERE ( account_id=10800 ) LIMIT 1   [ RunTime:0.0012s ]
NOTIC: [8] Undefined index: validate /home/vagrant/www/ant-account/ThinkPHP/Library/Think/Model.class.php 第 1185 行.
SQL: SELECT * FROM `uc_dealer_account` WHERE `account_name` = 'abc' AND `account_id` <> '10800' LIMIT 1   [ RunTime:0.0034s ]
SQL: SELECT * FROM `uc_dealer_account` WHERE `email` = 'liuxuliang@clcw.com.cn' AND `account_id` <> '10800' LIMIT 1   [ RunTime:0.0037s ]
SQL: SELECT * FROM `uc_dealer_account` WHERE `mobile` = '15029911780' AND `account_id` <> '10800' LIMIT 1   [ RunTime:0.0025s ]
NOTIC: [8] Undefined index: sex /home/vagrant/www/ant-account/ThinkPHP/Library/Think/Model.class.php 第 1217 行.
NOTIC: [8] Undefined index: auto /home/vagrant/www/ant-account/ThinkPHP/Library/Think/Model.class.php 第 1128 行.
SQL: UPDATE `uc_dealer_account` SET `account_name`='abc',`mobile`='15029911780',`email`='liuxuliang@clcw.com.cn',`account_avatar`='',`updatetime`='2016-09-23 15:46:35' WHERE `account_id` = 10800 [ RunTime:0.1021s ]
NOTIC: [8] Undefined index: validate /home/vagrant/www/ant-account/ThinkPHP/Library/Think/Model.class.php 第 1185 行.
NOTIC: [8] Undefined index: auto /home/vagrant/www/ant-account/ThinkPHP/Library/Think/Model.class.php 第 1128 行.
SQL: INSERT INTO `uc_dealer_account_action_log` (`account_id`,`action_source`,`action_type`,`option`,`login_ip`,`remark`,`createtime`) VALUES ('10800','','6','修改个人账号资料','','','2016-09-23 15:46:35') [ RunTime:0.1106s ]

[ 2016-09-23T15:47:22+08:00 ] 127.0.0.1 /ucenter/api/accounts/changeinfo
INFO: [ app_init ] --START--
INFO: Run Behavior\BuildLiteBehavior [ RunTime:0.000037s ]
INFO: [ app_init ] --END-- [ RunTime:0.000235s ]
INFO: [ app_begin ] --START--
INFO: Run Behavior\ReadHtmlCacheBehavior [ RunTime:0.001459s ]
INFO: [ app_begin ] --END-- [ RunTime:0.001630s ]
SQL: SELECT COUNT(*) AS tp_count FROM `uc_dealer_account` WHERE ( account_id=10800 ) LIMIT 1   [ RunTime:0.0013s ]
NOTIC: [8] Undefined index: validate /home/vagrant/www/ant-account/ThinkPHP/Library/Think/Model.class.php 第 1185 行.
SQL: SELECT * FROM `uc_dealer_account` WHERE `account_name` = 'abc' AND `account_id` <> '10800' LIMIT 1   [ RunTime:0.0093s ]
SQL: SELECT * FROM `uc_dealer_account` WHERE `email` = 'liuxuliang@clcw.com.cn' AND `account_id` <> '10800' LIMIT 1   [ RunTime:0.0024s ]
SQL: SELECT * FROM `uc_dealer_account` WHERE `mobile` = '15029911780' AND `account_id` <> '10800' LIMIT 1   [ RunTime:0.0093s ]
NOTIC: [8] Undefined index: sex /home/vagrant/www/ant-account/ThinkPHP/Library/Think/Model.class.php 第 1217 行.
NOTIC: [8] Undefined index: auto /home/vagrant/www/ant-account/ThinkPHP/Library/Think/Model.class.php 第 1128 行.
SQL: UPDATE `uc_dealer_account` SET `account_name`='abc',`mobile`='15029911780',`email`='liuxuliang@clcw.com.cn',`account_avatar`='',`updatetime`='2016-09-23 15:46:56' WHERE `account_id` = 10800 [ RunTime:0.0913s ]
NOTIC: [8] Undefined variable: response xdebug://debug-eval 第 1 行.
NOTIC: [8] Undefined variable: response xdebug://debug-eval 第 1 行.
NOTIC: [8] Undefined variable: response xdebug://debug-eval 第 1 行.
NOTIC: [8] Undefined variable: response xdebug://debug-eval 第 1 行.
NOTIC: [8] Undefined index: validate /home/vagrant/www/ant-account/ThinkPHP/Library/Think/Model.class.php 第 1185 行.
NOTIC: [8] Undefined index: auto /home/vagrant/www/ant-account/ThinkPHP/Library/Think/Model.class.php 第 1128 行.
SQL: INSERT INTO `uc_dealer_account_action_log` (`account_id`,`action_source`,`action_type`,`option`,`login_ip`,`remark`,`createtime`) VALUES ('10800','','6','修改个人账号资料','','','2016-09-23 15:47:22') [ RunTime:0.1283s ]

[ 2016-09-23T15:47:46+08:00 ] 127.0.0.1 /ucenter/api/accounts/changeinfo
INFO: [ app_init ] --START--
INFO: Run Behavior\BuildLiteBehavior [ RunTime:0.000037s ]
INFO: [ app_init ] --END-- [ RunTime:0.000207s ]
INFO: [ app_begin ] --START--
INFO: Run Behavior\ReadHtmlCacheBehavior [ RunTime:0.000852s ]
INFO: [ app_begin ] --END-- [ RunTime:0.000997s ]
SQL: SELECT COUNT(*) AS tp_count FROM `uc_dealer_account` WHERE ( account_id=10800 ) LIMIT 1   [ RunTime:0.0011s ]
NOTIC: [8] Undefined index: validate /home/vagrant/www/ant-account/ThinkPHP/Library/Think/Model.class.php 第 1185 行.
SQL: SELECT * FROM `uc_dealer_account` WHERE `account_name` = 'abc' AND `account_id` <> '10800' LIMIT 1   [ RunTime:0.0021s ]
SQL: SELECT * FROM `uc_dealer_account` WHERE `email` = 'liuxuliang@clcw.com.cn' AND `account_id` <> '10800' LIMIT 1   [ RunTime:0.0023s ]
SQL: SELECT * FROM `uc_dealer_account` WHERE `mobile` = '15029911780' AND `account_id` <> '10800' LIMIT 1   [ RunTime:0.0022s ]
NOTIC: [8] Undefined index: sex /home/vagrant/www/ant-account/ThinkPHP/Library/Think/Model.class.php 第 1217 行.
NOTIC: [8] Undefined index: auto /home/vagrant/www/ant-account/ThinkPHP/Library/Think/Model.class.php 第 1128 行.
SQL: UPDATE `uc_dealer_account` SET `account_name`='abc',`mobile`='15029911780',`email`='liuxuliang@clcw.com.cn',`account_avatar`='',`updatetime`='2016-09-23 15:47:46' WHERE `account_id` = 10800 [ RunTime:0.1503s ]

[ 2016-09-23T15:47:54+08:00 ] 127.0.0.1 /ucenter/api/accounts/changeinfo
INFO: [ app_init ] --START--
INFO: Run Behavior\BuildLiteBehavior [ RunTime:0.000027s ]
INFO: [ app_init ] --END-- [ RunTime:0.000152s ]
INFO: [ app_begin ] --START--
INFO: Run Behavior\ReadHtmlCacheBehavior [ RunTime:0.001681s ]
INFO: [ app_begin ] --END-- [ RunTime:0.001804s ]
SQL: SELECT COUNT(*) AS tp_count FROM `uc_dealer_account` WHERE ( account_id=10800 ) LIMIT 1   [ RunTime:0.0012s ]
NOTIC: [8] Undefined index: validate /home/vagrant/www/ant-account/ThinkPHP/Library/Think/Model.class.php 第 1185 行.
SQL: SELECT * FROM `uc_dealer_account` WHERE `account_name` = 'abc' AND `account_id` <> '10800' LIMIT 1   [ RunTime:0.0023s ]
SQL: SELECT * FROM `uc_dealer_account` WHERE `email` = 'liuxuliang@clcw.com.cn' AND `account_id` <> '10800' LIMIT 1   [ RunTime:0.0023s ]
SQL: SELECT * FROM `uc_dealer_account` WHERE `mobile` = '15029911780' AND `account_id` <> '10800' LIMIT 1   [ RunTime:0.0049s ]
NOTIC: [8] Undefined index: sex /home/vagrant/www/ant-account/ThinkPHP/Library/Think/Model.class.php 第 1217 行.
NOTIC: [8] Undefined index: auto /home/vagrant/www/ant-account/ThinkPHP/Library/Think/Model.class.php 第 1128 行.
SQL: UPDATE `uc_dealer_account` SET `account_name`='abc',`mobile`='15029911780',`email`='liuxuliang@clcw.com.cn',`account_avatar`='',`updatetime`='2016-09-23 15:47:53' WHERE `account_id` = 10800 [ RunTime:0.1129s ]
NOTIC: [8] Undefined index: validate /home/vagrant/www/ant-account/ThinkPHP/Library/Think/Model.class.php 第 1185 行.
NOTIC: [8] Undefined index: auto /home/vagrant/www/ant-account/ThinkPHP/Library/Think/Model.class.php 第 1128 行.
SQL: INSERT INTO `uc_dealer_account_action_log` (`account_id`,`action_source`,`action_type`,`option`,`login_ip`,`remark`,`createtime`) VALUES ('10800','','6','修改个人账号资料','','','2016-09-23 15:47:53') [ RunTime:0.1130s ]

[ 2016-09-23T15:47:57+08:00 ] 127.0.0.1 /ucenter/api/accounts/changeinfo
INFO: [ app_init ] --START--
INFO: Run Behavior\BuildLiteBehavior [ RunTime:0.000027s ]
INFO: [ app_init ] --END-- [ RunTime:0.000154s ]
INFO: [ app_begin ] --START--
INFO: Run Behavior\ReadHtmlCacheBehavior [ RunTime:0.000885s ]
INFO: [ app_begin ] --END-- [ RunTime:0.001109s ]
SQL: SELECT COUNT(*) AS tp_count FROM `uc_dealer_account` WHERE ( account_id=10800 ) LIMIT 1   [ RunTime:0.0052s ]
NOTIC: [8] Undefined index: validate /home/vagrant/www/ant-account/ThinkPHP/Library/Think/Model.class.php 第 1185 行.
SQL: SELECT * FROM `uc_dealer_account` WHERE `account_name` = 'abc' AND `account_id` <> '10800' LIMIT 1   [ RunTime:0.0022s ]
SQL: SELECT * FROM `uc_dealer_account` WHERE `email` = 'liuxuliang@clcw.com.cn' AND `account_id` <> '10800' LIMIT 1   [ RunTime:0.0024s ]
SQL: SELECT * FROM `uc_dealer_account` WHERE `mobile` = '15029911780' AND `account_id` <> '10800' LIMIT 1   [ RunTime:0.0023s ]
NOTIC: [8] Undefined index: sex /home/vagrant/www/ant-account/ThinkPHP/Library/Think/Model.class.php 第 1217 行.
NOTIC: [8] Undefined index: auto /home/vagrant/www/ant-account/ThinkPHP/Library/Think/Model.class.php 第 1128 行.
SQL: UPDATE `uc_dealer_account` SET `account_name`='abc',`mobile`='15029911780',`email`='liuxuliang@clcw.com.cn',`account_avatar`='',`updatetime`='2016-09-23 15:47:57' WHERE `account_id` = 10800 [ RunTime:0.1014s ]
NOTIC: [8] Undefined index: validate /home/vagrant/www/ant-account/ThinkPHP/Library/Think/Model.class.php 第 1185 行.
NOTIC: [8] Undefined index: auto /home/vagrant/www/ant-account/ThinkPHP/Library/Think/Model.class.php 第 1128 行.
SQL: INSERT INTO `uc_dealer_account_action_log` (`account_id`,`action_source`,`action_type`,`option`,`login_ip`,`remark`,`createtime`) VALUES ('10800','','6','修改个人账号资料','','','2016-09-23 15:47:57') [ RunTime:0.1163s ]

[ 2016-09-23T15:50:24+08:00 ] 127.0.0.1 /ucenter/api/accounts/changeinfo
INFO: [ app_init ] --START--
INFO: Run Behavior\BuildLiteBehavior [ RunTime:0.000028s ]
INFO: [ app_init ] --END-- [ RunTime:0.000156s ]
INFO: [ app_begin ] --START--
INFO: Run Behavior\ReadHtmlCacheBehavior [ RunTime:0.001793s ]
INFO: [ app_begin ] --END-- [ RunTime:0.001916s ]
SQL: SELECT COUNT(*) AS tp_count FROM `uc_dealer_account` WHERE ( account_id=10800 ) LIMIT 1   [ RunTime:0.0014s ]
NOTIC: [8] Undefined index: validate /home/vagrant/www/ant-account/ThinkPHP/Library/Think/Model.class.php 第 1185 行.
SQL: SELECT * FROM `uc_dealer_account` WHERE `account_name` = 'abc' AND `account_id` <> '10800' LIMIT 1   [ RunTime:0.0024s ]
SQL: SELECT * FROM `uc_dealer_account` WHERE `email` = 'liuxuliang@clcw.com.cn' AND `account_id` <> '10800' LIMIT 1   [ RunTime:0.0025s ]
SQL: SELECT * FROM `uc_dealer_account` WHERE `mobile` = '15029911780' AND `account_id` <> '10800' LIMIT 1   [ RunTime:0.0024s ]
NOTIC: [8] Undefined index: sex /home/vagrant/www/ant-account/ThinkPHP/Library/Think/Model.class.php 第 1217 行.
NOTIC: [8] Undefined index: auto /home/vagrant/www/ant-account/ThinkPHP/Library/Think/Model.class.php 第 1128 行.
SQL: UPDATE `uc_dealer_account` SET `account_name`='abc',`mobile`='15029911780',`email`='liuxuliang@clcw.com.cn',`account_avatar`='',`updatetime`='2016-09-23 15:50:24' WHERE `account_id` = 10800 [ RunTime:0.1095s ]
NOTIC: [8] Undefined index: validate /home/vagrant/www/ant-account/ThinkPHP/Library/Think/Model.class.php 第 1185 行.
NOTIC: [8] Undefined index: auto /home/vagrant/www/ant-account/ThinkPHP/Library/Think/Model.class.php 第 1128 行.
SQL: INSERT INTO `uc_dealer_account_action_log` (`account_id`,`action_source`,`action_type`,`option`,`login_ip`,`remark`,`createtime`) VALUES ('10800','','6','修改个人账号资料','','','2016-09-23 15:50:24') [ RunTime:0.1116s ]

[ 2016-09-23T15:50:27+08:00 ] 127.0.0.1 /ucenter/doc
INFO: [ app_init ] --START--
INFO: Run Behavior\BuildLiteBehavior [ RunTime:0.000027s ]
INFO: [ app_init ] --END-- [ RunTime:0.000160s ]
INFO: [ app_begin ] --START--
INFO: Run Behavior\ReadHtmlCacheBehavior [ RunTime:0.001441s ]
INFO: [ app_begin ] --END-- [ RunTime:0.001630s ]
INFO: [ view_parse ] --START--
INFO: [ template_filter ] --START--
INFO: Run Behavior\ContentReplaceBehavior [ RunTime:0.000075s ]
INFO: [ template_filter ] --END-- [ RunTime:0.000203s ]
INFO: Run Behavior\ParseTemplateBehavior [ RunTime:0.017855s ]
INFO: [ view_parse ] --END-- [ RunTime:0.017997s ]
INFO: [ view_filter ] --START--
INFO: Run Behavior\WriteHtmlCacheBehavior [ RunTime:0.001880s ]
INFO: [ view_filter ] --END-- [ RunTime:0.001987s ]
INFO: [ app_end ] --START--
INFO: Run Behavior\ShowPageTraceBehavior [ RunTime:0.001601s ]
INFO: [ app_end ] --END-- [ RunTime:0.001723s ]

[ 2016-09-23T17:27:50+08:00 ] 127.0.0.1 /ucenter/doc
INFO: [ app_init ] --START--
INFO: Run Behavior\BuildLiteBehavior [ RunTime:0.000037s ]
INFO: [ app_init ] --END-- [ RunTime:0.000228s ]
INFO: [ app_begin ] --START--
INFO: Run Behavior\ReadHtmlCacheBehavior [ RunTime:0.001408s ]
INFO: [ app_begin ] --END-- [ RunTime:0.001577s ]
INFO: [ view_parse ] --START--
INFO: [ template_filter ] --START--
INFO: Run Behavior\ContentReplaceBehavior [ RunTime:0.000076s ]
INFO: [ template_filter ] --END-- [ RunTime:0.000194s ]
INFO: Run Behavior\ParseTemplateBehavior [ RunTime:0.018315s ]
INFO: [ view_parse ] --END-- [ RunTime:0.018454s ]
INFO: [ view_filter ] --START--
INFO: Run Behavior\WriteHtmlCacheBehavior [ RunTime:0.001610s ]
INFO: [ view_filter ] --END-- [ RunTime:0.001727s ]
INFO: [ app_end ] --START--
INFO: Run Behavior\ShowPageTraceBehavior [ RunTime:0.001618s ]
INFO: [ app_end ] --END-- [ RunTime:0.001775s ]

[ 2016-09-23T17:27:50+08:00 ] 127.0.0.1 /ucenter/doc
INFO: [ app_init ] --START--
INFO: Run Behavior\BuildLiteBehavior [ RunTime:0.000025s ]
INFO: [ app_init ] --END-- [ RunTime:0.000141s ]
INFO: [ app_begin ] --START--
INFO: Run Behavior\ReadHtmlCacheBehavior [ RunTime:0.000343s ]
INFO: [ app_begin ] --END-- [ RunTime:0.000458s ]
INFO: [ view_parse ] --START--
INFO: [ template_filter ] --START--
INFO: Run Behavior\ContentReplaceBehavior [ RunTime:0.000073s ]
INFO: [ template_filter ] --END-- [ RunTime:0.000196s ]
INFO: Run Behavior\ParseTemplateBehavior [ RunTime:0.012832s ]
INFO: [ view_parse ] --END-- [ RunTime:0.012967s ]
INFO: [ view_filter ] --START--
INFO: Run Behavior\WriteHtmlCacheBehavior [ RunTime:0.000617s ]
INFO: [ view_filter ] --END-- [ RunTime:0.000724s ]
INFO: [ app_end ] --START--
INFO: Run Behavior\ShowPageTraceBehavior [ RunTime:0.000533s ]
INFO: [ app_end ] --END-- [ RunTime:0.000648s ]

[ 2016-09-23T17:27:51+08:00 ] 127.0.0.1 /ucenter/doc
INFO: [ app_init ] --START--
INFO: Run Behavior\BuildLiteBehavior [ RunTime:0.000025s ]
INFO: [ app_init ] --END-- [ RunTime:0.000157s ]
INFO: [ app_begin ] --START--
INFO: Run Behavior\ReadHtmlCacheBehavior [ RunTime:0.000520s ]
INFO: [ app_begin ] --END-- [ RunTime:0.000686s ]
INFO: [ view_parse ] --START--
INFO: [ template_filter ] --START--
INFO: Run Behavior\ContentReplaceBehavior [ RunTime:0.000076s ]
INFO: [ template_filter ] --END-- [ RunTime:0.000190s ]
INFO: Run Behavior\ParseTemplateBehavior [ RunTime:0.011837s ]
INFO: [ view_parse ] --END-- [ RunTime:0.011975s ]
INFO: [ view_filter ] --START--
INFO: Run Behavior\WriteHtmlCacheBehavior [ RunTime:0.000360s ]
INFO: [ view_filter ] --END-- [ RunTime:0.000461s ]
INFO: [ app_end ] --START--
INFO: Run Behavior\ShowPageTraceBehavior [ RunTime:0.000626s ]
INFO: [ app_end ] --END-- [ RunTime:0.000735s ]

[ 2016-09-23T17:27:54+08:00 ] 127.0.0.1 /ucenter/doc
INFO: [ app_init ] --START--
INFO: Run Behavior\BuildLiteBehavior [ RunTime:0.000036s ]
INFO: [ app_init ] --END-- [ RunTime:0.000221s ]
INFO: [ app_begin ] --START--
INFO: Run Behavior\ReadHtmlCacheBehavior [ RunTime:0.001348s ]
INFO: [ app_begin ] --END-- [ RunTime:0.001518s ]
INFO: [ view_parse ] --START--
INFO: [ template_filter ] --START--
INFO: Run Behavior\ContentReplaceBehavior [ RunTime:0.000086s ]
INFO: [ template_filter ] --END-- [ RunTime:0.000200s ]
INFO: Run Behavior\ParseTemplateBehavior [ RunTime:0.015480s ]
INFO: [ view_parse ] --END-- [ RunTime:0.015622s ]
INFO: [ view_filter ] --START--
INFO: Run Behavior\WriteHtmlCacheBehavior [ RunTime:0.000951s ]
INFO: [ view_filter ] --END-- [ RunTime:0.001055s ]
INFO: [ app_end ] --START--
INFO: Run Behavior\ShowPageTraceBehavior [ RunTime:0.000930s ]
INFO: [ app_end ] --END-- [ RunTime:0.001035s ]

[ 2016-09-23T17:58:32+08:00 ] 127.0.0.1 /ucenter/doc
INFO: [ app_init ] --START--
INFO: Run Behavior\BuildLiteBehavior [ RunTime:0.000027s ]
INFO: [ app_init ] --END-- [ RunTime:0.000148s ]
INFO: [ app_begin ] --START--
INFO: Run Behavior\ReadHtmlCacheBehavior [ RunTime:0.001290s ]
INFO: [ app_begin ] --END-- [ RunTime:0.001407s ]
INFO: [ view_parse ] --START--
INFO: [ template_filter ] --START--
INFO: Run Behavior\ContentReplaceBehavior [ RunTime:0.000073s ]
INFO: [ template_filter ] --END-- [ RunTime:0.000217s ]
INFO: Run Behavior\ParseTemplateBehavior [ RunTime:0.021425s ]
INFO: [ view_parse ] --END-- [ RunTime:0.021559s ]
INFO: [ view_filter ] --START--
INFO: Run Behavior\WriteHtmlCacheBehavior [ RunTime:0.001349s ]
INFO: [ view_filter ] --END-- [ RunTime:0.001452s ]
INFO: [ app_end ] --START--
INFO: Run Behavior\ShowPageTraceBehavior [ RunTime:0.001456s ]
INFO: [ app_end ] --END-- [ RunTime:0.001592s ]

