[ 2016-09-29T11:03:42+08:00 ] 127.0.0.1 /ucenter/doc
INFO: [ app_init ] --START--
INFO: Run Behavior\BuildLiteBehavior [ RunTime:0.000081s ]
INFO: [ app_init ] --END-- [ RunTime:0.000502s ]
INFO: [ app_begin ] --START--
INFO: Run Behavior\ReadHtmlCacheBehavior [ RunTime:0.008391s ]
INFO: [ app_begin ] --END-- [ RunTime:0.008822s ]
INFO: [ view_parse ] --START--
INFO: [ template_filter ] --START--
INFO: Run Behavior\ContentReplaceBehavior [ RunTime:0.000204s ]
INFO: [ template_filter ] --END-- [ RunTime:0.000931s ]
INFO: Run Behavior\ParseTemplateBehavior [ RunTime:0.076994s ]
INFO: [ view_parse ] --END-- [ RunTime:0.077425s ]
INFO: [ view_filter ] --START--
INFO: Run Behavior\WriteHtmlCacheBehavior [ RunTime:0.007900s ]
INFO: [ view_filter ] --END-- [ RunTime:0.008438s ]
INFO: [ app_end ] --START--
INFO: Run Behavior\ShowPageTraceBehavior [ RunTime:0.009073s ]
INFO: [ app_end ] --END-- [ RunTime:0.009557s ]

[ 2016-09-29T11:58:46+08:00 ] 127.0.0.1 /ucenter/doc
INFO: [ app_init ] --START--
INFO: Run Behavior\BuildLiteBehavior [ RunTime:0.000091s ]
INFO: [ app_init ] --END-- [ RunTime:0.000632s ]
INFO: [ app_begin ] --START--
INFO: Run Behavior\ReadHtmlCacheBehavior [ RunTime:0.005778s ]
INFO: [ app_begin ] --END-- [ RunTime:0.006252s ]
INFO: [ view_parse ] --START--
INFO: [ template_filter ] --START--
INFO: Run Behavior\ContentReplaceBehavior [ RunTime:0.000209s ]
INFO: [ template_filter ] --END-- [ RunTime:0.000651s ]
INFO: Run Behavior\ParseTemplateBehavior [ RunTime:0.053763s ]
INFO: [ view_parse ] --END-- [ RunTime:0.054357s ]
INFO: [ view_filter ] --START--
INFO: Run Behavior\WriteHtmlCacheBehavior [ RunTime:0.006008s ]
INFO: [ view_filter ] --END-- [ RunTime:0.006340s ]
INFO: [ app_end ] --START--
INFO: Run Behavior\ShowPageTraceBehavior [ RunTime:0.006598s ]
INFO: [ app_end ] --END-- [ RunTime:0.007043s ]

[ 2016-09-29T14:58:18+08:00 ] 127.0.0.1 /ucenter/doc
INFO: [ app_init ] --START--
INFO: Run Behavior\BuildLiteBehavior [ RunTime:0.000085s ]
INFO: [ app_init ] --END-- [ RunTime:0.000499s ]
INFO: [ app_begin ] --START--
INFO: Run Behavior\ReadHtmlCacheBehavior [ RunTime:0.005830s ]
INFO: [ app_begin ] --END-- [ RunTime:0.006178s ]
INFO: [ view_parse ] --START--
INFO: [ template_filter ] --START--
INFO: Run Behavior\ContentReplaceBehavior [ RunTime:0.000210s ]
INFO: [ template_filter ] --END-- [ RunTime:0.000701s ]
INFO: Run Behavior\ParseTemplateBehavior [ RunTime:0.056214s ]
INFO: [ view_parse ] --END-- [ RunTime:0.056708s ]
INFO: [ view_filter ] --START--
INFO: Run Behavior\WriteHtmlCacheBehavior [ RunTime:0.009738s ]
INFO: [ view_filter ] --END-- [ RunTime:0.010457s ]
INFO: [ app_end ] --START--
INFO: Run Behavior\ShowPageTraceBehavior [ RunTime:0.004805s ]
INFO: [ app_end ] --END-- [ RunTime:0.005224s ]

[ 2016-09-29T15:20:37+08:00 ] 127.0.0.1 /ucenter/api/accounts/changeuserinfo
INFO: [ app_init ] --START--
INFO: Run Behavior\BuildLiteBehavior [ RunTime:0.000070s ]
INFO: [ app_init ] --END-- [ RunTime:0.000418s ]
INFO: [ app_begin ] --START--
INFO: Run Behavior\ReadHtmlCacheBehavior [ RunTime:0.004955s ]
INFO: [ app_begin ] --END-- [ RunTime:0.005296s ]
NOTIC: [8] Undefined index: validate /home/vagrant/www/ant-account/ThinkPHP/Library/Think/Model.class.php 第 1185 行.
NOTIC: [8] Undefined index: auto /home/vagrant/www/ant-account/ThinkPHP/Library/Think/Model.class.php 第 1128 行.
SQL: UPDATE `uc_dealer_account` SET `account_avatar`='a/b/c/1.jpg',`nick_name`='sean',`real_name`='刘哲',`sex`='1',`province_id`='2001',`city_id`='2002',`address`='xi\'an',`updatetime`='2016-09-29 15:20:37' WHERE `account_id` = 6 [ RunTime:0.0020s ]

[ 2016-09-29T15:21:18+08:00 ] 127.0.0.1 /ucenter/api/accounts/changeuserinfo?account_id=3&account_type=2
INFO: [ app_init ] --START--
INFO: Run Behavior\BuildLiteBehavior [ RunTime:0.000116s ]
INFO: [ app_init ] --END-- [ RunTime:0.000479s ]
INFO: [ app_begin ] --START--
INFO: Run Behavior\ReadHtmlCacheBehavior [ RunTime:0.004477s ]
INFO: [ app_begin ] --END-- [ RunTime:0.004821s ]

[ 2016-09-29T15:21:26+08:00 ] 127.0.0.1 /ucenter/api/accounts/changeuserinfo?account_id=3&account_type=2
INFO: [ app_init ] --START--
INFO: Run Behavior\BuildLiteBehavior [ RunTime:0.000127s ]
INFO: [ app_init ] --END-- [ RunTime:0.000474s ]
INFO: [ app_begin ] --START--
INFO: Run Behavior\ReadHtmlCacheBehavior [ RunTime:0.004851s ]
INFO: [ app_begin ] --END-- [ RunTime:0.005528s ]

[ 2016-09-29T15:21:47+08:00 ] 127.0.0.1 /ucenter/api/accounts/changeuserinfo?account_id=3&account_type=2
INFO: [ app_init ] --START--
INFO: Run Behavior\BuildLiteBehavior [ RunTime:0.000350s ]
INFO: [ app_init ] --END-- [ RunTime:0.000808s ]
INFO: [ app_begin ] --START--
INFO: Run Behavior\ReadHtmlCacheBehavior [ RunTime:0.002674s ]
INFO: [ app_begin ] --END-- [ RunTime:0.003032s ]

[ 2016-09-29T15:35:37+08:00 ] 127.0.0.1 /ucenter/api/accounts/changeuserinfo
INFO: [ app_init ] --START--
INFO: Run Behavior\BuildLiteBehavior [ RunTime:0.000069s ]
INFO: [ app_init ] --END-- [ RunTime:0.000488s ]
INFO: [ app_begin ] --START--
INFO: Run Behavior\ReadHtmlCacheBehavior [ RunTime:0.004726s ]
INFO: [ app_begin ] --END-- [ RunTime:0.005063s ]

[ 2016-09-29T15:36:46+08:00 ] 127.0.0.1 /ucenter/api/accounts/changeuserinfo
INFO: [ app_init ] --START--
INFO: Run Behavior\BuildLiteBehavior [ RunTime:0.000144s ]
INFO: [ app_init ] --END-- [ RunTime:0.000496s ]
INFO: [ app_begin ] --START--
INFO: Run Behavior\ReadHtmlCacheBehavior [ RunTime:0.004512s ]
INFO: [ app_begin ] --END-- [ RunTime:0.004914s ]

[ 2016-09-29T15:36:57+08:00 ] 127.0.0.1 /ucenter/api/accounts/changeuserinfo
INFO: [ app_init ] --START--
INFO: Run Behavior\BuildLiteBehavior [ RunTime:0.000075s ]
INFO: [ app_init ] --END-- [ RunTime:0.000527s ]
INFO: [ app_begin ] --START--
INFO: Run Behavior\ReadHtmlCacheBehavior [ RunTime:0.006298s ]
INFO: [ app_begin ] --END-- [ RunTime:0.006655s ]

[ 2016-09-29T15:37:27+08:00 ] 127.0.0.1 /ucenter/api/accounts/changeuserinfo
INFO: [ app_init ] --START--
INFO: Run Behavior\BuildLiteBehavior [ RunTime:0.000068s ]
INFO: [ app_init ] --END-- [ RunTime:0.000465s ]
INFO: [ app_begin ] --START--
INFO: Run Behavior\ReadHtmlCacheBehavior [ RunTime:0.006119s ]
INFO: [ app_begin ] --END-- [ RunTime:0.006542s ]

[ 2016-09-29T15:38:04+08:00 ] 127.0.0.1 /ucenter/api/accounts/login?XDEBUG_SESSION_START=sublime.xdebug
INFO: [ app_init ] --START--
INFO: Run Behavior\BuildLiteBehavior [ RunTime:0.000068s ]
INFO: [ app_init ] --END-- [ RunTime:0.000654s ]
INFO: [ app_begin ] --START--
INFO: Run Behavior\ReadHtmlCacheBehavior [ RunTime:0.004404s ]
INFO: [ app_begin ] --END-- [ RunTime:0.004741s ]

[ 2016-09-29T15:38:16+08:00 ] 127.0.0.1 /ucenter/api/accounts/login?XDEBUG_SESSION_START=sublime.xdebug
INFO: [ app_init ] --START--
INFO: Run Behavior\BuildLiteBehavior [ RunTime:0.000072s ]
INFO: [ app_init ] --END-- [ RunTime:0.000520s ]
INFO: [ app_begin ] --START--
INFO: Run Behavior\ReadHtmlCacheBehavior [ RunTime:0.006372s ]
INFO: [ app_begin ] --END-- [ RunTime:0.006722s ]

[ 2016-09-29T15:38:17+08:00 ] 127.0.0.1 /ucenter/api/accounts/login?XDEBUG_SESSION_START=sublime.xdebug
INFO: [ app_init ] --START--
INFO: Run Behavior\BuildLiteBehavior [ RunTime:0.000067s ]
INFO: [ app_init ] --END-- [ RunTime:0.000485s ]
INFO: [ app_begin ] --START--
INFO: Run Behavior\ReadHtmlCacheBehavior [ RunTime:0.001963s ]
INFO: [ app_begin ] --END-- [ RunTime:0.002379s ]

[ 2016-09-29T15:39:04+08:00 ] 127.0.0.1 /ucenter/api/accounts/changeuserinfo
INFO: [ app_init ] --START--
INFO: Run Behavior\BuildLiteBehavior [ RunTime:0.000070s ]
INFO: [ app_init ] --END-- [ RunTime:0.000418s ]
INFO: [ app_begin ] --START--
INFO: Run Behavior\ReadHtmlCacheBehavior [ RunTime:0.004667s ]
INFO: [ app_begin ] --END-- [ RunTime:0.005202s ]

[ 2016-09-29T15:39:17+08:00 ] 127.0.0.1 /ucenter/api/accounts/changeuserinfo
INFO: [ app_init ] --START--
INFO: Run Behavior\BuildLiteBehavior [ RunTime:0.000069s ]
INFO: [ app_init ] --END-- [ RunTime:0.000528s ]
INFO: [ app_begin ] --START--
INFO: Run Behavior\ReadHtmlCacheBehavior [ RunTime:0.006456s ]
INFO: [ app_begin ] --END-- [ RunTime:0.007416s ]

[ 2016-09-29T15:40:04+08:00 ] 127.0.0.1 /ucenter/api/accounts/changeuserinfo?app_key=AK2016.API.1001&secret_key=ax1001erttt643ee
INFO: [ app_init ] --START--
INFO: Run Behavior\BuildLiteBehavior [ RunTime:0.000067s ]
INFO: [ app_init ] --END-- [ RunTime:0.001057s ]
INFO: [ app_begin ] --START--
INFO: Run Behavior\ReadHtmlCacheBehavior [ RunTime:0.004387s ]
INFO: [ app_begin ] --END-- [ RunTime:0.004740s ]

[ 2016-09-29T15:41:18+08:00 ] 127.0.0.1 /ucenter/api/accounts/changeuserinfo?account_id=3&account_type=2
INFO: [ app_init ] --START--
INFO: Run Behavior\BuildLiteBehavior [ RunTime:0.000071s ]
INFO: [ app_init ] --END-- [ RunTime:0.000485s ]
INFO: [ app_begin ] --START--
INFO: Run Behavior\ReadHtmlCacheBehavior [ RunTime:0.007331s ]
INFO: [ app_begin ] --END-- [ RunTime:0.007685s ]

[ 2016-09-29T15:42:25+08:00 ] 127.0.0.1 /ucenter/api/accounts/changeuserinfo?account_id=3&account_type=2
INFO: [ app_init ] --START--
INFO: Run Behavior\BuildLiteBehavior [ RunTime:0.000073s ]
INFO: [ app_init ] --END-- [ RunTime:0.000705s ]
INFO: [ app_begin ] --START--
INFO: Run Behavior\ReadHtmlCacheBehavior [ RunTime:0.005435s ]
INFO: [ app_begin ] --END-- [ RunTime:0.006023s ]

[ 2016-09-29T15:42:48+08:00 ] 127.0.0.1 /ucenter/doc
INFO: [ app_init ] --START--
INFO: Run Behavior\BuildLiteBehavior [ RunTime:0.000072s ]
INFO: [ app_init ] --END-- [ RunTime:0.000549s ]
INFO: [ app_begin ] --START--
INFO: Run Behavior\ReadHtmlCacheBehavior [ RunTime:0.004625s ]
INFO: [ app_begin ] --END-- [ RunTime:0.005169s ]
INFO: [ view_parse ] --START--
INFO: [ template_filter ] --START--
INFO: Run Behavior\ContentReplaceBehavior [ RunTime:0.000200s ]
INFO: [ template_filter ] --END-- [ RunTime:0.000608s ]
INFO: Run Behavior\ParseTemplateBehavior [ RunTime:0.054368s ]
INFO: [ view_parse ] --END-- [ RunTime:0.054923s ]
INFO: [ view_filter ] --START--
INFO: Run Behavior\WriteHtmlCacheBehavior [ RunTime:0.004706s ]
INFO: [ view_filter ] --END-- [ RunTime:0.005037s ]
INFO: [ app_end ] --START--
INFO: Run Behavior\ShowPageTraceBehavior [ RunTime:0.005047s ]
INFO: [ app_end ] --END-- [ RunTime:0.005377s ]

[ 2016-09-29T15:43:05+08:00 ] 127.0.0.1 /ucenter/api/accounts/info?account_id=3&account_type=2
INFO: [ app_init ] --START--
INFO: Run Behavior\BuildLiteBehavior [ RunTime:0.000144s ]
INFO: [ app_init ] --END-- [ RunTime:0.000485s ]
INFO: [ app_begin ] --START--
INFO: Run Behavior\ReadHtmlCacheBehavior [ RunTime:0.004311s ]
INFO: [ app_begin ] --END-- [ RunTime:0.004716s ]
SQL: SELECT `account_id`,`account_name`,`pwd`,`status`,`email`,`mobile`,`nick_name`,`real_name`,`u_idcard`,`account_avatar`,`sex`,`province_id`,`city_id`,`address`,`las_login_time`,`createtime`,`updatetime` FROM `uc_dealer_account` WHERE `account_id` = 3 LIMIT 1   [ RunTime:0.0034s ]

[ 2016-09-29T15:43:15+08:00 ] 127.0.0.1 /ucenter/api/accounts/info?account_id=1001&account_type=2
INFO: [ app_init ] --START--
INFO: Run Behavior\BuildLiteBehavior [ RunTime:0.000068s ]
INFO: [ app_init ] --END-- [ RunTime:0.000483s ]
INFO: [ app_begin ] --START--
INFO: Run Behavior\ReadHtmlCacheBehavior [ RunTime:0.002317s ]
INFO: [ app_begin ] --END-- [ RunTime:0.002743s ]
SQL: SELECT `account_id`,`account_name`,`pwd`,`status`,`email`,`mobile`,`nick_name`,`real_name`,`u_idcard`,`account_avatar`,`sex`,`province_id`,`city_id`,`address`,`las_login_time`,`createtime`,`updatetime` FROM `uc_dealer_account` WHERE `account_id` = 1001 LIMIT 1   [ RunTime:0.0033s ]

[ 2016-09-29T15:43:22+08:00 ] 127.0.0.1 /ucenter/api/accounts/info?account_id=10788&account_type=2
INFO: [ app_init ] --START--
INFO: Run Behavior\BuildLiteBehavior [ RunTime:0.000069s ]
INFO: [ app_init ] --END-- [ RunTime:0.000417s ]
INFO: [ app_begin ] --START--
INFO: Run Behavior\ReadHtmlCacheBehavior [ RunTime:0.005092s ]
INFO: [ app_begin ] --END-- [ RunTime:0.005526s ]
SQL: SELECT `account_id`,`account_name`,`pwd`,`status`,`email`,`mobile`,`nick_name`,`real_name`,`u_idcard`,`account_avatar`,`sex`,`province_id`,`city_id`,`address`,`las_login_time`,`createtime`,`updatetime` FROM `uc_dealer_account` WHERE `account_id` = 10788 LIMIT 1   [ RunTime:0.0032s ]

[ 2016-09-29T15:43:30+08:00 ] 127.0.0.1 /ucenter/api/accounts/info?account_id=10788&account_type=2
INFO: [ app_init ] --START--
INFO: Run Behavior\BuildLiteBehavior [ RunTime:0.000072s ]
INFO: [ app_init ] --END-- [ RunTime:0.000429s ]
INFO: [ app_begin ] --START--
INFO: Run Behavior\ReadHtmlCacheBehavior [ RunTime:0.002416s ]
INFO: [ app_begin ] --END-- [ RunTime:0.002948s ]
SQL: SELECT `account_id`,`account_name`,`pwd`,`status`,`email`,`mobile`,`nick_name`,`real_name`,`u_idcard`,`account_avatar`,`sex`,`province_id`,`city_id`,`address`,`las_login_time`,`createtime`,`updatetime` FROM `uc_dealer_account` WHERE `account_id` = 10788 LIMIT 1   [ RunTime:0.0032s ]

[ 2016-09-29T15:46:26+08:00 ] 127.0.0.1 /ucenter/api/accounts/info?account_id=10788&account_type=2
INFO: [ app_init ] --START--
INFO: Run Behavior\BuildLiteBehavior [ RunTime:0.000069s ]
INFO: [ app_init ] --END-- [ RunTime:0.000497s ]
INFO: [ app_begin ] --START--
INFO: Run Behavior\ReadHtmlCacheBehavior [ RunTime:0.004283s ]
INFO: [ app_begin ] --END-- [ RunTime:0.004628s ]
SQL: SELECT `account_id`,`account_name`,`pwd`,`status`,`email`,`mobile`,`nick_name`,`real_name`,`u_idcard`,`account_avatar`,`sex`,`province_id`,`city_id`,`address`,`las_login_time`,`createtime`,`updatetime` FROM `uc_dealer_account` WHERE `account_id` = 10788 LIMIT 1   [ RunTime:0.0030s ]

[ 2016-09-29T15:49:12+08:00 ] 127.0.0.1 /ucenter/api/accounts/info?account_id=10788&account_type=2
INFO: [ app_init ] --START--
INFO: Run Behavior\BuildLiteBehavior [ RunTime:0.000070s ]
INFO: [ app_init ] --END-- [ RunTime:0.000477s ]
INFO: [ app_begin ] --START--
INFO: Run Behavior\ReadHtmlCacheBehavior [ RunTime:0.004718s ]
INFO: [ app_begin ] --END-- [ RunTime:0.005196s ]
SQL: SELECT `account_id`,`account_name`,`pwd`,`status`,`email`,`mobile`,`nick_name`,`real_name`,`u_idcard`,`account_avatar`,`sex`,`province_id`,`city_id`,`address`,`las_login_time`,`createtime`,`updatetime` FROM `uc_dealer_account` WHERE `account_id` = 10788 LIMIT 1   [ RunTime:0.0035s ]

[ 2016-09-29T15:49:29+08:00 ] 127.0.0.1 /ucenter/api/accounts/info?account_id=10788&account_type=2
INFO: [ app_init ] --START--
INFO: Run Behavior\BuildLiteBehavior [ RunTime:0.000067s ]
INFO: [ app_init ] --END-- [ RunTime:0.000475s ]
INFO: [ app_begin ] --START--
INFO: Run Behavior\ReadHtmlCacheBehavior [ RunTime:0.004545s ]
INFO: [ app_begin ] --END-- [ RunTime:0.004958s ]
SQL: SELECT `account_id`,`account_name`,`pwd`,`status`,`email`,`mobile`,`nick_name`,`real_name`,`u_idcard`,`account_avatar`,`sex`,`province_id`,`city_id`,`address`,`las_login_time`,`createtime`,`updatetime` FROM `uc_dealer_account` WHERE `account_id` = 10788 LIMIT 1   [ RunTime:0.0032s ]

[ 2016-09-29T15:49:34+08:00 ] 127.0.0.1 /ucenter/api/accounts/info?account_id=10788&account_type=2
INFO: [ app_init ] --START--
INFO: Run Behavior\BuildLiteBehavior [ RunTime:0.000199s ]
INFO: [ app_init ] --END-- [ RunTime:0.000918s ]
INFO: [ app_begin ] --START--
INFO: Run Behavior\ReadHtmlCacheBehavior [ RunTime:0.004208s ]
INFO: [ app_begin ] --END-- [ RunTime:0.004552s ]
SQL: SELECT `account_id`,`account_name`,`pwd`,`status`,`email`,`mobile`,`nick_name`,`real_name`,`u_idcard`,`account_avatar`,`sex`,`province_id`,`city_id`,`address`,`las_login_time`,`createtime`,`updatetime` FROM `uc_dealer_account` WHERE `account_id` = 10788 LIMIT 1   [ RunTime:0.0032s ]

[ 2016-09-29T15:52:35+08:00 ] 127.0.0.1 /ucenter/api/accounts/info?account_id=10788&account_type=2
INFO: [ app_init ] --START--
INFO: Run Behavior\BuildLiteBehavior [ RunTime:0.000068s ]
INFO: [ app_init ] --END-- [ RunTime:0.000427s ]
INFO: [ app_begin ] --START--
INFO: Run Behavior\ReadHtmlCacheBehavior [ RunTime:0.004946s ]
INFO: [ app_begin ] --END-- [ RunTime:0.005295s ]
SQL: SELECT `account_id`,`account_name`,`pwd`,`status`,`email`,`mobile`,`nick_name`,`real_name`,`u_idcard`,`account_avatar`,`sex`,`province_id`,`city_id`,`address`,`las_login_time`,`createtime`,`updatetime` FROM `uc_dealer_account` WHERE `account_id` = 10788 LIMIT 1   [ RunTime:0.0030s ]

[ 2016-09-29T15:54:03+08:00 ] 127.0.0.1 /ucenter/api/accounts/info?account_id=10788&account_type=2
INFO: [ app_init ] --START--
INFO: Run Behavior\BuildLiteBehavior [ RunTime:0.000070s ]
INFO: [ app_init ] --END-- [ RunTime:0.000479s ]
INFO: [ app_begin ] --START--
INFO: Run Behavior\ReadHtmlCacheBehavior [ RunTime:0.002868s ]
INFO: [ app_begin ] --END-- [ RunTime:0.003283s ]
SQL: SELECT `account_id`,`account_name`,`pwd`,`status`,`email`,`mobile`,`nick_name`,`real_name`,`u_idcard`,`account_avatar`,`sex`,`province_id`,`city_id`,`address`,`las_login_time`,`createtime`,`updatetime` FROM `uc_dealer_account` WHERE `account_id` = 10788 LIMIT 1   [ RunTime:0.0032s ]

[ 2016-09-29T15:56:59+08:00 ] 127.0.0.1 /ucenter/api/accounts/info?account_id=10788&account_type=2
INFO: [ app_init ] --START--
INFO: Run Behavior\BuildLiteBehavior [ RunTime:0.000072s ]
INFO: [ app_init ] --END-- [ RunTime:0.000501s ]
INFO: [ app_begin ] --START--
INFO: Run Behavior\ReadHtmlCacheBehavior [ RunTime:0.002786s ]
INFO: [ app_begin ] --END-- [ RunTime:0.003132s ]
SQL: SELECT `account_id`,`account_name`,`pwd`,`status`,`email`,`mobile`,`nick_name`,`real_name`,`u_idcard`,`account_avatar`,`sex`,`province_id`,`city_id`,`address`,`las_login_time`,`createtime`,`updatetime` FROM `uc_dealer_account` WHERE `account_id` = 10788 LIMIT 1   [ RunTime:0.0032s ]

[ 2016-09-29T16:01:35+08:00 ] 127.0.0.1 /ucenter/api/accounts/info?account_id=10788&account_type=2
INFO: [ app_init ] --START--
INFO: Run Behavior\BuildLiteBehavior [ RunTime:0.000069s ]
INFO: [ app_init ] --END-- [ RunTime:0.000418s ]
INFO: [ app_begin ] --START--
INFO: Run Behavior\ReadHtmlCacheBehavior [ RunTime:0.004632s ]
INFO: [ app_begin ] --END-- [ RunTime:0.005129s ]
SQL: SELECT `account_id`,`account_name`,`pwd`,`status`,`email`,`mobile`,`nick_name`,`real_name`,`u_idcard`,`account_avatar`,`sex`,`province_id`,`city_id`,`address`,`las_login_time`,`createtime`,`updatetime` FROM `uc_dealer_account` WHERE `account_id` = 10788 LIMIT 1   [ RunTime:0.0031s ]

[ 2016-09-29T16:02:53+08:00 ] 127.0.0.1 /ucenter/api/accounts/info?account_id=10788&account_type=2
INFO: [ app_init ] --START--
INFO: Run Behavior\BuildLiteBehavior [ RunTime:0.000069s ]
INFO: [ app_init ] --END-- [ RunTime:0.000444s ]
INFO: [ app_begin ] --START--
INFO: Run Behavior\ReadHtmlCacheBehavior [ RunTime:0.002210s ]
INFO: [ app_begin ] --END-- [ RunTime:0.002894s ]
SQL: SELECT `account_id`,`account_name`,`pwd`,`status`,`email`,`mobile`,`nick_name`,`real_name`,`u_idcard`,`account_avatar`,`sex`,`province_id`,`city_id`,`address`,`las_login_time`,`createtime`,`updatetime` FROM `uc_dealer_account` WHERE `account_id` = 10788 LIMIT 1   [ RunTime:0.0039s ]

[ 2016-09-29T16:05:32+08:00 ] 127.0.0.1 /ucenter/api/accounts/info?account_id=10788&account_type=2
INFO: [ app_init ] --START--
INFO: Run Behavior\BuildLiteBehavior [ RunTime:0.000379s ]
INFO: [ app_init ] --END-- [ RunTime:0.000729s ]
INFO: [ app_begin ] --START--
INFO: Run Behavior\ReadHtmlCacheBehavior [ RunTime:0.006643s ]
INFO: [ app_begin ] --END-- [ RunTime:0.007083s ]
SQL: SELECT `account_id`,`account_name`,`pwd`,`status`,`email`,`mobile`,`nick_name`,`real_name`,`u_idcard`,`account_avatar`,`sex`,`province_id`,`city_id`,`address`,`las_login_time`,`createtime`,`updatetime` FROM `uc_dealer_account` WHERE `account_id` = 10788 LIMIT 1   [ RunTime:0.0088s ]

[ 2016-09-29T16:12:29+08:00 ] 127.0.0.1 /ucenter/api/accounts/info?account_id=10788&account_type=2
INFO: [ app_init ] --START--
INFO: Run Behavior\BuildLiteBehavior [ RunTime:0.000069s ]
INFO: [ app_init ] --END-- [ RunTime:0.000478s ]
INFO: [ app_begin ] --START--
INFO: Run Behavior\ReadHtmlCacheBehavior [ RunTime:0.004593s ]
INFO: [ app_begin ] --END-- [ RunTime:0.004973s ]
SQL: SELECT `account_id`,`account_name`,`pwd`,`status`,`email`,`mobile`,`nick_name`,`real_name`,`u_idcard`,`account_avatar`,`sex`,`province_id`,`city_id`,`address`,`las_login_time`,`createtime`,`updatetime` FROM `uc_dealer_account` WHERE `account_id` = 10788 LIMIT 1   [ RunTime:0.0033s ]

[ 2016-09-29T16:12:40+08:00 ] 127.0.0.1 /ucenter/api/accounts/info?account_id=10788&account_type=2
INFO: [ app_init ] --START--
INFO: Run Behavior\BuildLiteBehavior [ RunTime:0.000069s ]
INFO: [ app_init ] --END-- [ RunTime:0.000470s ]
INFO: [ app_begin ] --START--
INFO: Run Behavior\ReadHtmlCacheBehavior [ RunTime:0.004339s ]
INFO: [ app_begin ] --END-- [ RunTime:0.004754s ]
SQL: SELECT `account_id`,`account_name`,`pwd`,`status`,`email`,`mobile`,`nick_name`,`real_name`,`u_idcard`,`account_avatar`,`sex`,`province_id`,`city_id`,`address`,`las_login_time`,`createtime`,`updatetime` FROM `uc_dealer_account` WHERE `account_id` = 10788 LIMIT 1   [ RunTime:0.0032s ]

[ 2016-09-29T16:12:53+08:00 ] 127.0.0.1 /ucenter/api/accounts/info?account_id=10788&account_type=2
INFO: [ app_init ] --START--
INFO: Run Behavior\BuildLiteBehavior [ RunTime:0.000070s ]
INFO: [ app_init ] --END-- [ RunTime:0.000483s ]
INFO: [ app_begin ] --START--
INFO: Run Behavior\ReadHtmlCacheBehavior [ RunTime:0.005861s ]
INFO: [ app_begin ] --END-- [ RunTime:0.006207s ]
SQL: SELECT `account_id`,`account_name`,`pwd`,`status`,`email`,`mobile`,`nick_name`,`real_name`,`u_idcard`,`account_avatar`,`sex`,`province_id`,`city_id`,`address`,`las_login_time`,`createtime`,`updatetime` FROM `uc_dealer_account` WHERE `account_id` = 10788 LIMIT 1   [ RunTime:0.0032s ]

[ 2016-09-29T16:13:04+08:00 ] 127.0.0.1 /ucenter/api/accounts/info?account_id=10788&account_type=2
INFO: [ app_init ] --START--
INFO: Run Behavior\BuildLiteBehavior [ RunTime:0.000068s ]
INFO: [ app_init ] --END-- [ RunTime:0.000626s ]
INFO: [ app_begin ] --START--
INFO: Run Behavior\ReadHtmlCacheBehavior [ RunTime:0.002980s ]
INFO: [ app_begin ] --END-- [ RunTime:0.003566s ]
SQL: SELECT `account_id`,`account_name`,`pwd`,`status`,`email`,`mobile`,`nick_name`,`real_name`,`u_idcard`,`account_avatar`,`sex`,`province_id`,`city_id`,`address`,`las_login_time`,`createtime`,`updatetime` FROM `uc_dealer_account` WHERE `account_id` = 10788 LIMIT 1   [ RunTime:0.0034s ]

[ 2016-09-29T16:14:32+08:00 ] 127.0.0.1 /ucenter/api/accounts/info
INFO: [ app_init ] --START--
INFO: Run Behavior\BuildLiteBehavior [ RunTime:0.000079s ]
INFO: [ app_init ] --END-- [ RunTime:0.000541s ]
INFO: [ app_begin ] --START--
INFO: Run Behavior\ReadHtmlCacheBehavior [ RunTime:0.005757s ]
INFO: [ app_begin ] --END-- [ RunTime:0.006188s ]

[ 2016-09-29T16:14:52+08:00 ] 127.0.0.1 /ucenter/api/accounts/info
INFO: [ app_init ] --START--
INFO: Run Behavior\BuildLiteBehavior [ RunTime:0.000071s ]
INFO: [ app_init ] --END-- [ RunTime:0.000843s ]
INFO: [ app_begin ] --START--
INFO: Run Behavior\ReadHtmlCacheBehavior [ RunTime:0.004721s ]
INFO: [ app_begin ] --END-- [ RunTime:0.005163s ]

[ 2016-09-29T16:14:55+08:00 ] 127.0.0.1 /ucenter/api/accounts/info
INFO: [ app_init ] --START--
INFO: Run Behavior\BuildLiteBehavior [ RunTime:0.000070s ]
INFO: [ app_init ] --END-- [ RunTime:0.000434s ]
INFO: [ app_begin ] --START--
INFO: Run Behavior\ReadHtmlCacheBehavior [ RunTime:0.001489s ]
INFO: [ app_begin ] --END-- [ RunTime:0.001994s ]

[ 2016-09-29T16:15:34+08:00 ] 127.0.0.1 /ucenter/api/accounts/info
INFO: [ app_init ] --START--
INFO: Run Behavior\BuildLiteBehavior [ RunTime:0.000136s ]
INFO: [ app_init ] --END-- [ RunTime:0.000490s ]
INFO: [ app_begin ] --START--
INFO: Run Behavior\ReadHtmlCacheBehavior [ RunTime:0.003208s ]
INFO: [ app_begin ] --END-- [ RunTime:0.003682s ]

[ 2016-09-29T16:16:07+08:00 ] 127.0.0.1 /ucenter/api/accounts/info?account_id=10788&account_type=2
INFO: [ app_init ] --START--
INFO: Run Behavior\BuildLiteBehavior [ RunTime:0.000069s ]
INFO: [ app_init ] --END-- [ RunTime:0.000552s ]
INFO: [ app_begin ] --START--
INFO: Run Behavior\ReadHtmlCacheBehavior [ RunTime:0.004629s ]
INFO: [ app_begin ] --END-- [ RunTime:0.005055s ]
SQL: SELECT `account_id`,`account_name`,`pwd`,`status`,`email`,`mobile`,`nick_name`,`real_name`,`u_idcard`,`account_avatar`,`sex`,`province_id`,`city_id`,`address`,`las_login_time`,`createtime`,`updatetime` FROM `uc_dealer_account` WHERE `account_id` = 10788 LIMIT 1   [ RunTime:0.0032s ]

[ 2016-09-29T16:16:12+08:00 ] 127.0.0.1 /ucenter/api/accounts/info?account_id=10788&account_type=2
INFO: [ app_init ] --START--
INFO: Run Behavior\BuildLiteBehavior [ RunTime:0.000067s ]
INFO: [ app_init ] --END-- [ RunTime:0.000484s ]
INFO: [ app_begin ] --START--
INFO: Run Behavior\ReadHtmlCacheBehavior [ RunTime:0.004904s ]
INFO: [ app_begin ] --END-- [ RunTime:0.005376s ]
SQL: SELECT `account_id`,`account_name`,`pwd`,`status`,`email`,`mobile`,`nick_name`,`real_name`,`u_idcard`,`account_avatar`,`sex`,`province_id`,`city_id`,`address`,`las_login_time`,`createtime`,`updatetime` FROM `uc_dealer_account` WHERE `account_id` = 10788 LIMIT 1   [ RunTime:0.0032s ]

[ 2016-09-29T16:16:32+08:00 ] 127.0.0.1 /ucenter/api/accounts/info
INFO: [ app_init ] --START--
INFO: Run Behavior\BuildLiteBehavior [ RunTime:0.000069s ]
INFO: [ app_init ] --END-- [ RunTime:0.000634s ]
INFO: [ app_begin ] --START--
INFO: Run Behavior\ReadHtmlCacheBehavior [ RunTime:0.004656s ]
INFO: [ app_begin ] --END-- [ RunTime:0.005010s ]

[ 2016-09-29T16:16:51+08:00 ] 127.0.0.1 /ucenter/api/accounts/info
INFO: [ app_init ] --START--
INFO: Run Behavior\BuildLiteBehavior [ RunTime:0.000069s ]
INFO: [ app_init ] --END-- [ RunTime:0.000418s ]
INFO: [ app_begin ] --START--
INFO: Run Behavior\ReadHtmlCacheBehavior [ RunTime:0.004643s ]
INFO: [ app_begin ] --END-- [ RunTime:0.004980s ]

[ 2016-09-29T16:17:26+08:00 ] 127.0.0.1 /ucenter/api/accounts/info
INFO: [ app_init ] --START--
INFO: Run Behavior\BuildLiteBehavior [ RunTime:0.000072s ]
INFO: [ app_init ] --END-- [ RunTime:0.000424s ]
INFO: [ app_begin ] --START--
INFO: Run Behavior\ReadHtmlCacheBehavior [ RunTime:0.005609s ]
INFO: [ app_begin ] --END-- [ RunTime:0.006203s ]

[ 2016-09-29T16:17:31+08:00 ] 127.0.0.1 /ucenter/api/accounts/info
INFO: [ app_init ] --START--
INFO: Run Behavior\BuildLiteBehavior [ RunTime:0.000071s ]
INFO: [ app_init ] --END-- [ RunTime:0.000481s ]
INFO: [ app_begin ] --START--
INFO: Run Behavior\ReadHtmlCacheBehavior [ RunTime:0.004632s ]
INFO: [ app_begin ] --END-- [ RunTime:0.004991s ]

[ 2016-09-29T16:17:39+08:00 ] 127.0.0.1 /ucenter/api/accounts/info
INFO: [ app_init ] --START--
INFO: Run Behavior\BuildLiteBehavior [ RunTime:0.000070s ]
INFO: [ app_init ] --END-- [ RunTime:0.000481s ]
INFO: [ app_begin ] --START--
INFO: Run Behavior\ReadHtmlCacheBehavior [ RunTime:0.004496s ]
INFO: [ app_begin ] --END-- [ RunTime:0.004907s ]

[ 2016-09-29T16:17:42+08:00 ] 127.0.0.1 /ucenter/api/accounts/info
INFO: [ app_init ] --START--
INFO: Run Behavior\BuildLiteBehavior [ RunTime:0.000069s ]
INFO: [ app_init ] --END-- [ RunTime:0.000438s ]
INFO: [ app_begin ] --START--
INFO: Run Behavior\ReadHtmlCacheBehavior [ RunTime:0.000858s ]
INFO: [ app_begin ] --END-- [ RunTime:0.001569s ]

[ 2016-09-29T16:18:03+08:00 ] 127.0.0.1 /ucenter/api/accounts/info
INFO: [ app_init ] --START--
INFO: Run Behavior\BuildLiteBehavior [ RunTime:0.000068s ]
INFO: [ app_init ] --END-- [ RunTime:0.000624s ]
INFO: [ app_begin ] --START--
INFO: Run Behavior\ReadHtmlCacheBehavior [ RunTime:0.002549s ]
INFO: [ app_begin ] --END-- [ RunTime:0.002894s ]

[ 2016-09-29T16:18:18+08:00 ] 127.0.0.1 /ucenter/api/accounts/info
INFO: [ app_init ] --START--
INFO: Run Behavior\BuildLiteBehavior [ RunTime:0.000070s ]
INFO: [ app_init ] --END-- [ RunTime:0.000419s ]
INFO: [ app_begin ] --START--
INFO: Run Behavior\ReadHtmlCacheBehavior [ RunTime:0.004498s ]
INFO: [ app_begin ] --END-- [ RunTime:0.005065s ]

[ 2016-09-29T16:18:23+08:00 ] 127.0.0.1 /ucenter/api/accounts/info
INFO: [ app_init ] --START--
INFO: Run Behavior\BuildLiteBehavior [ RunTime:0.000080s ]
INFO: [ app_init ] --END-- [ RunTime:0.000429s ]
INFO: [ app_begin ] --START--
INFO: Run Behavior\ReadHtmlCacheBehavior [ RunTime:0.006216s ]
INFO: [ app_begin ] --END-- [ RunTime:0.006652s ]

[ 2016-09-29T16:18:24+08:00 ] 127.0.0.1 /ucenter/api/accounts/info
INFO: [ app_init ] --START--
INFO: Run Behavior\BuildLiteBehavior [ RunTime:0.000450s ]
INFO: [ app_init ] --END-- [ RunTime:0.001002s ]
INFO: [ app_begin ] --START--
INFO: Run Behavior\ReadHtmlCacheBehavior [ RunTime:0.001745s ]
INFO: [ app_begin ] --END-- [ RunTime:0.002411s ]

[ 2016-09-29T16:18:26+08:00 ] 127.0.0.1 /ucenter/api/accounts/info
INFO: [ app_init ] --START--
INFO: Run Behavior\BuildLiteBehavior [ RunTime:0.000071s ]
INFO: [ app_init ] --END-- [ RunTime:0.000482s ]
INFO: [ app_begin ] --START--
INFO: Run Behavior\ReadHtmlCacheBehavior [ RunTime:0.004388s ]
INFO: [ app_begin ] --END-- [ RunTime:0.004735s ]

[ 2016-09-29T16:19:19+08:00 ] 127.0.0.1 /ucenter/api/accounts/info?account_id=10788&account_type=2
INFO: [ app_init ] --START--
INFO: Run Behavior\BuildLiteBehavior [ RunTime:0.000144s ]
INFO: [ app_init ] --END-- [ RunTime:0.000485s ]
INFO: [ app_begin ] --START--
INFO: Run Behavior\ReadHtmlCacheBehavior [ RunTime:0.005444s ]
INFO: [ app_begin ] --END-- [ RunTime:0.005834s ]
SQL: SELECT `account_id`,`account_name`,`pwd`,`status`,`email`,`mobile`,`nick_name`,`real_name`,`u_idcard`,`account_avatar`,`sex`,`province_id`,`city_id`,`address`,`las_login_time`,`createtime`,`updatetime` FROM `uc_dealer_account` WHERE `account_id` = 10788 LIMIT 1   [ RunTime:0.0033s ]

[ 2016-09-29T16:19:27+08:00 ] 127.0.0.1 /ucenter/api/accounts/info?account_id=10788&account_type=2
INFO: [ app_init ] --START--
INFO: Run Behavior\BuildLiteBehavior [ RunTime:0.000071s ]
INFO: [ app_init ] --END-- [ RunTime:0.000497s ]
INFO: [ app_begin ] --START--
INFO: Run Behavior\ReadHtmlCacheBehavior [ RunTime:0.004776s ]
INFO: [ app_begin ] --END-- [ RunTime:0.005280s ]
SQL: SELECT `account_id`,`account_name`,`pwd`,`status`,`email`,`mobile`,`nick_name`,`real_name`,`u_idcard`,`account_avatar`,`sex`,`province_id`,`city_id`,`address`,`las_login_time`,`createtime`,`updatetime` FROM `uc_dealer_account` WHERE `account_id` = 10788 LIMIT 1   [ RunTime:0.0031s ]

[ 2016-09-29T16:20:05+08:00 ] 127.0.0.1 /ucenter/api/accounts/info
INFO: [ app_init ] --START--
INFO: Run Behavior\BuildLiteBehavior [ RunTime:0.000069s ]
INFO: [ app_init ] --END-- [ RunTime:0.000511s ]
INFO: [ app_begin ] --START--
INFO: Run Behavior\ReadHtmlCacheBehavior [ RunTime:0.005858s ]
INFO: [ app_begin ] --END-- [ RunTime:0.006225s ]

[ 2016-09-29T16:20:06+08:00 ] 127.0.0.1 /ucenter/api/accounts/info
INFO: [ app_init ] --START--
INFO: Run Behavior\BuildLiteBehavior [ RunTime:0.000186s ]
INFO: [ app_init ] --END-- [ RunTime:0.000618s ]
INFO: [ app_begin ] --START--
INFO: Run Behavior\ReadHtmlCacheBehavior [ RunTime:0.001832s ]
INFO: [ app_begin ] --END-- [ RunTime:0.002169s ]

[ 2016-09-29T16:20:10+08:00 ] 127.0.0.1 /ucenter/api/accounts/info
INFO: [ app_init ] --START--
INFO: Run Behavior\BuildLiteBehavior [ RunTime:0.000069s ]
INFO: [ app_init ] --END-- [ RunTime:0.000476s ]
INFO: [ app_begin ] --START--
INFO: Run Behavior\ReadHtmlCacheBehavior [ RunTime:0.004581s ]
INFO: [ app_begin ] --END-- [ RunTime:0.005017s ]

[ 2016-09-29T16:20:34+08:00 ] 127.0.0.1 /ucenter/api/accounts/info?account_id=10788&account_type=2
INFO: [ app_init ] --START--
INFO: Run Behavior\BuildLiteBehavior [ RunTime:0.000145s ]
INFO: [ app_init ] --END-- [ RunTime:0.000568s ]
INFO: [ app_begin ] --START--
INFO: Run Behavior\ReadHtmlCacheBehavior [ RunTime:0.005691s ]
INFO: [ app_begin ] --END-- [ RunTime:0.006036s ]
SQL: SELECT `account_id`,`account_name`,`pwd`,`status`,`email`,`mobile`,`nick_name`,`real_name`,`u_idcard`,`account_avatar`,`sex`,`province_id`,`city_id`,`address`,`las_login_time`,`createtime`,`updatetime` FROM `uc_dealer_account` WHERE `account_id` = 10788 LIMIT 1   [ RunTime:0.0034s ]

[ 2016-09-29T16:49:40+08:00 ] 127.0.0.1 /ucenter/api/accounts/info?account_id=10788&account_type=2
INFO: [ app_init ] --START--
INFO: Run Behavior\BuildLiteBehavior [ RunTime:0.000071s ]
INFO: [ app_init ] --END-- [ RunTime:0.000447s ]
INFO: [ app_begin ] --START--
INFO: Run Behavior\ReadHtmlCacheBehavior [ RunTime:0.002458s ]
INFO: [ app_begin ] --END-- [ RunTime:0.002896s ]
SQL: SELECT `account_id`,`account_name`,`pwd`,`status`,`email`,`mobile`,`nick_name`,`real_name`,`u_idcard`,`account_avatar`,`sex`,`province_id`,`city_id`,`address`,`las_login_time`,`createtime`,`updatetime` FROM `uc_dealer_account` WHERE `account_id` = 10788 LIMIT 1   [ RunTime:0.0032s ]

[ 2016-09-29T16:49:57+08:00 ] 127.0.0.1 /ucenter/api/accounts/info?account_id=10788&account_type=2
INFO: [ app_init ] --START--
INFO: Run Behavior\BuildLiteBehavior [ RunTime:0.000073s ]
INFO: [ app_init ] --END-- [ RunTime:0.000740s ]
INFO: [ app_begin ] --START--
INFO: Run Behavior\ReadHtmlCacheBehavior [ RunTime:0.004744s ]
INFO: [ app_begin ] --END-- [ RunTime:0.005424s ]
SQL: SELECT `account_id`,`account_name`,`pwd`,`status`,`email`,`mobile`,`nick_name`,`real_name`,`u_idcard`,`account_avatar`,`sex`,`province_id`,`city_id`,`address`,`las_login_time`,`createtime`,`updatetime` FROM `uc_dealer_account` WHERE `account_id` = 10788 LIMIT 1   [ RunTime:0.0032s ]

[ 2016-09-29T16:51:40+08:00 ] 127.0.0.1 /ucenter/api/accounts/info?account_id=10788&account_type=2
INFO: [ app_init ] --START--
INFO: Run Behavior\BuildLiteBehavior [ RunTime:0.000068s ]
INFO: [ app_init ] --END-- [ RunTime:0.000415s ]
INFO: [ app_begin ] --START--
INFO: Run Behavior\ReadHtmlCacheBehavior [ RunTime:0.004321s ]
INFO: [ app_begin ] --END-- [ RunTime:0.004655s ]
SQL: SELECT `account_id`,`account_name`,`pwd`,`status`,`email`,`mobile`,`nick_name`,`real_name`,`u_idcard`,`account_avatar`,`sex`,`province_id`,`city_id`,`address`,`las_login_time`,`createtime`,`updatetime` FROM `uc_dealer_account` WHERE `account_id` = 10788 LIMIT 1   [ RunTime:0.0031s ]

