[ 2016-10-17T14:32:40+08:00 ] 127.0.0.1 /ucenter/doc
INFO: [ app_init ] --START--
INFO: Run Behavior\BuildLiteBehavior [ RunTime:0.000068s ]
INFO: [ app_init ] --END-- [ RunTime:0.000409s ]
INFO: [ app_begin ] --START--
INFO: Run Behavior\ReadHtmlCacheBehavior [ RunTime:0.004286s ]
INFO: [ app_begin ] --END-- [ RunTime:0.004734s ]
INFO: [ view_parse ] --START--
INFO: [ template_filter ] --START--
INFO: Run Behavior\ContentReplaceBehavior [ RunTime:0.000505s ]
INFO: [ template_filter ] --END-- [ RunTime:0.000843s ]
INFO: Run Behavior\ParseTemplateBehavior [ RunTime:0.080947s ]
INFO: [ view_parse ] --END-- [ RunTime:0.081482s ]
INFO: [ view_filter ] --START--
INFO: Run Behavior\WriteHtmlCacheBehavior [ RunTime:0.011083s ]
INFO: [ view_filter ] --END-- [ RunTime:0.011483s ]
INFO: [ app_end ] --START--
INFO: Run Behavior\ShowPageTraceBehavior [ RunTime:0.009786s ]
INFO: [ app_end ] --END-- [ RunTime:0.010308s ]

[ 2016-10-17T14:34:22+08:00 ] 127.0.0.1 /ucenter/api/accounts/add
INFO: [ app_init ] --START--
INFO: Run Behavior\BuildLiteBehavior [ RunTime:0.000066s ]
INFO: [ app_init ] --END-- [ RunTime:0.000468s ]
INFO: [ app_begin ] --START--
INFO: Run Behavior\ReadHtmlCacheBehavior [ RunTime:0.004230s ]
INFO: [ app_begin ] --END-- [ RunTime:0.004563s ]

[ 2016-10-17T14:34:38+08:00 ] 127.0.0.1 /ucenter/api/accounts/add
INFO: [ app_init ] --START--
INFO: Run Behavior\BuildLiteBehavior [ RunTime:0.000126s ]
INFO: [ app_init ] --END-- [ RunTime:0.000461s ]
INFO: [ app_begin ] --START--
INFO: Run Behavior\ReadHtmlCacheBehavior [ RunTime:0.004065s ]
INFO: [ app_begin ] --END-- [ RunTime:0.004454s ]

[ 2016-10-17T14:35:38+08:00 ] 127.0.0.1 /ucenter/api/accounts/add
INFO: [ app_init ] --START--
INFO: Run Behavior\BuildLiteBehavior [ RunTime:0.000138s ]
INFO: [ app_init ] --END-- [ RunTime:0.000528s ]
INFO: [ app_begin ] --START--
INFO: Run Behavior\ReadHtmlCacheBehavior [ RunTime:0.004818s ]
INFO: [ app_begin ] --END-- [ RunTime:0.005220s ]
NOTIC: [8] Undefined variable: response xdebug://debug-eval 第 1 行.
NOTIC: [8] Undefined variable: response xdebug://debug-eval 第 1 行.
NOTIC: [8] Undefined variable: response xdebug://debug-eval 第 1 行.
NOTIC: [8] Undefined variable: response xdebug://debug-eval 第 1 行.
NOTIC: [8] Undefined variable: response xdebug://debug-eval 第 1 行.
NOTIC: [8] Undefined variable: response xdebug://debug-eval 第 1 行.
NOTIC: [8] Undefined variable: response xdebug://debug-eval 第 1 行.
NOTIC: [8] Undefined variable: response xdebug://debug-eval 第 1 行.
NOTIC: [8] Undefined variable: response xdebug://debug-eval 第 1 行.
NOTIC: [8] Undefined variable: response xdebug://debug-eval 第 1 行.
NOTIC: [8] Undefined variable: response xdebug://debug-eval 第 1 行.
NOTIC: [8] Undefined variable: response xdebug://debug-eval 第 1 行.
NOTIC: [8] Undefined variable: response xdebug://debug-eval 第 1 行.
NOTIC: [8] Undefined variable: response xdebug://debug-eval 第 1 行.

[ 2016-10-17T14:36:15+08:00 ] 127.0.0.1 /ucenter/api/accounts/add
INFO: [ app_init ] --START--
INFO: Run Behavior\BuildLiteBehavior [ RunTime:0.000088s ]
INFO: [ app_init ] --END-- [ RunTime:0.000580s ]
INFO: [ app_begin ] --START--
INFO: Run Behavior\ReadHtmlCacheBehavior [ RunTime:0.005392s ]
INFO: [ app_begin ] --END-- [ RunTime:0.005789s ]
NOTIC: [8] Undefined variable: response xdebug://debug-eval 第 1 行.
NOTIC: [8] Undefined variable: response xdebug://debug-eval 第 1 行.

[ 2016-10-17T14:40:00+08:00 ] 127.0.0.1 /ucenter/api/accounts/add
INFO: [ app_init ] --START--
INFO: Run Behavior\BuildLiteBehavior [ RunTime:0.000078s ]
INFO: [ app_init ] --END-- [ RunTime:0.000523s ]
INFO: [ app_begin ] --START--
INFO: Run Behavior\ReadHtmlCacheBehavior [ RunTime:0.005440s ]
INFO: [ app_begin ] --END-- [ RunTime:0.005973s ]
NOTIC: [8] Undefined variable: response xdebug://debug-eval 第 1 行.
NOTIC: [8] Undefined variable: response xdebug://debug-eval 第 1 行.
NOTIC: [8] Undefined variable: response xdebug://debug-eval 第 1 行.
NOTIC: [8] Undefined variable: response xdebug://debug-eval 第 1 行.
NOTIC: [8] Undefined variable: response xdebug://debug-eval 第 1 行.
NOTIC: [8] Undefined variable: response xdebug://debug-eval 第 1 行.
NOTIC: [8] Undefined variable: response xdebug://debug-eval 第 1 行.
NOTIC: [8] Undefined variable: response xdebug://debug-eval 第 1 行.
NOTIC: [8] Undefined variable: response xdebug://debug-eval 第 1 行.
NOTIC: [8] Undefined variable: response xdebug://debug-eval 第 1 行.
NOTIC: [8] Undefined variable: response xdebug://debug-eval 第 1 行.
NOTIC: [8] Undefined variable: response xdebug://debug-eval 第 1 行.
NOTIC: [8] Undefined variable: response xdebug://debug-eval 第 1 行.
NOTIC: [8] Undefined variable: response xdebug://debug-eval 第 1 行.
NOTIC: [8] Undefined variable: response xdebug://debug-eval 第 1 行.
NOTIC: [8] Undefined variable: response xdebug://debug-eval 第 1 行.
NOTIC: [8] Undefined variable: response xdebug://debug-eval 第 1 行.
NOTIC: [8] Undefined variable: response xdebug://debug-eval 第 1 行.
NOTIC: [8] Undefined variable: response xdebug://debug-eval 第 1 行.
NOTIC: [8] Undefined variable: response xdebug://debug-eval 第 1 行.
NOTIC: [8] Undefined variable: response xdebug://debug-eval 第 1 行.
NOTIC: [8] Undefined variable: response xdebug://debug-eval 第 1 行.
NOTIC: [8] Undefined variable: response xdebug://debug-eval 第 1 行.
NOTIC: [8] Undefined variable: response xdebug://debug-eval 第 1 行.
NOTIC: [8] Undefined variable: response xdebug://debug-eval 第 1 行.
NOTIC: [8] Undefined variable: response xdebug://debug-eval 第 1 行.
NOTIC: [8] Undefined index: validate /home/vagrant/www/ant-account/ThinkPHP/Library/Think/Model.class.php 第 1185 行.

[ 2016-10-17T15:04:54+08:00 ] 127.0.0.1 /ucenter/api/accounts/add
INFO: [ app_init ] --START--
INFO: Run Behavior\BuildLiteBehavior [ RunTime:0.000066s ]
INFO: [ app_init ] --END-- [ RunTime:0.000470s ]
INFO: [ app_begin ] --START--
INFO: Run Behavior\ReadHtmlCacheBehavior [ RunTime:0.004186s ]
INFO: [ app_begin ] --END-- [ RunTime:0.004526s ]
NOTIC: [8] Undefined index: validate /home/vagrant/www/ant-account/ThinkPHP/Library/Think/Model.class.php 第 1185 行.

[ 2016-10-17T15:07:27+08:00 ] 127.0.0.1 /ucenter/api/accounts/add
INFO: [ app_init ] --START--
INFO: Run Behavior\BuildLiteBehavior [ RunTime:0.000080s ]
INFO: [ app_init ] --END-- [ RunTime:0.000524s ]
INFO: [ app_begin ] --START--
INFO: Run Behavior\ReadHtmlCacheBehavior [ RunTime:0.003047s ]
INFO: [ app_begin ] --END-- [ RunTime:0.003442s ]
NOTIC: [8] Undefined variable: response xdebug://debug-eval 第 1 行.
NOTIC: [8] Undefined variable: response xdebug://debug-eval 第 1 行.
NOTIC: [8] Undefined variable: response xdebug://debug-eval 第 1 行.
NOTIC: [8] Undefined variable: response xdebug://debug-eval 第 1 行.
NOTIC: [8] Undefined variable: response xdebug://debug-eval 第 1 行.
NOTIC: [8] Undefined variable: response xdebug://debug-eval 第 1 行.
NOTIC: [8] Undefined variable: response xdebug://debug-eval 第 1 行.
NOTIC: [8] Undefined variable: response xdebug://debug-eval 第 1 行.
NOTIC: [8] Undefined variable: response xdebug://debug-eval 第 1 行.
NOTIC: [8] Undefined variable: response xdebug://debug-eval 第 1 行.
NOTIC: [8] Undefined variable: response xdebug://debug-eval 第 1 行.
NOTIC: [8] Undefined variable: response xdebug://debug-eval 第 1 行.
NOTIC: [8] Undefined variable: response xdebug://debug-eval 第 1 行.
NOTIC: [8] Undefined variable: response xdebug://debug-eval 第 1 行.
NOTIC: [8] Undefined variable: response xdebug://debug-eval 第 1 行.
NOTIC: [8] Undefined variable: response xdebug://debug-eval 第 1 行.
NOTIC: [8] Undefined variable: response xdebug://debug-eval 第 1 行.
NOTIC: [8] Undefined variable: response xdebug://debug-eval 第 1 行.
NOTIC: [8] Undefined variable: response xdebug://debug-eval 第 1 行.
NOTIC: [8] Undefined variable: response xdebug://debug-eval 第 1 行.
NOTIC: [8] Undefined variable: response xdebug://debug-eval 第 1 行.
NOTIC: [8] Undefined variable: response xdebug://debug-eval 第 1 行.
NOTIC: [8] Undefined variable: response xdebug://debug-eval 第 1 行.
NOTIC: [8] Undefined variable: response xdebug://debug-eval 第 1 行.
NOTIC: [8] Undefined variable: response xdebug://debug-eval 第 1 行.
NOTIC: [8] Undefined variable: response xdebug://debug-eval 第 1 行.
NOTIC: [8] Undefined variable: response xdebug://debug-eval 第 1 行.
NOTIC: [8] Undefined variable: response xdebug://debug-eval 第 1 行.
NOTIC: [8] Undefined variable: response xdebug://debug-eval 第 1 行.
NOTIC: [8] Undefined variable: response xdebug://debug-eval 第 1 行.
NOTIC: [8] Undefined variable: response xdebug://debug-eval 第 1 行.
NOTIC: [8] Undefined variable: response xdebug://debug-eval 第 1 行.
NOTIC: [8] Undefined variable: response xdebug://debug-eval 第 1 行.
NOTIC: [8] Undefined variable: response xdebug://debug-eval 第 1 行.
NOTIC: [8] Undefined variable: response xdebug://debug-eval 第 1 行.
NOTIC: [8] Undefined variable: response xdebug://debug-eval 第 1 行.
NOTIC: [8] Undefined variable: response xdebug://debug-eval 第 1 行.
NOTIC: [8] Undefined variable: response xdebug://debug-eval 第 1 行.
NOTIC: [8] Undefined variable: response xdebug://debug-eval 第 1 行.
NOTIC: [8] Undefined variable: response xdebug://debug-eval 第 1 行.
NOTIC: [8] Undefined index: validate /home/vagrant/www/ant-account/ThinkPHP/Library/Think/Model.class.php 第 1185 行.
NOTIC: [8] Undefined variable: response xdebug://debug-eval 第 1 行.
NOTIC: [8] Undefined variable: response xdebug://debug-eval 第 1 行.
NOTIC: [8] Undefined variable: response xdebug://debug-eval 第 1 行.
NOTIC: [8] Undefined variable: response xdebug://debug-eval 第 1 行.

[ 2016-10-17T15:07:31+08:00 ] 127.0.0.1 /ucenter/api/accounts/add
INFO: [ app_init ] --START--
INFO: Run Behavior\BuildLiteBehavior [ RunTime:0.000080s ]
INFO: [ app_init ] --END-- [ RunTime:0.000444s ]
INFO: [ app_begin ] --START--
INFO: Run Behavior\ReadHtmlCacheBehavior [ RunTime:0.004700s ]
INFO: [ app_begin ] --END-- [ RunTime:0.005192s ]
NOTIC: [8] Undefined index: validate /home/vagrant/www/ant-account/ThinkPHP/Library/Think/Model.class.php 第 1185 行.

[ 2016-10-17T15:07:36+08:00 ] 127.0.0.1 /ucenter/api/accounts/add
INFO: [ app_init ] --START--
INFO: Run Behavior\BuildLiteBehavior [ RunTime:0.000064s ]
INFO: [ app_init ] --END-- [ RunTime:0.000383s ]
INFO: [ app_begin ] --START--
INFO: Run Behavior\ReadHtmlCacheBehavior [ RunTime:0.004702s ]
INFO: [ app_begin ] --END-- [ RunTime:0.005062s ]
NOTIC: [8] Undefined index: validate /home/vagrant/www/ant-account/ThinkPHP/Library/Think/Model.class.php 第 1185 行.

[ 2016-10-17T15:08:13+08:00 ] 127.0.0.1 /ucenter/api/accounts/add
INFO: [ app_init ] --START--
INFO: Run Behavior\BuildLiteBehavior [ RunTime:0.000067s ]
INFO: [ app_init ] --END-- [ RunTime:0.000462s ]
INFO: [ app_begin ] --START--
INFO: Run Behavior\ReadHtmlCacheBehavior [ RunTime:0.002315s ]
INFO: [ app_begin ] --END-- [ RunTime:0.002780s ]
NOTIC: [8] Undefined index: validate /home/vagrant/www/ant-account/ThinkPHP/Library/Think/Model.class.php 第 1185 行.
SQL: SELECT * FROM `uc_employee_account` WHERE `account_name` = 'abc' AND `mobile` = '585979937932' LIMIT 1   [ RunTime:0.0033s ]
SQL: SELECT * FROM `uc_employee_account` WHERE `mobile` = '585979937932' LIMIT 1   [ RunTime:0.0029s ]
SQL: SELECT * FROM `uc_employee_account` WHERE `email` = 'bjfGbPRHtR@clcw.com' LIMIT 1   [ RunTime:0.0031s ]
NOTIC: [8] Undefined index: auto /home/vagrant/www/ant-account/ThinkPHP/Library/Think/Model.class.php 第 1128 行.
SQL: INSERT INTO `uc_employee_account` (`account_name`,`mobile`,`pwd`,`email`,`status`,`createtime`) VALUES ('abc','585979937932','12345','bjfGbPRHtR@clcw.com','1','2016-10-17 15:08:13') [ RunTime:0.0015s ]
NOTIC: [8] Undefined index: types /home/vagrant/www/ant-account/Application/Ucenter/Service/AccountOptionLogService.class.php 第 24 行.
NOTIC: [8] Undefined index: validate /home/vagrant/www/ant-account/ThinkPHP/Library/Think/Model.class.php 第 1185 行.
NOTIC: [8] Undefined index: auto /home/vagrant/www/ant-account/ThinkPHP/Library/Think/Model.class.php 第 1128 行.
SQL: INSERT INTO `uc_employee_account_option_log` (`account_id`,`option`,`remark`,`manager_account_id`,`manager_ip`,`createtime`) VALUES ('421','添加新用户','','100','100','2016-10-17 15:08:13') [ RunTime:0.0012s ]

[ 2016-10-17T15:08:22+08:00 ] 127.0.0.1 /ucenter/api/accounts/info?account_id=421
INFO: [ app_init ] --START--
INFO: Run Behavior\BuildLiteBehavior [ RunTime:0.000068s ]
INFO: [ app_init ] --END-- [ RunTime:0.000470s ]
INFO: [ app_begin ] --START--
INFO: Run Behavior\ReadHtmlCacheBehavior [ RunTime:0.002918s ]
INFO: [ app_begin ] --END-- [ RunTime:0.003315s ]

[ 2016-10-17T15:08:32+08:00 ] 127.0.0.1 /ucenter/api/accounts/info?account_id=421&account_type=4
INFO: [ app_init ] --START--
INFO: Run Behavior\BuildLiteBehavior [ RunTime:0.000069s ]
INFO: [ app_init ] --END-- [ RunTime:0.000467s ]
INFO: [ app_begin ] --START--
INFO: Run Behavior\ReadHtmlCacheBehavior [ RunTime:0.004591s ]
INFO: [ app_begin ] --END-- [ RunTime:0.004927s ]
SQL: SELECT `account_id`,`account_name`,`pwd`,`status`,`email`,`mobile`,`nick_name`,`real_name`,`u_idcard`,`account_avatar`,`sex`,`province_id`,`city_id`,`address`,`las_login_time`,`createtime`,`updatetime` FROM `uc_employee_account` WHERE `account_id` = 421 LIMIT 1   [ RunTime:0.0029s ]

[ 2016-10-17T15:08:38+08:00 ] 127.0.0.1 /ucenter/api/accounts/info?account_id=421&account_type=4
INFO: [ app_init ] --START--
INFO: Run Behavior\BuildLiteBehavior [ RunTime:0.000069s ]
INFO: [ app_init ] --END-- [ RunTime:0.000714s ]
INFO: [ app_begin ] --START--
INFO: Run Behavior\ReadHtmlCacheBehavior [ RunTime:0.004692s ]
INFO: [ app_begin ] --END-- [ RunTime:0.005353s ]
SQL: SELECT `account_id`,`account_name`,`pwd`,`status`,`email`,`mobile`,`nick_name`,`real_name`,`u_idcard`,`account_avatar`,`sex`,`province_id`,`city_id`,`address`,`las_login_time`,`createtime`,`updatetime` FROM `uc_employee_account` WHERE `account_id` = 421 LIMIT 1   [ RunTime:0.0030s ]

[ 2016-10-17T15:21:35+08:00 ] 127.0.0.1 /ucenter/api/accounts/add
INFO: [ app_init ] --START--
INFO: Run Behavior\BuildLiteBehavior [ RunTime:0.000069s ]
INFO: [ app_init ] --END-- [ RunTime:0.000489s ]
INFO: [ app_begin ] --START--
INFO: Run Behavior\ReadHtmlCacheBehavior [ RunTime:0.004454s ]
INFO: [ app_begin ] --END-- [ RunTime:0.004793s ]
NOTIC: [8] Undefined index: validate /home/vagrant/www/ant-account/ThinkPHP/Library/Think/Model.class.php 第 1185 行.
SQL: SELECT * FROM `uc_employee_account` WHERE `account_name` = 'abc' AND `mobile` = '521432830528' LIMIT 1   [ RunTime:0.0040s ]
SQL: SELECT * FROM `uc_employee_account` WHERE `mobile` = '521432830528' LIMIT 1   [ RunTime:0.0030s ]
SQL: SELECT * FROM `uc_employee_account` WHERE `email` = 'VWYbGeZV4I@clcw.com' LIMIT 1   [ RunTime:0.0029s ]
NOTIC: [8] Undefined index: auto /home/vagrant/www/ant-account/ThinkPHP/Library/Think/Model.class.php 第 1128 行.
SQL: INSERT INTO `uc_employee_account` (`account_name`,`mobile`,`pwd`,`email`,`status`,`createtime`) VALUES ('abc','521432830528','12345','VWYbGeZV4I@clcw.com','1','2016-10-17 15:21:35') [ RunTime:0.0011s ]
NOTIC: [8] Undefined index: types /home/vagrant/www/ant-account/Application/Ucenter/Service/AccountOptionLogService.class.php 第 24 行.
NOTIC: [8] Undefined index: validate /home/vagrant/www/ant-account/ThinkPHP/Library/Think/Model.class.php 第 1185 行.
NOTIC: [8] Undefined index: auto /home/vagrant/www/ant-account/ThinkPHP/Library/Think/Model.class.php 第 1128 行.
SQL: INSERT INTO `uc_employee_account_option_log` (`account_id`,`option`,`remark`,`manager_account_id`,`manager_ip`,`createtime`) VALUES ('422','添加新用户','','100','100','2016-10-17 15:21:35') [ RunTime:0.0010s ]

