[ 2016-10-27T09:50:00+08:00 ] 127.0.0.1 /ucenter/doc
INFO: [ app_init ] --START--
INFO: Run Behavior\BuildLiteBehavior [ RunTime:0.000081s ]
INFO: [ app_init ] --END-- [ RunTime:0.000482s ]
INFO: [ app_begin ] --START--
INFO: Run Behavior\ReadHtmlCacheBehavior [ RunTime:0.003743s ]
INFO: [ app_begin ] --END-- [ RunTime:0.004104s ]
INFO: [ view_parse ] --START--
INFO: [ template_filter ] --START--
INFO: Run Behavior\ContentReplaceBehavior [ RunTime:0.000455s ]
INFO: [ template_filter ] --END-- [ RunTime:0.000932s ]
INFO: Run Behavior\ParseTemplateBehavior [ RunTime:0.075768s ]
INFO: [ view_parse ] --END-- [ RunTime:0.076308s ]
INFO: [ view_filter ] --START--
INFO: Run Behavior\WriteHtmlCacheBehavior [ RunTime:0.006211s ]
INFO: [ view_filter ] --END-- [ RunTime:0.006755s ]
INFO: [ app_end ] --START--
INFO: Run Behavior\ShowPageTraceBehavior [ RunTime:0.005533s ]
INFO: [ app_end ] --END-- [ RunTime:0.006060s ]

[ 2016-10-27T09:51:06+08:00 ] 127.0.0.1 /ucenter/api/accounts/changeuserinfo
INFO: [ app_init ] --START--
INFO: Run Behavior\BuildLiteBehavior [ RunTime:0.000375s ]
INFO: [ app_init ] --END-- [ RunTime:0.000711s ]
INFO: [ app_begin ] --START--
INFO: Run Behavior\ReadHtmlCacheBehavior [ RunTime:0.004696s ]
INFO: [ app_begin ] --END-- [ RunTime:0.005111s ]

[ 2016-10-27T09:51:24+08:00 ] 127.0.0.1 /ucenter/api/accounts/changeuserinfo
INFO: [ app_init ] --START--
INFO: Run Behavior\BuildLiteBehavior [ RunTime:0.000069s ]
INFO: [ app_init ] --END-- [ RunTime:0.000451s ]
INFO: [ app_begin ] --START--
INFO: Run Behavior\ReadHtmlCacheBehavior [ RunTime:0.001663s ]
INFO: [ app_begin ] --END-- [ RunTime:0.002112s ]

[ 2016-10-27T09:51:36+08:00 ] 127.0.0.1 /ucenter/api/accounts/changeuserinfo
INFO: [ app_init ] --START--
INFO: Run Behavior\BuildLiteBehavior [ RunTime:0.000125s ]
INFO: [ app_init ] --END-- [ RunTime:0.000755s ]
INFO: [ app_begin ] --START--
INFO: Run Behavior\ReadHtmlCacheBehavior [ RunTime:0.002783s ]
INFO: [ app_begin ] --END-- [ RunTime:0.003341s ]
NOTIC: [8] Use of undefined constant MODEL_UPDATE - assumed 'MODEL_UPDATE' /home/vagrant/www/ant-account/ThinkPHP/Common/functions.php 第 588 行.
NOTIC: [8] Undefined index: validate /home/vagrant/www/ant-account/ThinkPHP/Library/Think/Model.class.php 第 1185 行.
NOTIC: [8] Undefined index: sex /home/vagrant/www/ant-account/ThinkPHP/Library/Think/Model.class.php 第 1217 行.
NOTIC: [8] Undefined index: account_name /home/vagrant/www/ant-account/ThinkPHP/Library/Think/Model.class.php 第 1217 行.
NOTIC: [8] Undefined index: email /home/vagrant/www/ant-account/ThinkPHP/Library/Think/Model.class.php 第 1217 行.
NOTIC: [8] Undefined index: email /home/vagrant/www/ant-account/ThinkPHP/Library/Think/Model.class.php 第 1217 行.
SQL: SELECT * FROM `uc_dealer_account` WHERE `mobile` = '12300001111' AND `account_id` <> '10002' LIMIT 1   [ RunTime:0.0036s ]

[ 2016-10-27T09:52:18+08:00 ] 127.0.0.1 /ucenter/api/accounts/changeuserinfo
INFO: [ app_init ] --START--
INFO: Run Behavior\BuildLiteBehavior [ RunTime:0.000065s ]
INFO: [ app_init ] --END-- [ RunTime:0.000470s ]
INFO: [ app_begin ] --START--
INFO: Run Behavior\ReadHtmlCacheBehavior [ RunTime:0.003220s ]
INFO: [ app_begin ] --END-- [ RunTime:0.003652s ]
NOTIC: [8] Use of undefined constant MODEL_UPDATE - assumed 'MODEL_UPDATE' /home/vagrant/www/ant-account/ThinkPHP/Common/functions.php 第 588 行.
NOTIC: [8] Undefined index: validate /home/vagrant/www/ant-account/ThinkPHP/Library/Think/Model.class.php 第 1185 行.
NOTIC: [8] Undefined index: sex /home/vagrant/www/ant-account/ThinkPHP/Library/Think/Model.class.php 第 1217 行.
NOTIC: [8] Undefined index: account_name /home/vagrant/www/ant-account/ThinkPHP/Library/Think/Model.class.php 第 1217 行.
NOTIC: [8] Undefined index: email /home/vagrant/www/ant-account/ThinkPHP/Library/Think/Model.class.php 第 1217 行.
NOTIC: [8] Undefined index: email /home/vagrant/www/ant-account/ThinkPHP/Library/Think/Model.class.php 第 1217 行.
SQL: SELECT * FROM `uc_dealer_account` WHERE `mobile` = '13300001111' AND `account_id` <> '10002' LIMIT 1   [ RunTime:0.0032s ]
NOTIC: [8] Undefined index: auto /home/vagrant/www/ant-account/ThinkPHP/Library/Think/Model.class.php 第 1128 行.
SQL: UPDATE `uc_dealer_account` SET `mobile`='13300001111',`updatetime`='2016-10-27 09:52:18' WHERE `account_id` = 10002 [ RunTime:0.1242s ]
NOTIC: [8] Undefined index: types /home/vagrant/www/ant-account/Application/Ucenter/Service/AccountOptionLogService.class.php 第 24 行.
NOTIC: [8] Undefined index: validate /home/vagrant/www/ant-account/ThinkPHP/Library/Think/Model.class.php 第 1185 行.
NOTIC: [8] Undefined index: auto /home/vagrant/www/ant-account/ThinkPHP/Library/Think/Model.class.php 第 1128 行.
SQL: INSERT INTO `uc_dealer_account_option_log` (`account_id`,`option`,`remark`,`manager_account_id`,`manager_ip`,`createtime`) VALUES ('10002','修改个人账号资料','','1001','127.0.0.1','2016-10-27 09:52:18') [ RunTime:0.0989s ]

[ 2016-10-27T09:53:44+08:00 ] 127.0.0.1 /ucenter/api/accounts/changeuserinfo
INFO: [ app_init ] --START--
INFO: Run Behavior\BuildLiteBehavior [ RunTime:0.000067s ]
INFO: [ app_init ] --END-- [ RunTime:0.000500s ]
INFO: [ app_begin ] --START--
INFO: Run Behavior\ReadHtmlCacheBehavior [ RunTime:0.002350s ]
INFO: [ app_begin ] --END-- [ RunTime:0.002881s ]
NOTIC: [8] Use of undefined constant MODEL_UPDATE - assumed 'MODEL_UPDATE' /home/vagrant/www/ant-account/ThinkPHP/Common/functions.php 第 588 行.
NOTIC: [8] Undefined index: validate /home/vagrant/www/ant-account/ThinkPHP/Library/Think/Model.class.php 第 1185 行.
NOTIC: [8] Undefined index: sex /home/vagrant/www/ant-account/ThinkPHP/Library/Think/Model.class.php 第 1217 行.
NOTIC: [8] Undefined index: account_name /home/vagrant/www/ant-account/ThinkPHP/Library/Think/Model.class.php 第 1217 行.
NOTIC: [8] Undefined index: email /home/vagrant/www/ant-account/ThinkPHP/Library/Think/Model.class.php 第 1217 行.
NOTIC: [8] Undefined index: email /home/vagrant/www/ant-account/ThinkPHP/Library/Think/Model.class.php 第 1217 行.
SQL: SELECT * FROM `uc_dealer_account` WHERE `mobile` = '13300001111' AND `account_id` <> '10002' LIMIT 1   [ RunTime:0.0033s ]
NOTIC: [8] Undefined index: auto /home/vagrant/www/ant-account/ThinkPHP/Library/Think/Model.class.php 第 1128 行.
SQL: UPDATE `uc_dealer_account` SET `mobile`='13300001111',`updatetime`='2016-10-27 09:53:44' WHERE `account_id` = 10002 [ RunTime:0.1254s ]
NOTIC: [8] Undefined index: types /home/vagrant/www/ant-account/Application/Ucenter/Service/AccountOptionLogService.class.php 第 24 行.
NOTIC: [8] Undefined index: validate /home/vagrant/www/ant-account/ThinkPHP/Library/Think/Model.class.php 第 1185 行.
NOTIC: [8] Undefined index: auto /home/vagrant/www/ant-account/ThinkPHP/Library/Think/Model.class.php 第 1128 行.
SQL: INSERT INTO `uc_dealer_account_option_log` (`account_id`,`option`,`remark`,`manager_account_id`,`manager_ip`,`createtime`) VALUES ('10002','修改个人账号资料','','1001','127.0.0.1','2016-10-27 09:53:44') [ RunTime:0.1038s ]

[ 2016-10-27T15:35:51+08:00 ] 127.0.0.1 /ucenter/api/accounts/regist
INFO: [ app_init ] --START--
INFO: Run Behavior\BuildLiteBehavior [ RunTime:0.000066s ]
INFO: [ app_init ] --END-- [ RunTime:0.000474s ]
INFO: [ app_begin ] --START--
INFO: Run Behavior\ReadHtmlCacheBehavior [ RunTime:0.004286s ]
INFO: [ app_begin ] --END-- [ RunTime:0.004772s ]
NOTIC: [8] Use of undefined constant MODEL_UPDATE - assumed 'MODEL_UPDATE' /home/vagrant/www/ant-account/ThinkPHP/Common/functions.php 第 588 行.
NOTIC: [8] Undefined index: validate /home/vagrant/www/ant-account/ThinkPHP/Library/Think/Model.class.php 第 1185 行.
SQL: SELECT * FROM `uc_dealer_account` WHERE `account_name` = 'clcw_xc5xe1c2' LIMIT 1   [ RunTime:0.0033s ]
SQL: SELECT * FROM `uc_dealer_account` WHERE `email` = 'evmsl_8qbk@clcw.com' LIMIT 1   [ RunTime:0.0035s ]
SQL: SELECT * FROM `uc_dealer_account` WHERE `mobile` = '135060062222' LIMIT 1   [ RunTime:0.0030s ]

[ 2016-10-27T15:35:59+08:00 ] 127.0.0.1 /ucenter/api/accounts/regist
INFO: [ app_init ] --START--
INFO: Run Behavior\BuildLiteBehavior [ RunTime:0.000066s ]
INFO: [ app_init ] --END-- [ RunTime:0.000478s ]
INFO: [ app_begin ] --START--
INFO: Run Behavior\ReadHtmlCacheBehavior [ RunTime:0.004504s ]
INFO: [ app_begin ] --END-- [ RunTime:0.004943s ]
NOTIC: [8] Use of undefined constant MODEL_UPDATE - assumed 'MODEL_UPDATE' /home/vagrant/www/ant-account/ThinkPHP/Common/functions.php 第 588 行.
NOTIC: [8] Undefined index: validate /home/vagrant/www/ant-account/ThinkPHP/Library/Think/Model.class.php 第 1185 行.
SQL: SELECT * FROM `uc_dealer_account` WHERE `account_name` = 'clcw_yexds175' LIMIT 1   [ RunTime:0.0030s ]
SQL: SELECT * FROM `uc_dealer_account` WHERE `email` = 'wzbn6n1fcy@clcw.com' LIMIT 1   [ RunTime:0.0030s ]
SQL: SELECT * FROM `uc_dealer_account` WHERE `mobile` = '135060062222' LIMIT 1   [ RunTime:0.0050s ]

[ 2016-10-27T15:36:04+08:00 ] 127.0.0.1 /ucenter/api/accounts/regist
INFO: [ app_init ] --START--
INFO: Run Behavior\BuildLiteBehavior [ RunTime:0.000066s ]
INFO: [ app_init ] --END-- [ RunTime:0.000459s ]
INFO: [ app_begin ] --START--
INFO: Run Behavior\ReadHtmlCacheBehavior [ RunTime:0.004743s ]
INFO: [ app_begin ] --END-- [ RunTime:0.005087s ]
NOTIC: [8] Use of undefined constant MODEL_UPDATE - assumed 'MODEL_UPDATE' /home/vagrant/www/ant-account/ThinkPHP/Common/functions.php 第 588 行.
NOTIC: [8] Undefined index: validate /home/vagrant/www/ant-account/ThinkPHP/Library/Think/Model.class.php 第 1185 行.
SQL: SELECT * FROM `uc_dealer_account` WHERE `account_name` = 'clcw_ubc8bi_s' LIMIT 1   [ RunTime:0.0058s ]
SQL: SELECT * FROM `uc_dealer_account` WHERE `email` = '6lfpsoii77@clcw.com' LIMIT 1   [ RunTime:0.0032s ]
SQL: SELECT * FROM `uc_dealer_account` WHERE `mobile` = '13506062222' LIMIT 1   [ RunTime:0.0031s ]
NOTIC: [8] Undefined index: auto /home/vagrant/www/ant-account/ThinkPHP/Library/Think/Model.class.php 第 1128 行.
SQL: INSERT INTO `uc_dealer_account` (`account_name`,`mobile`,`email`,`pwd`,`status`,`createtime`) VALUES ('clcw_ubc8bi_s','13506062222','6lfpsoii77@clcw.com','12345','1','2016-10-27 15:36:04') [ RunTime:0.1102s ]
NOTIC: [8] Undefined index: validate /home/vagrant/www/ant-account/ThinkPHP/Library/Think/Model.class.php 第 1185 行.
NOTIC: [8] Undefined index: auto /home/vagrant/www/ant-account/ThinkPHP/Library/Think/Model.class.php 第 1128 行.
SQL: INSERT INTO `uc_dealer_account_action_log` (`account_id`,`action_source`,`action_type`,`option`,`login_ip`,`remark`,`createtime`) VALUES ('10824','','1','新用户注册','127.0.0.1','','2016-10-27 15:36:04') [ RunTime:0.1036s ]
SQL: SELECT `account_id`,`account_name`,`pwd`,`status`,`email`,`mobile`,`nick_name`,`real_name`,`u_idcard`,`account_avatar`,`sex`,`province_id`,`city_id`,`address`,`las_login_time`,`createtime`,`updatetime` FROM `uc_dealer_account` WHERE `account_id` = 10824 LIMIT 1   [ RunTime:0.0044s ]

