[ 2016-10-26T11:43:30+08:00 ] 127.0.0.1 /ucenter/api/accounts/check?account_type=2&mobile=15921306031
INFO: [ app_init ] --START--
INFO: Run Behavior\BuildLiteBehavior [ RunTime:0.000071s ]
INFO: [ app_init ] --END-- [ RunTime:0.000426s ]
INFO: [ app_begin ] --START--
INFO: Run Behavior\ReadHtmlCacheBehavior [ RunTime:0.004224s ]
INFO: [ app_begin ] --END-- [ RunTime:0.004540s ]
NOTIC: [8] Use of undefined constant MODEL_UPDATE - assumed 'MODEL_UPDATE' /home/vagrant/www/ant-account/ThinkPHP/Common/functions.php 第 588 行.
SQL: SELECT `account_id`,`account_name`,`email`,`mobile`,`nick_name`,`real_name`,`u_idcard`,`account_avatar`,`sex`,`province_id`,`city_id`,`address`,`las_login_time`,`createtime`,`updatetime` FROM `uc_dealer_account` WHERE `mobile` = '15921306031' LIMIT 1   [ RunTime:0.0027s ]
NOTIC: [8] Undefined variable: re_01 /home/vagrant/www/ant-account/Application/Ucenter/Controller/AccountActionController.class.php 第 53 行.
NOTIC: [8] Undefined variable: re_03 /home/vagrant/www/ant-account/Application/Ucenter/Controller/AccountActionController.class.php 第 53 行.

[ 2016-10-26T11:43:36+08:00 ] 127.0.0.1 /ucenter/api/accounts/check?account_type=2&mobile=15921306031
INFO: [ app_init ] --START--
INFO: Run Behavior\BuildLiteBehavior [ RunTime:0.000065s ]
INFO: [ app_init ] --END-- [ RunTime:0.000470s ]
INFO: [ app_begin ] --START--
INFO: Run Behavior\ReadHtmlCacheBehavior [ RunTime:0.005042s ]
INFO: [ app_begin ] --END-- [ RunTime:0.005666s ]
NOTIC: [8] Use of undefined constant MODEL_UPDATE - assumed 'MODEL_UPDATE' /home/vagrant/www/ant-account/ThinkPHP/Common/functions.php 第 588 行.
SQL: SELECT `account_id`,`account_name`,`email`,`mobile`,`nick_name`,`real_name`,`u_idcard`,`account_avatar`,`sex`,`province_id`,`city_id`,`address`,`las_login_time`,`createtime`,`updatetime` FROM `uc_dealer_account` WHERE `mobile` = '15921306031' LIMIT 1   [ RunTime:0.0028s ]
NOTIC: [8] Undefined variable: re_01 /home/vagrant/www/ant-account/Application/Ucenter/Controller/AccountActionController.class.php 第 53 行.
NOTIC: [8] Undefined variable: re_03 /home/vagrant/www/ant-account/Application/Ucenter/Controller/AccountActionController.class.php 第 53 行.

[ 2016-10-26T11:49:15+08:00 ] 127.0.0.1 /ucenter/api/accounts/check?account_type=2&mobile=15921306031
INFO: [ app_init ] --START--
INFO: Run Behavior\BuildLiteBehavior [ RunTime:0.000068s ]
INFO: [ app_init ] --END-- [ RunTime:0.000478s ]
INFO: [ app_begin ] --START--
INFO: Run Behavior\ReadHtmlCacheBehavior [ RunTime:0.003233s ]
INFO: [ app_begin ] --END-- [ RunTime:0.003556s ]
NOTIC: [8] Use of undefined constant MODEL_UPDATE - assumed 'MODEL_UPDATE' /home/vagrant/www/ant-account/ThinkPHP/Common/functions.php 第 588 行.
SQL: SELECT `account_id`,`account_name`,`email`,`mobile`,`nick_name`,`real_name`,`u_idcard`,`account_avatar`,`sex`,`province_id`,`city_id`,`address`,`las_login_time`,`createtime`,`updatetime` FROM `uc_dealer_account` WHERE `mobile` = '15921306031' LIMIT 1   [ RunTime:0.0028s ]
NOTIC: [8] Undefined variable: re_01 /home/vagrant/www/ant-account/Application/Ucenter/Controller/AccountActionController.class.php 第 53 行.
NOTIC: [8] Undefined variable: re_03 /home/vagrant/www/ant-account/Application/Ucenter/Controller/AccountActionController.class.php 第 53 行.

