[ 2016-11-02T01:35:56+08:00 ] 127.0.0.1 /ucenter/api/accounts/batchinfo
INFO: [ app_init ] --START--
INFO: Run Behavior\BuildLiteBehavior [ RunTime:0.000066s ]
INFO: [ app_init ] --END-- [ RunTime:0.000461s ]
INFO: [ app_begin ] --START--
INFO: Run Behavior\ReadHtmlCacheBehavior [ RunTime:0.004647s ]
INFO: [ app_begin ] --END-- [ RunTime:0.004980s ]
NOTIC: [8] Undefined variable: res /home/vagrant/www/ant-account/Application/Ucenter/Controller/AccountActionController.class.php 第 128 行.

[ 2016-11-02T01:36:19+08:00 ] 127.0.0.1 /ucenter/api/accounts/batchinfo
INFO: [ app_init ] --START--
INFO: Run Behavior\BuildLiteBehavior [ RunTime:0.000070s ]
INFO: [ app_init ] --END-- [ RunTime:0.000729s ]
INFO: [ app_begin ] --START--
INFO: Run Behavior\ReadHtmlCacheBehavior [ RunTime:0.002315s ]
INFO: [ app_begin ] --END-- [ RunTime:0.002897s ]
NOTIC: [8] Undefined variable: res /home/vagrant/www/ant-account/Application/Ucenter/Controller/AccountActionController.class.php 第 128 行.

[ 2016-11-02T01:36:22+08:00 ] 127.0.0.1 /ucenter/api/accounts/batchinfo?account_type=2&user_name=kangjuan
INFO: [ app_init ] --START--
INFO: Run Behavior\BuildLiteBehavior [ RunTime:0.000069s ]
INFO: [ app_init ] --END-- [ RunTime:0.000471s ]
INFO: [ app_begin ] --START--
INFO: Run Behavior\ReadHtmlCacheBehavior [ RunTime:0.004398s ]
INFO: [ app_begin ] --END-- [ RunTime:0.004747s ]

[ 2016-11-02T01:36:26+08:00 ] 127.0.0.1 /ucenter/api/accounts/batchinfo
INFO: [ app_init ] --START--
INFO: Run Behavior\BuildLiteBehavior [ RunTime:0.000068s ]
INFO: [ app_init ] --END-- [ RunTime:0.000475s ]
INFO: [ app_begin ] --START--
INFO: Run Behavior\ReadHtmlCacheBehavior [ RunTime:0.004488s ]
INFO: [ app_begin ] --END-- [ RunTime:0.004894s ]
NOTIC: [8] Undefined variable: res /home/vagrant/www/ant-account/Application/Ucenter/Controller/AccountActionController.class.php 第 128 行.

[ 2016-11-02T01:37:36+08:00 ] 127.0.0.1 /ucenter/api/accounts/batchinfo
INFO: [ app_init ] --START--
INFO: Run Behavior\BuildLiteBehavior [ RunTime:0.000069s ]
INFO: [ app_init ] --END-- [ RunTime:0.000554s ]
INFO: [ app_begin ] --START--
INFO: Run Behavior\ReadHtmlCacheBehavior [ RunTime:0.004164s ]
INFO: [ app_begin ] --END-- [ RunTime:0.004646s ]
NOTIC: [8] Undefined variable: res /home/vagrant/www/ant-account/Application/Ucenter/Controller/AccountActionController.class.php 第 128 行.

[ 2016-11-02T01:38:31+08:00 ] 127.0.0.1 /ucenter/api/accounts/batchinfo
INFO: [ app_init ] --START--
INFO: Run Behavior\BuildLiteBehavior [ RunTime:0.000115s ]
INFO: [ app_init ] --END-- [ RunTime:0.000759s ]
INFO: [ app_begin ] --START--
INFO: Run Behavior\ReadHtmlCacheBehavior [ RunTime:0.004559s ]
INFO: [ app_begin ] --END-- [ RunTime:0.005037s ]
NOTIC: [8] Undefined variable: response xdebug://debug-eval 第 1 行.
NOTIC: [8] Undefined variable: response xdebug://debug-eval 第 1 行.
NOTIC: [8] Undefined variable: response xdebug://debug-eval 第 1 行.
NOTIC: [8] Undefined variable: response xdebug://debug-eval 第 1 行.
NOTIC: [8] Undefined variable: response xdebug://debug-eval 第 1 行.
NOTIC: [8] Undefined variable: response xdebug://debug-eval 第 1 行.
NOTIC: [8] Undefined variable: response xdebug://debug-eval 第 1 行.
NOTIC: [8] Undefined variable: response xdebug://debug-eval 第 1 行.
NOTIC: [8] Undefined variable: response xdebug://debug-eval 第 1 行.
NOTIC: [8] Undefined variable: response xdebug://debug-eval 第 1 行.
NOTIC: [8] Undefined variable: response xdebug://debug-eval 第 1 行.
NOTIC: [8] Undefined variable: response xdebug://debug-eval 第 1 行.
NOTIC: [8] Undefined variable: response xdebug://debug-eval 第 1 行.
NOTIC: [8] Undefined variable: response xdebug://debug-eval 第 1 行.
NOTIC: [8] Undefined variable: response xdebug://debug-eval 第 1 行.
NOTIC: [8] Undefined variable: response xdebug://debug-eval 第 1 行.
NOTIC: [8] Undefined variable: res /home/vagrant/www/ant-account/Application/Ucenter/Controller/AccountActionController.class.php 第 128 行.

[ 2016-11-02T01:38:35+08:00 ] 127.0.0.1 /ucenter/api/accounts/batchinfo
INFO: [ app_init ] --START--
INFO: Run Behavior\BuildLiteBehavior [ RunTime:0.000082s ]
INFO: [ app_init ] --END-- [ RunTime:0.000590s ]
INFO: [ app_begin ] --START--
INFO: Run Behavior\ReadHtmlCacheBehavior [ RunTime:0.004292s ]
INFO: [ app_begin ] --END-- [ RunTime:0.004826s ]
NOTIC: [8] Undefined variable: response xdebug://debug-eval 第 1 行.
NOTIC: [8] Undefined variable: response xdebug://debug-eval 第 1 行.
NOTIC: [8] Undefined variable: res /home/vagrant/www/ant-account/Application/Ucenter/Controller/AccountActionController.class.php 第 128 行.

[ 2016-11-02T01:38:55+08:00 ] 127.0.0.1 /ucenter/api/accounts/batchinfo
INFO: [ app_init ] --START--
INFO: Run Behavior\BuildLiteBehavior [ RunTime:0.000078s ]
INFO: [ app_init ] --END-- [ RunTime:0.000568s ]
INFO: [ app_begin ] --START--
INFO: Run Behavior\ReadHtmlCacheBehavior [ RunTime:0.004490s ]
INFO: [ app_begin ] --END-- [ RunTime:0.004951s ]
NOTIC: [8] Undefined variable: response xdebug://debug-eval 第 1 行.
NOTIC: [8] Undefined variable: response xdebug://debug-eval 第 1 行.
NOTIC: [8] Undefined variable: response xdebug://debug-eval 第 1 行.
NOTIC: [8] Undefined variable: response xdebug://debug-eval 第 1 行.
NOTIC: [8] Undefined variable: response xdebug://debug-eval 第 1 行.
NOTIC: [8] Undefined variable: response xdebug://debug-eval 第 1 行.
NOTIC: [8] Undefined variable: response xdebug://debug-eval 第 1 行.
NOTIC: [8] Undefined variable: response xdebug://debug-eval 第 1 行.
NOTIC: [8] Undefined variable: response xdebug://debug-eval 第 1 行.
NOTIC: [8] Undefined variable: response xdebug://debug-eval 第 1 行.
NOTIC: [8] Undefined variable: response xdebug://debug-eval 第 1 行.
NOTIC: [8] Undefined variable: response xdebug://debug-eval 第 1 行.
NOTIC: [8] Undefined variable: response xdebug://debug-eval 第 1 行.
NOTIC: [8] Undefined variable: response xdebug://debug-eval 第 1 行.
NOTIC: [8] Undefined variable: response xdebug://debug-eval 第 1 行.
NOTIC: [8] Undefined variable: response xdebug://debug-eval 第 1 行.
NOTIC: [8] Undefined variable: res /home/vagrant/www/ant-account/Application/Ucenter/Controller/AccountActionController.class.php 第 128 行.

[ 2016-11-02T01:39:10+08:00 ] 127.0.0.1 /ucenter/api/accounts/batchinfo
INFO: [ app_init ] --START--
INFO: Run Behavior\BuildLiteBehavior [ RunTime:0.000067s ]
INFO: [ app_init ] --END-- [ RunTime:0.000464s ]
INFO: [ app_begin ] --START--
INFO: Run Behavior\ReadHtmlCacheBehavior [ RunTime:0.002121s ]
INFO: [ app_begin ] --END-- [ RunTime:0.002515s ]
NOTIC: [8] Use of undefined constant MODEL_UPDATE - assumed 'MODEL_UPDATE' /home/vagrant/www/ant-account/ThinkPHP/Common/functions.php 第 588 行.
SQL: SELECT `account_id`,`account_id`,`account_name`,`pwd`,`status`,`email`,`mobile`,`nick_name`,`real_name`,`u_idcard`,`account_avatar`,`sex`,`province_id`,`city_id`,`address`,`las_login_time`,`createtime`,`updatetime` FROM `uc_dealer_account` WHERE `account_name` LIKE '%kangjuan%'  [ RunTime:0.0042s ]

[ 2016-11-02T01:40:45+08:00 ] 127.0.0.1 /ucenter/api/accounts/batchinfo
INFO: [ app_init ] --START--
INFO: Run Behavior\BuildLiteBehavior [ RunTime:0.000079s ]
INFO: [ app_init ] --END-- [ RunTime:0.000541s ]
INFO: [ app_begin ] --START--
INFO: Run Behavior\ReadHtmlCacheBehavior [ RunTime:0.004513s ]
INFO: [ app_begin ] --END-- [ RunTime:0.004989s ]
NOTIC: [8] Undefined variable: response xdebug://debug-eval 第 1 行.
NOTIC: [8] Undefined variable: response xdebug://debug-eval 第 1 行.
NOTIC: [8] Undefined variable: response xdebug://debug-eval 第 1 行.
NOTIC: [8] Undefined variable: response xdebug://debug-eval 第 1 行.
NOTIC: [8] Undefined variable: response xdebug://debug-eval 第 1 行.
NOTIC: [8] Undefined variable: response xdebug://debug-eval 第 1 行.
NOTIC: [8] Use of undefined constant MODEL_UPDATE - assumed 'MODEL_UPDATE' /home/vagrant/www/ant-account/ThinkPHP/Common/functions.php 第 588 行.
NOTIC: [8] Undefined variable: response xdebug://debug-eval 第 1 行.
NOTIC: [8] Undefined variable: response xdebug://debug-eval 第 1 行.
NOTIC: [8] Undefined variable: response xdebug://debug-eval 第 1 行.
NOTIC: [8] Undefined variable: response xdebug://debug-eval 第 1 行.
SQL: SELECT `account_id`,`account_id`,`account_name`,`pwd`,`status`,`email`,`mobile`,`nick_name`,`real_name`,`u_idcard`,`account_avatar`,`sex`,`province_id`,`city_id`,`address`,`las_login_time`,`createtime`,`updatetime` FROM `uc_dealer_account` WHERE `account_name` LIKE '%kangjuan%'  [ RunTime:0.0065s ]
NOTIC: [8] Undefined variable: response xdebug://debug-eval 第 1 行.
NOTIC: [8] Undefined variable: response xdebug://debug-eval 第 1 行.

[ 2016-11-02T01:40:52+08:00 ] 127.0.0.1 /ucenter/api/accounts/batchinfo
INFO: [ app_init ] --START--
INFO: Run Behavior\BuildLiteBehavior [ RunTime:0.000067s ]
INFO: [ app_init ] --END-- [ RunTime:0.000420s ]
INFO: [ app_begin ] --START--
INFO: Run Behavior\ReadHtmlCacheBehavior [ RunTime:0.004241s ]
INFO: [ app_begin ] --END-- [ RunTime:0.004643s ]
NOTIC: [8] Use of undefined constant MODEL_UPDATE - assumed 'MODEL_UPDATE' /home/vagrant/www/ant-account/ThinkPHP/Common/functions.php 第 588 行.
SQL: SELECT `account_id`,`account_id`,`account_name`,`pwd`,`status`,`email`,`mobile`,`nick_name`,`real_name`,`u_idcard`,`account_avatar`,`sex`,`province_id`,`city_id`,`address`,`las_login_time`,`createtime`,`updatetime` FROM `uc_dealer_account` WHERE `account_name` LIKE '%kangjuan%'  [ RunTime:0.0033s ]

[ 2016-11-02T01:41:26+08:00 ] 127.0.0.1 /ucenter/api/accounts/batchinfo
INFO: [ app_init ] --START--
INFO: Run Behavior\BuildLiteBehavior [ RunTime:0.000070s ]
INFO: [ app_init ] --END-- [ RunTime:0.000475s ]
INFO: [ app_begin ] --START--
INFO: Run Behavior\ReadHtmlCacheBehavior [ RunTime:0.002950s ]
INFO: [ app_begin ] --END-- [ RunTime:0.003280s ]
NOTIC: [8] Use of undefined constant MODEL_UPDATE - assumed 'MODEL_UPDATE' /home/vagrant/www/ant-account/ThinkPHP/Common/functions.php 第 588 行.
SQL: SELECT `account_id`,`account_id`,`account_name`,`pwd`,`status`,`email`,`mobile`,`nick_name`,`real_name`,`u_idcard`,`account_avatar`,`sex`,`province_id`,`city_id`,`address`,`las_login_time`,`createtime`,`updatetime` FROM `uc_dealer_account` WHERE `account_name` LIKE '%sean_103%'  [ RunTime:0.0033s ]

[ 2016-11-02T01:41:35+08:00 ] 127.0.0.1 /ucenter/api/accounts/batchinfo
INFO: [ app_init ] --START--
INFO: Run Behavior\BuildLiteBehavior [ RunTime:0.000066s ]
INFO: [ app_init ] --END-- [ RunTime:0.000476s ]
INFO: [ app_begin ] --START--
INFO: Run Behavior\ReadHtmlCacheBehavior [ RunTime:0.002967s ]
INFO: [ app_begin ] --END-- [ RunTime:0.003309s ]
NOTIC: [8] Undefined variable: res /home/vagrant/www/ant-account/Application/Ucenter/Controller/AccountActionController.class.php 第 128 行.

