2016-10-18 19:36:29 Workerman[cli.php] start in DEBUG mode
2016-10-18 19:42:37 Workerman[cli.php] Stopping ...
2016-10-18 19:42:37 Workerman[cli.php] has been stopped
2016-10-18 19:43:20 Workerman[cli.php] start in DEBUG mode
2016-10-18 19:44:16 Workerman[cli.php] Stopping ...
2016-10-18 19:44:17 Workerman[cli.php] has been stopped
2016-10-18 19:45:19 Workerman[cli.php] start in DEBUG mode
2016-10-20 10:15:48 Workerman[cli.php] Stopping ...
2016-10-20 10:15:49 Workerman[cli.php] has been stopped
2016-10-20 10:15:59 Workerman[cli.php] start in DEBUG mode
2016-11-04 15:26:30 Workerman[cli.php] start in DEBUG mode
2016-11-04 16:47:32 Workerman[cli.php] Stopping ...
2016-11-04 16:47:32 Workerman[cli.php] has been stopped
2016-11-04 16:48:16 Workerman[cli.php] start in DEBUG mode
2016-11-04 16:48:16 WORKER EXIT UNEXPECTED 
2016-11-04 16:48:16 WORKER EXIT UNEXPECTED 
2016-11-04 16:48:16 WORKER EXIT UNEXPECTED 
2016-11-04 16:48:16 WORKER EXIT UNEXPECTED 
2016-11-04 16:48:16 WORKER EXIT UNEXPECTED 
2016-11-04 16:48:16 WORKER EXIT UNEXPECTED 
2016-11-04 16:48:16 WORKER EXIT UNEXPECTED 
2016-11-04 16:48:16 WORKER EXIT UNEXPECTED 
2016-11-04 16:48:16 WORKER EXIT UNEXPECTED 
2016-11-04 16:48:16 WORKER EXIT UNEXPECTED 
2016-11-04 16:48:16 WORKER EXIT UNEXPECTED 
2016-11-04 16:48:16 WORKER EXIT UNEXPECTED 
2016-11-04 16:48:16 WORKER EXIT UNEXPECTED 
2016-11-04 16:48:16 WORKER EXIT UNEXPECTED 
2016-11-04 16:48:16 WORKER EXIT UNEXPECTED 
2016-11-04 16:48:16 WORKER EXIT UNEXPECTED 
2016-11-04 16:48:16 WORKER EXIT UNEXPECTED 
2016-11-04 16:48:16 WORKER EXIT UNEXPECTED 
2016-11-04 16:48:16 WORKER EXIT UNEXPECTED 
2016-11-04 16:48:16 WORKER EXIT UNEXPECTED 
2016-11-04 16:48:16 WORKER EXIT UNEXPECTED 
2016-11-04 16:48:16 WORKER EXIT UNEXPECTED 
2016-11-04 16:48:16 WORKER EXIT UNEXPECTED 
2016-11-04 16:48:17 WORKER EXIT UNEXPECTED 
2016-11-04 16:48:17 WORKER EXIT UNEXPECTED 
2016-11-04 16:48:17 WORKER EXIT UNEXPECTED 
2016-11-04 16:48:17 WORKER EXIT UNEXPECTED 
2016-11-04 16:48:17 WORKER EXIT UNEXPECTED 
2016-11-04 16:48:17 WORKER EXIT UNEXPECTED 
2016-11-04 16:48:17 WORKER EXIT UNEXPECTED 
2016-11-04 16:48:17 WORKER EXIT UNEXPECTED 
2016-11-04 16:48:17 WORKER EXIT UNEXPECTED 
2016-11-04 16:48:17 WORKER EXIT UNEXPECTED 
2016-11-04 16:48:17 WORKER EXIT UNEXPECTED 
2016-11-04 16:48:17 WORKER EXIT UNEXPECTED 
2016-11-04 16:48:17 WORKER EXIT UNEXPECTED 
2016-11-04 16:48:17 WORKER EXIT UNEXPECTED 
2016-11-04 16:48:17 WORKER EXIT UNEXPECTED 
2016-11-04 16:48:17 WORKER EXIT UNEXPECTED 
2016-11-04 16:48:17 WORKER EXIT UNEXPECTED 
2016-11-04 16:48:17 WORKER EXIT UNEXPECTED 
2016-11-04 16:48:17 WORKER EXIT UNEXPECTED 
2016-11-04 16:48:17 WORKER EXIT UNEXPECTED 
2016-11-04 16:48:17 WORKER EXIT UNEXPECTED 
2016-11-04 16:48:17 WORKER EXIT UNEXPECTED 
2016-11-04 16:48:17 WORKER EXIT UNEXPECTED 
2016-11-04 16:48:17 WORKER EXIT UNEXPECTED 
2016-11-04 16:48:17 WORKER EXIT UNEXPECTED 
2016-11-04 16:48:17 WORKER EXIT UNEXPECTED 
2016-11-04 16:48:17 WORKER EXIT UNEXPECTED 
2016-11-04 16:48:17 WORKER EXIT UNEXPECTED 
2016-11-04 16:48:17 WORKER EXIT UNEXPECTED 
2016-11-04 16:48:17 WORKER EXIT UNEXPECTED 
2016-11-04 16:48:17 WORKER EXIT UNEXPECTED 
2016-11-04 16:48:17 WORKER EXIT UNEXPECTED 
2016-11-04 16:48:17 WORKER EXIT UNEXPECTED 
2016-11-04 16:48:17 WORKER EXIT UNEXPECTED 
2016-11-04 16:48:17 WORKER EXIT UNEXPECTED 
2016-11-04 16:48:17 WORKER EXIT UNEXPECTED 
2016-11-04 16:48:17 WORKER EXIT UNEXPECTED 
2016-11-04 16:48:17 WORKER EXIT UNEXPECTED 
2016-11-04 16:48:17 WORKER EXIT UNEXPECTED 
2016-11-04 16:48:17 WORKER EXIT UNEXPECTED 
2016-11-04 16:48:17 WORKER EXIT UNEXPECTED 
2016-11-04 16:48:17 WORKER EXIT UNEXPECTED 
2016-11-04 16:48:17 WORKER EXIT UNEXPECTED 
2016-11-04 16:48:17 WORKER EXIT UNEXPECTED 
2016-11-04 16:48:17 WORKER EXIT UNEXPECTED 
2016-11-04 16:48:17 WORKER EXIT UNEXPECTED 
2016-11-04 16:48:17 WORKER EXIT UNEXPECTED 
2016-11-04 16:48:17 WORKER EXIT UNEXPECTED 
2016-11-04 16:48:17 WORKER EXIT UNEXPECTED 
2016-11-04 16:48:17 WORKER EXIT UNEXPECTED 
2016-11-04 16:48:17 WORKER EXIT UNEXPECTED 
2016-11-04 16:48:17 WORKER EXIT UNEXPECTED 
2016-11-04 16:48:17 WORKER EXIT UNEXPECTED 
2016-11-04 16:48:17 WORKER EXIT UNEXPECTED 
2016-11-04 16:48:17 WORKER EXIT UNEXPECTED 
2016-11-04 16:48:17 WORKER EXIT UNEXPECTED 
2016-11-04 16:48:17 WORKER EXIT UNEXPECTED 
2016-11-04 16:48:17 WORKER EXIT UNEXPECTED 
2016-11-04 16:48:17 WORKER EXIT UNEXPECTED 
2016-11-04 16:48:17 WORKER EXIT UNEXPECTED 
2016-11-04 16:48:17 WORKER EXIT UNEXPECTED 
2016-11-04 16:48:17 WORKER EXIT UNEXPECTED 
2016-11-04 16:48:17 WORKER EXIT UNEXPECTED 
2016-11-04 16:48:17 WORKER EXIT UNEXPECTED 
2016-11-04 16:48:17 WORKER EXIT UNEXPECTED 
2016-11-04 16:48:17 WORKER EXIT UNEXPECTED 
2016-11-04 16:48:17 WORKER EXIT UNEXPECTED 
2016-11-04 16:48:17 WORKER EXIT UNEXPECTED 
2016-11-04 16:48:18 WORKER EXIT UNEXPECTED 
2016-11-04 16:48:18 WORKER EXIT UNEXPECTED 
2016-11-04 16:48:18 WORKER EXIT UNEXPECTED 
2016-11-04 16:48:18 WORKER EXIT UNEXPECTED 
2016-11-04 16:48:18 WORKER EXIT UNEXPECTED 
2016-11-04 16:48:18 WORKER EXIT UNEXPECTED 
2016-11-04 16:48:18 WORKER EXIT UNEXPECTED 
2016-11-04 16:48:18 Workerman[cli.php] Stopping ...
2016-11-04 16:48:18 WORKER EXIT UNEXPECTED 
2016-11-04 16:48:18 WORKER EXIT UNEXPECTED 
2016-11-04 16:48:18 WORKER EXIT UNEXPECTED 
2016-11-04 16:48:18 WORKER EXIT UNEXPECTED 
2016-11-08 09:21:26 Workerman[cli.php] start in DEBUG mode
2016-11-08 09:21:26 Class \Services\BailService\BailServiceProcessor not found
2016-11-08 09:21:26 Class \Services\BailService\BailServiceProcessor not found
2016-11-08 09:21:26 Class \Services\BailService\BailServiceProcessor not found
2016-11-08 09:21:26 Class \Services\BailService\BailServiceProcessor not found
2016-11-08 09:21:28 Workerman[cli.php] Stopping ...
2016-11-08 09:21:28 Workerman[cli.php] has been stopped
2016-11-08 09:23:34 Workerman[cli.php] start in DEBUG mode
2016-11-08 09:23:34 Class \Services\BailService\BailServiceProcessor not found
2016-11-08 09:23:34 Class \Services\BailService\BailServiceProcessor not found
2016-11-08 09:23:34 Class \Services\BailService\BailServiceProcessor not found
2016-11-08 09:23:34 Class \Services\BailService\BailServiceProcessor not found
2016-11-08 09:23:34 Class \Services\BailService\BailServiceProcessor not found
2016-11-08 09:23:34 Class \Services\BailService\BailServiceProcessor not found
2016-11-08 09:23:36 Workerman[cli.php] Stopping ...
2016-11-08 09:23:36 Workerman[cli.php] has been stopped
2016-11-08 10:43:46 Workerman[cli.php] start in DEBUG mode
2016-11-08 10:43:46 Class \Services\BailService\BailServiceProcessor not found
2016-11-08 10:43:46 Class \Services\BailService\BailServiceProcessor not found
2016-11-08 10:43:46 Class \Services\BailService\BailServiceProcessor not found
2016-11-08 10:43:46 Class \Services\BailService\BailServiceProcessor not found
2016-11-08 10:43:46 Class \Services\BailService\BailServiceProcessor not found
2016-11-08 10:43:46 Class \Services\BailService\BailServiceProcessor not found
2016-11-08 10:43:46 Class \Services\BailService\BailServiceProcessor not found
2016-11-08 10:43:48 Workerman[cli.php] Stopping ...
2016-11-08 10:43:48 Workerman[cli.php] has been stopped
2016-11-08 10:46:32 Workerman[cli.php] start in DEBUG mode
2016-11-08 10:46:32 Class \Thrift\Service\HelloWorld not found
2016-11-08 10:46:32 Class \Thrift\Service\HelloWorld not found
2016-11-08 10:46:32 Class \Thrift\Service\HelloWorld not found
2016-11-08 10:46:32 Class \Thrift\Service\HelloWorld not found
2016-11-08 10:46:32 Class \Thrift\Service\HelloWorld not found
2016-11-08 10:46:32 Class \Thrift\Service\HelloWorld not found
2016-11-08 10:46:32 Class \Thrift\Service\HelloWorld not found
2016-11-08 10:46:34 Workerman[cli.php] Stopping ...
2016-11-08 10:46:34 Workerman[cli.php] has been stopped
2016-11-08 10:47:15 Workerman[cli.php] start in DEBUG mode
2016-11-08 10:47:15 Class \Thrift\Service\HelloWorld not found
2016-11-08 11:22:03 Workerman[cli.php] start in DEBUG mode
2016-11-08 11:26:12 Workerman[cli.php] Stopping ...
2016-11-08 11:26:12 Workerman[cli.php] has been stopped
2016-11-08 11:30:07 Workerman[cli.php] start in DEBUG mode
2016-11-08 11:30:07 Class \Services\BailService\BailServiceHandler not found
