Worker start...
Worker stopping...
Worker start...
exception 'RedisException' with message 'read error on connection' in /home/vagrant/www/weaver-crawler/Cli/Common/Org/PhpRedis.class.php:95
Stack trace:
#0 /home/vagrant/www/weaver-crawler/Cli/Common/Org/PhpRedis.class.php(95): Redis->lPush('list_crawler_yx...', '{"auction_id":1...')
#1 /home/vagrant/www/weaver-crawler/Cli/Crawler/Service/YouxinpaiService.class.php(45): Common\Org\PhpRedis->lPush('list_crawler_yx...', '{"auction_id":1...')
#2 /home/vagrant/www/weaver-crawler/Cli/Crawler/Controller/YouxinpaiController.class.php(95): Crawler\Service\YouxinpaiService->addCrawlerTask()
#3 [internal function]: Crawler\Controller\YouxinpaiController->Crawler\Controller\{closure}()
#4 /home/vagrant/www/weaver-crawler/Cli/Org/Workerman/Events/Libevent.php(171): call_user_func_array(Object(Closure), Array)
#5 [internal function]: Workerman\Events\Libevent->timerCallback(Resource id #0, 1, 71)
#6 /home/vagrant/www/weaver-crawler/Cli/Org/Workerman/Events/Libevent.php(200): event_base_loop(Resource id #58)
#7 /home/vagrant/www/weaver-crawler/Cli/Org/Workerman/Worker.php(1479): Workerman\Events\Libevent->loop()
#8 /home/vagrant/www/weaver-crawler/Cli/Org/Workerman/Worker.php(907): Workerman\Worker->run()
#9 /home/vagrant/www/weaver-crawler/Cli/Org/Workerman/Worker.php(873): Workerman\Worker::forkOneWorker(Object(Workerman\Worker))
#10 /home/vagrant/www/weaver-crawler/Cli/Org/Workerman/Worker.php(422): Workerman\Worker::forkWorkers()
#11 /home/vagrant/www/weaver-crawler/Cli/Crawler/Controller/YouxinpaiController.class.php(116): Workerman\Worker::runAll()
#12 [internal function]: Crawler\Controller\YouxinpaiController->getCrawlerTask()
#13 /home/vagrant/www/weaver-crawler/ThinkPHP/Library/Think/App.class.php(173): ReflectionMethod->invoke(Object(Crawler\Controller\YouxinpaiController))
#14 /home/vagrant/www/weaver-crawler/ThinkPHP/Library/Think/App.class.php(110): Think\App::invokeAction(Object(Crawler\Controller\YouxinpaiController), 'getCrawlerTask')
#15 /home/vagrant/www/weaver-crawler/ThinkPHP/Library/Think/App.class.php(204): Think\App::exec()
#16 /home/vagrant/www/weaver-crawler/ThinkPHP/Library/Think/Think.class.php(120): Think\App::run()
#17 /home/vagrant/www/weaver-crawler/ThinkPHP/ThinkPHP.php(94): Think\Think::start()
#18 /home/vagrant/www/weaver-crawler/cli.php(49): require('/home/vagrant/w...')
#19 {main}Worker start...
exception 'RedisException' with message 'read error on connection' in /home/vagrant/www/weaver-crawler/Cli/Common/Org/PhpRedis.class.php:95
Stack trace:
#0 /home/vagrant/www/weaver-crawler/Cli/Common/Org/PhpRedis.class.php(95): Redis->lPush('list_crawler_yx...', '{"auction_id":1...')
#1 /home/vagrant/www/weaver-crawler/Cli/Crawler/Service/YouxinpaiService.class.php(45): Common\Org\PhpRedis->lPush('list_crawler_yx...', '{"auction_id":1...')
#2 /home/vagrant/www/weaver-crawler/Cli/Crawler/Controller/YouxinpaiController.class.php(95): Crawler\Service\YouxinpaiService->addCrawlerTask()
#3 [internal function]: Crawler\Controller\YouxinpaiController->Crawler\Controller\{closure}()
#4 /home/vagrant/www/weaver-crawler/Cli/Org/Workerman/Events/Libevent.php(171): call_user_func_array(Object(Closure), Array)
#5 [internal function]: Workerman\Events\Libevent->timerCallback(Resource id #0, 1, 81)
#6 /home/vagrant/www/weaver-crawler/Cli/Org/Workerman/Events/Libevent.php(200): event_base_loop(Resource id #68)
#7 /home/vagrant/www/weaver-crawler/Cli/Org/Workerman/Worker.php(1479): Workerman\Events\Libevent->loop()
#8 /home/vagrant/www/weaver-crawler/Cli/Org/Workerman/Worker.php(907): Workerman\Worker->run()
#9 /home/vagrant/www/weaver-crawler/Cli/Org/Workerman/Worker.php(873): Workerman\Worker::forkOneWorker(Object(Workerman\Worker))
#10 /home/vagrant/www/weaver-crawler/Cli/Org/Workerman/Worker.php(1025): Workerman\Worker::forkWorkers()
#11 /home/vagrant/www/weaver-crawler/Cli/Org/Workerman/Worker.php(425): Workerman\Worker::monitorWorkers()
#12 /home/vagrant/www/weaver-crawler/Cli/Crawler/Controller/YouxinpaiController.class.php(116): Workerman\Worker::runAll()
#13 [internal function]: Crawler\Controller\YouxinpaiController->getCrawlerTask()
#14 /home/vagrant/www/weaver-crawler/ThinkPHP/Library/Think/App.class.php(173): ReflectionMethod->invoke(Object(Crawler\Controller\YouxinpaiController))
#15 /home/vagrant/www/weaver-crawler/ThinkPHP/Library/Think/App.class.php(110): Think\App::invokeAction(Object(Crawler\Controller\YouxinpaiController), 'getCrawlerTask')
#16 /home/vagrant/www/weaver-crawler/ThinkPHP/Library/Think/App.class.php(204): Think\App::exec()
#17 /home/vagrant/www/weaver-crawler/ThinkPHP/Library/Think/Think.class.php(120): Think\App::run()
#18 /home/vagrant/www/weaver-crawler/ThinkPHP/ThinkPHP.php(94): Think\Think::start()
#19 /home/vagrant/www/weaver-crawler/cli.php(49): require('/home/vagrant/w...')
#20 {main}Worker start...
exception 'RedisException' with message 'read error on connection' in /home/vagrant/www/weaver-crawler/Cli/Common/Org/PhpRedis.class.php:95
Stack trace:
#0 /home/vagrant/www/weaver-crawler/Cli/Common/Org/PhpRedis.class.php(95): Redis->lPush('list_crawler_yx...', '{"auction_id":1...')
#1 /home/vagrant/www/weaver-crawler/Cli/Crawler/Service/YouxinpaiService.class.php(45): Common\Org\PhpRedis->lPush('list_crawler_yx...', '{"auction_id":1...')
#2 /home/vagrant/www/weaver-crawler/Cli/Crawler/Controller/YouxinpaiController.class.php(95): Crawler\Service\YouxinpaiService->addCrawlerTask()
#3 [internal function]: Crawler\Controller\YouxinpaiController->Crawler\Controller\{closure}()
#4 /home/vagrant/www/weaver-crawler/Cli/Org/Workerman/Events/Libevent.php(171): call_user_func_array(Object(Closure), Array)
#5 [internal function]: Workerman\Events\Libevent->timerCallback(Resource id #0, 1, 82)
#6 /home/vagrant/www/weaver-crawler/Cli/Org/Workerman/Events/Libevent.php(200): event_base_loop(Resource id #69)
#7 /home/vagrant/www/weaver-crawler/Cli/Org/Workerman/Worker.php(1479): Workerman\Events\Libevent->loop()
#8 /home/vagrant/www/weaver-crawler/Cli/Org/Workerman/Worker.php(907): Workerman\Worker->run()
#9 /home/vagrant/www/weaver-crawler/Cli/Org/Workerman/Worker.php(873): Workerman\Worker::forkOneWorker(Object(Workerman\Worker))
#10 /home/vagrant/www/weaver-crawler/Cli/Org/Workerman/Worker.php(1025): Workerman\Worker::forkWorkers()
#11 /home/vagrant/www/weaver-crawler/Cli/Org/Workerman/Worker.php(425): Workerman\Worker::monitorWorkers()
#12 /home/vagrant/www/weaver-crawler/Cli/Crawler/Controller/YouxinpaiController.class.php(116): Workerman\Worker::runAll()
#13 [internal function]: Crawler\Controller\YouxinpaiController->getCrawlerTask()
#14 /home/vagrant/www/weaver-crawler/ThinkPHP/Library/Think/App.class.php(173): ReflectionMethod->invoke(Object(Crawler\Controller\YouxinpaiController))
#15 /home/vagrant/www/weaver-crawler/ThinkPHP/Library/Think/App.class.php(110): Think\App::invokeAction(Object(Crawler\Controller\YouxinpaiController), 'getCrawlerTask')
#16 /home/vagrant/www/weaver-crawler/ThinkPHP/Library/Think/App.class.php(204): Think\App::exec()
#17 /home/vagrant/www/weaver-crawler/ThinkPHP/Library/Think/Think.class.php(120): Think\App::run()
#18 /home/vagrant/www/weaver-crawler/ThinkPHP/ThinkPHP.php(94): Think\Think::start()
#19 /home/vagrant/www/weaver-crawler/cli.php(49): require('/home/vagrant/w...')
#20 {main}Worker start...
exception 'RedisException' with message 'read error on connection' in /home/vagrant/www/weaver-crawler/Cli/Common/Org/PhpRedis.class.php:95
Stack trace:
#0 /home/vagrant/www/weaver-crawler/Cli/Common/Org/PhpRedis.class.php(95): Redis->lPush('list_crawler_yx...', '{"auction_id":1...')
#1 /home/vagrant/www/weaver-crawler/Cli/Crawler/Service/YouxinpaiService.class.php(45): Common\Org\PhpRedis->lPush('list_crawler_yx...', '{"auction_id":1...')
#2 /home/vagrant/www/weaver-crawler/Cli/Crawler/Controller/YouxinpaiController.class.php(95): Crawler\Service\YouxinpaiService->addCrawlerTask()
#3 [internal function]: Crawler\Controller\YouxinpaiController->Crawler\Controller\{closure}()
#4 /home/vagrant/www/weaver-crawler/Cli/Org/Workerman/Events/Libevent.php(171): call_user_func_array(Object(Closure), Array)
#5 [internal function]: Workerman\Events\Libevent->timerCallback(Resource id #0, 1, 83)
#6 /home/vagrant/www/weaver-crawler/Cli/Org/Workerman/Events/Libevent.php(200): event_base_loop(Resource id #70)
#7 /home/vagrant/www/weaver-crawler/Cli/Org/Workerman/Worker.php(1479): Workerman\Events\Libevent->loop()
#8 /home/vagrant/www/weaver-crawler/Cli/Org/Workerman/Worker.php(907): Workerman\Worker->run()
#9 /home/vagrant/www/weaver-crawler/Cli/Org/Workerman/Worker.php(873): Workerman\Worker::forkOneWorker(Object(Workerman\Worker))
#10 /home/vagrant/www/weaver-crawler/Cli/Org/Workerman/Worker.php(1025): Workerman\Worker::forkWorkers()
#11 /home/vagrant/www/weaver-crawler/Cli/Org/Workerman/Worker.php(425): Workerman\Worker::monitorWorkers()
#12 /home/vagrant/www/weaver-crawler/Cli/Crawler/Controller/YouxinpaiController.class.php(116): Workerman\Worker::runAll()
#13 [internal function]: Crawler\Controller\YouxinpaiController->getCrawlerTask()
#14 /home/vagrant/www/weaver-crawler/ThinkPHP/Library/Think/App.class.php(173): ReflectionMethod->invoke(Object(Crawler\Controller\YouxinpaiController))
#15 /home/vagrant/www/weaver-crawler/ThinkPHP/Library/Think/App.class.php(110): Think\App::invokeAction(Object(Crawler\Controller\YouxinpaiController), 'getCrawlerTask')
#16 /home/vagrant/www/weaver-crawler/ThinkPHP/Library/Think/App.class.php(204): Think\App::exec()
#17 /home/vagrant/www/weaver-crawler/ThinkPHP/Library/Think/Think.class.php(120): Think\App::run()
#18 /home/vagrant/www/weaver-crawler/ThinkPHP/ThinkPHP.php(94): Think\Think::start()
#19 /home/vagrant/www/weaver-crawler/cli.php(49): require('/home/vagrant/w...')
#20 {main}Worker start...
exception 'RedisException' with message 'read error on connection' in /home/vagrant/www/weaver-crawler/Cli/Common/Org/PhpRedis.class.php:95
Stack trace:
#0 /home/vagrant/www/weaver-crawler/Cli/Common/Org/PhpRedis.class.php(95): Redis->lPush('list_crawler_yx...', '{"auction_id":1...')
#1 /home/vagrant/www/weaver-crawler/Cli/Crawler/Service/YouxinpaiService.class.php(45): Common\Org\PhpRedis->lPush('list_crawler_yx...', '{"auction_id":1...')
#2 /home/vagrant/www/weaver-crawler/Cli/Crawler/Controller/YouxinpaiController.class.php(95): Crawler\Service\YouxinpaiService->addCrawlerTask()
#3 [internal function]: Crawler\Controller\YouxinpaiController->Crawler\Controller\{closure}()
#4 /home/vagrant/www/weaver-crawler/Cli/Org/Workerman/Events/Libevent.php(171): call_user_func_array(Object(Closure), Array)
#5 [internal function]: Workerman\Events\Libevent->timerCallback(Resource id #0, 1, 84)
#6 /home/vagrant/www/weaver-crawler/Cli/Org/Workerman/Events/Libevent.php(200): event_base_loop(Resource id #71)
#7 /home/vagrant/www/weaver-crawler/Cli/Org/Workerman/Worker.php(1479): Workerman\Events\Libevent->loop()
#8 /home/vagrant/www/weaver-crawler/Cli/Org/Workerman/Worker.php(907): Workerman\Worker->run()
#9 /home/vagrant/www/weaver-crawler/Cli/Org/Workerman/Worker.php(873): Workerman\Worker::forkOneWorker(Object(Workerman\Worker))
#10 /home/vagrant/www/weaver-crawler/Cli/Org/Workerman/Worker.php(1025): Workerman\Worker::forkWorkers()
#11 /home/vagrant/www/weaver-crawler/Cli/Org/Workerman/Worker.php(425): Workerman\Worker::monitorWorkers()
#12 /home/vagrant/www/weaver-crawler/Cli/Crawler/Controller/YouxinpaiController.class.php(116): Workerman\Worker::runAll()
#13 [internal function]: Crawler\Controller\YouxinpaiController->getCrawlerTask()
#14 /home/vagrant/www/weaver-crawler/ThinkPHP/Library/Think/App.class.php(173): ReflectionMethod->invoke(Object(Crawler\Controller\YouxinpaiController))
#15 /home/vagrant/www/weaver-crawler/ThinkPHP/Library/Think/App.class.php(110): Think\App::invokeAction(Object(Crawler\Controller\YouxinpaiController), 'getCrawlerTask')
#16 /home/vagrant/www/weaver-crawler/ThinkPHP/Library/Think/App.class.php(204): Think\App::exec()
#17 /home/vagrant/www/weaver-crawler/ThinkPHP/Library/Think/Think.class.php(120): Think\App::run()
#18 /home/vagrant/www/weaver-crawler/ThinkPHP/ThinkPHP.php(94): Think\Think::start()
#19 /home/vagrant/www/weaver-crawler/cli.php(49): require('/home/vagrant/w...')
#20 {main}Worker start...
exception 'RedisException' with message 'read error on connection' in /home/vagrant/www/weaver-crawler/Cli/Common/Org/PhpRedis.class.php:95
Stack trace:
#0 /home/vagrant/www/weaver-crawler/Cli/Common/Org/PhpRedis.class.php(95): Redis->lPush('list_crawler_yx...', '{"auction_id":1...')
#1 /home/vagrant/www/weaver-crawler/Cli/Crawler/Service/YouxinpaiService.class.php(45): Common\Org\PhpRedis->lPush('list_crawler_yx...', '{"auction_id":1...')
#2 /home/vagrant/www/weaver-crawler/Cli/Crawler/Controller/YouxinpaiController.class.php(95): Crawler\Service\YouxinpaiService->addCrawlerTask()
#3 [internal function]: Crawler\Controller\YouxinpaiController->Crawler\Controller\{closure}()
#4 /home/vagrant/www/weaver-crawler/Cli/Org/Workerman/Events/Libevent.php(171): call_user_func_array(Object(Closure), Array)
#5 [internal function]: Workerman\Events\Libevent->timerCallback(Resource id #0, 1, 85)
#6 /home/vagrant/www/weaver-crawler/Cli/Org/Workerman/Events/Libevent.php(200): event_base_loop(Resource id #72)
#7 /home/vagrant/www/weaver-crawler/Cli/Org/Workerman/Worker.php(1479): Workerman\Events\Libevent->loop()
#8 /home/vagrant/www/weaver-crawler/Cli/Org/Workerman/Worker.php(907): Workerman\Worker->run()
#9 /home/vagrant/www/weaver-crawler/Cli/Org/Workerman/Worker.php(873): Workerman\Worker::forkOneWorker(Object(Workerman\Worker))
#10 /home/vagrant/www/weaver-crawler/Cli/Org/Workerman/Worker.php(1025): Workerman\Worker::forkWorkers()
#11 /home/vagrant/www/weaver-crawler/Cli/Org/Workerman/Worker.php(425): Workerman\Worker::monitorWorkers()
#12 /home/vagrant/www/weaver-crawler/Cli/Crawler/Controller/YouxinpaiController.class.php(116): Workerman\Worker::runAll()
#13 [internal function]: Crawler\Controller\YouxinpaiController->getCrawlerTask()
#14 /home/vagrant/www/weaver-crawler/ThinkPHP/Library/Think/App.class.php(173): ReflectionMethod->invoke(Object(Crawler\Controller\YouxinpaiController))
#15 /home/vagrant/www/weaver-crawler/ThinkPHP/Library/Think/App.class.php(110): Think\App::invokeAction(Object(Crawler\Controller\YouxinpaiController), 'getCrawlerTask')
#16 /home/vagrant/www/weaver-crawler/ThinkPHP/Library/Think/App.class.php(204): Think\App::exec()
#17 /home/vagrant/www/weaver-crawler/ThinkPHP/Library/Think/Think.class.php(120): Think\App::run()
#18 /home/vagrant/www/weaver-crawler/ThinkPHP/ThinkPHP.php(94): Think\Think::start()
#19 /home/vagrant/www/weaver-crawler/cli.php(49): require('/home/vagrant/w...')
#20 {main}Worker start...
exception 'RedisException' with message 'read error on connection' in /home/vagrant/www/weaver-crawler/Cli/Common/Org/PhpRedis.class.php:95
Stack trace:
#0 /home/vagrant/www/weaver-crawler/Cli/Common/Org/PhpRedis.class.php(95): Redis->lPush('list_crawler_yx...', '{"auction_id":1...')
#1 /home/vagrant/www/weaver-crawler/Cli/Crawler/Service/YouxinpaiService.class.php(45): Common\Org\PhpRedis->lPush('list_crawler_yx...', '{"auction_id":1...')
#2 /home/vagrant/www/weaver-crawler/Cli/Crawler/Controller/YouxinpaiController.class.php(95): Crawler\Service\YouxinpaiService->addCrawlerTask()
#3 [internal function]: Crawler\Controller\YouxinpaiController->Crawler\Controller\{closure}()
#4 /home/vagrant/www/weaver-crawler/Cli/Org/Workerman/Events/Libevent.php(171): call_user_func_array(Object(Closure), Array)
#5 [internal function]: Workerman\Events\Libevent->timerCallback(Resource id #0, 1, 86)
#6 /home/vagrant/www/weaver-crawler/Cli/Org/Workerman/Events/Libevent.php(200): event_base_loop(Resource id #73)
#7 /home/vagrant/www/weaver-crawler/Cli/Org/Workerman/Worker.php(1479): Workerman\Events\Libevent->loop()
#8 /home/vagrant/www/weaver-crawler/Cli/Org/Workerman/Worker.php(907): Workerman\Worker->run()
#9 /home/vagrant/www/weaver-crawler/Cli/Org/Workerman/Worker.php(873): Workerman\Worker::forkOneWorker(Object(Workerman\Worker))
#10 /home/vagrant/www/weaver-crawler/Cli/Org/Workerman/Worker.php(1025): Workerman\Worker::forkWorkers()
#11 /home/vagrant/www/weaver-crawler/Cli/Org/Workerman/Worker.php(425): Workerman\Worker::monitorWorkers()
#12 /home/vagrant/www/weaver-crawler/Cli/Crawler/Controller/YouxinpaiController.class.php(116): Workerman\Worker::runAll()
#13 [internal function]: Crawler\Controller\YouxinpaiController->getCrawlerTask()
#14 /home/vagrant/www/weaver-crawler/ThinkPHP/Library/Think/App.class.php(173): ReflectionMethod->invoke(Object(Crawler\Controller\YouxinpaiController))
#15 /home/vagrant/www/weaver-crawler/ThinkPHP/Library/Think/App.class.php(110): Think\App::invokeAction(Object(Crawler\Controller\YouxinpaiController), 'getCrawlerTask')
#16 /home/vagrant/www/weaver-crawler/ThinkPHP/Library/Think/App.class.php(204): Think\App::exec()
#17 /home/vagrant/www/weaver-crawler/ThinkPHP/Library/Think/Think.class.php(120): Think\App::run()
#18 /home/vagrant/www/weaver-crawler/ThinkPHP/ThinkPHP.php(94): Think\Think::start()
#19 /home/vagrant/www/weaver-crawler/cli.php(49): require('/home/vagrant/w...')
#20 {main}Worker start...
exception 'RedisException' with message 'read error on connection' in /home/vagrant/www/weaver-crawler/Cli/Common/Org/PhpRedis.class.php:95
Stack trace:
#0 /home/vagrant/www/weaver-crawler/Cli/Common/Org/PhpRedis.class.php(95): Redis->lPush('list_crawler_yx...', '{"auction_id":1...')
#1 /home/vagrant/www/weaver-crawler/Cli/Crawler/Service/YouxinpaiService.class.php(45): Common\Org\PhpRedis->lPush('list_crawler_yx...', '{"auction_id":1...')
#2 /home/vagrant/www/weaver-crawler/Cli/Crawler/Controller/YouxinpaiController.class.php(95): Crawler\Service\YouxinpaiService->addCrawlerTask()
#3 [internal function]: Crawler\Controller\YouxinpaiController->Crawler\Controller\{closure}()
#4 /home/vagrant/www/weaver-crawler/Cli/Org/Workerman/Events/Libevent.php(171): call_user_func_array(Object(Closure), Array)
#5 [internal function]: Workerman\Events\Libevent->timerCallback(Resource id #0, 1, 87)
#6 /home/vagrant/www/weaver-crawler/Cli/Org/Workerman/Events/Libevent.php(200): event_base_loop(Resource id #74)
#7 /home/vagrant/www/weaver-crawler/Cli/Org/Workerman/Worker.php(1479): Workerman\Events\Libevent->loop()
#8 /home/vagrant/www/weaver-crawler/Cli/Org/Workerman/Worker.php(907): Workerman\Worker->run()
#9 /home/vagrant/www/weaver-crawler/Cli/Org/Workerman/Worker.php(873): Workerman\Worker::forkOneWorker(Object(Workerman\Worker))
#10 /home/vagrant/www/weaver-crawler/Cli/Org/Workerman/Worker.php(1025): Workerman\Worker::forkWorkers()
#11 /home/vagrant/www/weaver-crawler/Cli/Org/Workerman/Worker.php(425): Workerman\Worker::monitorWorkers()
#12 /home/vagrant/www/weaver-crawler/Cli/Crawler/Controller/YouxinpaiController.class.php(116): Workerman\Worker::runAll()
#13 [internal function]: Crawler\Controller\YouxinpaiController->getCrawlerTask()
#14 /home/vagrant/www/weaver-crawler/ThinkPHP/Library/Think/App.class.php(173): ReflectionMethod->invoke(Object(Crawler\Controller\YouxinpaiController))
#15 /home/vagrant/www/weaver-crawler/ThinkPHP/Library/Think/App.class.php(110): Think\App::invokeAction(Object(Crawler\Controller\YouxinpaiController), 'getCrawlerTask')
#16 /home/vagrant/www/weaver-crawler/ThinkPHP/Library/Think/App.class.php(204): Think\App::exec()
#17 /home/vagrant/www/weaver-crawler/ThinkPHP/Library/Think/Think.class.php(120): Think\App::run()
#18 /home/vagrant/www/weaver-crawler/ThinkPHP/ThinkPHP.php(94): Think\Think::start()
#19 /home/vagrant/www/weaver-crawler/cli.php(49): require('/home/vagrant/w...')
#20 {main}Worker start...
exception 'RedisException' with message 'read error on connection' in /home/vagrant/www/weaver-crawler/Cli/Common/Org/PhpRedis.class.php:95
Stack trace:
#0 /home/vagrant/www/weaver-crawler/Cli/Common/Org/PhpRedis.class.php(95): Redis->lPush('list_crawler_yx...', '{"auction_id":1...')
#1 /home/vagrant/www/weaver-crawler/Cli/Crawler/Service/YouxinpaiService.class.php(45): Common\Org\PhpRedis->lPush('list_crawler_yx...', '{"auction_id":1...')
#2 /home/vagrant/www/weaver-crawler/Cli/Crawler/Controller/YouxinpaiController.class.php(95): Crawler\Service\YouxinpaiService->addCrawlerTask()
#3 [internal function]: Crawler\Controller\YouxinpaiController->Crawler\Controller\{closure}()
#4 /home/vagrant/www/weaver-crawler/Cli/Org/Workerman/Events/Libevent.php(171): call_user_func_array(Object(Closure), Array)
#5 [internal function]: Workerman\Events\Libevent->timerCallback(Resource id #0, 1, 88)
#6 /home/vagrant/www/weaver-crawler/Cli/Org/Workerman/Events/Libevent.php(200): event_base_loop(Resource id #75)
#7 /home/vagrant/www/weaver-crawler/Cli/Org/Workerman/Worker.php(1479): Workerman\Events\Libevent->loop()
#8 /home/vagrant/www/weaver-crawler/Cli/Org/Workerman/Worker.php(907): Workerman\Worker->run()
#9 /home/vagrant/www/weaver-crawler/Cli/Org/Workerman/Worker.php(873): Workerman\Worker::forkOneWorker(Object(Workerman\Worker))
#10 /home/vagrant/www/weaver-crawler/Cli/Org/Workerman/Worker.php(1025): Workerman\Worker::forkWorkers()
#11 /home/vagrant/www/weaver-crawler/Cli/Org/Workerman/Worker.php(425): Workerman\Worker::monitorWorkers()
#12 /home/vagrant/www/weaver-crawler/Cli/Crawler/Controller/YouxinpaiController.class.php(116): Workerman\Worker::runAll()
#13 [internal function]: Crawler\Controller\YouxinpaiController->getCrawlerTask()
#14 /home/vagrant/www/weaver-crawler/ThinkPHP/Library/Think/App.class.php(173): ReflectionMethod->invoke(Object(Crawler\Controller\YouxinpaiController))
#15 /home/vagrant/www/weaver-crawler/ThinkPHP/Library/Think/App.class.php(110): Think\App::invokeAction(Object(Crawler\Controller\YouxinpaiController), 'getCrawlerTask')
#16 /home/vagrant/www/weaver-crawler/ThinkPHP/Library/Think/App.class.php(204): Think\App::exec()
#17 /home/vagrant/www/weaver-crawler/ThinkPHP/Library/Think/Think.class.php(120): Think\App::run()
#18 /home/vagrant/www/weaver-crawler/ThinkPHP/ThinkPHP.php(94): Think\Think::start()
#19 /home/vagrant/www/weaver-crawler/cli.php(49): require('/home/vagrant/w...')
#20 {main}Worker start...
exception 'RedisException' with message 'read error on connection' in /home/vagrant/www/weaver-crawler/Cli/Common/Org/PhpRedis.class.php:95
Stack trace:
#0 /home/vagrant/www/weaver-crawler/Cli/Common/Org/PhpRedis.class.php(95): Redis->lPush('list_crawler_yx...', '{"auction_id":1...')
#1 /home/vagrant/www/weaver-crawler/Cli/Crawler/Service/YouxinpaiService.class.php(45): Common\Org\PhpRedis->lPush('list_crawler_yx...', '{"auction_id":1...')
#2 /home/vagrant/www/weaver-crawler/Cli/Crawler/Controller/YouxinpaiController.class.php(95): Crawler\Service\YouxinpaiService->addCrawlerTask()
#3 [internal function]: Crawler\Controller\YouxinpaiController->Crawler\Controller\{closure}()
#4 /home/vagrant/www/weaver-crawler/Cli/Org/Workerman/Events/Libevent.php(171): call_user_func_array(Object(Closure), Array)
#5 [internal function]: Workerman\Events\Libevent->timerCallback(Resource id #0, 1, 89)
#6 /home/vagrant/www/weaver-crawler/Cli/Org/Workerman/Events/Libevent.php(200): event_base_loop(Resource id #76)
#7 /home/vagrant/www/weaver-crawler/Cli/Org/Workerman/Worker.php(1479): Workerman\Events\Libevent->loop()
#8 /home/vagrant/www/weaver-crawler/Cli/Org/Workerman/Worker.php(907): Workerman\Worker->run()
#9 /home/vagrant/www/weaver-crawler/Cli/Org/Workerman/Worker.php(873): Workerman\Worker::forkOneWorker(Object(Workerman\Worker))
#10 /home/vagrant/www/weaver-crawler/Cli/Org/Workerman/Worker.php(1025): Workerman\Worker::forkWorkers()
#11 /home/vagrant/www/weaver-crawler/Cli/Org/Workerman/Worker.php(425): Workerman\Worker::monitorWorkers()
#12 /home/vagrant/www/weaver-crawler/Cli/Crawler/Controller/YouxinpaiController.class.php(116): Workerman\Worker::runAll()
#13 [internal function]: Crawler\Controller\YouxinpaiController->getCrawlerTask()
#14 /home/vagrant/www/weaver-crawler/ThinkPHP/Library/Think/App.class.php(173): ReflectionMethod->invoke(Object(Crawler\Controller\YouxinpaiController))
#15 /home/vagrant/www/weaver-crawler/ThinkPHP/Library/Think/App.class.php(110): Think\App::invokeAction(Object(Crawler\Controller\YouxinpaiController), 'getCrawlerTask')
#16 /home/vagrant/www/weaver-crawler/ThinkPHP/Library/Think/App.class.php(204): Think\App::exec()
#17 /home/vagrant/www/weaver-crawler/ThinkPHP/Library/Think/Think.class.php(120): Think\App::run()
#18 /home/vagrant/www/weaver-crawler/ThinkPHP/ThinkPHP.php(94): Think\Think::start()
#19 /home/vagrant/www/weaver-crawler/cli.php(49): require('/home/vagrant/w...')
#20 {main}Worker start...
exception 'RedisException' with message 'read error on connection' in /home/vagrant/www/weaver-crawler/Cli/Common/Org/PhpRedis.class.php:95
Stack trace:
#0 /home/vagrant/www/weaver-crawler/Cli/Common/Org/PhpRedis.class.php(95): Redis->lPush('list_crawler_yx...', '{"auction_id":1...')
#1 /home/vagrant/www/weaver-crawler/Cli/Crawler/Service/YouxinpaiService.class.php(45): Common\Org\PhpRedis->lPush('list_crawler_yx...', '{"auction_id":1...')
#2 /home/vagrant/www/weaver-crawler/Cli/Crawler/Controller/YouxinpaiController.class.php(95): Crawler\Service\YouxinpaiService->addCrawlerTask()
#3 [internal function]: Crawler\Controller\YouxinpaiController->Crawler\Controller\{closure}()
#4 /home/vagrant/www/weaver-crawler/Cli/Org/Workerman/Events/Libevent.php(171): call_user_func_array(Object(Closure), Array)
#5 [internal function]: Workerman\Events\Libevent->timerCallback(Resource id #0, 1, 90)
#6 /home/vagrant/www/weaver-crawler/Cli/Org/Workerman/Events/Libevent.php(200): event_base_loop(Resource id #77)
#7 /home/vagrant/www/weaver-crawler/Cli/Org/Workerman/Worker.php(1479): Workerman\Events\Libevent->loop()
#8 /home/vagrant/www/weaver-crawler/Cli/Org/Workerman/Worker.php(907): Workerman\Worker->run()
#9 /home/vagrant/www/weaver-crawler/Cli/Org/Workerman/Worker.php(873): Workerman\Worker::forkOneWorker(Object(Workerman\Worker))
#10 /home/vagrant/www/weaver-crawler/Cli/Org/Workerman/Worker.php(1025): Workerman\Worker::forkWorkers()
#11 /home/vagrant/www/weaver-crawler/Cli/Org/Workerman/Worker.php(425): Workerman\Worker::monitorWorkers()
#12 /home/vagrant/www/weaver-crawler/Cli/Crawler/Controller/YouxinpaiController.class.php(116): Workerman\Worker::runAll()
#13 [internal function]: Crawler\Controller\YouxinpaiController->getCrawlerTask()
#14 /home/vagrant/www/weaver-crawler/ThinkPHP/Library/Think/App.class.php(173): ReflectionMethod->invoke(Object(Crawler\Controller\YouxinpaiController))
#15 /home/vagrant/www/weaver-crawler/ThinkPHP/Library/Think/App.class.php(110): Think\App::invokeAction(Object(Crawler\Controller\YouxinpaiController), 'getCrawlerTask')
#16 /home/vagrant/www/weaver-crawler/ThinkPHP/Library/Think/App.class.php(204): Think\App::exec()
#17 /home/vagrant/www/weaver-crawler/ThinkPHP/Library/Think/Think.class.php(120): Think\App::run()
#18 /home/vagrant/www/weaver-crawler/ThinkPHP/ThinkPHP.php(94): Think\Think::start()
#19 /home/vagrant/www/weaver-crawler/cli.php(49): require('/home/vagrant/w...')
#20 {main}Worker start...
exception 'RedisException' with message 'read error on connection' in /home/vagrant/www/weaver-crawler/Cli/Common/Org/PhpRedis.class.php:95
Stack trace:
#0 /home/vagrant/www/weaver-crawler/Cli/Common/Org/PhpRedis.class.php(95): Redis->lPush('list_crawler_yx...', '{"auction_id":1...')
#1 /home/vagrant/www/weaver-crawler/Cli/Crawler/Service/YouxinpaiService.class.php(45): Common\Org\PhpRedis->lPush('list_crawler_yx...', '{"auction_id":1...')
#2 /home/vagrant/www/weaver-crawler/Cli/Crawler/Controller/YouxinpaiController.class.php(95): Crawler\Service\YouxinpaiService->addCrawlerTask()
#3 [internal function]: Crawler\Controller\YouxinpaiController->Crawler\Controller\{closure}()
#4 /home/vagrant/www/weaver-crawler/Cli/Org/Workerman/Events/Libevent.php(171): call_user_func_array(Object(Closure), Array)
#5 [internal function]: Workerman\Events\Libevent->timerCallback(Resource id #0, 1, 91)
#6 /home/vagrant/www/weaver-crawler/Cli/Org/Workerman/Events/Libevent.php(200): event_base_loop(Resource id #78)
#7 /home/vagrant/www/weaver-crawler/Cli/Org/Workerman/Worker.php(1479): Workerman\Events\Libevent->loop()
#8 /home/vagrant/www/weaver-crawler/Cli/Org/Workerman/Worker.php(907): Workerman\Worker->run()
#9 /home/vagrant/www/weaver-crawler/Cli/Org/Workerman/Worker.php(873): Workerman\Worker::forkOneWorker(Object(Workerman\Worker))
#10 /home/vagrant/www/weaver-crawler/Cli/Org/Workerman/Worker.php(1025): Workerman\Worker::forkWorkers()
#11 /home/vagrant/www/weaver-crawler/Cli/Org/Workerman/Worker.php(425): Workerman\Worker::monitorWorkers()
#12 /home/vagrant/www/weaver-crawler/Cli/Crawler/Controller/YouxinpaiController.class.php(116): Workerman\Worker::runAll()
#13 [internal function]: Crawler\Controller\YouxinpaiController->getCrawlerTask()
#14 /home/vagrant/www/weaver-crawler/ThinkPHP/Library/Think/App.class.php(173): ReflectionMethod->invoke(Object(Crawler\Controller\YouxinpaiController))
#15 /home/vagrant/www/weaver-crawler/ThinkPHP/Library/Think/App.class.php(110): Think\App::invokeAction(Object(Crawler\Controller\YouxinpaiController), 'getCrawlerTask')
#16 /home/vagrant/www/weaver-crawler/ThinkPHP/Library/Think/App.class.php(204): Think\App::exec()
#17 /home/vagrant/www/weaver-crawler/ThinkPHP/Library/Think/Think.class.php(120): Think\App::run()
#18 /home/vagrant/www/weaver-crawler/ThinkPHP/ThinkPHP.php(94): Think\Think::start()
#19 /home/vagrant/www/weaver-crawler/cli.php(49): require('/home/vagrant/w...')
#20 {main}Worker start...
exception 'RedisException' with message 'read error on connection' in /home/vagrant/www/weaver-crawler/Cli/Common/Org/PhpRedis.class.php:95
Stack trace:
#0 /home/vagrant/www/weaver-crawler/Cli/Common/Org/PhpRedis.class.php(95): Redis->lPush('list_crawler_yx...', '{"auction_id":1...')
#1 /home/vagrant/www/weaver-crawler/Cli/Crawler/Service/YouxinpaiService.class.php(45): Common\Org\PhpRedis->lPush('list_crawler_yx...', '{"auction_id":1...')
#2 /home/vagrant/www/weaver-crawler/Cli/Crawler/Controller/YouxinpaiController.class.php(95): Crawler\Service\YouxinpaiService->addCrawlerTask()
#3 [internal function]: Crawler\Controller\YouxinpaiController->Crawler\Controller\{closure}()
#4 /home/vagrant/www/weaver-crawler/Cli/Org/Workerman/Events/Libevent.php(171): call_user_func_array(Object(Closure), Array)
#5 [internal function]: Workerman\Events\Libevent->timerCallback(Resource id #0, 1, 92)
#6 /home/vagrant/www/weaver-crawler/Cli/Org/Workerman/Events/Libevent.php(200): event_base_loop(Resource id #79)
#7 /home/vagrant/www/weaver-crawler/Cli/Org/Workerman/Worker.php(1479): Workerman\Events\Libevent->loop()
#8 /home/vagrant/www/weaver-crawler/Cli/Org/Workerman/Worker.php(907): Workerman\Worker->run()
#9 /home/vagrant/www/weaver-crawler/Cli/Org/Workerman/Worker.php(873): Workerman\Worker::forkOneWorker(Object(Workerman\Worker))
#10 /home/vagrant/www/weaver-crawler/Cli/Org/Workerman/Worker.php(1025): Workerman\Worker::forkWorkers()
#11 /home/vagrant/www/weaver-crawler/Cli/Org/Workerman/Worker.php(425): Workerman\Worker::monitorWorkers()
#12 /home/vagrant/www/weaver-crawler/Cli/Crawler/Controller/YouxinpaiController.class.php(116): Workerman\Worker::runAll()
#13 [internal function]: Crawler\Controller\YouxinpaiController->getCrawlerTask()
#14 /home/vagrant/www/weaver-crawler/ThinkPHP/Library/Think/App.class.php(173): ReflectionMethod->invoke(Object(Crawler\Controller\YouxinpaiController))
#15 /home/vagrant/www/weaver-crawler/ThinkPHP/Library/Think/App.class.php(110): Think\App::invokeAction(Object(Crawler\Controller\YouxinpaiController), 'getCrawlerTask')
#16 /home/vagrant/www/weaver-crawler/ThinkPHP/Library/Think/App.class.php(204): Think\App::exec()
#17 /home/vagrant/www/weaver-crawler/ThinkPHP/Library/Think/Think.class.php(120): Think\App::run()
#18 /home/vagrant/www/weaver-crawler/ThinkPHP/ThinkPHP.php(94): Think\Think::start()
#19 /home/vagrant/www/weaver-crawler/cli.php(49): require('/home/vagrant/w...')
#20 {main}Worker start...
exception 'RedisException' with message 'read error on connection' in /home/vagrant/www/weaver-crawler/Cli/Common/Org/PhpRedis.class.php:95
Stack trace:
#0 /home/vagrant/www/weaver-crawler/Cli/Common/Org/PhpRedis.class.php(95): Redis->lPush('list_crawler_yx...', '{"auction_id":1...')
#1 /home/vagrant/www/weaver-crawler/Cli/Crawler/Service/YouxinpaiService.class.php(45): Common\Org\PhpRedis->lPush('list_crawler_yx...', '{"auction_id":1...')
#2 /home/vagrant/www/weaver-crawler/Cli/Crawler/Controller/YouxinpaiController.class.php(95): Crawler\Service\YouxinpaiService->addCrawlerTask()
#3 [internal function]: Crawler\Controller\YouxinpaiController->Crawler\Controller\{closure}()
#4 /home/vagrant/www/weaver-crawler/Cli/Org/Workerman/Events/Libevent.php(171): call_user_func_array(Object(Closure), Array)
#5 [internal function]: Workerman\Events\Libevent->timerCallback(Resource id #0, 1, 93)
#6 /home/vagrant/www/weaver-crawler/Cli/Org/Workerman/Events/Libevent.php(200): event_base_loop(Resource id #80)
#7 /home/vagrant/www/weaver-crawler/Cli/Org/Workerman/Worker.php(1479): Workerman\Events\Libevent->loop()
#8 /home/vagrant/www/weaver-crawler/Cli/Org/Workerman/Worker.php(907): Workerman\Worker->run()
#9 /home/vagrant/www/weaver-crawler/Cli/Org/Workerman/Worker.php(873): Workerman\Worker::forkOneWorker(Object(Workerman\Worker))
#10 /home/vagrant/www/weaver-crawler/Cli/Org/Workerman/Worker.php(1025): Workerman\Worker::forkWorkers()
#11 /home/vagrant/www/weaver-crawler/Cli/Org/Workerman/Worker.php(425): Workerman\Worker::monitorWorkers()
#12 /home/vagrant/www/weaver-crawler/Cli/Crawler/Controller/YouxinpaiController.class.php(116): Workerman\Worker::runAll()
#13 [internal function]: Crawler\Controller\YouxinpaiController->getCrawlerTask()
#14 /home/vagrant/www/weaver-crawler/ThinkPHP/Library/Think/App.class.php(173): ReflectionMethod->invoke(Object(Crawler\Controller\YouxinpaiController))
#15 /home/vagrant/www/weaver-crawler/ThinkPHP/Library/Think/App.class.php(110): Think\App::invokeAction(Object(Crawler\Controller\YouxinpaiController), 'getCrawlerTask')
#16 /home/vagrant/www/weaver-crawler/ThinkPHP/Library/Think/App.class.php(204): Think\App::exec()
#17 /home/vagrant/www/weaver-crawler/ThinkPHP/Library/Think/Think.class.php(120): Think\App::run()
#18 /home/vagrant/www/weaver-crawler/ThinkPHP/ThinkPHP.php(94): Think\Think::start()
#19 /home/vagrant/www/weaver-crawler/cli.php(49): require('/home/vagrant/w...')
#20 {main}Worker start...
exception 'RedisException' with message 'read error on connection' in /home/vagrant/www/weaver-crawler/Cli/Common/Org/PhpRedis.class.php:95
Stack trace:
#0 /home/vagrant/www/weaver-crawler/Cli/Common/Org/PhpRedis.class.php(95): Redis->lPush('list_crawler_yx...', '{"auction_id":1...')
#1 /home/vagrant/www/weaver-crawler/Cli/Crawler/Service/YouxinpaiService.class.php(45): Common\Org\PhpRedis->lPush('list_crawler_yx...', '{"auction_id":1...')
#2 /home/vagrant/www/weaver-crawler/Cli/Crawler/Controller/YouxinpaiController.class.php(95): Crawler\Service\YouxinpaiService->addCrawlerTask()
#3 [internal function]: Crawler\Controller\YouxinpaiController->Crawler\Controller\{closure}()
#4 /home/vagrant/www/weaver-crawler/Cli/Org/Workerman/Events/Libevent.php(171): call_user_func_array(Object(Closure), Array)
#5 [internal function]: Workerman\Events\Libevent->timerCallback(Resource id #0, 1, 94)
#6 /home/vagrant/www/weaver-crawler/Cli/Org/Workerman/Events/Libevent.php(200): event_base_loop(Resource id #81)
#7 /home/vagrant/www/weaver-crawler/Cli/Org/Workerman/Worker.php(1479): Workerman\Events\Libevent->loop()
#8 /home/vagrant/www/weaver-crawler/Cli/Org/Workerman/Worker.php(907): Workerman\Worker->run()
#9 /home/vagrant/www/weaver-crawler/Cli/Org/Workerman/Worker.php(873): Workerman\Worker::forkOneWorker(Object(Workerman\Worker))
#10 /home/vagrant/www/weaver-crawler/Cli/Org/Workerman/Worker.php(1025): Workerman\Worker::forkWorkers()
#11 /home/vagrant/www/weaver-crawler/Cli/Org/Workerman/Worker.php(425): Workerman\Worker::monitorWorkers()
#12 /home/vagrant/www/weaver-crawler/Cli/Crawler/Controller/YouxinpaiController.class.php(116): Workerman\Worker::runAll()
#13 [internal function]: Crawler\Controller\YouxinpaiController->getCrawlerTask()
#14 /home/vagrant/www/weaver-crawler/ThinkPHP/Library/Think/App.class.php(173): ReflectionMethod->invoke(Object(Crawler\Controller\YouxinpaiController))
#15 /home/vagrant/www/weaver-crawler/ThinkPHP/Library/Think/App.class.php(110): Think\App::invokeAction(Object(Crawler\Controller\YouxinpaiController), 'getCrawlerTask')
#16 /home/vagrant/www/weaver-crawler/ThinkPHP/Library/Think/App.class.php(204): Think\App::exec()
#17 /home/vagrant/www/weaver-crawler/ThinkPHP/Library/Think/Think.class.php(120): Think\App::run()
#18 /home/vagrant/www/weaver-crawler/ThinkPHP/ThinkPHP.php(94): Think\Think::start()
#19 /home/vagrant/www/weaver-crawler/cli.php(49): require('/home/vagrant/w...')
#20 {main}Worker start...
exception 'RedisException' with message 'read error on connection' in /home/vagrant/www/weaver-crawler/Cli/Common/Org/PhpRedis.class.php:95
Stack trace:
#0 /home/vagrant/www/weaver-crawler/Cli/Common/Org/PhpRedis.class.php(95): Redis->lPush('list_crawler_yx...', '{"auction_id":1...')
#1 /home/vagrant/www/weaver-crawler/Cli/Crawler/Service/YouxinpaiService.class.php(45): Common\Org\PhpRedis->lPush('list_crawler_yx...', '{"auction_id":1...')
#2 /home/vagrant/www/weaver-crawler/Cli/Crawler/Controller/YouxinpaiController.class.php(95): Crawler\Service\YouxinpaiService->addCrawlerTask()
#3 [internal function]: Crawler\Controller\YouxinpaiController->Crawler\Controller\{closure}()
#4 /home/vagrant/www/weaver-crawler/Cli/Org/Workerman/Events/Libevent.php(171): call_user_func_array(Object(Closure), Array)
#5 [internal function]: Workerman\Events\Libevent->timerCallback(Resource id #0, 1, 95)
#6 /home/vagrant/www/weaver-crawler/Cli/Org/Workerman/Events/Libevent.php(200): event_base_loop(Resource id #82)
#7 /home/vagrant/www/weaver-crawler/Cli/Org/Workerman/Worker.php(1479): Workerman\Events\Libevent->loop()
#8 /home/vagrant/www/weaver-crawler/Cli/Org/Workerman/Worker.php(907): Workerman\Worker->run()
#9 /home/vagrant/www/weaver-crawler/Cli/Org/Workerman/Worker.php(873): Workerman\Worker::forkOneWorker(Object(Workerman\Worker))
#10 /home/vagrant/www/weaver-crawler/Cli/Org/Workerman/Worker.php(1025): Workerman\Worker::forkWorkers()
#11 /home/vagrant/www/weaver-crawler/Cli/Org/Workerman/Worker.php(425): Workerman\Worker::monitorWorkers()
#12 /home/vagrant/www/weaver-crawler/Cli/Crawler/Controller/YouxinpaiController.class.php(116): Workerman\Worker::runAll()
#13 [internal function]: Crawler\Controller\YouxinpaiController->getCrawlerTask()
#14 /home/vagrant/www/weaver-crawler/ThinkPHP/Library/Think/App.class.php(173): ReflectionMethod->invoke(Object(Crawler\Controller\YouxinpaiController))
#15 /home/vagrant/www/weaver-crawler/ThinkPHP/Library/Think/App.class.php(110): Think\App::invokeAction(Object(Crawler\Controller\YouxinpaiController), 'getCrawlerTask')
#16 /home/vagrant/www/weaver-crawler/ThinkPHP/Library/Think/App.class.php(204): Think\App::exec()
#17 /home/vagrant/www/weaver-crawler/ThinkPHP/Library/Think/Think.class.php(120): Think\App::run()
#18 /home/vagrant/www/weaver-crawler/ThinkPHP/ThinkPHP.php(94): Think\Think::start()
#19 /home/vagrant/www/weaver-crawler/cli.php(49): require('/home/vagrant/w...')
#20 {main}Worker start...
exception 'RedisException' with message 'read error on connection' in /home/vagrant/www/weaver-crawler/Cli/Common/Org/PhpRedis.class.php:95
Stack trace:
#0 /home/vagrant/www/weaver-crawler/Cli/Common/Org/PhpRedis.class.php(95): Redis->lPush('list_crawler_yx...', '{"auction_id":1...')
#1 /home/vagrant/www/weaver-crawler/Cli/Crawler/Service/YouxinpaiService.class.php(45): Common\Org\PhpRedis->lPush('list_crawler_yx...', '{"auction_id":1...')
#2 /home/vagrant/www/weaver-crawler/Cli/Crawler/Controller/YouxinpaiController.class.php(95): Crawler\Service\YouxinpaiService->addCrawlerTask()
#3 [internal function]: Crawler\Controller\YouxinpaiController->Crawler\Controller\{closure}()
#4 /home/vagrant/www/weaver-crawler/Cli/Org/Workerman/Events/Libevent.php(171): call_user_func_array(Object(Closure), Array)
#5 [internal function]: Workerman\Events\Libevent->timerCallback(Resource id #0, 1, 96)
#6 /home/vagrant/www/weaver-crawler/Cli/Org/Workerman/Events/Libevent.php(200): event_base_loop(Resource id #83)
#7 /home/vagrant/www/weaver-crawler/Cli/Org/Workerman/Worker.php(1479): Workerman\Events\Libevent->loop()
#8 /home/vagrant/www/weaver-crawler/Cli/Org/Workerman/Worker.php(907): Workerman\Worker->run()
#9 /home/vagrant/www/weaver-crawler/Cli/Org/Workerman/Worker.php(873): Workerman\Worker::forkOneWorker(Object(Workerman\Worker))
#10 /home/vagrant/www/weaver-crawler/Cli/Org/Workerman/Worker.php(1025): Workerman\Worker::forkWorkers()
#11 /home/vagrant/www/weaver-crawler/Cli/Org/Workerman/Worker.php(425): Workerman\Worker::monitorWorkers()
#12 /home/vagrant/www/weaver-crawler/Cli/Crawler/Controller/YouxinpaiController.class.php(116): Workerman\Worker::runAll()
#13 [internal function]: Crawler\Controller\YouxinpaiController->getCrawlerTask()
#14 /home/vagrant/www/weaver-crawler/ThinkPHP/Library/Think/App.class.php(173): ReflectionMethod->invoke(Object(Crawler\Controller\YouxinpaiController))
#15 /home/vagrant/www/weaver-crawler/ThinkPHP/Library/Think/App.class.php(110): Think\App::invokeAction(Object(Crawler\Controller\YouxinpaiController), 'getCrawlerTask')
#16 /home/vagrant/www/weaver-crawler/ThinkPHP/Library/Think/App.class.php(204): Think\App::exec()
#17 /home/vagrant/www/weaver-crawler/ThinkPHP/Library/Think/Think.class.php(120): Think\App::run()
#18 /home/vagrant/www/weaver-crawler/ThinkPHP/ThinkPHP.php(94): Think\Think::start()
#19 /home/vagrant/www/weaver-crawler/cli.php(49): require('/home/vagrant/w...')
#20 {main}Worker start...
exception 'RedisException' with message 'read error on connection' in /home/vagrant/www/weaver-crawler/Cli/Common/Org/PhpRedis.class.php:95
Stack trace:
#0 /home/vagrant/www/weaver-crawler/Cli/Common/Org/PhpRedis.class.php(95): Redis->lPush('list_crawler_yx...', '{"auction_id":1...')
#1 /home/vagrant/www/weaver-crawler/Cli/Crawler/Service/YouxinpaiService.class.php(45): Common\Org\PhpRedis->lPush('list_crawler_yx...', '{"auction_id":1...')
#2 /home/vagrant/www/weaver-crawler/Cli/Crawler/Controller/YouxinpaiController.class.php(95): Crawler\Service\YouxinpaiService->addCrawlerTask()
#3 [internal function]: Crawler\Controller\YouxinpaiController->Crawler\Controller\{closure}()
#4 /home/vagrant/www/weaver-crawler/Cli/Org/Workerman/Events/Libevent.php(171): call_user_func_array(Object(Closure), Array)
#5 [internal function]: Workerman\Events\Libevent->timerCallback(Resource id #0, 1, 97)
#6 /home/vagrant/www/weaver-crawler/Cli/Org/Workerman/Events/Libevent.php(200): event_base_loop(Resource id #84)
#7 /home/vagrant/www/weaver-crawler/Cli/Org/Workerman/Worker.php(1479): Workerman\Events\Libevent->loop()
#8 /home/vagrant/www/weaver-crawler/Cli/Org/Workerman/Worker.php(907): Workerman\Worker->run()
#9 /home/vagrant/www/weaver-crawler/Cli/Org/Workerman/Worker.php(873): Workerman\Worker::forkOneWorker(Object(Workerman\Worker))
#10 /home/vagrant/www/weaver-crawler/Cli/Org/Workerman/Worker.php(1025): Workerman\Worker::forkWorkers()
#11 /home/vagrant/www/weaver-crawler/Cli/Org/Workerman/Worker.php(425): Workerman\Worker::monitorWorkers()
#12 /home/vagrant/www/weaver-crawler/Cli/Crawler/Controller/YouxinpaiController.class.php(116): Workerman\Worker::runAll()
#13 [internal function]: Crawler\Controller\YouxinpaiController->getCrawlerTask()
#14 /home/vagrant/www/weaver-crawler/ThinkPHP/Library/Think/App.class.php(173): ReflectionMethod->invoke(Object(Crawler\Controller\YouxinpaiController))
#15 /home/vagrant/www/weaver-crawler/ThinkPHP/Library/Think/App.class.php(110): Think\App::invokeAction(Object(Crawler\Controller\YouxinpaiController), 'getCrawlerTask')
#16 /home/vagrant/www/weaver-crawler/ThinkPHP/Library/Think/App.class.php(204): Think\App::exec()
#17 /home/vagrant/www/weaver-crawler/ThinkPHP/Library/Think/Think.class.php(120): Think\App::run()
#18 /home/vagrant/www/weaver-crawler/ThinkPHP/ThinkPHP.php(94): Think\Think::start()
#19 /home/vagrant/www/weaver-crawler/cli.php(49): require('/home/vagrant/w...')
#20 {main}Worker start...
exception 'RedisException' with message 'read error on connection' in /home/vagrant/www/weaver-crawler/Cli/Common/Org/PhpRedis.class.php:95
Stack trace:
#0 /home/vagrant/www/weaver-crawler/Cli/Common/Org/PhpRedis.class.php(95): Redis->lPush('list_crawler_yx...', '{"auction_id":1...')
#1 /home/vagrant/www/weaver-crawler/Cli/Crawler/Service/YouxinpaiService.class.php(45): Common\Org\PhpRedis->lPush('list_crawler_yx...', '{"auction_id":1...')
#2 /home/vagrant/www/weaver-crawler/Cli/Crawler/Controller/YouxinpaiController.class.php(95): Crawler\Service\YouxinpaiService->addCrawlerTask()
#3 [internal function]: Crawler\Controller\YouxinpaiController->Crawler\Controller\{closure}()
#4 /home/vagrant/www/weaver-crawler/Cli/Org/Workerman/Events/Libevent.php(171): call_user_func_array(Object(Closure), Array)
#5 [internal function]: Workerman\Events\Libevent->timerCallback(Resource id #0, 1, 98)
#6 /home/vagrant/www/weaver-crawler/Cli/Org/Workerman/Events/Libevent.php(200): event_base_loop(Resource id #85)
#7 /home/vagrant/www/weaver-crawler/Cli/Org/Workerman/Worker.php(1479): Workerman\Events\Libevent->loop()
#8 /home/vagrant/www/weaver-crawler/Cli/Org/Workerman/Worker.php(907): Workerman\Worker->run()
#9 /home/vagrant/www/weaver-crawler/Cli/Org/Workerman/Worker.php(873): Workerman\Worker::forkOneWorker(Object(Workerman\Worker))
#10 /home/vagrant/www/weaver-crawler/Cli/Org/Workerman/Worker.php(1025): Workerman\Worker::forkWorkers()
#11 /home/vagrant/www/weaver-crawler/Cli/Org/Workerman/Worker.php(425): Workerman\Worker::monitorWorkers()
#12 /home/vagrant/www/weaver-crawler/Cli/Crawler/Controller/YouxinpaiController.class.php(116): Workerman\Worker::runAll()
#13 [internal function]: Crawler\Controller\YouxinpaiController->getCrawlerTask()
#14 /home/vagrant/www/weaver-crawler/ThinkPHP/Library/Think/App.class.php(173): ReflectionMethod->invoke(Object(Crawler\Controller\YouxinpaiController))
#15 /home/vagrant/www/weaver-crawler/ThinkPHP/Library/Think/App.class.php(110): Think\App::invokeAction(Object(Crawler\Controller\YouxinpaiController), 'getCrawlerTask')
#16 /home/vagrant/www/weaver-crawler/ThinkPHP/Library/Think/App.class.php(204): Think\App::exec()
#17 /home/vagrant/www/weaver-crawler/ThinkPHP/Library/Think/Think.class.php(120): Think\App::run()
#18 /home/vagrant/www/weaver-crawler/ThinkPHP/ThinkPHP.php(94): Think\Think::start()
#19 /home/vagrant/www/weaver-crawler/cli.php(49): require('/home/vagrant/w...')
#20 {main}Worker start...
