Worker start...
Worker stopping...
Worker start...
exception 'Think\Exception' with message '2013:Lost connection to MySQL server during query
 [ SQL语句 ] : SELECT `publish_id` FROM `crawler_yxp_auction` WHERE `resp_code` NOT IN ('-15',' -3') ' in /home/vagrant/www/weaver-crawler/ThinkPHP/Common/functions.php:102
Stack trace:
#0 /home/vagrant/www/weaver-crawler/ThinkPHP/Library/Think/Db/Driver.class.php(350): E('2013:Lost conne...')
#1 /home/vagrant/www/weaver-crawler/ThinkPHP/Library/Think/Db/Driver.class.php(180): Think\Db\Driver->error()
#2 /home/vagrant/www/weaver-crawler/ThinkPHP/Library/Think/Db/Driver.class.php(946): Think\Db\Driver->query('SELECT `publish...', false)
#3 /home/vagrant/www/weaver-crawler/ThinkPHP/Library/Think/Model.class.php(579): Think\Db\Driver->select(Array)
#4 /home/vagrant/www/weaver-crawler/Cli/Crawler/Service/YouxinpaiService.class.php(228): Think\Model->select()
#5 /home/vagrant/www/weaver-crawler/Cli/Crawler/Service/YouxinpaiService.class.php(190): Crawler\Service\YouxinpaiService->getUntradeAuctionIds()
#6 /home/vagrant/www/weaver-crawler/Cli/Crawler/Controller/YouxinpaiController.class.php(238): Crawler\Service\YouxinpaiService->crawlerTradePrice()
#7 [internal function]: Crawler\Controller\YouxinpaiController->Crawler\Controller\{closure}()
#8 /home/vagrant/www/weaver-crawler/Cli/Org/Workerman/Events/Libevent.php(171): call_user_func_array(Object(Closure), Array)
#9 [internal function]: Workerman\Events\Libevent->timerCallback(Resource id #0, 1, 274)
#10 /home/vagrant/www/weaver-crawler/Cli/Org/Workerman/Events/Libevent.php(200): event_base_loop(Resource id #58)
#11 /home/vagrant/www/weaver-crawler/Cli/Org/Workerman/Worker.php(1479): Workerman\Events\Libevent->loop()
#12 /home/vagrant/www/weaver-crawler/Cli/Org/Workerman/Worker.php(907): Workerman\Worker->run()
#13 /home/vagrant/www/weaver-crawler/Cli/Org/Workerman/Worker.php(873): Workerman\Worker::forkOneWorker(Object(Workerman\Worker))
#14 /home/vagrant/www/weaver-crawler/Cli/Org/Workerman/Worker.php(422): Workerman\Worker::forkWorkers()
#15 /home/vagrant/www/weaver-crawler/Cli/Crawler/Controller/YouxinpaiController.class.php(259): Workerman\Worker::runAll()
#16 [internal function]: Crawler\Controller\YouxinpaiController->crawlerTradePrice()
#17 /home/vagrant/www/weaver-crawler/ThinkPHP/Library/Think/App.class.php(173): ReflectionMethod->invoke(Object(Crawler\Controller\YouxinpaiController))
#18 /home/vagrant/www/weaver-crawler/ThinkPHP/Library/Think/App.class.php(110): Think\App::invokeAction(Object(Crawler\Controller\YouxinpaiController), 'crawlerTradePri...')
#19 /home/vagrant/www/weaver-crawler/ThinkPHP/Library/Think/App.class.php(204): Think\App::exec()
#20 /home/vagrant/www/weaver-crawler/ThinkPHP/Library/Think/Think.class.php(120): Think\App::run()
#21 /home/vagrant/www/weaver-crawler/ThinkPHP/ThinkPHP.php(94): Think\Think::start()
#22 /home/vagrant/www/weaver-crawler/cli.php(49): require('/home/vagrant/w...')
#23 {main}Worker start...
exception 'Think\Exception' with message '2013:Lost connection to MySQL server during query
 [ SQL语句 ] : SELECT `publish_id` FROM `crawler_yxp_auction` WHERE `resp_code` NOT IN ('-15',' -3') ' in /home/vagrant/www/weaver-crawler/ThinkPHP/Common/functions.php:102
Stack trace:
#0 /home/vagrant/www/weaver-crawler/ThinkPHP/Library/Think/Db/Driver.class.php(350): E('2013:Lost conne...')
#1 /home/vagrant/www/weaver-crawler/ThinkPHP/Library/Think/Db/Driver.class.php(180): Think\Db\Driver->error()
#2 /home/vagrant/www/weaver-crawler/ThinkPHP/Library/Think/Db/Driver.class.php(946): Think\Db\Driver->query('SELECT `publish...', false)
#3 /home/vagrant/www/weaver-crawler/ThinkPHP/Library/Think/Model.class.php(579): Think\Db\Driver->select(Array)
#4 /home/vagrant/www/weaver-crawler/Cli/Crawler/Service/YouxinpaiService.class.php(228): Think\Model->select()
#5 /home/vagrant/www/weaver-crawler/Cli/Crawler/Service/YouxinpaiService.class.php(190): Crawler\Service\YouxinpaiService->getUntradeAuctionIds()
#6 /home/vagrant/www/weaver-crawler/Cli/Crawler/Controller/YouxinpaiController.class.php(238): Crawler\Service\YouxinpaiService->crawlerTradePrice()
#7 [internal function]: Crawler\Controller\YouxinpaiController->Crawler\Controller\{closure}()
#8 /home/vagrant/www/weaver-crawler/Cli/Org/Workerman/Events/Libevent.php(171): call_user_func_array(Object(Closure), Array)
#9 [internal function]: Workerman\Events\Libevent->timerCallback(Resource id #0, 1, 281)
#10 /home/vagrant/www/weaver-crawler/Cli/Org/Workerman/Events/Libevent.php(200): event_base_loop(Resource id #68)
#11 /home/vagrant/www/weaver-crawler/Cli/Org/Workerman/Worker.php(1479): Workerman\Events\Libevent->loop()
#12 /home/vagrant/www/weaver-crawler/Cli/Org/Workerman/Worker.php(907): Workerman\Worker->run()
#13 /home/vagrant/www/weaver-crawler/Cli/Org/Workerman/Worker.php(873): Workerman\Worker::forkOneWorker(Object(Workerman\Worker))
#14 /home/vagrant/www/weaver-crawler/Cli/Org/Workerman/Worker.php(1025): Workerman\Worker::forkWorkers()
#15 /home/vagrant/www/weaver-crawler/Cli/Org/Workerman/Worker.php(425): Workerman\Worker::monitorWorkers()
#16 /home/vagrant/www/weaver-crawler/Cli/Crawler/Controller/YouxinpaiController.class.php(259): Workerman\Worker::runAll()
#17 [internal function]: Crawler\Controller\YouxinpaiController->crawlerTradePrice()
#18 /home/vagrant/www/weaver-crawler/ThinkPHP/Library/Think/App.class.php(173): ReflectionMethod->invoke(Object(Crawler\Controller\YouxinpaiController))
#19 /home/vagrant/www/weaver-crawler/ThinkPHP/Library/Think/App.class.php(110): Think\App::invokeAction(Object(Crawler\Controller\YouxinpaiController), 'crawlerTradePri...')
#20 /home/vagrant/www/weaver-crawler/ThinkPHP/Library/Think/App.class.php(204): Think\App::exec()
#21 /home/vagrant/www/weaver-crawler/ThinkPHP/Library/Think/Think.class.php(120): Think\App::run()
#22 /home/vagrant/www/weaver-crawler/ThinkPHP/ThinkPHP.php(94): Think\Think::start()
#23 /home/vagrant/www/weaver-crawler/cli.php(49): require('/home/vagrant/w...')
#24 {main}Worker start...
exception 'Think\Exception' with message '2006:MySQL server has gone away
 [ SQL语句 ] : SELECT `publish_id` FROM `crawler_yxp_auction` WHERE `resp_code` NOT IN ('-15',' -3') ' in /home/vagrant/www/weaver-crawler/ThinkPHP/Common/functions.php:102
Stack trace:
#0 /home/vagrant/www/weaver-crawler/ThinkPHP/Library/Think/Db/Driver.class.php(350): E('2006:MySQL serv...')
#1 /home/vagrant/www/weaver-crawler/ThinkPHP/Library/Think/Db/Driver.class.php(180): Think\Db\Driver->error()
#2 /home/vagrant/www/weaver-crawler/ThinkPHP/Library/Think/Db/Driver.class.php(946): Think\Db\Driver->query('SELECT `publish...', false)
#3 /home/vagrant/www/weaver-crawler/ThinkPHP/Library/Think/Model.class.php(579): Think\Db\Driver->select(Array)
#4 /home/vagrant/www/weaver-crawler/Cli/Crawler/Service/YouxinpaiService.class.php(228): Think\Model->select()
#5 /home/vagrant/www/weaver-crawler/Cli/Crawler/Service/YouxinpaiService.class.php(190): Crawler\Service\YouxinpaiService->getUntradeAuctionIds()
#6 /home/vagrant/www/weaver-crawler/Cli/Crawler/Controller/YouxinpaiController.class.php(238): Crawler\Service\YouxinpaiService->crawlerTradePrice()
#7 [internal function]: Crawler\Controller\YouxinpaiController->Crawler\Controller\{closure}()
#8 /home/vagrant/www/weaver-crawler/Cli/Org/Workerman/Events/Libevent.php(171): call_user_func_array(Object(Closure), Array)
#9 [internal function]: Workerman\Events\Libevent->timerCallback(Resource id #0, 1, 287)
#10 /home/vagrant/www/weaver-crawler/Cli/Org/Workerman/Events/Libevent.php(200): event_base_loop(Resource id #69)
#11 /home/vagrant/www/weaver-crawler/Cli/Org/Workerman/Worker.php(1479): Workerman\Events\Libevent->loop()
#12 /home/vagrant/www/weaver-crawler/Cli/Org/Workerman/Worker.php(907): Workerman\Worker->run()
#13 /home/vagrant/www/weaver-crawler/Cli/Org/Workerman/Worker.php(873): Workerman\Worker::forkOneWorker(Object(Workerman\Worker))
#14 /home/vagrant/www/weaver-crawler/Cli/Org/Workerman/Worker.php(1025): Workerman\Worker::forkWorkers()
#15 /home/vagrant/www/weaver-crawler/Cli/Org/Workerman/Worker.php(425): Workerman\Worker::monitorWorkers()
#16 /home/vagrant/www/weaver-crawler/Cli/Crawler/Controller/YouxinpaiController.class.php(259): Workerman\Worker::runAll()
#17 [internal function]: Crawler\Controller\YouxinpaiController->crawlerTradePrice()
#18 /home/vagrant/www/weaver-crawler/ThinkPHP/Library/Think/App.class.php(173): ReflectionMethod->invoke(Object(Crawler\Controller\YouxinpaiController))
#19 /home/vagrant/www/weaver-crawler/ThinkPHP/Library/Think/App.class.php(110): Think\App::invokeAction(Object(Crawler\Controller\YouxinpaiController), 'crawlerTradePri...')
#20 /home/vagrant/www/weaver-crawler/ThinkPHP/Library/Think/App.class.php(204): Think\App::exec()
#21 /home/vagrant/www/weaver-crawler/ThinkPHP/Library/Think/Think.class.php(120): Think\App::run()
#22 /home/vagrant/www/weaver-crawler/ThinkPHP/ThinkPHP.php(94): Think\Think::start()
#23 /home/vagrant/www/weaver-crawler/cli.php(49): require('/home/vagrant/w...')
#24 {main}Worker start...
exception 'Think\Exception' with message '2013:Lost connection to MySQL server during query
 [ SQL语句 ] : SELECT `publish_id` FROM `crawler_yxp_auction` WHERE `resp_code` NOT IN ('-15',' -3') ' in /home/vagrant/www/weaver-crawler/ThinkPHP/Common/functions.php:102
Stack trace:
#0 /home/vagrant/www/weaver-crawler/ThinkPHP/Library/Think/Db/Driver.class.php(350): E('2013:Lost conne...')
#1 /home/vagrant/www/weaver-crawler/ThinkPHP/Library/Think/Db/Driver.class.php(180): Think\Db\Driver->error()
#2 /home/vagrant/www/weaver-crawler/ThinkPHP/Library/Think/Db/Driver.class.php(946): Think\Db\Driver->query('SELECT `publish...', false)
#3 /home/vagrant/www/weaver-crawler/ThinkPHP/Library/Think/Model.class.php(579): Think\Db\Driver->select(Array)
#4 /home/vagrant/www/weaver-crawler/Cli/Crawler/Service/YouxinpaiService.class.php(228): Think\Model->select()
#5 /home/vagrant/www/weaver-crawler/Cli/Crawler/Service/YouxinpaiService.class.php(190): Crawler\Service\YouxinpaiService->getUntradeAuctionIds()
#6 /home/vagrant/www/weaver-crawler/Cli/Crawler/Controller/YouxinpaiController.class.php(238): Crawler\Service\YouxinpaiService->crawlerTradePrice()
#7 [internal function]: Crawler\Controller\YouxinpaiController->Crawler\Controller\{closure}()
#8 /home/vagrant/www/weaver-crawler/Cli/Org/Workerman/Events/Libevent.php(171): call_user_func_array(Object(Closure), Array)
#9 [internal function]: Workerman\Events\Libevent->timerCallback(Resource id #0, 1, 288)
#10 /home/vagrant/www/weaver-crawler/Cli/Org/Workerman/Events/Libevent.php(200): event_base_loop(Resource id #70)
#11 /home/vagrant/www/weaver-crawler/Cli/Org/Workerman/Worker.php(1479): Workerman\Events\Libevent->loop()
#12 /home/vagrant/www/weaver-crawler/Cli/Org/Workerman/Worker.php(907): Workerman\Worker->run()
#13 /home/vagrant/www/weaver-crawler/Cli/Org/Workerman/Worker.php(873): Workerman\Worker::forkOneWorker(Object(Workerman\Worker))
#14 /home/vagrant/www/weaver-crawler/Cli/Org/Workerman/Worker.php(1025): Workerman\Worker::forkWorkers()
#15 /home/vagrant/www/weaver-crawler/Cli/Org/Workerman/Worker.php(425): Workerman\Worker::monitorWorkers()
#16 /home/vagrant/www/weaver-crawler/Cli/Crawler/Controller/YouxinpaiController.class.php(259): Workerman\Worker::runAll()
#17 [internal function]: Crawler\Controller\YouxinpaiController->crawlerTradePrice()
#18 /home/vagrant/www/weaver-crawler/ThinkPHP/Library/Think/App.class.php(173): ReflectionMethod->invoke(Object(Crawler\Controller\YouxinpaiController))
#19 /home/vagrant/www/weaver-crawler/ThinkPHP/Library/Think/App.class.php(110): Think\App::invokeAction(Object(Crawler\Controller\YouxinpaiController), 'crawlerTradePri...')
#20 /home/vagrant/www/weaver-crawler/ThinkPHP/Library/Think/App.class.php(204): Think\App::exec()
#21 /home/vagrant/www/weaver-crawler/ThinkPHP/Library/Think/Think.class.php(120): Think\App::run()
#22 /home/vagrant/www/weaver-crawler/ThinkPHP/ThinkPHP.php(94): Think\Think::start()
#23 /home/vagrant/www/weaver-crawler/cli.php(49): require('/home/vagrant/w...')
#24 {main}Worker start...
exception 'Think\Exception' with message '2013:Lost connection to MySQL server during query
 [ SQL语句 ] : SELECT `publish_id` FROM `crawler_yxp_auction` WHERE `resp_code` NOT IN ('-15',' -3') ' in /home/vagrant/www/weaver-crawler/ThinkPHP/Common/functions.php:102
Stack trace:
#0 /home/vagrant/www/weaver-crawler/ThinkPHP/Library/Think/Db/Driver.class.php(350): E('2013:Lost conne...')
#1 /home/vagrant/www/weaver-crawler/ThinkPHP/Library/Think/Db/Driver.class.php(180): Think\Db\Driver->error()
#2 /home/vagrant/www/weaver-crawler/ThinkPHP/Library/Think/Db/Driver.class.php(946): Think\Db\Driver->query('SELECT `publish...', false)
#3 /home/vagrant/www/weaver-crawler/ThinkPHP/Library/Think/Model.class.php(579): Think\Db\Driver->select(Array)
#4 /home/vagrant/www/weaver-crawler/Cli/Crawler/Service/YouxinpaiService.class.php(228): Think\Model->select()
#5 /home/vagrant/www/weaver-crawler/Cli/Crawler/Service/YouxinpaiService.class.php(190): Crawler\Service\YouxinpaiService->getUntradeAuctionIds()
#6 /home/vagrant/www/weaver-crawler/Cli/Crawler/Controller/YouxinpaiController.class.php(238): Crawler\Service\YouxinpaiService->crawlerTradePrice()
#7 [internal function]: Crawler\Controller\YouxinpaiController->Crawler\Controller\{closure}()
#8 /home/vagrant/www/weaver-crawler/Cli/Org/Workerman/Events/Libevent.php(171): call_user_func_array(Object(Closure), Array)
#9 [internal function]: Workerman\Events\Libevent->timerCallback(Resource id #0, 1, 696)
#10 /home/vagrant/www/weaver-crawler/Cli/Org/Workerman/Events/Libevent.php(200): event_base_loop(Resource id #71)
#11 /home/vagrant/www/weaver-crawler/Cli/Org/Workerman/Worker.php(1479): Workerman\Events\Libevent->loop()
#12 /home/vagrant/www/weaver-crawler/Cli/Org/Workerman/Worker.php(907): Workerman\Worker->run()
#13 /home/vagrant/www/weaver-crawler/Cli/Org/Workerman/Worker.php(873): Workerman\Worker::forkOneWorker(Object(Workerman\Worker))
#14 /home/vagrant/www/weaver-crawler/Cli/Org/Workerman/Worker.php(1025): Workerman\Worker::forkWorkers()
#15 /home/vagrant/www/weaver-crawler/Cli/Org/Workerman/Worker.php(425): Workerman\Worker::monitorWorkers()
#16 /home/vagrant/www/weaver-crawler/Cli/Crawler/Controller/YouxinpaiController.class.php(259): Workerman\Worker::runAll()
#17 [internal function]: Crawler\Controller\YouxinpaiController->crawlerTradePrice()
#18 /home/vagrant/www/weaver-crawler/ThinkPHP/Library/Think/App.class.php(173): ReflectionMethod->invoke(Object(Crawler\Controller\YouxinpaiController))
#19 /home/vagrant/www/weaver-crawler/ThinkPHP/Library/Think/App.class.php(110): Think\App::invokeAction(Object(Crawler\Controller\YouxinpaiController), 'crawlerTradePri...')
#20 /home/vagrant/www/weaver-crawler/ThinkPHP/Library/Think/App.class.php(204): Think\App::exec()
#21 /home/vagrant/www/weaver-crawler/ThinkPHP/Library/Think/Think.class.php(120): Think\App::run()
#22 /home/vagrant/www/weaver-crawler/ThinkPHP/ThinkPHP.php(94): Think\Think::start()
#23 /home/vagrant/www/weaver-crawler/cli.php(49): require('/home/vagrant/w...')
#24 {main}Worker start...
exception 'Think\Exception' with message '2006:MySQL server has gone away
 [ SQL语句 ] : SELECT `publish_id` FROM `crawler_yxp_auction` WHERE `resp_code` NOT IN ('-15',' -3') ' in /home/vagrant/www/weaver-crawler/ThinkPHP/Common/functions.php:102
Stack trace:
#0 /home/vagrant/www/weaver-crawler/ThinkPHP/Library/Think/Db/Driver.class.php(350): E('2006:MySQL serv...')
#1 /home/vagrant/www/weaver-crawler/ThinkPHP/Library/Think/Db/Driver.class.php(180): Think\Db\Driver->error()
#2 /home/vagrant/www/weaver-crawler/ThinkPHP/Library/Think/Db/Driver.class.php(946): Think\Db\Driver->query('SELECT `publish...', false)
#3 /home/vagrant/www/weaver-crawler/ThinkPHP/Library/Think/Model.class.php(579): Think\Db\Driver->select(Array)
#4 /home/vagrant/www/weaver-crawler/Cli/Crawler/Service/YouxinpaiService.class.php(228): Think\Model->select()
#5 /home/vagrant/www/weaver-crawler/Cli/Crawler/Service/YouxinpaiService.class.php(190): Crawler\Service\YouxinpaiService->getUntradeAuctionIds()
#6 /home/vagrant/www/weaver-crawler/Cli/Crawler/Controller/YouxinpaiController.class.php(238): Crawler\Service\YouxinpaiService->crawlerTradePrice()
#7 [internal function]: Crawler\Controller\YouxinpaiController->Crawler\Controller\{closure}()
#8 /home/vagrant/www/weaver-crawler/Cli/Org/Workerman/Events/Libevent.php(171): call_user_func_array(Object(Closure), Array)
#9 [internal function]: Workerman\Events\Libevent->timerCallback(Resource id #0, 1, 697)
#10 /home/vagrant/www/weaver-crawler/Cli/Org/Workerman/Events/Libevent.php(200): event_base_loop(Resource id #72)
#11 /home/vagrant/www/weaver-crawler/Cli/Org/Workerman/Worker.php(1479): Workerman\Events\Libevent->loop()
#12 /home/vagrant/www/weaver-crawler/Cli/Org/Workerman/Worker.php(907): Workerman\Worker->run()
#13 /home/vagrant/www/weaver-crawler/Cli/Org/Workerman/Worker.php(873): Workerman\Worker::forkOneWorker(Object(Workerman\Worker))
#14 /home/vagrant/www/weaver-crawler/Cli/Org/Workerman/Worker.php(1025): Workerman\Worker::forkWorkers()
#15 /home/vagrant/www/weaver-crawler/Cli/Org/Workerman/Worker.php(425): Workerman\Worker::monitorWorkers()
#16 /home/vagrant/www/weaver-crawler/Cli/Crawler/Controller/YouxinpaiController.class.php(259): Workerman\Worker::runAll()
#17 [internal function]: Crawler\Controller\YouxinpaiController->crawlerTradePrice()
#18 /home/vagrant/www/weaver-crawler/ThinkPHP/Library/Think/App.class.php(173): ReflectionMethod->invoke(Object(Crawler\Controller\YouxinpaiController))
#19 /home/vagrant/www/weaver-crawler/ThinkPHP/Library/Think/App.class.php(110): Think\App::invokeAction(Object(Crawler\Controller\YouxinpaiController), 'crawlerTradePri...')
#20 /home/vagrant/www/weaver-crawler/ThinkPHP/Library/Think/App.class.php(204): Think\App::exec()
#21 /home/vagrant/www/weaver-crawler/ThinkPHP/Library/Think/Think.class.php(120): Think\App::run()
#22 /home/vagrant/www/weaver-crawler/ThinkPHP/ThinkPHP.php(94): Think\Think::start()
#23 /home/vagrant/www/weaver-crawler/cli.php(49): require('/home/vagrant/w...')
#24 {main}Worker start...
exception 'Think\Exception' with message '2006:MySQL server has gone away
 [ SQL语句 ] : SELECT `publish_id` FROM `crawler_yxp_auction` WHERE `resp_code` NOT IN ('-15',' -3') ' in /home/vagrant/www/weaver-crawler/ThinkPHP/Common/functions.php:102
Stack trace:
#0 /home/vagrant/www/weaver-crawler/ThinkPHP/Library/Think/Db/Driver.class.php(350): E('2006:MySQL serv...')
#1 /home/vagrant/www/weaver-crawler/ThinkPHP/Library/Think/Db/Driver.class.php(180): Think\Db\Driver->error()
#2 /home/vagrant/www/weaver-crawler/ThinkPHP/Library/Think/Db/Driver.class.php(946): Think\Db\Driver->query('SELECT `publish...', false)
#3 /home/vagrant/www/weaver-crawler/ThinkPHP/Library/Think/Model.class.php(579): Think\Db\Driver->select(Array)
#4 /home/vagrant/www/weaver-crawler/Cli/Crawler/Service/YouxinpaiService.class.php(228): Think\Model->select()
#5 /home/vagrant/www/weaver-crawler/Cli/Crawler/Service/YouxinpaiService.class.php(190): Crawler\Service\YouxinpaiService->getUntradeAuctionIds()
#6 /home/vagrant/www/weaver-crawler/Cli/Crawler/Controller/YouxinpaiController.class.php(238): Crawler\Service\YouxinpaiService->crawlerTradePrice()
#7 [internal function]: Crawler\Controller\YouxinpaiController->Crawler\Controller\{closure}()
#8 /home/vagrant/www/weaver-crawler/Cli/Org/Workerman/Events/Libevent.php(171): call_user_func_array(Object(Closure), Array)
#9 [internal function]: Workerman\Events\Libevent->timerCallback(Resource id #0, 1, 696)
#10 /home/vagrant/www/weaver-crawler/Cli/Org/Workerman/Events/Libevent.php(200): event_base_loop(Resource id #73)
#11 /home/vagrant/www/weaver-crawler/Cli/Org/Workerman/Worker.php(1479): Workerman\Events\Libevent->loop()
#12 /home/vagrant/www/weaver-crawler/Cli/Org/Workerman/Worker.php(907): Workerman\Worker->run()
#13 /home/vagrant/www/weaver-crawler/Cli/Org/Workerman/Worker.php(873): Workerman\Worker::forkOneWorker(Object(Workerman\Worker))
#14 /home/vagrant/www/weaver-crawler/Cli/Org/Workerman/Worker.php(1025): Workerman\Worker::forkWorkers()
#15 /home/vagrant/www/weaver-crawler/Cli/Org/Workerman/Worker.php(425): Workerman\Worker::monitorWorkers()
#16 /home/vagrant/www/weaver-crawler/Cli/Crawler/Controller/YouxinpaiController.class.php(259): Workerman\Worker::runAll()
#17 [internal function]: Crawler\Controller\YouxinpaiController->crawlerTradePrice()
#18 /home/vagrant/www/weaver-crawler/ThinkPHP/Library/Think/App.class.php(173): ReflectionMethod->invoke(Object(Crawler\Controller\YouxinpaiController))
#19 /home/vagrant/www/weaver-crawler/ThinkPHP/Library/Think/App.class.php(110): Think\App::invokeAction(Object(Crawler\Controller\YouxinpaiController), 'crawlerTradePri...')
#20 /home/vagrant/www/weaver-crawler/ThinkPHP/Library/Think/App.class.php(204): Think\App::exec()
#21 /home/vagrant/www/weaver-crawler/ThinkPHP/Library/Think/Think.class.php(120): Think\App::run()
#22 /home/vagrant/www/weaver-crawler/ThinkPHP/ThinkPHP.php(94): Think\Think::start()
#23 /home/vagrant/www/weaver-crawler/cli.php(49): require('/home/vagrant/w...')
#24 {main}Worker start...
exception 'Think\Exception' with message '2013:Lost connection to MySQL server during query
 [ SQL语句 ] : SELECT `publish_id` FROM `crawler_yxp_auction` WHERE `resp_code` NOT IN ('-15',' -3') ' in /home/vagrant/www/weaver-crawler/ThinkPHP/Common/functions.php:102
Stack trace:
#0 /home/vagrant/www/weaver-crawler/ThinkPHP/Library/Think/Db/Driver.class.php(350): E('2013:Lost conne...')
#1 /home/vagrant/www/weaver-crawler/ThinkPHP/Library/Think/Db/Driver.class.php(180): Think\Db\Driver->error()
#2 /home/vagrant/www/weaver-crawler/ThinkPHP/Library/Think/Db/Driver.class.php(946): Think\Db\Driver->query('SELECT `publish...', false)
#3 /home/vagrant/www/weaver-crawler/ThinkPHP/Library/Think/Model.class.php(579): Think\Db\Driver->select(Array)
#4 /home/vagrant/www/weaver-crawler/Cli/Crawler/Service/YouxinpaiService.class.php(228): Think\Model->select()
#5 /home/vagrant/www/weaver-crawler/Cli/Crawler/Service/YouxinpaiService.class.php(190): Crawler\Service\YouxinpaiService->getUntradeAuctionIds()
#6 /home/vagrant/www/weaver-crawler/Cli/Crawler/Controller/YouxinpaiController.class.php(238): Crawler\Service\YouxinpaiService->crawlerTradePrice()
#7 [internal function]: Crawler\Controller\YouxinpaiController->Crawler\Controller\{closure}()
#8 /home/vagrant/www/weaver-crawler/Cli/Org/Workerman/Events/Libevent.php(171): call_user_func_array(Object(Closure), Array)
#9 [internal function]: Workerman\Events\Libevent->timerCallback(Resource id #0, 1, 688)
#10 /home/vagrant/www/weaver-crawler/Cli/Org/Workerman/Events/Libevent.php(200): event_base_loop(Resource id #74)
#11 /home/vagrant/www/weaver-crawler/Cli/Org/Workerman/Worker.php(1479): Workerman\Events\Libevent->loop()
#12 /home/vagrant/www/weaver-crawler/Cli/Org/Workerman/Worker.php(907): Workerman\Worker->run()
#13 /home/vagrant/www/weaver-crawler/Cli/Org/Workerman/Worker.php(873): Workerman\Worker::forkOneWorker(Object(Workerman\Worker))
#14 /home/vagrant/www/weaver-crawler/Cli/Org/Workerman/Worker.php(1025): Workerman\Worker::forkWorkers()
#15 /home/vagrant/www/weaver-crawler/Cli/Org/Workerman/Worker.php(425): Workerman\Worker::monitorWorkers()
#16 /home/vagrant/www/weaver-crawler/Cli/Crawler/Controller/YouxinpaiController.class.php(259): Workerman\Worker::runAll()
#17 [internal function]: Crawler\Controller\YouxinpaiController->crawlerTradePrice()
#18 /home/vagrant/www/weaver-crawler/ThinkPHP/Library/Think/App.class.php(173): ReflectionMethod->invoke(Object(Crawler\Controller\YouxinpaiController))
#19 /home/vagrant/www/weaver-crawler/ThinkPHP/Library/Think/App.class.php(110): Think\App::invokeAction(Object(Crawler\Controller\YouxinpaiController), 'crawlerTradePri...')
#20 /home/vagrant/www/weaver-crawler/ThinkPHP/Library/Think/App.class.php(204): Think\App::exec()
#21 /home/vagrant/www/weaver-crawler/ThinkPHP/Library/Think/Think.class.php(120): Think\App::run()
#22 /home/vagrant/www/weaver-crawler/ThinkPHP/ThinkPHP.php(94): Think\Think::start()
#23 /home/vagrant/www/weaver-crawler/cli.php(49): require('/home/vagrant/w...')
#24 {main}Worker start...
exception 'Think\Exception' with message '2013:Lost connection to MySQL server during query
 [ SQL语句 ] : SELECT `publish_id` FROM `crawler_yxp_auction` WHERE `resp_code` NOT IN ('-15',' -3') ' in /home/vagrant/www/weaver-crawler/ThinkPHP/Common/functions.php:102
Stack trace:
#0 /home/vagrant/www/weaver-crawler/ThinkPHP/Library/Think/Db/Driver.class.php(350): E('2013:Lost conne...')
#1 /home/vagrant/www/weaver-crawler/ThinkPHP/Library/Think/Db/Driver.class.php(180): Think\Db\Driver->error()
#2 /home/vagrant/www/weaver-crawler/ThinkPHP/Library/Think/Db/Driver.class.php(946): Think\Db\Driver->query('SELECT `publish...', false)
#3 /home/vagrant/www/weaver-crawler/ThinkPHP/Library/Think/Model.class.php(579): Think\Db\Driver->select(Array)
#4 /home/vagrant/www/weaver-crawler/Cli/Crawler/Service/YouxinpaiService.class.php(228): Think\Model->select()
#5 /home/vagrant/www/weaver-crawler/Cli/Crawler/Service/YouxinpaiService.class.php(190): Crawler\Service\YouxinpaiService->getUntradeAuctionIds()
#6 /home/vagrant/www/weaver-crawler/Cli/Crawler/Controller/YouxinpaiController.class.php(238): Crawler\Service\YouxinpaiService->crawlerTradePrice()
#7 [internal function]: Crawler\Controller\YouxinpaiController->Crawler\Controller\{closure}()
#8 /home/vagrant/www/weaver-crawler/Cli/Org/Workerman/Events/Libevent.php(171): call_user_func_array(Object(Closure), Array)
#9 [internal function]: Workerman\Events\Libevent->timerCallback(Resource id #0, 1, 684)
#10 /home/vagrant/www/weaver-crawler/Cli/Org/Workerman/Events/Libevent.php(200): event_base_loop(Resource id #75)
#11 /home/vagrant/www/weaver-crawler/Cli/Org/Workerman/Worker.php(1479): Workerman\Events\Libevent->loop()
#12 /home/vagrant/www/weaver-crawler/Cli/Org/Workerman/Worker.php(907): Workerman\Worker->run()
#13 /home/vagrant/www/weaver-crawler/Cli/Org/Workerman/Worker.php(873): Workerman\Worker::forkOneWorker(Object(Workerman\Worker))
#14 /home/vagrant/www/weaver-crawler/Cli/Org/Workerman/Worker.php(1025): Workerman\Worker::forkWorkers()
#15 /home/vagrant/www/weaver-crawler/Cli/Org/Workerman/Worker.php(425): Workerman\Worker::monitorWorkers()
#16 /home/vagrant/www/weaver-crawler/Cli/Crawler/Controller/YouxinpaiController.class.php(259): Workerman\Worker::runAll()
#17 [internal function]: Crawler\Controller\YouxinpaiController->crawlerTradePrice()
#18 /home/vagrant/www/weaver-crawler/ThinkPHP/Library/Think/App.class.php(173): ReflectionMethod->invoke(Object(Crawler\Controller\YouxinpaiController))
#19 /home/vagrant/www/weaver-crawler/ThinkPHP/Library/Think/App.class.php(110): Think\App::invokeAction(Object(Crawler\Controller\YouxinpaiController), 'crawlerTradePri...')
#20 /home/vagrant/www/weaver-crawler/ThinkPHP/Library/Think/App.class.php(204): Think\App::exec()
#21 /home/vagrant/www/weaver-crawler/ThinkPHP/Library/Think/Think.class.php(120): Think\App::run()
#22 /home/vagrant/www/weaver-crawler/ThinkPHP/ThinkPHP.php(94): Think\Think::start()
#23 /home/vagrant/www/weaver-crawler/cli.php(49): require('/home/vagrant/w...')
#24 {main}Worker start...
exception 'Think\Exception' with message '2006:MySQL server has gone away
 [ SQL语句 ] : SELECT `publish_id` FROM `crawler_yxp_auction` WHERE `resp_code` NOT IN ('-15',' -3') ' in /home/vagrant/www/weaver-crawler/ThinkPHP/Common/functions.php:102
Stack trace:
#0 /home/vagrant/www/weaver-crawler/ThinkPHP/Library/Think/Db/Driver.class.php(350): E('2006:MySQL serv...')
#1 /home/vagrant/www/weaver-crawler/ThinkPHP/Library/Think/Db/Driver.class.php(180): Think\Db\Driver->error()
#2 /home/vagrant/www/weaver-crawler/ThinkPHP/Library/Think/Db/Driver.class.php(946): Think\Db\Driver->query('SELECT `publish...', false)
#3 /home/vagrant/www/weaver-crawler/ThinkPHP/Library/Think/Model.class.php(579): Think\Db\Driver->select(Array)
#4 /home/vagrant/www/weaver-crawler/Cli/Crawler/Service/YouxinpaiService.class.php(228): Think\Model->select()
#5 /home/vagrant/www/weaver-crawler/Cli/Crawler/Service/YouxinpaiService.class.php(190): Crawler\Service\YouxinpaiService->getUntradeAuctionIds()
#6 /home/vagrant/www/weaver-crawler/Cli/Crawler/Controller/YouxinpaiController.class.php(238): Crawler\Service\YouxinpaiService->crawlerTradePrice()
#7 [internal function]: Crawler\Controller\YouxinpaiController->Crawler\Controller\{closure}()
#8 /home/vagrant/www/weaver-crawler/Cli/Org/Workerman/Events/Libevent.php(171): call_user_func_array(Object(Closure), Array)
#9 [internal function]: Workerman\Events\Libevent->timerCallback(Resource id #0, 1, 676)
#10 /home/vagrant/www/weaver-crawler/Cli/Org/Workerman/Events/Libevent.php(200): event_base_loop(Resource id #76)
#11 /home/vagrant/www/weaver-crawler/Cli/Org/Workerman/Worker.php(1479): Workerman\Events\Libevent->loop()
#12 /home/vagrant/www/weaver-crawler/Cli/Org/Workerman/Worker.php(907): Workerman\Worker->run()
#13 /home/vagrant/www/weaver-crawler/Cli/Org/Workerman/Worker.php(873): Workerman\Worker::forkOneWorker(Object(Workerman\Worker))
#14 /home/vagrant/www/weaver-crawler/Cli/Org/Workerman/Worker.php(1025): Workerman\Worker::forkWorkers()
#15 /home/vagrant/www/weaver-crawler/Cli/Org/Workerman/Worker.php(425): Workerman\Worker::monitorWorkers()
#16 /home/vagrant/www/weaver-crawler/Cli/Crawler/Controller/YouxinpaiController.class.php(259): Workerman\Worker::runAll()
#17 [internal function]: Crawler\Controller\YouxinpaiController->crawlerTradePrice()
#18 /home/vagrant/www/weaver-crawler/ThinkPHP/Library/Think/App.class.php(173): ReflectionMethod->invoke(Object(Crawler\Controller\YouxinpaiController))
#19 /home/vagrant/www/weaver-crawler/ThinkPHP/Library/Think/App.class.php(110): Think\App::invokeAction(Object(Crawler\Controller\YouxinpaiController), 'crawlerTradePri...')
#20 /home/vagrant/www/weaver-crawler/ThinkPHP/Library/Think/App.class.php(204): Think\App::exec()
#21 /home/vagrant/www/weaver-crawler/ThinkPHP/Library/Think/Think.class.php(120): Think\App::run()
#22 /home/vagrant/www/weaver-crawler/ThinkPHP/ThinkPHP.php(94): Think\Think::start()
#23 /home/vagrant/www/weaver-crawler/cli.php(49): require('/home/vagrant/w...')
#24 {main}Worker start...
exception 'Think\Exception' with message '2013:Lost connection to MySQL server during query
 [ SQL语句 ] : SELECT `publish_id` FROM `crawler_yxp_auction` WHERE `resp_code` NOT IN ('-15',' -3') ' in /home/vagrant/www/weaver-crawler/ThinkPHP/Common/functions.php:102
Stack trace:
#0 /home/vagrant/www/weaver-crawler/ThinkPHP/Library/Think/Db/Driver.class.php(350): E('2013:Lost conne...')
#1 /home/vagrant/www/weaver-crawler/ThinkPHP/Library/Think/Db/Driver.class.php(180): Think\Db\Driver->error()
#2 /home/vagrant/www/weaver-crawler/ThinkPHP/Library/Think/Db/Driver.class.php(946): Think\Db\Driver->query('SELECT `publish...', false)
#3 /home/vagrant/www/weaver-crawler/ThinkPHP/Library/Think/Model.class.php(579): Think\Db\Driver->select(Array)
#4 /home/vagrant/www/weaver-crawler/Cli/Crawler/Service/YouxinpaiService.class.php(228): Think\Model->select()
#5 /home/vagrant/www/weaver-crawler/Cli/Crawler/Service/YouxinpaiService.class.php(190): Crawler\Service\YouxinpaiService->getUntradeAuctionIds()
#6 /home/vagrant/www/weaver-crawler/Cli/Crawler/Controller/YouxinpaiController.class.php(238): Crawler\Service\YouxinpaiService->crawlerTradePrice()
#7 [internal function]: Crawler\Controller\YouxinpaiController->Crawler\Controller\{closure}()
#8 /home/vagrant/www/weaver-crawler/Cli/Org/Workerman/Events/Libevent.php(171): call_user_func_array(Object(Closure), Array)
#9 [internal function]: Workerman\Events\Libevent->timerCallback(Resource id #0, 1, 1053)
#10 /home/vagrant/www/weaver-crawler/Cli/Org/Workerman/Events/Libevent.php(200): event_base_loop(Resource id #77)
#11 /home/vagrant/www/weaver-crawler/Cli/Org/Workerman/Worker.php(1479): Workerman\Events\Libevent->loop()
#12 /home/vagrant/www/weaver-crawler/Cli/Org/Workerman/Worker.php(907): Workerman\Worker->run()
#13 /home/vagrant/www/weaver-crawler/Cli/Org/Workerman/Worker.php(873): Workerman\Worker::forkOneWorker(Object(Workerman\Worker))
#14 /home/vagrant/www/weaver-crawler/Cli/Org/Workerman/Worker.php(1025): Workerman\Worker::forkWorkers()
#15 /home/vagrant/www/weaver-crawler/Cli/Org/Workerman/Worker.php(425): Workerman\Worker::monitorWorkers()
#16 /home/vagrant/www/weaver-crawler/Cli/Crawler/Controller/YouxinpaiController.class.php(259): Workerman\Worker::runAll()
#17 [internal function]: Crawler\Controller\YouxinpaiController->crawlerTradePrice()
#18 /home/vagrant/www/weaver-crawler/ThinkPHP/Library/Think/App.class.php(173): ReflectionMethod->invoke(Object(Crawler\Controller\YouxinpaiController))
#19 /home/vagrant/www/weaver-crawler/ThinkPHP/Library/Think/App.class.php(110): Think\App::invokeAction(Object(Crawler\Controller\YouxinpaiController), 'crawlerTradePri...')
#20 /home/vagrant/www/weaver-crawler/ThinkPHP/Library/Think/App.class.php(204): Think\App::exec()
#21 /home/vagrant/www/weaver-crawler/ThinkPHP/Library/Think/Think.class.php(120): Think\App::run()
#22 /home/vagrant/www/weaver-crawler/ThinkPHP/ThinkPHP.php(94): Think\Think::start()
#23 /home/vagrant/www/weaver-crawler/cli.php(49): require('/home/vagrant/w...')
#24 {main}Worker start...
exception 'Think\Exception' with message '2013:Lost connection to MySQL server during query
 [ SQL语句 ] : SELECT `publish_id` FROM `crawler_yxp_auction` WHERE `resp_code` NOT IN ('-15',' -3') ' in /home/vagrant/www/weaver-crawler/ThinkPHP/Common/functions.php:102
Stack trace:
#0 /home/vagrant/www/weaver-crawler/ThinkPHP/Library/Think/Db/Driver.class.php(350): E('2013:Lost conne...')
#1 /home/vagrant/www/weaver-crawler/ThinkPHP/Library/Think/Db/Driver.class.php(180): Think\Db\Driver->error()
#2 /home/vagrant/www/weaver-crawler/ThinkPHP/Library/Think/Db/Driver.class.php(946): Think\Db\Driver->query('SELECT `publish...', false)
#3 /home/vagrant/www/weaver-crawler/ThinkPHP/Library/Think/Model.class.php(579): Think\Db\Driver->select(Array)
#4 /home/vagrant/www/weaver-crawler/Cli/Crawler/Service/YouxinpaiService.class.php(228): Think\Model->select()
#5 /home/vagrant/www/weaver-crawler/Cli/Crawler/Service/YouxinpaiService.class.php(190): Crawler\Service\YouxinpaiService->getUntradeAuctionIds()
#6 /home/vagrant/www/weaver-crawler/Cli/Crawler/Controller/YouxinpaiController.class.php(238): Crawler\Service\YouxinpaiService->crawlerTradePrice()
#7 [internal function]: Crawler\Controller\YouxinpaiController->Crawler\Controller\{closure}()
#8 /home/vagrant/www/weaver-crawler/Cli/Org/Workerman/Events/Libevent.php(171): call_user_func_array(Object(Closure), Array)
#9 [internal function]: Workerman\Events\Libevent->timerCallback(Resource id #0, 1, 870)
#10 /home/vagrant/www/weaver-crawler/Cli/Org/Workerman/Events/Libevent.php(200): event_base_loop(Resource id #78)
#11 /home/vagrant/www/weaver-crawler/Cli/Org/Workerman/Worker.php(1479): Workerman\Events\Libevent->loop()
#12 /home/vagrant/www/weaver-crawler/Cli/Org/Workerman/Worker.php(907): Workerman\Worker->run()
#13 /home/vagrant/www/weaver-crawler/Cli/Org/Workerman/Worker.php(873): Workerman\Worker::forkOneWorker(Object(Workerman\Worker))
#14 /home/vagrant/www/weaver-crawler/Cli/Org/Workerman/Worker.php(1025): Workerman\Worker::forkWorkers()
#15 /home/vagrant/www/weaver-crawler/Cli/Org/Workerman/Worker.php(425): Workerman\Worker::monitorWorkers()
#16 /home/vagrant/www/weaver-crawler/Cli/Crawler/Controller/YouxinpaiController.class.php(259): Workerman\Worker::runAll()
#17 [internal function]: Crawler\Controller\YouxinpaiController->crawlerTradePrice()
#18 /home/vagrant/www/weaver-crawler/ThinkPHP/Library/Think/App.class.php(173): ReflectionMethod->invoke(Object(Crawler\Controller\YouxinpaiController))
#19 /home/vagrant/www/weaver-crawler/ThinkPHP/Library/Think/App.class.php(110): Think\App::invokeAction(Object(Crawler\Controller\YouxinpaiController), 'crawlerTradePri...')
#20 /home/vagrant/www/weaver-crawler/ThinkPHP/Library/Think/App.class.php(204): Think\App::exec()
#21 /home/vagrant/www/weaver-crawler/ThinkPHP/Library/Think/Think.class.php(120): Think\App::run()
#22 /home/vagrant/www/weaver-crawler/ThinkPHP/ThinkPHP.php(94): Think\Think::start()
#23 /home/vagrant/www/weaver-crawler/cli.php(49): require('/home/vagrant/w...')
#24 {main}Worker start...
exception 'Think\Exception' with message '2013:Lost connection to MySQL server during query
 [ SQL语句 ] : SELECT `publish_id` FROM `crawler_yxp_auction` WHERE `resp_code` NOT IN ('-15',' -3') ' in /home/vagrant/www/weaver-crawler/ThinkPHP/Common/functions.php:102
Stack trace:
#0 /home/vagrant/www/weaver-crawler/ThinkPHP/Library/Think/Db/Driver.class.php(350): E('2013:Lost conne...')
#1 /home/vagrant/www/weaver-crawler/ThinkPHP/Library/Think/Db/Driver.class.php(180): Think\Db\Driver->error()
#2 /home/vagrant/www/weaver-crawler/ThinkPHP/Library/Think/Db/Driver.class.php(946): Think\Db\Driver->query('SELECT `publish...', false)
#3 /home/vagrant/www/weaver-crawler/ThinkPHP/Library/Think/Model.class.php(579): Think\Db\Driver->select(Array)
#4 /home/vagrant/www/weaver-crawler/Cli/Crawler/Service/YouxinpaiService.class.php(228): Think\Model->select()
#5 /home/vagrant/www/weaver-crawler/Cli/Crawler/Service/YouxinpaiService.class.php(190): Crawler\Service\YouxinpaiService->getUntradeAuctionIds()
#6 /home/vagrant/www/weaver-crawler/Cli/Crawler/Controller/YouxinpaiController.class.php(238): Crawler\Service\YouxinpaiService->crawlerTradePrice()
#7 [internal function]: Crawler\Controller\YouxinpaiController->Crawler\Controller\{closure}()
#8 /home/vagrant/www/weaver-crawler/Cli/Org/Workerman/Events/Libevent.php(171): call_user_func_array(Object(Closure), Array)
#9 [internal function]: Workerman\Events\Libevent->timerCallback(Resource id #0, 1, 426)
#10 /home/vagrant/www/weaver-crawler/Cli/Org/Workerman/Events/Libevent.php(200): event_base_loop(Resource id #79)
#11 /home/vagrant/www/weaver-crawler/Cli/Org/Workerman/Worker.php(1479): Workerman\Events\Libevent->loop()
#12 /home/vagrant/www/weaver-crawler/Cli/Org/Workerman/Worker.php(907): Workerman\Worker->run()
#13 /home/vagrant/www/weaver-crawler/Cli/Org/Workerman/Worker.php(873): Workerman\Worker::forkOneWorker(Object(Workerman\Worker))
#14 /home/vagrant/www/weaver-crawler/Cli/Org/Workerman/Worker.php(1025): Workerman\Worker::forkWorkers()
#15 /home/vagrant/www/weaver-crawler/Cli/Org/Workerman/Worker.php(425): Workerman\Worker::monitorWorkers()
#16 /home/vagrant/www/weaver-crawler/Cli/Crawler/Controller/YouxinpaiController.class.php(259): Workerman\Worker::runAll()
#17 [internal function]: Crawler\Controller\YouxinpaiController->crawlerTradePrice()
#18 /home/vagrant/www/weaver-crawler/ThinkPHP/Library/Think/App.class.php(173): ReflectionMethod->invoke(Object(Crawler\Controller\YouxinpaiController))
#19 /home/vagrant/www/weaver-crawler/ThinkPHP/Library/Think/App.class.php(110): Think\App::invokeAction(Object(Crawler\Controller\YouxinpaiController), 'crawlerTradePri...')
#20 /home/vagrant/www/weaver-crawler/ThinkPHP/Library/Think/App.class.php(204): Think\App::exec()
#21 /home/vagrant/www/weaver-crawler/ThinkPHP/Library/Think/Think.class.php(120): Think\App::run()
#22 /home/vagrant/www/weaver-crawler/ThinkPHP/ThinkPHP.php(94): Think\Think::start()
#23 /home/vagrant/www/weaver-crawler/cli.php(49): require('/home/vagrant/w...')
#24 {main}Worker start...
exception 'Think\Exception' with message '2006:MySQL server has gone away
 [ SQL语句 ] : SELECT `publish_id` FROM `crawler_yxp_auction` WHERE `resp_code` NOT IN ('-15',' -3') ' in /home/vagrant/www/weaver-crawler/ThinkPHP/Common/functions.php:102
Stack trace:
#0 /home/vagrant/www/weaver-crawler/ThinkPHP/Library/Think/Db/Driver.class.php(350): E('2006:MySQL serv...')
#1 /home/vagrant/www/weaver-crawler/ThinkPHP/Library/Think/Db/Driver.class.php(180): Think\Db\Driver->error()
#2 /home/vagrant/www/weaver-crawler/ThinkPHP/Library/Think/Db/Driver.class.php(946): Think\Db\Driver->query('SELECT `publish...', false)
#3 /home/vagrant/www/weaver-crawler/ThinkPHP/Library/Think/Model.class.php(579): Think\Db\Driver->select(Array)
#4 /home/vagrant/www/weaver-crawler/Cli/Crawler/Service/YouxinpaiService.class.php(228): Think\Model->select()
#5 /home/vagrant/www/weaver-crawler/Cli/Crawler/Service/YouxinpaiService.class.php(190): Crawler\Service\YouxinpaiService->getUntradeAuctionIds()
#6 /home/vagrant/www/weaver-crawler/Cli/Crawler/Controller/YouxinpaiController.class.php(238): Crawler\Service\YouxinpaiService->crawlerTradePrice()
#7 [internal function]: Crawler\Controller\YouxinpaiController->Crawler\Controller\{closure}()
#8 /home/vagrant/www/weaver-crawler/Cli/Org/Workerman/Events/Libevent.php(171): call_user_func_array(Object(Closure), Array)
#9 [internal function]: Workerman\Events\Libevent->timerCallback(Resource id #0, 1, 170)
#10 /home/vagrant/www/weaver-crawler/Cli/Org/Workerman/Events/Libevent.php(200): event_base_loop(Resource id #80)
#11 /home/vagrant/www/weaver-crawler/Cli/Org/Workerman/Worker.php(1479): Workerman\Events\Libevent->loop()
#12 /home/vagrant/www/weaver-crawler/Cli/Org/Workerman/Worker.php(907): Workerman\Worker->run()
#13 /home/vagrant/www/weaver-crawler/Cli/Org/Workerman/Worker.php(873): Workerman\Worker::forkOneWorker(Object(Workerman\Worker))
#14 /home/vagrant/www/weaver-crawler/Cli/Org/Workerman/Worker.php(1025): Workerman\Worker::forkWorkers()
#15 /home/vagrant/www/weaver-crawler/Cli/Org/Workerman/Worker.php(425): Workerman\Worker::monitorWorkers()
#16 /home/vagrant/www/weaver-crawler/Cli/Crawler/Controller/YouxinpaiController.class.php(259): Workerman\Worker::runAll()
#17 [internal function]: Crawler\Controller\YouxinpaiController->crawlerTradePrice()
#18 /home/vagrant/www/weaver-crawler/ThinkPHP/Library/Think/App.class.php(173): ReflectionMethod->invoke(Object(Crawler\Controller\YouxinpaiController))
#19 /home/vagrant/www/weaver-crawler/ThinkPHP/Library/Think/App.class.php(110): Think\App::invokeAction(Object(Crawler\Controller\YouxinpaiController), 'crawlerTradePri...')
#20 /home/vagrant/www/weaver-crawler/ThinkPHP/Library/Think/App.class.php(204): Think\App::exec()
#21 /home/vagrant/www/weaver-crawler/ThinkPHP/Library/Think/Think.class.php(120): Think\App::run()
#22 /home/vagrant/www/weaver-crawler/ThinkPHP/ThinkPHP.php(94): Think\Think::start()
#23 /home/vagrant/www/weaver-crawler/cli.php(49): require('/home/vagrant/w...')
#24 {main}Worker start...
exception 'Think\Exception' with message '2013:Lost connection to MySQL server during query
 [ SQL语句 ] : SELECT `publish_id` FROM `crawler_yxp_auction` WHERE `resp_code` NOT IN ('-15',' -3') ' in /home/vagrant/www/weaver-crawler/ThinkPHP/Common/functions.php:102
Stack trace:
#0 /home/vagrant/www/weaver-crawler/ThinkPHP/Library/Think/Db/Driver.class.php(350): E('2013:Lost conne...')
#1 /home/vagrant/www/weaver-crawler/ThinkPHP/Library/Think/Db/Driver.class.php(180): Think\Db\Driver->error()
#2 /home/vagrant/www/weaver-crawler/ThinkPHP/Library/Think/Db/Driver.class.php(946): Think\Db\Driver->query('SELECT `publish...', false)
#3 /home/vagrant/www/weaver-crawler/ThinkPHP/Library/Think/Model.class.php(579): Think\Db\Driver->select(Array)
#4 /home/vagrant/www/weaver-crawler/Cli/Crawler/Service/YouxinpaiService.class.php(228): Think\Model->select()
#5 /home/vagrant/www/weaver-crawler/Cli/Crawler/Service/YouxinpaiService.class.php(190): Crawler\Service\YouxinpaiService->getUntradeAuctionIds()
#6 /home/vagrant/www/weaver-crawler/Cli/Crawler/Controller/YouxinpaiController.class.php(238): Crawler\Service\YouxinpaiService->crawlerTradePrice()
#7 [internal function]: Crawler\Controller\YouxinpaiController->Crawler\Controller\{closure}()
#8 /home/vagrant/www/weaver-crawler/Cli/Org/Workerman/Events/Libevent.php(171): call_user_func_array(Object(Closure), Array)
#9 [internal function]: Workerman\Events\Libevent->timerCallback(Resource id #0, 1, 143)
#10 /home/vagrant/www/weaver-crawler/Cli/Org/Workerman/Events/Libevent.php(200): event_base_loop(Resource id #81)
#11 /home/vagrant/www/weaver-crawler/Cli/Org/Workerman/Worker.php(1479): Workerman\Events\Libevent->loop()
#12 /home/vagrant/www/weaver-crawler/Cli/Org/Workerman/Worker.php(907): Workerman\Worker->run()
#13 /home/vagrant/www/weaver-crawler/Cli/Org/Workerman/Worker.php(873): Workerman\Worker::forkOneWorker(Object(Workerman\Worker))
#14 /home/vagrant/www/weaver-crawler/Cli/Org/Workerman/Worker.php(1025): Workerman\Worker::forkWorkers()
#15 /home/vagrant/www/weaver-crawler/Cli/Org/Workerman/Worker.php(425): Workerman\Worker::monitorWorkers()
#16 /home/vagrant/www/weaver-crawler/Cli/Crawler/Controller/YouxinpaiController.class.php(259): Workerman\Worker::runAll()
#17 [internal function]: Crawler\Controller\YouxinpaiController->crawlerTradePrice()
#18 /home/vagrant/www/weaver-crawler/ThinkPHP/Library/Think/App.class.php(173): ReflectionMethod->invoke(Object(Crawler\Controller\YouxinpaiController))
#19 /home/vagrant/www/weaver-crawler/ThinkPHP/Library/Think/App.class.php(110): Think\App::invokeAction(Object(Crawler\Controller\YouxinpaiController), 'crawlerTradePri...')
#20 /home/vagrant/www/weaver-crawler/ThinkPHP/Library/Think/App.class.php(204): Think\App::exec()
#21 /home/vagrant/www/weaver-crawler/ThinkPHP/Library/Think/Think.class.php(120): Think\App::run()
#22 /home/vagrant/www/weaver-crawler/ThinkPHP/ThinkPHP.php(94): Think\Think::start()
#23 /home/vagrant/www/weaver-crawler/cli.php(49): require('/home/vagrant/w...')
#24 {main}Worker start...
exception 'Think\Exception' with message '2013:Lost connection to MySQL server during query
 [ SQL语句 ] : SELECT `publish_id` FROM `crawler_yxp_auction` WHERE `resp_code` NOT IN ('-15',' -3') ' in /home/vagrant/www/weaver-crawler/ThinkPHP/Common/functions.php:102
Stack trace:
#0 /home/vagrant/www/weaver-crawler/ThinkPHP/Library/Think/Db/Driver.class.php(350): E('2013:Lost conne...')
#1 /home/vagrant/www/weaver-crawler/ThinkPHP/Library/Think/Db/Driver.class.php(180): Think\Db\Driver->error()
#2 /home/vagrant/www/weaver-crawler/ThinkPHP/Library/Think/Db/Driver.class.php(946): Think\Db\Driver->query('SELECT `publish...', false)
#3 /home/vagrant/www/weaver-crawler/ThinkPHP/Library/Think/Model.class.php(579): Think\Db\Driver->select(Array)
#4 /home/vagrant/www/weaver-crawler/Cli/Crawler/Service/YouxinpaiService.class.php(228): Think\Model->select()
#5 /home/vagrant/www/weaver-crawler/Cli/Crawler/Service/YouxinpaiService.class.php(190): Crawler\Service\YouxinpaiService->getUntradeAuctionIds()
#6 /home/vagrant/www/weaver-crawler/Cli/Crawler/Controller/YouxinpaiController.class.php(238): Crawler\Service\YouxinpaiService->crawlerTradePrice()
#7 [internal function]: Crawler\Controller\YouxinpaiController->Crawler\Controller\{closure}()
#8 /home/vagrant/www/weaver-crawler/Cli/Org/Workerman/Events/Libevent.php(171): call_user_func_array(Object(Closure), Array)
#9 [internal function]: Workerman\Events\Libevent->timerCallback(Resource id #0, 1, 151)
#10 /home/vagrant/www/weaver-crawler/Cli/Org/Workerman/Events/Libevent.php(200): event_base_loop(Resource id #82)
#11 /home/vagrant/www/weaver-crawler/Cli/Org/Workerman/Worker.php(1479): Workerman\Events\Libevent->loop()
#12 /home/vagrant/www/weaver-crawler/Cli/Org/Workerman/Worker.php(907): Workerman\Worker->run()
#13 /home/vagrant/www/weaver-crawler/Cli/Org/Workerman/Worker.php(873): Workerman\Worker::forkOneWorker(Object(Workerman\Worker))
#14 /home/vagrant/www/weaver-crawler/Cli/Org/Workerman/Worker.php(1025): Workerman\Worker::forkWorkers()
#15 /home/vagrant/www/weaver-crawler/Cli/Org/Workerman/Worker.php(425): Workerman\Worker::monitorWorkers()
#16 /home/vagrant/www/weaver-crawler/Cli/Crawler/Controller/YouxinpaiController.class.php(259): Workerman\Worker::runAll()
#17 [internal function]: Crawler\Controller\YouxinpaiController->crawlerTradePrice()
#18 /home/vagrant/www/weaver-crawler/ThinkPHP/Library/Think/App.class.php(173): ReflectionMethod->invoke(Object(Crawler\Controller\YouxinpaiController))
#19 /home/vagrant/www/weaver-crawler/ThinkPHP/Library/Think/App.class.php(110): Think\App::invokeAction(Object(Crawler\Controller\YouxinpaiController), 'crawlerTradePri...')
#20 /home/vagrant/www/weaver-crawler/ThinkPHP/Library/Think/App.class.php(204): Think\App::exec()
#21 /home/vagrant/www/weaver-crawler/ThinkPHP/Library/Think/Think.class.php(120): Think\App::run()
#22 /home/vagrant/www/weaver-crawler/ThinkPHP/ThinkPHP.php(94): Think\Think::start()
#23 /home/vagrant/www/weaver-crawler/cli.php(49): require('/home/vagrant/w...')
#24 {main}Worker start...
exception 'Think\Exception' with message '2006:MySQL server has gone away
 [ SQL语句 ] : SELECT `publish_id` FROM `crawler_yxp_auction` WHERE `resp_code` NOT IN ('-15',' -3') ' in /home/vagrant/www/weaver-crawler/ThinkPHP/Common/functions.php:102
Stack trace:
#0 /home/vagrant/www/weaver-crawler/ThinkPHP/Library/Think/Db/Driver.class.php(350): E('2006:MySQL serv...')
#1 /home/vagrant/www/weaver-crawler/ThinkPHP/Library/Think/Db/Driver.class.php(180): Think\Db\Driver->error()
#2 /home/vagrant/www/weaver-crawler/ThinkPHP/Library/Think/Db/Driver.class.php(946): Think\Db\Driver->query('SELECT `publish...', false)
#3 /home/vagrant/www/weaver-crawler/ThinkPHP/Library/Think/Model.class.php(579): Think\Db\Driver->select(Array)
#4 /home/vagrant/www/weaver-crawler/Cli/Crawler/Service/YouxinpaiService.class.php(228): Think\Model->select()
#5 /home/vagrant/www/weaver-crawler/Cli/Crawler/Service/YouxinpaiService.class.php(190): Crawler\Service\YouxinpaiService->getUntradeAuctionIds()
#6 /home/vagrant/www/weaver-crawler/Cli/Crawler/Controller/YouxinpaiController.class.php(238): Crawler\Service\YouxinpaiService->crawlerTradePrice()
#7 [internal function]: Crawler\Controller\YouxinpaiController->Crawler\Controller\{closure}()
#8 /home/vagrant/www/weaver-crawler/Cli/Org/Workerman/Events/Libevent.php(171): call_user_func_array(Object(Closure), Array)
#9 [internal function]: Workerman\Events\Libevent->timerCallback(Resource id #0, 1, 152)
#10 /home/vagrant/www/weaver-crawler/Cli/Org/Workerman/Events/Libevent.php(200): event_base_loop(Resource id #83)
#11 /home/vagrant/www/weaver-crawler/Cli/Org/Workerman/Worker.php(1479): Workerman\Events\Libevent->loop()
#12 /home/vagrant/www/weaver-crawler/Cli/Org/Workerman/Worker.php(907): Workerman\Worker->run()
#13 /home/vagrant/www/weaver-crawler/Cli/Org/Workerman/Worker.php(873): Workerman\Worker::forkOneWorker(Object(Workerman\Worker))
#14 /home/vagrant/www/weaver-crawler/Cli/Org/Workerman/Worker.php(1025): Workerman\Worker::forkWorkers()
#15 /home/vagrant/www/weaver-crawler/Cli/Org/Workerman/Worker.php(425): Workerman\Worker::monitorWorkers()
#16 /home/vagrant/www/weaver-crawler/Cli/Crawler/Controller/YouxinpaiController.class.php(259): Workerman\Worker::runAll()
#17 [internal function]: Crawler\Controller\YouxinpaiController->crawlerTradePrice()
#18 /home/vagrant/www/weaver-crawler/ThinkPHP/Library/Think/App.class.php(173): ReflectionMethod->invoke(Object(Crawler\Controller\YouxinpaiController))
#19 /home/vagrant/www/weaver-crawler/ThinkPHP/Library/Think/App.class.php(110): Think\App::invokeAction(Object(Crawler\Controller\YouxinpaiController), 'crawlerTradePri...')
#20 /home/vagrant/www/weaver-crawler/ThinkPHP/Library/Think/App.class.php(204): Think\App::exec()
#21 /home/vagrant/www/weaver-crawler/ThinkPHP/Library/Think/Think.class.php(120): Think\App::run()
#22 /home/vagrant/www/weaver-crawler/ThinkPHP/ThinkPHP.php(94): Think\Think::start()
#23 /home/vagrant/www/weaver-crawler/cli.php(49): require('/home/vagrant/w...')
#24 {main}Worker start...
exception 'Think\Exception' with message '2006:MySQL server has gone away
 [ SQL语句 ] : SELECT `publish_id` FROM `crawler_yxp_auction` WHERE `resp_code` NOT IN ('-15',' -3') ' in /home/vagrant/www/weaver-crawler/ThinkPHP/Common/functions.php:102
Stack trace:
#0 /home/vagrant/www/weaver-crawler/ThinkPHP/Library/Think/Db/Driver.class.php(350): E('2006:MySQL serv...')
#1 /home/vagrant/www/weaver-crawler/ThinkPHP/Library/Think/Db/Driver.class.php(180): Think\Db\Driver->error()
#2 /home/vagrant/www/weaver-crawler/ThinkPHP/Library/Think/Db/Driver.class.php(946): Think\Db\Driver->query('SELECT `publish...', false)
#3 /home/vagrant/www/weaver-crawler/ThinkPHP/Library/Think/Model.class.php(579): Think\Db\Driver->select(Array)
#4 /home/vagrant/www/weaver-crawler/Cli/Crawler/Service/YouxinpaiService.class.php(228): Think\Model->select()
#5 /home/vagrant/www/weaver-crawler/Cli/Crawler/Service/YouxinpaiService.class.php(190): Crawler\Service\YouxinpaiService->getUntradeAuctionIds()
#6 /home/vagrant/www/weaver-crawler/Cli/Crawler/Controller/YouxinpaiController.class.php(238): Crawler\Service\YouxinpaiService->crawlerTradePrice()
#7 [internal function]: Crawler\Controller\YouxinpaiController->Crawler\Controller\{closure}()
#8 /home/vagrant/www/weaver-crawler/Cli/Org/Workerman/Events/Libevent.php(171): call_user_func_array(Object(Closure), Array)
#9 [internal function]: Workerman\Events\Libevent->timerCallback(Resource id #0, 1, 152)
#10 /home/vagrant/www/weaver-crawler/Cli/Org/Workerman/Events/Libevent.php(200): event_base_loop(Resource id #84)
#11 /home/vagrant/www/weaver-crawler/Cli/Org/Workerman/Worker.php(1479): Workerman\Events\Libevent->loop()
#12 /home/vagrant/www/weaver-crawler/Cli/Org/Workerman/Worker.php(907): Workerman\Worker->run()
#13 /home/vagrant/www/weaver-crawler/Cli/Org/Workerman/Worker.php(873): Workerman\Worker::forkOneWorker(Object(Workerman\Worker))
#14 /home/vagrant/www/weaver-crawler/Cli/Org/Workerman/Worker.php(1025): Workerman\Worker::forkWorkers()
#15 /home/vagrant/www/weaver-crawler/Cli/Org/Workerman/Worker.php(425): Workerman\Worker::monitorWorkers()
#16 /home/vagrant/www/weaver-crawler/Cli/Crawler/Controller/YouxinpaiController.class.php(259): Workerman\Worker::runAll()
#17 [internal function]: Crawler\Controller\YouxinpaiController->crawlerTradePrice()
#18 /home/vagrant/www/weaver-crawler/ThinkPHP/Library/Think/App.class.php(173): ReflectionMethod->invoke(Object(Crawler\Controller\YouxinpaiController))
#19 /home/vagrant/www/weaver-crawler/ThinkPHP/Library/Think/App.class.php(110): Think\App::invokeAction(Object(Crawler\Controller\YouxinpaiController), 'crawlerTradePri...')
#20 /home/vagrant/www/weaver-crawler/ThinkPHP/Library/Think/App.class.php(204): Think\App::exec()
#21 /home/vagrant/www/weaver-crawler/ThinkPHP/Library/Think/Think.class.php(120): Think\App::run()
#22 /home/vagrant/www/weaver-crawler/ThinkPHP/ThinkPHP.php(94): Think\Think::start()
#23 /home/vagrant/www/weaver-crawler/cli.php(49): require('/home/vagrant/w...')
#24 {main}Worker start...
exception 'Think\Exception' with message '2013:Lost connection to MySQL server during query
 [ SQL语句 ] : SELECT `publish_id` FROM `crawler_yxp_auction` WHERE `resp_code` NOT IN ('-15',' -3') ' in /home/vagrant/www/weaver-crawler/ThinkPHP/Common/functions.php:102
Stack trace:
#0 /home/vagrant/www/weaver-crawler/ThinkPHP/Library/Think/Db/Driver.class.php(350): E('2013:Lost conne...')
#1 /home/vagrant/www/weaver-crawler/ThinkPHP/Library/Think/Db/Driver.class.php(180): Think\Db\Driver->error()
#2 /home/vagrant/www/weaver-crawler/ThinkPHP/Library/Think/Db/Driver.class.php(946): Think\Db\Driver->query('SELECT `publish...', false)
#3 /home/vagrant/www/weaver-crawler/ThinkPHP/Library/Think/Model.class.php(579): Think\Db\Driver->select(Array)
#4 /home/vagrant/www/weaver-crawler/Cli/Crawler/Service/YouxinpaiService.class.php(228): Think\Model->select()
#5 /home/vagrant/www/weaver-crawler/Cli/Crawler/Service/YouxinpaiService.class.php(190): Crawler\Service\YouxinpaiService->getUntradeAuctionIds()
#6 /home/vagrant/www/weaver-crawler/Cli/Crawler/Controller/YouxinpaiController.class.php(238): Crawler\Service\YouxinpaiService->crawlerTradePrice()
#7 [internal function]: Crawler\Controller\YouxinpaiController->Crawler\Controller\{closure}()
#8 /home/vagrant/www/weaver-crawler/Cli/Org/Workerman/Events/Libevent.php(171): call_user_func_array(Object(Closure), Array)
#9 [internal function]: Workerman\Events\Libevent->timerCallback(Resource id #0, 1, 153)
#10 /home/vagrant/www/weaver-crawler/Cli/Org/Workerman/Events/Libevent.php(200): event_base_loop(Resource id #85)
#11 /home/vagrant/www/weaver-crawler/Cli/Org/Workerman/Worker.php(1479): Workerman\Events\Libevent->loop()
#12 /home/vagrant/www/weaver-crawler/Cli/Org/Workerman/Worker.php(907): Workerman\Worker->run()
#13 /home/vagrant/www/weaver-crawler/Cli/Org/Workerman/Worker.php(873): Workerman\Worker::forkOneWorker(Object(Workerman\Worker))
#14 /home/vagrant/www/weaver-crawler/Cli/Org/Workerman/Worker.php(1025): Workerman\Worker::forkWorkers()
#15 /home/vagrant/www/weaver-crawler/Cli/Org/Workerman/Worker.php(425): Workerman\Worker::monitorWorkers()
#16 /home/vagrant/www/weaver-crawler/Cli/Crawler/Controller/YouxinpaiController.class.php(259): Workerman\Worker::runAll()
#17 [internal function]: Crawler\Controller\YouxinpaiController->crawlerTradePrice()
#18 /home/vagrant/www/weaver-crawler/ThinkPHP/Library/Think/App.class.php(173): ReflectionMethod->invoke(Object(Crawler\Controller\YouxinpaiController))
#19 /home/vagrant/www/weaver-crawler/ThinkPHP/Library/Think/App.class.php(110): Think\App::invokeAction(Object(Crawler\Controller\YouxinpaiController), 'crawlerTradePri...')
#20 /home/vagrant/www/weaver-crawler/ThinkPHP/Library/Think/App.class.php(204): Think\App::exec()
#21 /home/vagrant/www/weaver-crawler/ThinkPHP/Library/Think/Think.class.php(120): Think\App::run()
#22 /home/vagrant/www/weaver-crawler/ThinkPHP/ThinkPHP.php(94): Think\Think::start()
#23 /home/vagrant/www/weaver-crawler/cli.php(49): require('/home/vagrant/w...')
#24 {main}Worker start...
exception 'Think\Exception' with message '2013:Lost connection to MySQL server during query
 [ SQL语句 ] : SELECT `publish_id` FROM `crawler_yxp_auction` WHERE `resp_code` NOT IN ('-15',' -3') ' in /home/vagrant/www/weaver-crawler/ThinkPHP/Common/functions.php:102
Stack trace:
#0 /home/vagrant/www/weaver-crawler/ThinkPHP/Library/Think/Db/Driver.class.php(350): E('2013:Lost conne...')
#1 /home/vagrant/www/weaver-crawler/ThinkPHP/Library/Think/Db/Driver.class.php(180): Think\Db\Driver->error()
#2 /home/vagrant/www/weaver-crawler/ThinkPHP/Library/Think/Db/Driver.class.php(946): Think\Db\Driver->query('SELECT `publish...', false)
#3 /home/vagrant/www/weaver-crawler/ThinkPHP/Library/Think/Model.class.php(579): Think\Db\Driver->select(Array)
#4 /home/vagrant/www/weaver-crawler/Cli/Crawler/Service/YouxinpaiService.class.php(228): Think\Model->select()
#5 /home/vagrant/www/weaver-crawler/Cli/Crawler/Service/YouxinpaiService.class.php(190): Crawler\Service\YouxinpaiService->getUntradeAuctionIds()
#6 /home/vagrant/www/weaver-crawler/Cli/Crawler/Controller/YouxinpaiController.class.php(238): Crawler\Service\YouxinpaiService->crawlerTradePrice()
#7 [internal function]: Crawler\Controller\YouxinpaiController->Crawler\Controller\{closure}()
#8 /home/vagrant/www/weaver-crawler/Cli/Org/Workerman/Events/Libevent.php(171): call_user_func_array(Object(Closure), Array)
#9 [internal function]: Workerman\Events\Libevent->timerCallback(Resource id #0, 1, 154)
#10 /home/vagrant/www/weaver-crawler/Cli/Org/Workerman/Events/Libevent.php(200): event_base_loop(Resource id #86)
#11 /home/vagrant/www/weaver-crawler/Cli/Org/Workerman/Worker.php(1479): Workerman\Events\Libevent->loop()
#12 /home/vagrant/www/weaver-crawler/Cli/Org/Workerman/Worker.php(907): Workerman\Worker->run()
#13 /home/vagrant/www/weaver-crawler/Cli/Org/Workerman/Worker.php(873): Workerman\Worker::forkOneWorker(Object(Workerman\Worker))
#14 /home/vagrant/www/weaver-crawler/Cli/Org/Workerman/Worker.php(1025): Workerman\Worker::forkWorkers()
#15 /home/vagrant/www/weaver-crawler/Cli/Org/Workerman/Worker.php(425): Workerman\Worker::monitorWorkers()
#16 /home/vagrant/www/weaver-crawler/Cli/Crawler/Controller/YouxinpaiController.class.php(259): Workerman\Worker::runAll()
#17 [internal function]: Crawler\Controller\YouxinpaiController->crawlerTradePrice()
#18 /home/vagrant/www/weaver-crawler/ThinkPHP/Library/Think/App.class.php(173): ReflectionMethod->invoke(Object(Crawler\Controller\YouxinpaiController))
#19 /home/vagrant/www/weaver-crawler/ThinkPHP/Library/Think/App.class.php(110): Think\App::invokeAction(Object(Crawler\Controller\YouxinpaiController), 'crawlerTradePri...')
#20 /home/vagrant/www/weaver-crawler/ThinkPHP/Library/Think/App.class.php(204): Think\App::exec()
#21 /home/vagrant/www/weaver-crawler/ThinkPHP/Library/Think/Think.class.php(120): Think\App::run()
#22 /home/vagrant/www/weaver-crawler/ThinkPHP/ThinkPHP.php(94): Think\Think::start()
#23 /home/vagrant/www/weaver-crawler/cli.php(49): require('/home/vagrant/w...')
#24 {main}Worker start...
exception 'Think\Exception' with message '2006:MySQL server has gone away
 [ SQL语句 ] : SELECT `publish_id` FROM `crawler_yxp_auction` WHERE `resp_code` NOT IN ('-15',' -3') ' in /home/vagrant/www/weaver-crawler/ThinkPHP/Common/functions.php:102
Stack trace:
#0 /home/vagrant/www/weaver-crawler/ThinkPHP/Library/Think/Db/Driver.class.php(350): E('2006:MySQL serv...')
#1 /home/vagrant/www/weaver-crawler/ThinkPHP/Library/Think/Db/Driver.class.php(180): Think\Db\Driver->error()
#2 /home/vagrant/www/weaver-crawler/ThinkPHP/Library/Think/Db/Driver.class.php(946): Think\Db\Driver->query('SELECT `publish...', false)
#3 /home/vagrant/www/weaver-crawler/ThinkPHP/Library/Think/Model.class.php(579): Think\Db\Driver->select(Array)
#4 /home/vagrant/www/weaver-crawler/Cli/Crawler/Service/YouxinpaiService.class.php(228): Think\Model->select()
#5 /home/vagrant/www/weaver-crawler/Cli/Crawler/Service/YouxinpaiService.class.php(190): Crawler\Service\YouxinpaiService->getUntradeAuctionIds()
#6 /home/vagrant/www/weaver-crawler/Cli/Crawler/Controller/YouxinpaiController.class.php(238): Crawler\Service\YouxinpaiService->crawlerTradePrice()
#7 [internal function]: Crawler\Controller\YouxinpaiController->Crawler\Controller\{closure}()
#8 /home/vagrant/www/weaver-crawler/Cli/Org/Workerman/Events/Libevent.php(171): call_user_func_array(Object(Closure), Array)
#9 [internal function]: Workerman\Events\Libevent->timerCallback(Resource id #0, 1, 154)
#10 /home/vagrant/www/weaver-crawler/Cli/Org/Workerman/Events/Libevent.php(200): event_base_loop(Resource id #87)
#11 /home/vagrant/www/weaver-crawler/Cli/Org/Workerman/Worker.php(1479): Workerman\Events\Libevent->loop()
#12 /home/vagrant/www/weaver-crawler/Cli/Org/Workerman/Worker.php(907): Workerman\Worker->run()
#13 /home/vagrant/www/weaver-crawler/Cli/Org/Workerman/Worker.php(873): Workerman\Worker::forkOneWorker(Object(Workerman\Worker))
#14 /home/vagrant/www/weaver-crawler/Cli/Org/Workerman/Worker.php(1025): Workerman\Worker::forkWorkers()
#15 /home/vagrant/www/weaver-crawler/Cli/Org/Workerman/Worker.php(425): Workerman\Worker::monitorWorkers()
#16 /home/vagrant/www/weaver-crawler/Cli/Crawler/Controller/YouxinpaiController.class.php(259): Workerman\Worker::runAll()
#17 [internal function]: Crawler\Controller\YouxinpaiController->crawlerTradePrice()
#18 /home/vagrant/www/weaver-crawler/ThinkPHP/Library/Think/App.class.php(173): ReflectionMethod->invoke(Object(Crawler\Controller\YouxinpaiController))
#19 /home/vagrant/www/weaver-crawler/ThinkPHP/Library/Think/App.class.php(110): Think\App::invokeAction(Object(Crawler\Controller\YouxinpaiController), 'crawlerTradePri...')
#20 /home/vagrant/www/weaver-crawler/ThinkPHP/Library/Think/App.class.php(204): Think\App::exec()
#21 /home/vagrant/www/weaver-crawler/ThinkPHP/Library/Think/Think.class.php(120): Think\App::run()
#22 /home/vagrant/www/weaver-crawler/ThinkPHP/ThinkPHP.php(94): Think\Think::start()
#23 /home/vagrant/www/weaver-crawler/cli.php(49): require('/home/vagrant/w...')
#24 {main}Worker start...
exception 'Think\Exception' with message '2006:MySQL server has gone away
 [ SQL语句 ] : SELECT `publish_id` FROM `crawler_yxp_auction` WHERE `resp_code` NOT IN ('-15',' -3') ' in /home/vagrant/www/weaver-crawler/ThinkPHP/Common/functions.php:102
Stack trace:
#0 /home/vagrant/www/weaver-crawler/ThinkPHP/Library/Think/Db/Driver.class.php(350): E('2006:MySQL serv...')
#1 /home/vagrant/www/weaver-crawler/ThinkPHP/Library/Think/Db/Driver.class.php(180): Think\Db\Driver->error()
#2 /home/vagrant/www/weaver-crawler/ThinkPHP/Library/Think/Db/Driver.class.php(946): Think\Db\Driver->query('SELECT `publish...', false)
#3 /home/vagrant/www/weaver-crawler/ThinkPHP/Library/Think/Model.class.php(579): Think\Db\Driver->select(Array)
#4 /home/vagrant/www/weaver-crawler/Cli/Crawler/Service/YouxinpaiService.class.php(228): Think\Model->select()
#5 /home/vagrant/www/weaver-crawler/Cli/Crawler/Service/YouxinpaiService.class.php(190): Crawler\Service\YouxinpaiService->getUntradeAuctionIds()
#6 /home/vagrant/www/weaver-crawler/Cli/Crawler/Controller/YouxinpaiController.class.php(238): Crawler\Service\YouxinpaiService->crawlerTradePrice()
#7 [internal function]: Crawler\Controller\YouxinpaiController->Crawler\Controller\{closure}()
#8 /home/vagrant/www/weaver-crawler/Cli/Org/Workerman/Events/Libevent.php(171): call_user_func_array(Object(Closure), Array)
#9 [internal function]: Workerman\Events\Libevent->timerCallback(Resource id #0, 1, 1132)
#10 /home/vagrant/www/weaver-crawler/Cli/Org/Workerman/Events/Libevent.php(200): event_base_loop(Resource id #88)
#11 /home/vagrant/www/weaver-crawler/Cli/Org/Workerman/Worker.php(1479): Workerman\Events\Libevent->loop()
#12 /home/vagrant/www/weaver-crawler/Cli/Org/Workerman/Worker.php(907): Workerman\Worker->run()
#13 /home/vagrant/www/weaver-crawler/Cli/Org/Workerman/Worker.php(873): Workerman\Worker::forkOneWorker(Object(Workerman\Worker))
#14 /home/vagrant/www/weaver-crawler/Cli/Org/Workerman/Worker.php(1025): Workerman\Worker::forkWorkers()
#15 /home/vagrant/www/weaver-crawler/Cli/Org/Workerman/Worker.php(425): Workerman\Worker::monitorWorkers()
#16 /home/vagrant/www/weaver-crawler/Cli/Crawler/Controller/YouxinpaiController.class.php(259): Workerman\Worker::runAll()
#17 [internal function]: Crawler\Controller\YouxinpaiController->crawlerTradePrice()
#18 /home/vagrant/www/weaver-crawler/ThinkPHP/Library/Think/App.class.php(173): ReflectionMethod->invoke(Object(Crawler\Controller\YouxinpaiController))
#19 /home/vagrant/www/weaver-crawler/ThinkPHP/Library/Think/App.class.php(110): Think\App::invokeAction(Object(Crawler\Controller\YouxinpaiController), 'crawlerTradePri...')
#20 /home/vagrant/www/weaver-crawler/ThinkPHP/Library/Think/App.class.php(204): Think\App::exec()
#21 /home/vagrant/www/weaver-crawler/ThinkPHP/Library/Think/Think.class.php(120): Think\App::run()
#22 /home/vagrant/www/weaver-crawler/ThinkPHP/ThinkPHP.php(94): Think\Think::start()
#23 /home/vagrant/www/weaver-crawler/cli.php(49): require('/home/vagrant/w...')
#24 {main}Worker start...
exception 'Think\Exception' with message '2013:Lost connection to MySQL server during query
 [ SQL语句 ] : SELECT `publish_id` FROM `crawler_yxp_auction` WHERE `resp_code` NOT IN ('-15',' -3') ' in /home/vagrant/www/weaver-crawler/ThinkPHP/Common/functions.php:102
Stack trace:
#0 /home/vagrant/www/weaver-crawler/ThinkPHP/Library/Think/Db/Driver.class.php(350): E('2013:Lost conne...')
#1 /home/vagrant/www/weaver-crawler/ThinkPHP/Library/Think/Db/Driver.class.php(180): Think\Db\Driver->error()
#2 /home/vagrant/www/weaver-crawler/ThinkPHP/Library/Think/Db/Driver.class.php(946): Think\Db\Driver->query('SELECT `publish...', false)
#3 /home/vagrant/www/weaver-crawler/ThinkPHP/Library/Think/Model.class.php(579): Think\Db\Driver->select(Array)
#4 /home/vagrant/www/weaver-crawler/Cli/Crawler/Service/YouxinpaiService.class.php(228): Think\Model->select()
#5 /home/vagrant/www/weaver-crawler/Cli/Crawler/Service/YouxinpaiService.class.php(190): Crawler\Service\YouxinpaiService->getUntradeAuctionIds()
#6 /home/vagrant/www/weaver-crawler/Cli/Crawler/Controller/YouxinpaiController.class.php(238): Crawler\Service\YouxinpaiService->crawlerTradePrice()
#7 [internal function]: Crawler\Controller\YouxinpaiController->Crawler\Controller\{closure}()
#8 /home/vagrant/www/weaver-crawler/Cli/Org/Workerman/Events/Libevent.php(171): call_user_func_array(Object(Closure), Array)
#9 [internal function]: Workerman\Events\Libevent->timerCallback(Resource id #0, 1, 1098)
#10 /home/vagrant/www/weaver-crawler/Cli/Org/Workerman/Events/Libevent.php(200): event_base_loop(Resource id #89)
#11 /home/vagrant/www/weaver-crawler/Cli/Org/Workerman/Worker.php(1479): Workerman\Events\Libevent->loop()
#12 /home/vagrant/www/weaver-crawler/Cli/Org/Workerman/Worker.php(907): Workerman\Worker->run()
#13 /home/vagrant/www/weaver-crawler/Cli/Org/Workerman/Worker.php(873): Workerman\Worker::forkOneWorker(Object(Workerman\Worker))
#14 /home/vagrant/www/weaver-crawler/Cli/Org/Workerman/Worker.php(1025): Workerman\Worker::forkWorkers()
#15 /home/vagrant/www/weaver-crawler/Cli/Org/Workerman/Worker.php(425): Workerman\Worker::monitorWorkers()
#16 /home/vagrant/www/weaver-crawler/Cli/Crawler/Controller/YouxinpaiController.class.php(259): Workerman\Worker::runAll()
#17 [internal function]: Crawler\Controller\YouxinpaiController->crawlerTradePrice()
#18 /home/vagrant/www/weaver-crawler/ThinkPHP/Library/Think/App.class.php(173): ReflectionMethod->invoke(Object(Crawler\Controller\YouxinpaiController))
#19 /home/vagrant/www/weaver-crawler/ThinkPHP/Library/Think/App.class.php(110): Think\App::invokeAction(Object(Crawler\Controller\YouxinpaiController), 'crawlerTradePri...')
#20 /home/vagrant/www/weaver-crawler/ThinkPHP/Library/Think/App.class.php(204): Think\App::exec()
#21 /home/vagrant/www/weaver-crawler/ThinkPHP/Library/Think/Think.class.php(120): Think\App::run()
#22 /home/vagrant/www/weaver-crawler/ThinkPHP/ThinkPHP.php(94): Think\Think::start()
#23 /home/vagrant/www/weaver-crawler/cli.php(49): require('/home/vagrant/w...')
#24 {main}Worker start...
exception 'Think\Exception' with message '2013:Lost connection to MySQL server during query
 [ SQL语句 ] : SELECT `publish_id` FROM `crawler_yxp_auction` WHERE `resp_code` NOT IN ('-15',' -3') ' in /home/vagrant/www/weaver-crawler/ThinkPHP/Common/functions.php:102
Stack trace:
#0 /home/vagrant/www/weaver-crawler/ThinkPHP/Library/Think/Db/Driver.class.php(350): E('2013:Lost conne...')
#1 /home/vagrant/www/weaver-crawler/ThinkPHP/Library/Think/Db/Driver.class.php(180): Think\Db\Driver->error()
#2 /home/vagrant/www/weaver-crawler/ThinkPHP/Library/Think/Db/Driver.class.php(946): Think\Db\Driver->query('SELECT `publish...', false)
#3 /home/vagrant/www/weaver-crawler/ThinkPHP/Library/Think/Model.class.php(579): Think\Db\Driver->select(Array)
#4 /home/vagrant/www/weaver-crawler/Cli/Crawler/Service/YouxinpaiService.class.php(228): Think\Model->select()
#5 /home/vagrant/www/weaver-crawler/Cli/Crawler/Service/YouxinpaiService.class.php(190): Crawler\Service\YouxinpaiService->getUntradeAuctionIds()
#6 /home/vagrant/www/weaver-crawler/Cli/Crawler/Controller/YouxinpaiController.class.php(238): Crawler\Service\YouxinpaiService->crawlerTradePrice()
#7 [internal function]: Crawler\Controller\YouxinpaiController->Crawler\Controller\{closure}()
#8 /home/vagrant/www/weaver-crawler/Cli/Org/Workerman/Events/Libevent.php(171): call_user_func_array(Object(Closure), Array)
#9 [internal function]: Workerman\Events\Libevent->timerCallback(Resource id #0, 1, 568)
#10 /home/vagrant/www/weaver-crawler/Cli/Org/Workerman/Events/Libevent.php(200): event_base_loop(Resource id #90)
#11 /home/vagrant/www/weaver-crawler/Cli/Org/Workerman/Worker.php(1479): Workerman\Events\Libevent->loop()
#12 /home/vagrant/www/weaver-crawler/Cli/Org/Workerman/Worker.php(907): Workerman\Worker->run()
#13 /home/vagrant/www/weaver-crawler/Cli/Org/Workerman/Worker.php(873): Workerman\Worker::forkOneWorker(Object(Workerman\Worker))
#14 /home/vagrant/www/weaver-crawler/Cli/Org/Workerman/Worker.php(1025): Workerman\Worker::forkWorkers()
#15 /home/vagrant/www/weaver-crawler/Cli/Org/Workerman/Worker.php(425): Workerman\Worker::monitorWorkers()
#16 /home/vagrant/www/weaver-crawler/Cli/Crawler/Controller/YouxinpaiController.class.php(259): Workerman\Worker::runAll()
#17 [internal function]: Crawler\Controller\YouxinpaiController->crawlerTradePrice()
#18 /home/vagrant/www/weaver-crawler/ThinkPHP/Library/Think/App.class.php(173): ReflectionMethod->invoke(Object(Crawler\Controller\YouxinpaiController))
#19 /home/vagrant/www/weaver-crawler/ThinkPHP/Library/Think/App.class.php(110): Think\App::invokeAction(Object(Crawler\Controller\YouxinpaiController), 'crawlerTradePri...')
#20 /home/vagrant/www/weaver-crawler/ThinkPHP/Library/Think/App.class.php(204): Think\App::exec()
#21 /home/vagrant/www/weaver-crawler/ThinkPHP/Library/Think/Think.class.php(120): Think\App::run()
#22 /home/vagrant/www/weaver-crawler/ThinkPHP/ThinkPHP.php(94): Think\Think::start()
#23 /home/vagrant/www/weaver-crawler/cli.php(49): require('/home/vagrant/w...')
#24 {main}Worker start...
exception 'Think\Exception' with message '2013:Lost connection to MySQL server during query
 [ SQL语句 ] : SELECT `publish_id` FROM `crawler_yxp_auction` WHERE `resp_code` NOT IN ('-15',' -3') ' in /home/vagrant/www/weaver-crawler/ThinkPHP/Common/functions.php:102
Stack trace:
#0 /home/vagrant/www/weaver-crawler/ThinkPHP/Library/Think/Db/Driver.class.php(350): E('2013:Lost conne...')
#1 /home/vagrant/www/weaver-crawler/ThinkPHP/Library/Think/Db/Driver.class.php(180): Think\Db\Driver->error()
#2 /home/vagrant/www/weaver-crawler/ThinkPHP/Library/Think/Db/Driver.class.php(946): Think\Db\Driver->query('SELECT `publish...', false)
#3 /home/vagrant/www/weaver-crawler/ThinkPHP/Library/Think/Model.class.php(579): Think\Db\Driver->select(Array)
#4 /home/vagrant/www/weaver-crawler/Cli/Crawler/Service/YouxinpaiService.class.php(228): Think\Model->select()
#5 /home/vagrant/www/weaver-crawler/Cli/Crawler/Service/YouxinpaiService.class.php(190): Crawler\Service\YouxinpaiService->getUntradeAuctionIds()
#6 /home/vagrant/www/weaver-crawler/Cli/Crawler/Controller/YouxinpaiController.class.php(238): Crawler\Service\YouxinpaiService->crawlerTradePrice()
#7 [internal function]: Crawler\Controller\YouxinpaiController->Crawler\Controller\{closure}()
#8 /home/vagrant/www/weaver-crawler/Cli/Org/Workerman/Events/Libevent.php(171): call_user_func_array(Object(Closure), Array)
#9 [internal function]: Workerman\Events\Libevent->timerCallback(Resource id #0, 1, 155)
#10 /home/vagrant/www/weaver-crawler/Cli/Org/Workerman/Events/Libevent.php(200): event_base_loop(Resource id #91)
#11 /home/vagrant/www/weaver-crawler/Cli/Org/Workerman/Worker.php(1479): Workerman\Events\Libevent->loop()
#12 /home/vagrant/www/weaver-crawler/Cli/Org/Workerman/Worker.php(907): Workerman\Worker->run()
#13 /home/vagrant/www/weaver-crawler/Cli/Org/Workerman/Worker.php(873): Workerman\Worker::forkOneWorker(Object(Workerman\Worker))
#14 /home/vagrant/www/weaver-crawler/Cli/Org/Workerman/Worker.php(1025): Workerman\Worker::forkWorkers()
#15 /home/vagrant/www/weaver-crawler/Cli/Org/Workerman/Worker.php(425): Workerman\Worker::monitorWorkers()
#16 /home/vagrant/www/weaver-crawler/Cli/Crawler/Controller/YouxinpaiController.class.php(259): Workerman\Worker::runAll()
#17 [internal function]: Crawler\Controller\YouxinpaiController->crawlerTradePrice()
#18 /home/vagrant/www/weaver-crawler/ThinkPHP/Library/Think/App.class.php(173): ReflectionMethod->invoke(Object(Crawler\Controller\YouxinpaiController))
#19 /home/vagrant/www/weaver-crawler/ThinkPHP/Library/Think/App.class.php(110): Think\App::invokeAction(Object(Crawler\Controller\YouxinpaiController), 'crawlerTradePri...')
#20 /home/vagrant/www/weaver-crawler/ThinkPHP/Library/Think/App.class.php(204): Think\App::exec()
#21 /home/vagrant/www/weaver-crawler/ThinkPHP/Library/Think/Think.class.php(120): Think\App::run()
#22 /home/vagrant/www/weaver-crawler/ThinkPHP/ThinkPHP.php(94): Think\Think::start()
#23 /home/vagrant/www/weaver-crawler/cli.php(49): require('/home/vagrant/w...')
#24 {main}Worker start...
