2016-11-21 15:50:15 Workerman[cli.php] start in DEBUG mode
2016-11-21 15:50:16 Workerman[cli.php] status 
2016-11-21 15:51:35 Workerman[cli.php] status 
2016-11-21 15:51:38 Workerman[cli.php] stop 
2016-11-21 15:51:38 Workerman[cli.php] is stoping ...
2016-11-21 15:51:38 Workerman[cli.php] Stopping ...
2016-11-21 15:51:38 Workerman[cli.php] has been stopped
2016-11-21 15:51:38 Workerman[cli.php] stop success
2016-11-21 15:51:39 Workerman[cli.php] status 
2016-11-21 15:51:39 Workerman[cli.php] not run
2016-11-21 15:51:46 Workerman[cli.php] start in DEBUG mode
2016-11-21 15:51:47 Workerman[cli.php] status 
2016-11-21 16:52:22 WORKER EXIT UNEXPECTED 
2016-11-21 16:52:22 worker[Crawler_Youxinpai_crawlerTradePrice_Worker:2085] exit with status 64000
2016-11-21 17:52:57 WORKER EXIT UNEXPECTED 
2016-11-21 17:52:57 worker[Crawler_Youxinpai_crawlerTradePrice_Worker:3005] exit with status 64000
2016-11-21 18:53:29 WORKER EXIT UNEXPECTED 
2016-11-21 18:53:29 worker[Crawler_Youxinpai_crawlerTradePrice_Worker:3824] exit with status 64000
2016-11-21 19:54:09 WORKER EXIT UNEXPECTED 
2016-11-21 19:54:09 worker[Crawler_Youxinpai_crawlerTradePrice_Worker:4638] exit with status 64000
2016-11-21 20:55:51 WORKER EXIT UNEXPECTED 
2016-11-21 20:55:51 worker[Crawler_Youxinpai_crawlerTradePrice_Worker:5543] exit with status 64000
2016-11-22 07:51:35 WORKER EXIT UNEXPECTED 
2016-11-22 07:51:35 worker[Crawler_Youxinpai_crawlerTradePrice_Worker:6365] exit with status 64000
2016-11-22 09:42:10 WORKER EXIT UNEXPECTED 
2016-11-22 09:42:10 worker[Crawler_Youxinpai_crawlerTradePrice_Worker:7206] exit with status 64000
2016-11-22 10:44:15 WORKER EXIT UNEXPECTED 
2016-11-22 10:44:15 worker[Crawler_Youxinpai_crawlerTradePrice_Worker:8040] exit with status 64000
2016-11-22 11:46:20 WORKER EXIT UNEXPECTED 
2016-11-22 11:46:20 worker[Crawler_Youxinpai_crawlerTradePrice_Worker:8867] exit with status 64000
2016-11-22 13:24:18 WORKER EXIT UNEXPECTED 
2016-11-22 13:24:18 worker[Crawler_Youxinpai_crawlerTradePrice_Worker:9714] exit with status 64000
2016-11-22 14:27:28 WORKER EXIT UNEXPECTED 
2016-11-22 14:27:28 worker[Crawler_Youxinpai_crawlerTradePrice_Worker:10552] exit with status 64000
2016-11-22 15:29:54 WORKER EXIT UNEXPECTED 
2016-11-22 15:29:54 worker[Crawler_Youxinpai_crawlerTradePrice_Worker:11510] exit with status 64000
2016-11-22 16:30:55 WORKER EXIT UNEXPECTED 
2016-11-22 16:30:55 worker[Crawler_Youxinpai_crawlerTradePrice_Worker:13039] exit with status 64000
2016-11-22 17:31:11 WORKER EXIT UNEXPECTED 
2016-11-22 17:31:11 worker[Crawler_Youxinpai_crawlerTradePrice_Worker:14238] exit with status 64000
2016-11-22 18:31:20 WORKER EXIT UNEXPECTED 
2016-11-22 18:31:20 worker[Crawler_Youxinpai_crawlerTradePrice_Worker:15221] exit with status 64000
2016-11-22 19:31:30 WORKER EXIT UNEXPECTED 
2016-11-22 19:31:30 worker[Crawler_Youxinpai_crawlerTradePrice_Worker:16156] exit with status 64000
2016-11-23 07:48:42 WORKER EXIT UNEXPECTED 
2016-11-23 07:48:42 worker[Crawler_Youxinpai_crawlerTradePrice_Worker:17015] exit with status 64000
2016-11-23 09:38:54 WORKER EXIT UNEXPECTED 
2016-11-23 09:38:54 worker[Crawler_Youxinpai_crawlerTradePrice_Worker:17825] exit with status 64000
2016-11-23 10:39:07 WORKER EXIT UNEXPECTED 
2016-11-23 10:39:07 worker[Crawler_Youxinpai_crawlerTradePrice_Worker:18636] exit with status 64000
2016-11-23 11:39:22 WORKER EXIT UNEXPECTED 
2016-11-23 11:39:22 worker[Crawler_Youxinpai_crawlerTradePrice_Worker:19598] exit with status 64000
2016-11-23 13:01:51 WORKER EXIT UNEXPECTED 
2016-11-23 13:01:51 worker[Crawler_Youxinpai_crawlerTradePrice_Worker:20580] exit with status 64000
2016-11-23 14:05:45 WORKER EXIT UNEXPECTED 
2016-11-23 14:05:45 worker[Crawler_Youxinpai_crawlerTradePrice_Worker:21418] exit with status 64000
2016-11-23 15:17:00 WORKER EXIT UNEXPECTED 
2016-11-23 15:17:00 worker[Crawler_Youxinpai_crawlerTradePrice_Worker:22267] exit with status 64000
2016-11-23 16:18:31 WORKER EXIT UNEXPECTED 
2016-11-23 16:18:31 worker[Crawler_Youxinpai_crawlerTradePrice_Worker:24117] exit with status 64000
2016-11-23 17:18:42 WORKER EXIT UNEXPECTED 
2016-11-23 17:18:42 worker[Crawler_Youxinpai_crawlerTradePrice_Worker:25172] exit with status 64000
