[ 2016-11-02T01:35:27+08:00 ] 127.0.0.1 /Admin/Admin/login
INFO: [ app_init ] --START--
INFO: Run Behavior\BuildLiteBehavior [ RunTime:0.000068s ]
INFO: [ app_init ] --END-- [ RunTime:0.000479s ]
INFO: [ app_begin ] --START--
INFO: Run Behavior\ReadHtmlCacheBehavior [ RunTime:0.005234s ]
INFO: [ app_begin ] --END-- [ RunTime:0.005824s ]
NOTIC: [8192] mysql_connect(): The mysql extension is deprecated and will be removed in the future: use mysqli or PDO instead /home/vagrant/www/ant-manager/ThinkPHP/Library/Think/Session/Driver/Db.class.php 第 95 行.

[ 2016-11-02T01:35:27+08:00 ] 127.0.0.1 /admin/main.html
INFO: [ app_init ] --START--
INFO: Run Behavior\BuildLiteBehavior [ RunTime:0.000172s ]
INFO: [ app_init ] --END-- [ RunTime:0.000637s ]
INFO: [ app_begin ] --START--
INFO: Run Behavior\ReadHtmlCacheBehavior [ RunTime:0.001522s ]
INFO: [ app_begin ] --END-- [ RunTime:0.002223s ]
NOTIC: [8192] mysql_connect(): The mysql extension is deprecated and will be removed in the future: use mysqli or PDO instead /home/vagrant/www/ant-manager/ThinkPHP/Library/Think/Session/Driver/Db.class.php 第 95 行.
INFO: [ view_parse ] --START--
INFO: [ template_filter ] --START--
INFO: Run Behavior\ContentReplaceBehavior [ RunTime:0.000196s ]
INFO: [ template_filter ] --END-- [ RunTime:0.000595s ]
INFO: Run Behavior\ParseTemplateBehavior [ RunTime:0.160489s ]
INFO: [ view_parse ] --END-- [ RunTime:0.160923s ]
INFO: [ view_filter ] --START--
INFO: Run Behavior\WriteHtmlCacheBehavior [ RunTime:0.006419s ]
INFO: [ view_filter ] --END-- [ RunTime:0.006811s ]
INFO: [ app_end ] --START--
INFO: Run Behavior\ShowPageTraceBehavior [ RunTime:0.004631s ]
INFO: [ app_end ] --END-- [ RunTime:0.005043s ]

[ 2016-11-02T01:35:37+08:00 ] 127.0.0.1 /admin/debuger/sms.html
INFO: [ app_init ] --START--
INFO: Run Behavior\BuildLiteBehavior [ RunTime:0.000161s ]
INFO: [ app_init ] --END-- [ RunTime:0.000585s ]
INFO: [ app_begin ] --START--
INFO: Run Behavior\ReadHtmlCacheBehavior [ RunTime:0.004423s ]
INFO: [ app_begin ] --END-- [ RunTime:0.005229s ]
NOTIC: [8192] mysql_connect(): The mysql extension is deprecated and will be removed in the future: use mysqli or PDO instead /home/vagrant/www/ant-manager/ThinkPHP/Library/Think/Session/Driver/Db.class.php 第 95 行.
NOTIC: [2048] Declaration of Admin\Controller\DebugerController::show() should be compatible with Think\Controller::show($content, $charset = '', $contentType = '', $prefix = '') /home/vagrant/www/ant-manager/Application/Admin/Controller/DebugerController.class.php 第 17 行.
INFO: [ view_parse ] --START--
INFO: [ template_filter ] --START--
INFO: Run Behavior\ContentReplaceBehavior [ RunTime:0.000208s ]
INFO: [ template_filter ] --END-- [ RunTime:0.000540s ]
INFO: Run Behavior\ParseTemplateBehavior [ RunTime:0.116709s ]
INFO: [ view_parse ] --END-- [ RunTime:0.117181s ]
INFO: [ view_filter ] --START--
INFO: Run Behavior\WriteHtmlCacheBehavior [ RunTime:0.004839s ]
INFO: [ view_filter ] --END-- [ RunTime:0.005277s ]
INFO: [ app_end ] --START--
INFO: Run Behavior\ShowPageTraceBehavior [ RunTime:0.004350s ]
INFO: [ app_end ] --END-- [ RunTime:0.004825s ]

[ 2016-11-02T01:35:56+08:00 ] 127.0.0.1 /Admin/Debuger/request
INFO: [ app_init ] --START--
INFO: Run Behavior\BuildLiteBehavior [ RunTime:0.000128s ]
INFO: [ app_init ] --END-- [ RunTime:0.000482s ]
INFO: [ app_begin ] --START--
INFO: Run Behavior\ReadHtmlCacheBehavior [ RunTime:0.002649s ]
INFO: [ app_begin ] --END-- [ RunTime:0.003135s ]
NOTIC: [8192] mysql_connect(): The mysql extension is deprecated and will be removed in the future: use mysqli or PDO instead /home/vagrant/www/ant-manager/ThinkPHP/Library/Think/Session/Driver/Db.class.php 第 95 行.
NOTIC: [2048] Declaration of Admin\Controller\DebugerController::show() should be compatible with Think\Controller::show($content, $charset = '', $contentType = '', $prefix = '') /home/vagrant/www/ant-manager/Application/Admin/Controller/DebugerController.class.php 第 17 行.

[ 2016-11-02T01:36:19+08:00 ] 127.0.0.1 /Admin/Debuger/request
INFO: [ app_init ] --START--
INFO: Run Behavior\BuildLiteBehavior [ RunTime:0.000071s ]
INFO: [ app_init ] --END-- [ RunTime:0.000477s ]
INFO: [ app_begin ] --START--
INFO: Run Behavior\ReadHtmlCacheBehavior [ RunTime:0.003356s ]
INFO: [ app_begin ] --END-- [ RunTime:0.003706s ]
NOTIC: [8192] mysql_connect(): The mysql extension is deprecated and will be removed in the future: use mysqli or PDO instead /home/vagrant/www/ant-manager/ThinkPHP/Library/Think/Session/Driver/Db.class.php 第 95 行.
NOTIC: [2048] Declaration of Admin\Controller\DebugerController::show() should be compatible with Think\Controller::show($content, $charset = '', $contentType = '', $prefix = '') /home/vagrant/www/ant-manager/Application/Admin/Controller/DebugerController.class.php 第 17 行.

[ 2016-11-02T01:36:22+08:00 ] 127.0.0.1 /Admin/Debuger/request
INFO: [ app_init ] --START--
INFO: Run Behavior\BuildLiteBehavior [ RunTime:0.000072s ]
INFO: [ app_init ] --END-- [ RunTime:0.000675s ]
INFO: [ app_begin ] --START--
INFO: Run Behavior\ReadHtmlCacheBehavior [ RunTime:0.002780s ]
INFO: [ app_begin ] --END-- [ RunTime:0.003104s ]
NOTIC: [8192] mysql_connect(): The mysql extension is deprecated and will be removed in the future: use mysqli or PDO instead /home/vagrant/www/ant-manager/ThinkPHP/Library/Think/Session/Driver/Db.class.php 第 95 行.
NOTIC: [2048] Declaration of Admin\Controller\DebugerController::show() should be compatible with Think\Controller::show($content, $charset = '', $contentType = '', $prefix = '') /home/vagrant/www/ant-manager/Application/Admin/Controller/DebugerController.class.php 第 17 行.

[ 2016-11-02T01:36:26+08:00 ] 127.0.0.1 /Admin/Debuger/request
INFO: [ app_init ] --START--
INFO: Run Behavior\BuildLiteBehavior [ RunTime:0.000067s ]
INFO: [ app_init ] --END-- [ RunTime:0.000484s ]
INFO: [ app_begin ] --START--
INFO: Run Behavior\ReadHtmlCacheBehavior [ RunTime:0.001867s ]
INFO: [ app_begin ] --END-- [ RunTime:0.002329s ]
NOTIC: [8192] mysql_connect(): The mysql extension is deprecated and will be removed in the future: use mysqli or PDO instead /home/vagrant/www/ant-manager/ThinkPHP/Library/Think/Session/Driver/Db.class.php 第 95 行.
NOTIC: [2048] Declaration of Admin\Controller\DebugerController::show() should be compatible with Think\Controller::show($content, $charset = '', $contentType = '', $prefix = '') /home/vagrant/www/ant-manager/Application/Admin/Controller/DebugerController.class.php 第 17 行.

[ 2016-11-02T01:37:36+08:00 ] 127.0.0.1 /Admin/Debuger/request
INFO: [ app_init ] --START--
INFO: Run Behavior\BuildLiteBehavior [ RunTime:0.000070s ]
INFO: [ app_init ] --END-- [ RunTime:0.000421s ]
INFO: [ app_begin ] --START--
INFO: Run Behavior\ReadHtmlCacheBehavior [ RunTime:0.004614s ]
INFO: [ app_begin ] --END-- [ RunTime:0.004907s ]
NOTIC: [8192] mysql_connect(): The mysql extension is deprecated and will be removed in the future: use mysqli or PDO instead /home/vagrant/www/ant-manager/ThinkPHP/Library/Think/Session/Driver/Db.class.php 第 95 行.
NOTIC: [2048] Declaration of Admin\Controller\DebugerController::show() should be compatible with Think\Controller::show($content, $charset = '', $contentType = '', $prefix = '') /home/vagrant/www/ant-manager/Application/Admin/Controller/DebugerController.class.php 第 17 行.

[ 2016-11-02T01:38:31+08:00 ] 127.0.0.1 /Admin/Debuger/request
INFO: [ app_init ] --START--
INFO: Run Behavior\BuildLiteBehavior [ RunTime:0.000069s ]
INFO: [ app_init ] --END-- [ RunTime:0.000480s ]
INFO: [ app_begin ] --START--
INFO: Run Behavior\ReadHtmlCacheBehavior [ RunTime:0.002306s ]
INFO: [ app_begin ] --END-- [ RunTime:0.002737s ]
NOTIC: [8192] mysql_connect(): The mysql extension is deprecated and will be removed in the future: use mysqli or PDO instead /home/vagrant/www/ant-manager/ThinkPHP/Library/Think/Session/Driver/Db.class.php 第 95 行.
NOTIC: [2048] Declaration of Admin\Controller\DebugerController::show() should be compatible with Think\Controller::show($content, $charset = '', $contentType = '', $prefix = '') /home/vagrant/www/ant-manager/Application/Admin/Controller/DebugerController.class.php 第 17 行.

[ 2016-11-02T01:38:35+08:00 ] 127.0.0.1 /Admin/Debuger/request
INFO: [ app_init ] --START--
INFO: Run Behavior\BuildLiteBehavior [ RunTime:0.000068s ]
INFO: [ app_init ] --END-- [ RunTime:0.000509s ]
INFO: [ app_begin ] --START--
INFO: Run Behavior\ReadHtmlCacheBehavior [ RunTime:0.004218s ]
INFO: [ app_begin ] --END-- [ RunTime:0.004513s ]
NOTIC: [8192] mysql_connect(): The mysql extension is deprecated and will be removed in the future: use mysqli or PDO instead /home/vagrant/www/ant-manager/ThinkPHP/Library/Think/Session/Driver/Db.class.php 第 95 行.
NOTIC: [2048] Declaration of Admin\Controller\DebugerController::show() should be compatible with Think\Controller::show($content, $charset = '', $contentType = '', $prefix = '') /home/vagrant/www/ant-manager/Application/Admin/Controller/DebugerController.class.php 第 17 行.

[ 2016-11-02T01:38:55+08:00 ] 127.0.0.1 /Admin/Debuger/request
INFO: [ app_init ] --START--
INFO: Run Behavior\BuildLiteBehavior [ RunTime:0.000066s ]
INFO: [ app_init ] --END-- [ RunTime:0.000491s ]
INFO: [ app_begin ] --START--
INFO: Run Behavior\ReadHtmlCacheBehavior [ RunTime:0.004067s ]
INFO: [ app_begin ] --END-- [ RunTime:0.004359s ]
NOTIC: [8192] mysql_connect(): The mysql extension is deprecated and will be removed in the future: use mysqli or PDO instead /home/vagrant/www/ant-manager/ThinkPHP/Library/Think/Session/Driver/Db.class.php 第 95 行.
NOTIC: [2048] Declaration of Admin\Controller\DebugerController::show() should be compatible with Think\Controller::show($content, $charset = '', $contentType = '', $prefix = '') /home/vagrant/www/ant-manager/Application/Admin/Controller/DebugerController.class.php 第 17 行.

[ 2016-11-02T01:39:10+08:00 ] 127.0.0.1 /Admin/Debuger/request
INFO: [ app_init ] --START--
INFO: Run Behavior\BuildLiteBehavior [ RunTime:0.000069s ]
INFO: [ app_init ] --END-- [ RunTime:0.000733s ]
INFO: [ app_begin ] --START--
INFO: Run Behavior\ReadHtmlCacheBehavior [ RunTime:0.004694s ]
INFO: [ app_begin ] --END-- [ RunTime:0.005178s ]
NOTIC: [8192] mysql_connect(): The mysql extension is deprecated and will be removed in the future: use mysqli or PDO instead /home/vagrant/www/ant-manager/ThinkPHP/Library/Think/Session/Driver/Db.class.php 第 95 行.
NOTIC: [2048] Declaration of Admin\Controller\DebugerController::show() should be compatible with Think\Controller::show($content, $charset = '', $contentType = '', $prefix = '') /home/vagrant/www/ant-manager/Application/Admin/Controller/DebugerController.class.php 第 17 行.

[ 2016-11-02T01:40:24+08:00 ] 127.0.0.1 /Admin/Debuger/request
INFO: [ app_init ] --START--
INFO: Run Behavior\BuildLiteBehavior [ RunTime:0.000068s ]
INFO: [ app_init ] --END-- [ RunTime:0.000462s ]
INFO: [ app_begin ] --START--
INFO: Run Behavior\ReadHtmlCacheBehavior [ RunTime:0.002932s ]
INFO: [ app_begin ] --END-- [ RunTime:0.003283s ]
NOTIC: [8192] mysql_connect(): The mysql extension is deprecated and will be removed in the future: use mysqli or PDO instead /home/vagrant/www/ant-manager/ThinkPHP/Library/Think/Session/Driver/Db.class.php 第 95 行.
NOTIC: [2048] Declaration of Admin\Controller\DebugerController::show() should be compatible with Think\Controller::show($content, $charset = '', $contentType = '', $prefix = '') /home/vagrant/www/ant-manager/Application/Admin/Controller/DebugerController.class.php 第 17 行.

[ 2016-11-02T01:40:52+08:00 ] 127.0.0.1 /Admin/Debuger/request
INFO: [ app_init ] --START--
INFO: Run Behavior\BuildLiteBehavior [ RunTime:0.000143s ]
INFO: [ app_init ] --END-- [ RunTime:0.000481s ]
INFO: [ app_begin ] --START--
INFO: Run Behavior\ReadHtmlCacheBehavior [ RunTime:0.004180s ]
INFO: [ app_begin ] --END-- [ RunTime:0.004672s ]
NOTIC: [8192] mysql_connect(): The mysql extension is deprecated and will be removed in the future: use mysqli or PDO instead /home/vagrant/www/ant-manager/ThinkPHP/Library/Think/Session/Driver/Db.class.php 第 95 行.
NOTIC: [2048] Declaration of Admin\Controller\DebugerController::show() should be compatible with Think\Controller::show($content, $charset = '', $contentType = '', $prefix = '') /home/vagrant/www/ant-manager/Application/Admin/Controller/DebugerController.class.php 第 17 行.

[ 2016-11-02T01:41:26+08:00 ] 127.0.0.1 /Admin/Debuger/request
INFO: [ app_init ] --START--
INFO: Run Behavior\BuildLiteBehavior [ RunTime:0.000071s ]
INFO: [ app_init ] --END-- [ RunTime:0.000498s ]
INFO: [ app_begin ] --START--
INFO: Run Behavior\ReadHtmlCacheBehavior [ RunTime:0.005040s ]
INFO: [ app_begin ] --END-- [ RunTime:0.005328s ]
NOTIC: [8192] mysql_connect(): The mysql extension is deprecated and will be removed in the future: use mysqli or PDO instead /home/vagrant/www/ant-manager/ThinkPHP/Library/Think/Session/Driver/Db.class.php 第 95 行.
NOTIC: [2048] Declaration of Admin\Controller\DebugerController::show() should be compatible with Think\Controller::show($content, $charset = '', $contentType = '', $prefix = '') /home/vagrant/www/ant-manager/Application/Admin/Controller/DebugerController.class.php 第 17 行.

[ 2016-11-02T01:41:35+08:00 ] 127.0.0.1 /Admin/Debuger/request
INFO: [ app_init ] --START--
INFO: Run Behavior\BuildLiteBehavior [ RunTime:0.000223s ]
INFO: [ app_init ] --END-- [ RunTime:0.000586s ]
INFO: [ app_begin ] --START--
INFO: Run Behavior\ReadHtmlCacheBehavior [ RunTime:0.004256s ]
INFO: [ app_begin ] --END-- [ RunTime:0.004532s ]
NOTIC: [8192] mysql_connect(): The mysql extension is deprecated and will be removed in the future: use mysqli or PDO instead /home/vagrant/www/ant-manager/ThinkPHP/Library/Think/Session/Driver/Db.class.php 第 95 行.
NOTIC: [2048] Declaration of Admin\Controller\DebugerController::show() should be compatible with Think\Controller::show($content, $charset = '', $contentType = '', $prefix = '') /home/vagrant/www/ant-manager/Application/Admin/Controller/DebugerController.class.php 第 17 行.

