[ 2016-10-26T11:43:06+08:00 ] 127.0.0.1 /
INFO: [ app_init ] --START--
INFO: Run Behavior\BuildLiteBehavior [ RunTime:0.000067s ]
INFO: [ app_init ] --END-- [ RunTime:0.000461s ]
INFO: [ app_begin ] --START--
INFO: Run Behavior\ReadHtmlCacheBehavior [ RunTime:0.004539s ]
INFO: [ app_begin ] --END-- [ RunTime:0.005032s ]
NOTIC: [8192] mysql_connect(): The mysql extension is deprecated and will be removed in the future: use mysqli or PDO instead /home/vagrant/www/ant-manager/ThinkPHP/Library/Think/Session/Driver/Db.class.php 第 95 行.
INFO: [ view_parse ] --START--
INFO: [ template_filter ] --START--
INFO: Run Behavior\ContentReplaceBehavior [ RunTime:0.000191s ]
INFO: [ template_filter ] --END-- [ RunTime:0.000521s ]
INFO: Run Behavior\ParseTemplateBehavior [ RunTime:0.064731s ]
INFO: [ view_parse ] --END-- [ RunTime:0.065100s ]
INFO: [ view_filter ] --START--
INFO: Run Behavior\WriteHtmlCacheBehavior [ RunTime:0.004901s ]
INFO: [ view_filter ] --END-- [ RunTime:0.005442s ]
INFO: [ app_end ] --START--
INFO: Run Behavior\ShowPageTraceBehavior [ RunTime:0.004756s ]
INFO: [ app_end ] --END-- [ RunTime:0.005158s ]

[ 2016-10-26T11:43:08+08:00 ] 127.0.0.1 /admin/main
INFO: [ app_init ] --START--
INFO: Run Behavior\BuildLiteBehavior [ RunTime:0.000076s ]
INFO: [ app_init ] --END-- [ RunTime:0.000467s ]
INFO: [ app_begin ] --START--
INFO: Run Behavior\ReadHtmlCacheBehavior [ RunTime:0.004364s ]
INFO: [ app_begin ] --END-- [ RunTime:0.004696s ]
NOTIC: [8192] mysql_connect(): The mysql extension is deprecated and will be removed in the future: use mysqli or PDO instead /home/vagrant/www/ant-manager/ThinkPHP/Library/Think/Session/Driver/Db.class.php 第 95 行.
INFO: [ view_parse ] --START--
INFO: [ template_filter ] --START--
INFO: Run Behavior\ContentReplaceBehavior [ RunTime:0.000289s ]
INFO: [ template_filter ] --END-- [ RunTime:0.000630s ]
NOTIC: [8] Undefined variable: msg /home/vagrant/www/ant-manager/Application/Runtime/Cache/Admin/b2958c8c8e586a48faa6c68ada732ac5.php 第 40 行.
INFO: Run Behavior\ParseTemplateBehavior [ RunTime:0.051521s ]
INFO: [ view_parse ] --END-- [ RunTime:0.051931s ]
INFO: [ view_filter ] --START--
INFO: Run Behavior\WriteHtmlCacheBehavior [ RunTime:0.004702s ]
INFO: [ view_filter ] --END-- [ RunTime:0.005096s ]

[ 2016-10-26T11:43:09+08:00 ] 127.0.0.1 /admin/login
INFO: [ app_init ] --START--
INFO: Run Behavior\BuildLiteBehavior [ RunTime:0.000066s ]
INFO: [ app_init ] --END-- [ RunTime:0.000474s ]
INFO: [ app_begin ] --START--
INFO: Run Behavior\ReadHtmlCacheBehavior [ RunTime:0.000840s ]
INFO: [ app_begin ] --END-- [ RunTime:0.001250s ]
NOTIC: [8192] mysql_connect(): The mysql extension is deprecated and will be removed in the future: use mysqli or PDO instead /home/vagrant/www/ant-manager/ThinkPHP/Library/Think/Session/Driver/Db.class.php 第 95 行.
INFO: [ view_parse ] --START--
INFO: [ template_filter ] --START--
INFO: Run Behavior\ContentReplaceBehavior [ RunTime:0.000199s ]
INFO: [ template_filter ] --END-- [ RunTime:0.000721s ]
NOTIC: [8] Undefined variable: msg /home/vagrant/www/ant-manager/Application/Runtime/Cache/Admin/2275611bb46a2a49189a5a4b00fcf970.php 第 41 行.
INFO: Run Behavior\ParseTemplateBehavior [ RunTime:0.030535s ]
INFO: [ view_parse ] --END-- [ RunTime:0.031018s ]
INFO: [ view_filter ] --START--
INFO: Run Behavior\WriteHtmlCacheBehavior [ RunTime:0.001662s ]
INFO: [ view_filter ] --END-- [ RunTime:0.001969s ]
INFO: [ app_end ] --START--
INFO: Run Behavior\ShowPageTraceBehavior [ RunTime:0.006535s ]
INFO: [ app_end ] --END-- [ RunTime:0.006857s ]

[ 2016-10-26T11:43:11+08:00 ] 127.0.0.1 /Admin/Admin/login
INFO: [ app_init ] --START--
INFO: Run Behavior\BuildLiteBehavior [ RunTime:0.000142s ]
INFO: [ app_init ] --END-- [ RunTime:0.000823s ]
INFO: [ app_begin ] --START--
INFO: Run Behavior\ReadHtmlCacheBehavior [ RunTime:0.001401s ]
INFO: [ app_begin ] --END-- [ RunTime:0.001793s ]
NOTIC: [8192] mysql_connect(): The mysql extension is deprecated and will be removed in the future: use mysqli or PDO instead /home/vagrant/www/ant-manager/ThinkPHP/Library/Think/Session/Driver/Db.class.php 第 95 行.

[ 2016-10-26T11:43:11+08:00 ] 127.0.0.1 /admin/main.html
INFO: [ app_init ] --START--
INFO: Run Behavior\BuildLiteBehavior [ RunTime:0.000068s ]
INFO: [ app_init ] --END-- [ RunTime:0.000493s ]
INFO: [ app_begin ] --START--
INFO: Run Behavior\ReadHtmlCacheBehavior [ RunTime:0.002700s ]
INFO: [ app_begin ] --END-- [ RunTime:0.003278s ]
NOTIC: [8192] mysql_connect(): The mysql extension is deprecated and will be removed in the future: use mysqli or PDO instead /home/vagrant/www/ant-manager/ThinkPHP/Library/Think/Session/Driver/Db.class.php 第 95 行.
INFO: [ view_parse ] --START--
INFO: [ template_filter ] --START--
INFO: Run Behavior\ContentReplaceBehavior [ RunTime:0.000269s ]
INFO: [ template_filter ] --END-- [ RunTime:0.000594s ]
INFO: Run Behavior\ParseTemplateBehavior [ RunTime:0.086585s ]
INFO: [ view_parse ] --END-- [ RunTime:0.087192s ]
INFO: [ view_filter ] --START--
INFO: Run Behavior\WriteHtmlCacheBehavior [ RunTime:0.004328s ]
INFO: [ view_filter ] --END-- [ RunTime:0.004655s ]
INFO: [ app_end ] --START--
INFO: Run Behavior\ShowPageTraceBehavior [ RunTime:0.004042s ]
INFO: [ app_end ] --END-- [ RunTime:0.004568s ]

[ 2016-10-26T11:43:13+08:00 ] 127.0.0.1 /admin/debuger/sms.html
INFO: [ app_init ] --START--
INFO: Run Behavior\BuildLiteBehavior [ RunTime:0.000078s ]
INFO: [ app_init ] --END-- [ RunTime:0.000546s ]
INFO: [ app_begin ] --START--
INFO: Run Behavior\ReadHtmlCacheBehavior [ RunTime:0.001926s ]
INFO: [ app_begin ] --END-- [ RunTime:0.002344s ]
NOTIC: [8192] mysql_connect(): The mysql extension is deprecated and will be removed in the future: use mysqli or PDO instead /home/vagrant/www/ant-manager/ThinkPHP/Library/Think/Session/Driver/Db.class.php 第 95 行.
NOTIC: [2048] Declaration of Admin\Controller\DebugerController::show() should be compatible with Think\Controller::show($content, $charset = '', $contentType = '', $prefix = '') /home/vagrant/www/ant-manager/Application/Admin/Controller/DebugerController.class.php 第 17 行.
INFO: [ view_parse ] --START--
INFO: [ template_filter ] --START--
INFO: Run Behavior\ContentReplaceBehavior [ RunTime:0.000326s ]
INFO: [ template_filter ] --END-- [ RunTime:0.000649s ]
INFO: Run Behavior\ParseTemplateBehavior [ RunTime:0.087171s ]
INFO: [ view_parse ] --END-- [ RunTime:0.087567s ]
INFO: [ view_filter ] --START--
INFO: Run Behavior\WriteHtmlCacheBehavior [ RunTime:0.001749s ]
INFO: [ view_filter ] --END-- [ RunTime:0.002128s ]
INFO: [ app_end ] --START--
INFO: Run Behavior\ShowPageTraceBehavior [ RunTime:0.001668s ]
INFO: [ app_end ] --END-- [ RunTime:0.002377s ]

[ 2016-10-26T11:43:30+08:00 ] 127.0.0.1 /Admin/Debuger/request
INFO: [ app_init ] --START--
INFO: Run Behavior\BuildLiteBehavior [ RunTime:0.000069s ]
INFO: [ app_init ] --END-- [ RunTime:0.000410s ]
INFO: [ app_begin ] --START--
INFO: Run Behavior\ReadHtmlCacheBehavior [ RunTime:0.004363s ]
INFO: [ app_begin ] --END-- [ RunTime:0.004709s ]
NOTIC: [8192] mysql_connect(): The mysql extension is deprecated and will be removed in the future: use mysqli or PDO instead /home/vagrant/www/ant-manager/ThinkPHP/Library/Think/Session/Driver/Db.class.php 第 95 行.
NOTIC: [2048] Declaration of Admin\Controller\DebugerController::show() should be compatible with Think\Controller::show($content, $charset = '', $contentType = '', $prefix = '') /home/vagrant/www/ant-manager/Application/Admin/Controller/DebugerController.class.php 第 17 行.

[ 2016-10-26T11:43:36+08:00 ] 127.0.0.1 /Admin/Debuger/request
INFO: [ app_init ] --START--
INFO: Run Behavior\BuildLiteBehavior [ RunTime:0.000070s ]
INFO: [ app_init ] --END-- [ RunTime:0.000412s ]
INFO: [ app_begin ] --START--
INFO: Run Behavior\ReadHtmlCacheBehavior [ RunTime:0.002612s ]
INFO: [ app_begin ] --END-- [ RunTime:0.002947s ]
NOTIC: [8192] mysql_connect(): The mysql extension is deprecated and will be removed in the future: use mysqli or PDO instead /home/vagrant/www/ant-manager/ThinkPHP/Library/Think/Session/Driver/Db.class.php 第 95 行.
NOTIC: [2048] Declaration of Admin\Controller\DebugerController::show() should be compatible with Think\Controller::show($content, $charset = '', $contentType = '', $prefix = '') /home/vagrant/www/ant-manager/Application/Admin/Controller/DebugerController.class.php 第 17 行.

[ 2016-10-26T11:49:15+08:00 ] 127.0.0.1 /Admin/Debuger/request
INFO: [ app_init ] --START--
INFO: Run Behavior\BuildLiteBehavior [ RunTime:0.000071s ]
INFO: [ app_init ] --END-- [ RunTime:0.000731s ]
INFO: [ app_begin ] --START--
INFO: Run Behavior\ReadHtmlCacheBehavior [ RunTime:0.004575s ]
INFO: [ app_begin ] --END-- [ RunTime:0.004938s ]
NOTIC: [8192] mysql_connect(): The mysql extension is deprecated and will be removed in the future: use mysqli or PDO instead /home/vagrant/www/ant-manager/ThinkPHP/Library/Think/Session/Driver/Db.class.php 第 95 行.
NOTIC: [2048] Declaration of Admin\Controller\DebugerController::show() should be compatible with Think\Controller::show($content, $charset = '', $contentType = '', $prefix = '') /home/vagrant/www/ant-manager/Application/Admin/Controller/DebugerController.class.php 第 17 行.

