2016-09-25 17:49:43 Workerman[cli.php] start in DEBUG mode
2016-09-25 17:49:45 Workerman[cli.php] status 
2016-09-25 17:51:26 Workerman[cli.php] status 
2016-09-25 17:51:36 Workerman[cli.php] status 
2016-09-25 17:51:52 Workerman[cli.php] status 
2016-09-25 17:51:55 Workerman[cli.php] stop 
2016-09-25 17:51:55 Workerman[cli.php] is stoping ...
2016-09-25 17:51:55 Workerman[cli.php] Stopping ...
2016-09-25 17:51:55 Workerman[cli.php] has been stopped
2016-09-25 17:51:55 Workerman[cli.php] stop success
2016-09-25 17:51:56 Workerman[cli.php] status 
2016-09-25 17:51:56 Workerman[cli.php] not run
2016-09-25 17:52:06 Workerman[cli.php] status 
2016-09-25 17:52:06 Workerman[cli.php] not run
2016-09-25 17:52:08 Workerman[cli.php] start in DEBUG mode
2016-09-25 17:52:09 Workerman[cli.php] status 
2016-09-25 17:52:24 Workerman[cli.php] status 
2016-09-25 17:56:03 Workerman[cli.php] status 
2016-09-25 17:56:06 Workerman[cli.php] stop 
2016-09-25 17:56:06 Workerman[cli.php] is stoping ...
2016-09-25 17:56:06 Workerman[cli.php] Stopping ...
2016-09-25 17:56:06 Workerman[cli.php] has been stopped
2016-09-25 17:56:06 Workerman[cli.php] stop success
2016-09-25 17:56:06 Workerman[cli.php] status 
2016-09-25 17:56:06 Workerman[cli.php] not run
2016-09-25 17:56:08 Workerman[cli.php] start in DEBUG mode
2016-09-25 17:56:09 Workerman[cli.php] status 
2016-09-25 17:57:03 Workerman[cli.php] status 
2016-09-25 17:57:07 Workerman[cli.php] status 
2016-09-25 17:57:10 Workerman[cli.php] stop 
2016-09-25 17:57:10 Workerman[cli.php] is stoping ...
2016-09-25 17:57:10 Workerman[cli.php] Stopping ...
2016-09-25 17:57:10 Workerman[cli.php] has been stopped
2016-09-25 17:57:10 Workerman[cli.php] stop success
2016-09-25 17:57:11 Workerman[cli.php] status 
2016-09-25 17:57:11 Workerman[cli.php] not run
2016-09-25 17:58:45 Workerman[cli.php] start in DEBUG mode
2016-09-25 17:58:46 Workerman[cli.php] status 
2016-09-25 18:03:37 Workerman[cli.php] status 
2016-09-25 18:06:48 Workerman[cli.php] status 
2016-09-25 18:06:51 Workerman[cli.php] stop 
2016-09-25 18:06:51 Workerman[cli.php] is stoping ...
2016-09-25 18:06:51 Workerman[cli.php] Stopping ...
2016-09-25 18:06:51 Workerman[cli.php] has been stopped
2016-09-25 18:06:51 Workerman[cli.php] stop success
2016-09-25 18:06:52 Workerman[cli.php] status 
2016-09-25 18:06:52 Workerman[cli.php] not run
2016-09-25 18:06:54 Workerman[cli.php] start in DEBUG mode
2016-09-25 18:06:55 Workerman[cli.php] status 
2016-09-25 18:06:56 worker[VerifyMsgWorker:17408] exit with status 65280
2016-09-25 18:06:56 worker[VerifyMsgWorker:17409] exit with status 65280
2016-09-25 18:06:58 worker[VerifyMsgWorker:17419] exit with status 65280
2016-09-25 18:06:58 worker[VerifyMsgWorker:17418] exit with status 65280
2016-09-25 18:07:00 worker[VerifyMsgWorker:17422] exit with status 65280
2016-09-25 18:07:00 worker[VerifyMsgWorker:17423] exit with status 65280
2016-09-25 18:07:03 worker[VerifyMsgWorker:17426] exit with status 65280
2016-09-25 18:07:03 worker[VerifyMsgWorker:17427] exit with status 65280
2016-09-25 18:07:05 worker[VerifyMsgWorker:17430] exit with status 65280
2016-09-25 18:07:05 worker[VerifyMsgWorker:17431] exit with status 65280
2016-09-25 18:07:07 worker[VerifyMsgWorker:17434] exit with status 65280
2016-09-25 18:07:07 worker[VerifyMsgWorker:17435] exit with status 65280
2016-09-25 18:07:09 worker[VerifyMsgWorker:17438] exit with status 65280
2016-09-25 18:07:09 worker[VerifyMsgWorker:17439] exit with status 65280
2016-09-25 18:07:11 worker[VerifyMsgWorker:17443] exit with status 65280
2016-09-25 18:07:11 worker[VerifyMsgWorker:17442] exit with status 65280
2016-09-25 18:07:13 worker[VerifyMsgWorker:17446] exit with status 65280
2016-09-25 18:07:13 worker[VerifyMsgWorker:17447] exit with status 65280
2016-09-25 18:07:17 Workerman[cli.php] status 
2016-09-25 18:07:20 Workerman[cli.php] stop 
2016-09-25 18:07:20 Workerman[cli.php] is stoping ...
2016-09-25 18:07:20 Workerman[cli.php] Stopping ...
2016-09-25 18:07:20 Workerman[cli.php] has been stopped
2016-09-25 18:07:20 Workerman[cli.php] stop success
2016-09-25 18:07:20 Workerman[cli.php] status 
2016-09-25 18:07:20 Workerman[cli.php] not run
2016-09-25 18:07:22 Workerman[cli.php] start in DEBUG mode
2016-09-25 18:07:23 Workerman[cli.php] status 
2016-09-25 19:18:14 Workerman[cli.php] status 
2016-09-25 19:18:17 Workerman[cli.php] stop 
2016-09-25 19:18:17 Workerman[cli.php] is stoping ...
2016-09-25 19:18:17 Workerman[cli.php] Stopping ...
2016-09-25 19:18:17 Workerman[cli.php] has been stopped
2016-09-25 19:18:17 Workerman[cli.php] stop success
2016-09-25 19:18:17 Workerman[cli.php] status 
2016-09-25 19:18:17 Workerman[cli.php] not run
2016-09-25 19:18:19 Workerman[cli.php] start in DEBUG mode
2016-09-25 19:18:20 Workerman[cli.php] status 
2016-09-25 19:20:16 Workerman[cli.php] status 
2016-09-25 19:20:18 Workerman[cli.php] stop 
2016-09-25 19:20:18 Workerman[cli.php] is stoping ...
2016-09-25 19:20:18 Workerman[cli.php] Stopping ...
2016-09-25 19:20:18 Workerman[cli.php] has been stopped
2016-09-25 19:20:18 Workerman[cli.php] stop success
2016-09-25 19:20:19 Workerman[cli.php] status 
2016-09-25 19:20:19 Workerman[cli.php] not run
2016-09-25 19:20:21 Workerman[cli.php] start in DEBUG mode
2016-09-25 19:20:22 Workerman[cli.php] status 
2016-09-25 19:21:27 Workerman[cli.php] status 
2016-09-25 19:21:29 Workerman[cli.php] stop 
2016-09-25 19:21:29 Workerman[cli.php] is stoping ...
2016-09-25 19:21:29 Workerman[cli.php] Stopping ...
2016-09-25 19:21:29 Workerman[cli.php] has been stopped
2016-09-25 19:21:29 Workerman[cli.php] stop success
2016-09-25 19:21:30 Workerman[cli.php] status 
2016-09-25 19:21:30 Workerman[cli.php] not run
2016-09-25 19:21:32 Workerman[cli.php] start in DEBUG mode
2016-09-25 19:21:33 Workerman[cli.php] status 
2016-09-25 19:25:09 Workerman[cli.php] status 
2016-09-25 19:25:17 Workerman[cli.php] stop 
2016-09-25 19:25:17 Workerman[cli.php] is stoping ...
2016-09-25 19:25:17 Workerman[cli.php] Stopping ...
2016-09-25 19:25:17 Workerman[cli.php] has been stopped
2016-09-25 19:25:17 Workerman[cli.php] stop success
2016-09-25 19:25:18 Workerman[cli.php] status 
2016-09-25 19:25:18 Workerman[cli.php] not run
2016-09-25 19:25:20 Workerman[cli.php] start in DEBUG mode
2016-09-25 19:25:21 Workerman[cli.php] status 
2016-09-25 19:26:46 Workerman[cli.php] status 
2016-09-25 19:26:48 Workerman[cli.php] stop 
2016-09-25 19:26:48 Workerman[cli.php] is stoping ...
2016-09-25 19:26:48 Workerman[cli.php] Stopping ...
2016-09-25 19:26:48 Workerman[cli.php] has been stopped
2016-09-25 19:26:48 Workerman[cli.php] stop success
2016-09-25 19:26:49 Workerman[cli.php] status 
2016-09-25 19:26:49 Workerman[cli.php] not run
2016-09-25 19:26:51 Workerman[cli.php] start in DEBUG mode
2016-09-25 19:26:51 Workerman[cli.php] status 
2016-09-25 19:28:50 Workerman[cli.php] status 
2016-09-25 19:28:53 Workerman[cli.php] stop 
2016-09-25 19:28:53 Workerman[cli.php] is stoping ...
2016-09-25 19:28:53 Workerman[cli.php] Stopping ...
2016-09-25 19:28:53 Workerman[cli.php] has been stopped
2016-09-25 19:28:53 Workerman[cli.php] stop success
2016-09-25 19:28:53 Workerman[cli.php] status 
2016-09-25 19:28:53 Workerman[cli.php] not run
2016-09-25 19:28:55 Workerman[cli.php] start in DEBUG mode
2016-09-25 19:28:56 Workerman[cli.php] status 
2016-09-25 19:29:55 Workerman[cli.php] status 
2016-09-25 19:29:58 Workerman[cli.php] stop 
2016-09-25 19:29:58 Workerman[cli.php] is stoping ...
2016-09-25 19:29:58 Workerman[cli.php] Stopping ...
2016-09-25 19:29:58 Workerman[cli.php] has been stopped
2016-09-25 19:29:58 Workerman[cli.php] stop success
2016-09-25 19:29:58 Workerman[cli.php] status 
2016-09-25 19:29:58 Workerman[cli.php] not run
2016-09-25 19:30:00 Workerman[cli.php] start in DEBUG mode
2016-09-25 19:30:01 Workerman[cli.php] status 
2016-09-25 19:32:15 Workerman[cli.php] status 
2016-09-25 19:32:17 Workerman[cli.php] stop 
2016-09-25 19:32:17 Workerman[cli.php] is stoping ...
2016-09-25 19:32:17 Workerman[cli.php] Stopping ...
2016-09-25 19:32:17 Workerman[cli.php] has been stopped
2016-09-25 19:32:17 Workerman[cli.php] stop success
2016-09-25 19:32:18 Workerman[cli.php] status 
2016-09-25 19:32:18 Workerman[cli.php] not run
2016-09-25 19:32:20 Workerman[cli.php] start in DEBUG mode
2016-09-25 19:32:20 Workerman[cli.php] status 
2016-09-25 19:35:36 Workerman[cli.php] status 
2016-09-25 19:35:38 Workerman[cli.php] stop 
2016-09-25 19:35:38 Workerman[cli.php] is stoping ...
2016-09-25 19:35:38 Workerman[cli.php] Stopping ...
2016-09-25 19:35:38 Workerman[cli.php] has been stopped
2016-09-25 19:35:38 Workerman[cli.php] stop success
2016-09-25 19:35:39 Workerman[cli.php] status 
2016-09-25 19:35:39 Workerman[cli.php] not run
2016-09-25 19:35:42 Workerman[cli.php] start in DEBUG mode
2016-09-25 19:35:43 Workerman[cli.php] status 
2016-09-25 19:37:10 Workerman[cli.php] status 
2016-09-25 19:37:13 Workerman[cli.php] stop 
2016-09-25 19:37:13 Workerman[cli.php] is stoping ...
2016-09-25 19:37:13 Workerman[cli.php] Stopping ...
2016-09-25 19:37:13 Workerman[cli.php] has been stopped
2016-09-25 19:37:13 Workerman[cli.php] stop success
2016-09-25 19:37:13 Workerman[cli.php] status 
2016-09-25 19:37:13 Workerman[cli.php] not run
2016-09-25 19:37:15 Workerman[cli.php] start in DEBUG mode
2016-09-25 19:37:16 Workerman[cli.php] status 
2016-09-25 19:41:57 Workerman[cli.php] status 
2016-09-25 19:42:00 Workerman[cli.php] stop 
2016-09-25 19:42:00 Workerman[cli.php] is stoping ...
2016-09-25 19:42:00 Workerman[cli.php] Stopping ...
2016-09-25 19:42:00 Workerman[cli.php] has been stopped
2016-09-25 19:42:00 Workerman[cli.php] stop success
2016-09-25 19:42:01 Workerman[cli.php] status 
2016-09-25 19:42:01 Workerman[cli.php] not run
2016-09-25 19:42:20 Workerman[cli.php] stop 
2016-09-25 19:42:20 Workerman[cli.php] not run
2016-09-25 19:42:20 Workerman[cli.php] status 
2016-09-25 19:42:20 Workerman[cli.php] not run
2016-09-25 19:42:23 Workerman[cli.php] start in DEBUG mode
2016-09-25 19:42:23 Workerman[cli.php] status 
2016-09-25 20:06:21 Workerman[cli.php] status 
2016-09-25 20:06:24 Workerman[cli.php] stop 
2016-09-25 20:06:24 Workerman[cli.php] is stoping ...
2016-09-25 20:06:24 Workerman[cli.php] Stopping ...
2016-09-25 20:06:24 Workerman[cli.php] has been stopped
2016-09-25 20:06:24 Workerman[cli.php] stop success
2016-09-25 20:06:24 Workerman[cli.php] status 
2016-09-25 20:06:24 Workerman[cli.php] not run
2016-09-26 13:57:23 Workerman[cli.php] status 
2016-09-26 13:57:23 Workerman[cli.php] not run
2016-09-27 22:50:49 Workerman[cli.php] status 
2016-09-27 22:50:49 Workerman[cli.php] not run
2016-09-27 23:08:26 Workerman[cli.php] status 
2016-09-27 23:08:26 Workerman[cli.php] not run
2016-09-27 23:49:46 Workerman[cli.php] status 
2016-09-27 23:49:46 Workerman[cli.php] not run
2016-09-27 23:50:09 Workerman[cli.php] status 
2016-09-27 23:50:09 Workerman[cli.php] not run
2016-09-27 23:50:17 Workerman[cli.php] start in DEBUG mode
2016-09-27 23:50:18 Workerman[cli.php] status 
2016-09-27 23:50:24 Workerman[cli.php] start in DEBUG mode
2016-09-27 23:50:24 Workerman[cli.php] already running
2016-09-27 23:50:25 Workerman[cli.php] stop 
2016-09-27 23:50:25 Workerman[cli.php] is stoping ...
2016-09-27 23:50:25 Workerman[cli.php] Stopping ...
2016-09-27 23:50:25 Workerman[cli.php] has been stopped
2016-09-27 23:50:25 Workerman[cli.php] stop success
2016-09-27 23:50:27 Workerman[cli.php] status 
2016-09-27 23:50:27 Workerman[cli.php] not run
2016-09-27 23:50:53 Workerman[cli.php] start in DEBUG mode
2016-09-27 23:50:54 Workerman[cli.php] stop 
2016-09-27 23:50:54 Workerman[cli.php] is stoping ...
2016-09-27 23:50:54 Workerman[cli.php] Stopping ...
2016-09-27 23:50:54 Workerman[cli.php] has been stopped
2016-09-27 23:50:54 Workerman[cli.php] stop success
2016-09-27 23:50:55 Workerman[cli.php] status 
2016-09-27 23:50:55 Workerman[cli.php] not run
2016-09-27 23:50:55 Workerman[cli.php] status 
2016-09-27 23:50:55 Workerman[cli.php] not run
2016-09-27 23:53:49 Workerman[cli.php] status 
2016-09-27 23:53:49 Workerman[cli.php] not run
2016-09-27 23:54:10 Workerman[cli.php] status 
2016-09-27 23:54:10 Workerman[cli.php] not run
2016-09-27 23:54:16 Workerman[cli.php] start in DEBUG mode
2016-09-27 23:54:16 Workerman[cli.php] stop 
2016-09-27 23:54:16 Workerman[cli.php] not run
2016-09-27 23:54:18 Workerman[cli.php] status 
2016-09-27 23:55:50 Workerman[cli.php] status 
2016-09-27 23:55:57 Workerman[cli.php] start in DEBUG mode
2016-09-27 23:55:57 Workerman[cli.php] already running
2016-09-27 23:55:58 Workerman[cli.php] stop 
2016-09-27 23:55:58 Workerman[cli.php] is stoping ...
2016-09-27 23:55:58 Workerman[cli.php] Stopping ...
2016-09-27 23:55:58 Workerman[cli.php] has been stopped
2016-09-27 23:55:58 Workerman[cli.php] stop success
2016-09-27 23:55:59 Workerman[cli.php] status 
2016-09-27 23:55:59 Workerman[cli.php] not run
2016-09-27 23:56:49 Workerman[cli.php] stop 
2016-09-27 23:56:49 Workerman[cli.php] not run
2016-09-27 23:56:49 Workerman[cli.php] start in DEBUG mode
2016-09-27 23:56:51 Workerman[cli.php] status 
2016-09-27 23:56:51 Workerman[cli.php] status 
2016-09-27 23:57:20 Workerman[cli.php] start in DEBUG mode
2016-09-27 23:57:20 Workerman[cli.php] already running
2016-09-27 23:57:20 Workerman[cli.php] stop 
2016-09-27 23:57:20 Workerman[cli.php] is stoping ...
2016-09-27 23:57:20 Workerman[cli.php] Stopping ...
2016-09-27 23:57:20 Workerman[cli.php] has been stopped
2016-09-27 23:57:21 Workerman[cli.php] stop success
2016-09-27 23:57:22 Workerman[cli.php] status 
2016-09-27 23:57:22 Workerman[cli.php] not run
2016-09-27 23:57:22 Workerman[cli.php] status 
2016-09-27 23:57:22 Workerman[cli.php] not run
2016-09-27 23:57:32 Workerman[cli.php] start in DEBUG mode
2016-09-27 23:57:32 Workerman[cli.php] stop 
2016-09-27 23:57:32 Workerman[cli.php] is stoping ...
2016-09-27 23:57:32 Workerman[cli.php] Stopping ...
2016-09-27 23:57:33 Workerman[cli.php] has been stopped
2016-09-27 23:57:33 Workerman[cli.php] stop success
2016-09-27 23:57:34 Workerman[cli.php] status 
2016-09-27 23:57:34 Workerman[cli.php] not run
2016-09-27 23:57:34 Workerman[cli.php] status 
2016-09-27 23:57:34 Workerman[cli.php] not run
2016-09-27 23:57:38 Workerman[cli.php] stop 
2016-09-27 23:57:38 Workerman[cli.php] not run
2016-09-27 23:57:40 Workerman[cli.php] status 
2016-09-27 23:57:40 Workerman[cli.php] not run
2016-09-27 23:57:50 Workerman[cli.php] stop 
2016-09-27 23:57:50 Workerman[cli.php] not run
2016-09-27 23:57:51 Workerman[cli.php] status 
2016-09-27 23:57:51 Workerman[cli.php] not run
2016-09-27 23:58:08 Workerman[cli.php] status 
2016-09-27 23:58:08 Workerman[cli.php] not run
2016-09-28 08:55:45 Workerman[cli.php] status 
2016-09-28 08:55:45 Workerman[cli.php] not run
2016-09-28 08:55:51 Workerman[cli.php] start in DEBUG mode
2016-09-28 08:55:51 Workerman[cli.php] stop 
2016-09-28 08:55:51 Workerman[cli.php] is stoping ...
2016-09-28 08:55:51 Workerman[cli.php] Stopping ...
2016-09-28 08:55:51 Workerman[cli.php] has been stopped
2016-09-28 08:55:52 Workerman[cli.php] stop success
2016-09-28 08:55:53 Workerman[cli.php] status 
2016-09-28 08:55:53 Workerman[cli.php] not run
2016-09-28 08:56:35 Workerman[cli.php] status 
2016-09-28 08:56:35 Workerman[cli.php] not run
2016-09-28 08:57:04 Workerman[cli.php] status 
2016-09-28 08:57:04 Workerman[cli.php] not run
2016-09-28 08:57:58 Workerman[cli.php] status 
2016-09-28 08:57:58 Workerman[cli.php] not run
2016-09-28 08:58:03 Workerman[cli.php] status 
2016-09-28 08:58:03 Workerman[cli.php] not run
2016-09-28 08:59:04 Workerman[cli.php] start in DEBUG mode
2016-09-28 08:59:05 Workerman[cli.php] stop 
2016-09-28 08:59:05 Workerman[cli.php] is stoping ...
2016-09-28 08:59:05 Workerman[cli.php] Stopping ...
2016-09-28 08:59:07 worker[VerifyMsgWorker:7250] exit with status 9
2016-09-28 08:59:07 worker[VerifyMsgWorker:7249] exit with status 9
2016-09-28 08:59:07 Workerman[cli.php] has been stopped
2016-09-28 08:59:07 Workerman[cli.php] stop success
2016-09-28 08:59:08 Workerman[cli.php] status 
2016-09-28 08:59:08 Workerman[cli.php] not run
2016-09-28 09:00:25 Workerman[cli.php] stop 
2016-09-28 09:00:25 Workerman[cli.php] not run
2016-09-28 09:00:27 Workerman[cli.php] status 
2016-09-28 09:00:27 Workerman[cli.php] not run
2016-09-28 09:00:32 Workerman[cli.php] stop 
2016-09-28 09:00:32 Workerman[cli.php] not run
2016-09-28 09:00:33 Workerman[cli.php] status 
2016-09-28 09:00:33 Workerman[cli.php] not run
2016-09-28 09:00:38 Workerman[cli.php] start in DEBUG mode
2016-09-28 09:00:40 Workerman[cli.php] status 
2016-09-28 09:00:45 Workerman[cli.php] stop 
2016-09-28 09:00:45 Workerman[cli.php] is stoping ...
2016-09-28 09:00:45 Workerman[cli.php] Stopping ...
2016-09-28 09:00:45 Workerman[cli.php] has been stopped
2016-09-28 09:00:45 Workerman[cli.php] stop success
2016-09-28 09:00:47 Workerman[cli.php] status 
2016-09-28 09:00:47 Workerman[cli.php] not run
2016-09-28 09:00:52 Workerman[cli.php] start in DEBUG mode
2016-09-28 09:00:54 Workerman[cli.php] status 
2016-09-28 13:11:16 WORKER EXIT UNEXPECTED 
2016-09-28 13:11:16 worker[VerifyMsgWorker:7353] exit with status 64000
2016-09-29 11:33:35 Workerman[cli.php] status 
2016-09-29 11:59:52 Workerman[cli.php] status 
2016-09-29 13:50:59 Workerman[cli.php] status 
2016-09-29 13:51:06 Workerman[cli.php] stop 
2016-09-29 13:51:06 Workerman[cli.php] is stoping ...
2016-09-29 13:51:06 Workerman[cli.php] Stopping ...
2016-09-29 13:51:06 Workerman[cli.php] has been stopped
2016-09-29 13:51:06 Workerman[cli.php] stop success
2016-09-29 13:51:08 Workerman[cli.php] status 
2016-09-29 13:51:08 Workerman[cli.php] not run
2016-10-17 10:21:57 Workerman[cli.php] status 
2016-10-17 10:21:57 Workerman[cli.php] not run
2016-10-17 10:22:06 Workerman[cli.php] status 
2016-10-17 10:22:06 Workerman[cli.php] not run
2016-10-17 10:36:47 Workerman[cli.php] status 
2016-10-17 10:36:47 Workerman[cli.php] not run
2016-10-21 16:40:29 Workerman[cli.php] status 
2016-10-21 16:40:29 Workerman[cli.php] not run
2016-10-21 16:43:01 Workerman[cli.php] status 
2016-10-21 16:43:01 Workerman[cli.php] not run
2016-10-21 16:45:20 Workerman[cli.php] status 
2016-10-21 16:45:20 Workerman[cli.php] not run
2016-10-21 16:45:27 Workerman[cli.php] status 
2016-10-21 16:45:27 Workerman[cli.php] not run
2016-10-21 16:45:53 Workerman[cli.php] status 
2016-10-21 16:45:53 Workerman[cli.php] not run
2016-10-28 16:22:33 Workerman[cli.php] status 
2016-10-28 16:22:33 Workerman[cli.php] not run
2016-10-28 16:23:24 Workerman[cli.php] status 
2016-10-28 16:23:24 Workerman[cli.php] not run
2016-10-28 18:27:32 Workerman[cli.php] status 
2016-10-28 18:27:32 Workerman[cli.php] not run
2016-10-28 18:29:59 Workerman[cli.php] status 
2016-10-28 18:29:59 Workerman[cli.php] not run
2016-10-28 18:32:12 Workerman[cli.php] status 
2016-10-28 18:32:12 Workerman[cli.php] not run
2016-10-28 18:38:47 Workerman[cli.php] status 
2016-10-28 18:38:47 Workerman[cli.php] not run
2016-10-28 18:38:55 Workerman[cli.php] status 
2016-10-28 18:38:55 Workerman[cli.php] not run
2016-10-28 18:38:59 Workerman[cli.php] status 
2016-10-28 18:38:59 Workerman[cli.php] not run
2016-11-01 10:56:38 Workerman[cli.php] status 
2016-11-01 10:56:38 Workerman[cli.php] not run
2016-11-14 19:04:34 Workerman[cli.php] status 
2016-11-14 19:04:34 Workerman[cli.php] not run
2016-11-14 19:04:35 Workerman[cli.php] status 
2016-11-14 19:04:35 Workerman[cli.php] not run
2016-11-14 19:04:36 Workerman[cli.php] status 
2016-11-14 19:04:36 Workerman[cli.php] not run
2016-11-14 19:04:36 Workerman[cli.php] status 
2016-11-14 19:04:36 Workerman[cli.php] not run
2016-11-14 19:04:42 Workerman[cli.php] stop 
2016-11-14 19:04:42 Workerman[cli.php] not run
2016-11-14 19:04:43 Workerman[cli.php] status 
2016-11-14 19:04:43 Workerman[cli.php] not run
2016-11-14 19:04:51 Workerman[cli.php] start in DEBUG mode
2016-11-14 19:04:52 Workerman[cli.php] status 
2016-11-14 19:04:57 Workerman[cli.php] stop 
2016-11-14 19:04:57 Workerman[cli.php] is stoping ...
2016-11-14 19:04:57 Workerman[cli.php] Stopping ...
2016-11-14 19:04:57 Workerman[cli.php] has been stopped
2016-11-14 19:04:57 Workerman[cli.php] stop success
2016-11-14 19:04:58 Workerman[cli.php] status 
2016-11-14 19:04:58 Workerman[cli.php] not run
2016-11-15 14:15:23 Workerman[cli.php] status 
2016-11-15 14:15:23 Workerman[cli.php] not run
2016-11-17 17:18:02 Workerman[cli.php] status 
2016-11-17 17:18:02 Workerman[cli.php] not run
2016-11-17 17:20:24 Workerman[cli.php] status 
2016-11-17 17:20:24 Workerman[cli.php] not run
