[ 2016-11-15T10:41:56+08:00 ]  
INFO: [ app_init ] --START--
INFO: Run Behavior\BuildLiteBehavior [ RunTime:0.000049s ]
INFO: [ app_init ] --END-- [ RunTime:0.000813s ]
NOTIC: [8] Use of undefined constant _PHP_FILE_ - assumed '_PHP_FILE_' /home/vagrant/www/weaver-crawler/ThinkPHP/Library/Think/Dispatcher.class.php 第 186 行.
INFO: [ app_begin ] --START--
INFO: Run Behavior\ReadHtmlCacheBehavior [ RunTime:0.008973s ]
INFO: [ app_begin ] --END-- [ RunTime:0.009080s ]
ERR: Think\Model:close方法不存在！
NOTIC: [2] Cannot modify header information - headers already sent by (output started at /home/vagrant/www/weaver-crawler/Cli/Crawler/Controller/YouxinpaiController.class.php:122) /home/vagrant/www/weaver-crawler/ThinkPHP/Library/Think/Think.class.php 第 229 行.
NOTIC: [2] Cannot modify header information - headers already sent by (output started at /home/vagrant/www/weaver-crawler/Cli/Crawler/Controller/YouxinpaiController.class.php:122) /home/vagrant/www/weaver-crawler/ThinkPHP/Library/Think/Think.class.php 第 230 行.

[ 2016-11-15T10:42:20+08:00 ]  
INFO: [ app_init ] --START--
INFO: Run Behavior\BuildLiteBehavior [ RunTime:0.000048s ]
INFO: [ app_init ] --END-- [ RunTime:0.000440s ]
NOTIC: [8] Use of undefined constant _PHP_FILE_ - assumed '_PHP_FILE_' /home/vagrant/www/weaver-crawler/ThinkPHP/Library/Think/Dispatcher.class.php 第 186 行.
INFO: [ app_begin ] --START--
INFO: Run Behavior\ReadHtmlCacheBehavior [ RunTime:0.007103s ]
INFO: [ app_begin ] --END-- [ RunTime:0.007203s ]
ERR: Think\Model:close方法不存在！
NOTIC: [2] Cannot modify header information - headers already sent by (output started at /home/vagrant/www/weaver-crawler/Cli/Crawler/Controller/YouxinpaiController.class.php:122) /home/vagrant/www/weaver-crawler/ThinkPHP/Library/Think/Think.class.php 第 229 行.
NOTIC: [2] Cannot modify header information - headers already sent by (output started at /home/vagrant/www/weaver-crawler/Cli/Crawler/Controller/YouxinpaiController.class.php:122) /home/vagrant/www/weaver-crawler/ThinkPHP/Library/Think/Think.class.php 第 230 行.

[ 2016-11-15T10:42:43+08:00 ]  
INFO: [ app_init ] --START--
INFO: Run Behavior\BuildLiteBehavior [ RunTime:0.000114s ]
INFO: [ app_init ] --END-- [ RunTime:0.000984s ]
NOTIC: [8] Use of undefined constant _PHP_FILE_ - assumed '_PHP_FILE_' /home/vagrant/www/weaver-crawler/ThinkPHP/Library/Think/Dispatcher.class.php 第 186 行.
INFO: [ app_begin ] --START--
INFO: Run Behavior\ReadHtmlCacheBehavior [ RunTime:0.006784s ]
INFO: [ app_begin ] --END-- [ RunTime:0.006886s ]
ERR: Think\Model:close方法不存在！
NOTIC: [2] Cannot modify header information - headers already sent by (output started at /home/vagrant/www/weaver-crawler/Cli/Crawler/Controller/YouxinpaiController.class.php:122) /home/vagrant/www/weaver-crawler/ThinkPHP/Library/Think/Think.class.php 第 229 行.
NOTIC: [2] Cannot modify header information - headers already sent by (output started at /home/vagrant/www/weaver-crawler/Cli/Crawler/Controller/YouxinpaiController.class.php:122) /home/vagrant/www/weaver-crawler/ThinkPHP/Library/Think/Think.class.php 第 230 行.

[ 2016-11-15T10:42:55+08:00 ]  
INFO: [ app_init ] --START--
INFO: Run Behavior\BuildLiteBehavior [ RunTime:0.000048s ]
INFO: [ app_init ] --END-- [ RunTime:0.000687s ]
NOTIC: [8] Use of undefined constant _PHP_FILE_ - assumed '_PHP_FILE_' /home/vagrant/www/weaver-crawler/ThinkPHP/Library/Think/Dispatcher.class.php 第 186 行.
INFO: [ app_begin ] --START--
INFO: Run Behavior\ReadHtmlCacheBehavior [ RunTime:0.006694s ]
INFO: [ app_begin ] --END-- [ RunTime:0.006795s ]
ERR: Think\Model:close方法不存在！
NOTIC: [2] Cannot modify header information - headers already sent by (output started at /home/vagrant/www/weaver-crawler/Cli/Crawler/Controller/YouxinpaiController.class.php:122) /home/vagrant/www/weaver-crawler/ThinkPHP/Library/Think/Think.class.php 第 229 行.
NOTIC: [2] Cannot modify header information - headers already sent by (output started at /home/vagrant/www/weaver-crawler/Cli/Crawler/Controller/YouxinpaiController.class.php:122) /home/vagrant/www/weaver-crawler/ThinkPHP/Library/Think/Think.class.php 第 230 行.

[ 2016-11-15T10:42:59+08:00 ]  
INFO: [ app_init ] --START--
INFO: Run Behavior\BuildLiteBehavior [ RunTime:0.000049s ]
INFO: [ app_init ] --END-- [ RunTime:0.000454s ]
NOTIC: [8] Use of undefined constant _PHP_FILE_ - assumed '_PHP_FILE_' /home/vagrant/www/weaver-crawler/ThinkPHP/Library/Think/Dispatcher.class.php 第 186 行.
INFO: [ app_begin ] --START--
INFO: Run Behavior\ReadHtmlCacheBehavior [ RunTime:0.006704s ]
INFO: [ app_begin ] --END-- [ RunTime:0.006809s ]

[ 2016-11-15T10:43:10+08:00 ]  
INFO: [ app_init ] --START--
INFO: Run Behavior\BuildLiteBehavior [ RunTime:0.000049s ]
INFO: [ app_init ] --END-- [ RunTime:0.000394s ]
NOTIC: [8] Use of undefined constant _PHP_FILE_ - assumed '_PHP_FILE_' /home/vagrant/www/weaver-crawler/ThinkPHP/Library/Think/Dispatcher.class.php 第 186 行.
INFO: [ app_begin ] --START--
INFO: Run Behavior\ReadHtmlCacheBehavior [ RunTime:0.006402s ]
INFO: [ app_begin ] --END-- [ RunTime:0.006500s ]

[ 2016-11-15T13:54:46+08:00 ]  
INFO: [ app_init ] --START--
INFO: Run Behavior\BuildLiteBehavior [ RunTime:0.000053s ]
INFO: [ app_init ] --END-- [ RunTime:0.000767s ]
NOTIC: [8] Use of undefined constant _PHP_FILE_ - assumed '_PHP_FILE_' /home/vagrant/www/weaver-crawler/ThinkPHP/Library/Think/Dispatcher.class.php 第 186 行.
INFO: [ app_begin ] --START--
INFO: Run Behavior\ReadHtmlCacheBehavior [ RunTime:0.011221s ]
INFO: [ app_begin ] --END-- [ RunTime:0.011468s ]
NOTIC: [2] file_get_contents(/home/vagrant/www/weaver-crawler/Cli/Crawler/Data/Crawler_Youxinpai_Gettask_Worker/workerman.pid): failed to open stream: No such file or directory /home/vagrant/www/weaver-crawler/Cli/Org/Workerman/Worker.php 第 618 行.

[ 2016-11-15T13:54:46+08:00 ]  
INFO: [ app_init ] --START--
INFO: Run Behavior\BuildLiteBehavior [ RunTime:0.000050s ]
INFO: [ app_init ] --END-- [ RunTime:0.000563s ]
NOTIC: [8] Use of undefined constant _PHP_FILE_ - assumed '_PHP_FILE_' /home/vagrant/www/weaver-crawler/ThinkPHP/Library/Think/Dispatcher.class.php 第 186 行.
INFO: [ app_begin ] --START--
INFO: Run Behavior\ReadHtmlCacheBehavior [ RunTime:0.006683s ]
INFO: [ app_begin ] --END-- [ RunTime:0.006802s ]
SQL: SELECT * FROM `crawler_yxp_auction` WHERE `publish_id` = '' LIMIT 1   [ RunTime:0.0027s ]

[ 2016-11-15T13:54:47+08:00 ]  
INFO: [ app_init ] --START--
INFO: Run Behavior\BuildLiteBehavior [ RunTime:0.000051s ]
INFO: [ app_init ] --END-- [ RunTime:0.000407s ]
NOTIC: [8] Use of undefined constant _PHP_FILE_ - assumed '_PHP_FILE_' /home/vagrant/www/weaver-crawler/ThinkPHP/Library/Think/Dispatcher.class.php 第 186 行.
INFO: [ app_begin ] --START--
INFO: Run Behavior\ReadHtmlCacheBehavior [ RunTime:0.006297s ]
INFO: [ app_begin ] --END-- [ RunTime:0.006408s ]
NOTIC: [2] file_get_contents(/home/vagrant/www/weaver-crawler/Cli/Crawler/Data/Crawler_Youxinpai_crawlerTradePrice_Worker/workerman.pid): failed to open stream: No such file or directory /home/vagrant/www/weaver-crawler/Cli/Org/Workerman/Worker.php 第 618 行.

[ 2016-11-15T14:04:04+08:00 ]  
INFO: [ app_init ] --START--
INFO: Run Behavior\BuildLiteBehavior [ RunTime:0.000053s ]
INFO: [ app_init ] --END-- [ RunTime:0.000464s ]
NOTIC: [8] Use of undefined constant _PHP_FILE_ - assumed '_PHP_FILE_' /home/vagrant/www/weaver-crawler/ThinkPHP/Library/Think/Dispatcher.class.php 第 186 行.
INFO: [ app_begin ] --START--
INFO: Run Behavior\ReadHtmlCacheBehavior [ RunTime:0.006421s ]
INFO: [ app_begin ] --END-- [ RunTime:0.006523s ]
SQL: SELECT * FROM `crawler_yxp_auction` WHERE `publish_id` = '' LIMIT 1   [ RunTime:0.0026s ]

[ 2016-11-15T14:07:49+08:00 ]  
INFO: [ app_init ] --START--
INFO: Run Behavior\BuildLiteBehavior [ RunTime:0.000049s ]
INFO: [ app_init ] --END-- [ RunTime:0.000439s ]
NOTIC: [8] Use of undefined constant _PHP_FILE_ - assumed '_PHP_FILE_' /home/vagrant/www/weaver-crawler/ThinkPHP/Library/Think/Dispatcher.class.php 第 186 行.
INFO: [ app_begin ] --START--
INFO: Run Behavior\ReadHtmlCacheBehavior [ RunTime:0.006593s ]
INFO: [ app_begin ] --END-- [ RunTime:0.006704s ]
SQL: SELECT * FROM `crawler_yxp_auction` WHERE `publish_id` = '1242134' LIMIT 1   [ RunTime:0.0027s ]

[ 2016-11-15T14:07:58+08:00 ]  
INFO: [ app_init ] --START--
INFO: Run Behavior\BuildLiteBehavior [ RunTime:0.000049s ]
INFO: [ app_init ] --END-- [ RunTime:0.000396s ]
NOTIC: [8] Use of undefined constant _PHP_FILE_ - assumed '_PHP_FILE_' /home/vagrant/www/weaver-crawler/ThinkPHP/Library/Think/Dispatcher.class.php 第 186 行.
INFO: [ app_begin ] --START--
INFO: Run Behavior\ReadHtmlCacheBehavior [ RunTime:0.006708s ]
INFO: [ app_begin ] --END-- [ RunTime:0.006823s ]
SQL: SELECT * FROM `crawler_yxp_auction` WHERE `publish_id` = '1242134' LIMIT 1   [ RunTime:0.0031s ]
ERR: Think\Model:close方法不存在！
NOTIC: [2] Cannot modify header information - headers already sent by (output started at /home/vagrant/www/weaver-crawler/Cli/Crawler/Controller/YouxinpaiController.class.php:122) /home/vagrant/www/weaver-crawler/ThinkPHP/Library/Think/Think.class.php 第 229 行.
NOTIC: [2] Cannot modify header information - headers already sent by (output started at /home/vagrant/www/weaver-crawler/Cli/Crawler/Controller/YouxinpaiController.class.php:122) /home/vagrant/www/weaver-crawler/ThinkPHP/Library/Think/Think.class.php 第 230 行.

[ 2016-11-15T14:09:35+08:00 ]  
INFO: [ app_init ] --START--
INFO: Run Behavior\BuildLiteBehavior [ RunTime:0.000047s ]
INFO: [ app_init ] --END-- [ RunTime:0.000473s ]
NOTIC: [8] Use of undefined constant _PHP_FILE_ - assumed '_PHP_FILE_' /home/vagrant/www/weaver-crawler/ThinkPHP/Library/Think/Dispatcher.class.php 第 186 行.
INFO: [ app_begin ] --START--
INFO: Run Behavior\ReadHtmlCacheBehavior [ RunTime:0.006965s ]
INFO: [ app_begin ] --END-- [ RunTime:0.007082s ]
NOTIC: [2] file_get_contents(/home/vagrant/www/weaver-crawler/Cli/Crawler/Data/Crawler_Youxinpai_Gettask_Worker/workerman.pid): failed to open stream: No such file or directory /home/vagrant/www/weaver-crawler/Cli/Org/Workerman/Worker.php 第 618 行.

[ 2016-11-15T14:09:36+08:00 ]  
INFO: [ app_init ] --START--
INFO: Run Behavior\BuildLiteBehavior [ RunTime:0.000057s ]
INFO: [ app_init ] --END-- [ RunTime:0.000623s ]
NOTIC: [8] Use of undefined constant _PHP_FILE_ - assumed '_PHP_FILE_' /home/vagrant/www/weaver-crawler/ThinkPHP/Library/Think/Dispatcher.class.php 第 186 行.
INFO: [ app_begin ] --START--
INFO: Run Behavior\ReadHtmlCacheBehavior [ RunTime:0.006304s ]
INFO: [ app_begin ] --END-- [ RunTime:0.006481s ]
SQL: SELECT * FROM `crawler_yxp_auction` WHERE `publish_id` = '1242134' LIMIT 1   [ RunTime:0.0028s ]
ERR: Think\Model:close方法不存在！
NOTIC: [2] Cannot modify header information - headers already sent by (output started at /home/vagrant/www/weaver-crawler/Cli/Crawler/Controller/YouxinpaiController.class.php:122) /home/vagrant/www/weaver-crawler/ThinkPHP/Library/Think/Think.class.php 第 229 行.
NOTIC: [2] Cannot modify header information - headers already sent by (output started at /home/vagrant/www/weaver-crawler/Cli/Crawler/Controller/YouxinpaiController.class.php:122) /home/vagrant/www/weaver-crawler/ThinkPHP/Library/Think/Think.class.php 第 230 行.

[ 2016-11-15T14:09:36+08:00 ]  
INFO: [ app_init ] --START--
INFO: Run Behavior\BuildLiteBehavior [ RunTime:0.000298s ]
INFO: [ app_init ] --END-- [ RunTime:0.000648s ]
NOTIC: [8] Use of undefined constant _PHP_FILE_ - assumed '_PHP_FILE_' /home/vagrant/www/weaver-crawler/ThinkPHP/Library/Think/Dispatcher.class.php 第 186 行.
INFO: [ app_begin ] --START--
INFO: Run Behavior\ReadHtmlCacheBehavior [ RunTime:0.005309s ]
INFO: [ app_begin ] --END-- [ RunTime:0.005418s ]
NOTIC: [2] file_get_contents(/home/vagrant/www/weaver-crawler/Cli/Crawler/Data/Crawler_Youxinpai_crawlerTradePrice_Worker/workerman.pid): failed to open stream: No such file or directory /home/vagrant/www/weaver-crawler/Cli/Org/Workerman/Worker.php 第 618 行.

