[ 2016-11-14T10:10:10+08:00 ]  
INFO: [ app_init ] --START--
INFO: Run Behavior\BuildLiteBehavior [ RunTime:0.000050s ]
INFO: [ app_init ] --END-- [ RunTime:0.000420s ]
NOTIC: [8] Use of undefined constant _PHP_FILE_ - assumed '_PHP_FILE_' /home/vagrant/www/weaver-crawler/ThinkPHP/Library/Think/Dispatcher.class.php 第 186 行.
INFO: [ app_begin ] --START--
INFO: Run Behavior\ReadHtmlCacheBehavior [ RunTime:0.017882s ]
INFO: [ app_begin ] --END-- [ RunTime:0.018063s ]
NOTIC: [2] file_get_contents(/home/vagrant/www/weaver-crawler/Cli/Crawler/Data/Crawler_Youxinpai_Gettask_Worker/workerman.pid): failed to open stream: No such file or directory /home/vagrant/www/weaver-crawler/Cli/Org/Workerman/Worker.php 第 618 行.

[ 2016-11-14T10:10:10+08:00 ]  
INFO: [ app_init ] --START--
INFO: Run Behavior\BuildLiteBehavior [ RunTime:0.000052s ]
INFO: [ app_init ] --END-- [ RunTime:0.000412s ]
NOTIC: [8] Use of undefined constant _PHP_FILE_ - assumed '_PHP_FILE_' /home/vagrant/www/weaver-crawler/ThinkPHP/Library/Think/Dispatcher.class.php 第 186 行.
INFO: [ app_begin ] --START--
INFO: Run Behavior\ReadHtmlCacheBehavior [ RunTime:0.006028s ]
INFO: [ app_begin ] --END-- [ RunTime:0.006518s ]
NOTIC: [2] file_get_contents(/home/vagrant/www/weaver-crawler/Cli/Crawler/Data/Crawler_Youxinpai_process_Worker/workerman.pid): failed to open stream: No such file or directory /home/vagrant/www/weaver-crawler/Cli/Org/Workerman/Worker.php 第 618 行.

[ 2016-11-14T10:10:11+08:00 ]  
INFO: [ app_init ] --START--
INFO: Run Behavior\BuildLiteBehavior [ RunTime:0.000070s ]
INFO: [ app_init ] --END-- [ RunTime:0.000443s ]
NOTIC: [8] Use of undefined constant _PHP_FILE_ - assumed '_PHP_FILE_' /home/vagrant/www/weaver-crawler/ThinkPHP/Library/Think/Dispatcher.class.php 第 186 行.
INFO: [ app_begin ] --START--
INFO: Run Behavior\ReadHtmlCacheBehavior [ RunTime:0.003636s ]
INFO: [ app_begin ] --END-- [ RunTime:0.003806s ]
NOTIC: [2] file_get_contents(/home/vagrant/www/weaver-crawler/Cli/Crawler/Data/Crawler_Youxinpai_crawlerTradePrice_Worker/workerman.pid): failed to open stream: No such file or directory /home/vagrant/www/weaver-crawler/Cli/Org/Workerman/Worker.php 第 618 行.

[ 2016-11-14T10:10:25+08:00 ]  
INFO: [ app_init ] --START--
INFO: Run Behavior\BuildLiteBehavior [ RunTime:0.000049s ]
INFO: [ app_init ] --END-- [ RunTime:0.000488s ]
NOTIC: [8] Use of undefined constant _PHP_FILE_ - assumed '_PHP_FILE_' /home/vagrant/www/weaver-crawler/ThinkPHP/Library/Think/Dispatcher.class.php 第 186 行.
INFO: [ app_begin ] --START--
INFO: Run Behavior\ReadHtmlCacheBehavior [ RunTime:0.003912s ]
INFO: [ app_begin ] --END-- [ RunTime:0.004017s ]
NOTIC: [2] file_get_contents(/home/vagrant/www/weaver-crawler/Cli/Crawler/Data/Crawler_Youxinpai_Gettask_Worker/workerman.pid): failed to open stream: No such file or directory /home/vagrant/www/weaver-crawler/Cli/Org/Workerman/Worker.php 第 618 行.

[ 2016-11-14T10:10:25+08:00 ]  
INFO: [ app_init ] --START--
INFO: Run Behavior\BuildLiteBehavior [ RunTime:0.000050s ]
INFO: [ app_init ] --END-- [ RunTime:0.000478s ]
NOTIC: [8] Use of undefined constant _PHP_FILE_ - assumed '_PHP_FILE_' /home/vagrant/www/weaver-crawler/ThinkPHP/Library/Think/Dispatcher.class.php 第 186 行.
INFO: [ app_begin ] --START--
INFO: Run Behavior\ReadHtmlCacheBehavior [ RunTime:0.008072s ]
INFO: [ app_begin ] --END-- [ RunTime:0.008201s ]
NOTIC: [2] file_get_contents(/home/vagrant/www/weaver-crawler/Cli/Crawler/Data/Crawler_Youxinpai_process_Worker/workerman.pid): failed to open stream: No such file or directory /home/vagrant/www/weaver-crawler/Cli/Org/Workerman/Worker.php 第 618 行.

[ 2016-11-14T10:10:26+08:00 ]  
INFO: [ app_init ] --START--
INFO: Run Behavior\BuildLiteBehavior [ RunTime:0.000050s ]
INFO: [ app_init ] --END-- [ RunTime:0.000751s ]
NOTIC: [8] Use of undefined constant _PHP_FILE_ - assumed '_PHP_FILE_' /home/vagrant/www/weaver-crawler/ThinkPHP/Library/Think/Dispatcher.class.php 第 186 行.
INFO: [ app_begin ] --START--
INFO: Run Behavior\ReadHtmlCacheBehavior [ RunTime:0.006804s ]
INFO: [ app_begin ] --END-- [ RunTime:0.006925s ]
NOTIC: [2] file_get_contents(/home/vagrant/www/weaver-crawler/Cli/Crawler/Data/Crawler_Youxinpai_crawlerTradePrice_Worker/workerman.pid): failed to open stream: No such file or directory /home/vagrant/www/weaver-crawler/Cli/Org/Workerman/Worker.php 第 618 行.

[ 2016-11-14T10:10:39+08:00 ]  
INFO: [ app_init ] --START--
INFO: Run Behavior\BuildLiteBehavior [ RunTime:0.000051s ]
INFO: [ app_init ] --END-- [ RunTime:0.000474s ]
NOTIC: [8] Use of undefined constant _PHP_FILE_ - assumed '_PHP_FILE_' /home/vagrant/www/weaver-crawler/ThinkPHP/Library/Think/Dispatcher.class.php 第 186 行.
INFO: [ app_begin ] --START--
INFO: Run Behavior\ReadHtmlCacheBehavior [ RunTime:0.007222s ]
INFO: [ app_begin ] --END-- [ RunTime:0.007343s ]
NOTIC: [2] file_get_contents(/home/vagrant/www/weaver-crawler/Cli/Crawler/Data/Crawler_Youxinpai_Gettask_Worker/workerman.pid): failed to open stream: No such file or directory /home/vagrant/www/weaver-crawler/Cli/Org/Workerman/Worker.php 第 618 行.

[ 2016-11-14T10:10:39+08:00 ]  
INFO: [ app_init ] --START--
INFO: Run Behavior\BuildLiteBehavior [ RunTime:0.000051s ]
INFO: [ app_init ] --END-- [ RunTime:0.000657s ]
NOTIC: [8] Use of undefined constant _PHP_FILE_ - assumed '_PHP_FILE_' /home/vagrant/www/weaver-crawler/ThinkPHP/Library/Think/Dispatcher.class.php 第 186 行.
INFO: [ app_begin ] --START--
INFO: Run Behavior\ReadHtmlCacheBehavior [ RunTime:0.004027s ]
INFO: [ app_begin ] --END-- [ RunTime:0.004137s ]
NOTIC: [2] file_get_contents(/home/vagrant/www/weaver-crawler/Cli/Crawler/Data/Crawler_Youxinpai_process_Worker/workerman.pid): failed to open stream: No such file or directory /home/vagrant/www/weaver-crawler/Cli/Org/Workerman/Worker.php 第 618 行.

[ 2016-11-14T10:10:40+08:00 ]  
INFO: [ app_init ] --START--
INFO: Run Behavior\BuildLiteBehavior [ RunTime:0.000055s ]
INFO: [ app_init ] --END-- [ RunTime:0.001261s ]
NOTIC: [8] Use of undefined constant _PHP_FILE_ - assumed '_PHP_FILE_' /home/vagrant/www/weaver-crawler/ThinkPHP/Library/Think/Dispatcher.class.php 第 186 行.
INFO: [ app_begin ] --START--
INFO: Run Behavior\ReadHtmlCacheBehavior [ RunTime:0.006657s ]
INFO: [ app_begin ] --END-- [ RunTime:0.006765s ]
NOTIC: [2] file_get_contents(/home/vagrant/www/weaver-crawler/Cli/Crawler/Data/Crawler_Youxinpai_crawlerTradePrice_Worker/workerman.pid): failed to open stream: No such file or directory /home/vagrant/www/weaver-crawler/Cli/Org/Workerman/Worker.php 第 618 行.

