[ 2016-10-21T08:51:45+08:00 ]  
INFO: [ app_init ] --START--
INFO: Run Behavior\BuildLiteBehavior [ RunTime:0.000030s ]
INFO: [ app_init ] --END-- [ RunTime:0.000967s ]
NOTIC: [8] Use of undefined constant _PHP_FILE_ - assumed '_PHP_FILE_' /home/vagrant/www/ant-auction-sub/ThinkPHP/Library/Think/Dispatcher.class.php 第 186 行.
INFO: [ app_begin ] --START--
INFO: Run Behavior\ReadHtmlCacheBehavior [ RunTime:0.006672s ]
INFO: [ app_begin ] --END-- [ RunTime:0.006738s ]
NOTIC: [2] file_get_contents(/home/vagrant/www/ant-auction-sub/Cli/Auction/Data/SubOrderPushWorker/workerman.pid): failed to open stream: No such file or directory /home/vagrant/www/ant-auction-sub/Cli/Org/Workerman/Worker.php 第 618 行.

[ 2016-10-21T08:51:47+08:00 ]  
INFO: [ app_init ] --START--
INFO: Run Behavior\BuildLiteBehavior [ RunTime:0.000035s ]
INFO: [ app_init ] --END-- [ RunTime:0.000603s ]
NOTIC: [8] Use of undefined constant _PHP_FILE_ - assumed '_PHP_FILE_' /home/vagrant/www/ant-auction-sub/ThinkPHP/Library/Think/Dispatcher.class.php 第 186 行.
INFO: [ app_begin ] --START--
INFO: Run Behavior\ReadHtmlCacheBehavior [ RunTime:0.006635s ]
INFO: [ app_begin ] --END-- [ RunTime:0.006715s ]
NOTIC: [2] file_get_contents(/home/vagrant/www/ant-auction-sub/Cli/Auction/Data/SubOrderWorker/workerman.pid): failed to open stream: No such file or directory /home/vagrant/www/ant-auction-sub/Cli/Org/Workerman/Worker.php 第 618 行.

[ 2016-10-21T08:51:47+08:00 ]  
INFO: [ app_init ] --START--
INFO: Run Behavior\BuildLiteBehavior [ RunTime:0.000030s ]
INFO: [ app_init ] --END-- [ RunTime:0.000967s ]
NOTIC: [8] Use of undefined constant _PHP_FILE_ - assumed '_PHP_FILE_' /home/vagrant/www/ant-auction-sub/ThinkPHP/Library/Think/Dispatcher.class.php 第 186 行.
INFO: [ app_begin ] --START--
INFO: Run Behavior\ReadHtmlCacheBehavior [ RunTime:0.006672s ]
INFO: [ app_begin ] --END-- [ RunTime:0.006738s ]
NOTIC: [2] file_get_contents(/home/vagrant/www/ant-auction-sub/Cli/Auction/Data/SubOrderPushWorker/workerman.pid): failed to open stream: No such file or directory /home/vagrant/www/ant-auction-sub/Cli/Org/Workerman/Worker.php 第 618 行.

[ 2016-10-21T08:51:53+08:00 ]  
INFO: [ app_init ] --START--
INFO: Run Behavior\BuildLiteBehavior [ RunTime:0.000035s ]
INFO: [ app_init ] --END-- [ RunTime:0.000603s ]
NOTIC: [8] Use of undefined constant _PHP_FILE_ - assumed '_PHP_FILE_' /home/vagrant/www/ant-auction-sub/ThinkPHP/Library/Think/Dispatcher.class.php 第 186 行.
INFO: [ app_begin ] --START--
INFO: Run Behavior\ReadHtmlCacheBehavior [ RunTime:0.006635s ]
INFO: [ app_begin ] --END-- [ RunTime:0.006715s ]
NOTIC: [2] file_get_contents(/home/vagrant/www/ant-auction-sub/Cli/Auction/Data/SubOrderWorker/workerman.pid): failed to open stream: No such file or directory /home/vagrant/www/ant-auction-sub/Cli/Org/Workerman/Worker.php 第 618 行.

[ 2016-10-21T09:05:10+08:00 ]  
INFO: [ app_init ] --START--
INFO: Run Behavior\BuildLiteBehavior [ RunTime:0.000030s ]
INFO: [ app_init ] --END-- [ RunTime:0.000967s ]
NOTIC: [8] Use of undefined constant _PHP_FILE_ - assumed '_PHP_FILE_' /home/vagrant/www/ant-auction-sub/ThinkPHP/Library/Think/Dispatcher.class.php 第 186 行.
INFO: [ app_begin ] --START--
INFO: Run Behavior\ReadHtmlCacheBehavior [ RunTime:0.006672s ]
INFO: [ app_begin ] --END-- [ RunTime:0.006738s ]
NOTIC: [2] file_get_contents(/home/vagrant/www/ant-auction-sub/Cli/Auction/Data/SubOrderPushWorker/workerman.pid): failed to open stream: No such file or directory /home/vagrant/www/ant-auction-sub/Cli/Org/Workerman/Worker.php 第 618 行.

[ 2016-10-21T09:05:10+08:00 ]  
INFO: [ app_init ] --START--
INFO: Run Behavior\BuildLiteBehavior [ RunTime:0.000035s ]
INFO: [ app_init ] --END-- [ RunTime:0.000603s ]
NOTIC: [8] Use of undefined constant _PHP_FILE_ - assumed '_PHP_FILE_' /home/vagrant/www/ant-auction-sub/ThinkPHP/Library/Think/Dispatcher.class.php 第 186 行.
INFO: [ app_begin ] --START--
INFO: Run Behavior\ReadHtmlCacheBehavior [ RunTime:0.006635s ]
INFO: [ app_begin ] --END-- [ RunTime:0.006715s ]
NOTIC: [2] file_get_contents(/home/vagrant/www/ant-auction-sub/Cli/Auction/Data/SubOrderWorker/workerman.pid): failed to open stream: No such file or directory /home/vagrant/www/ant-auction-sub/Cli/Org/Workerman/Worker.php 第 618 行.

[ 2016-10-21T09:06:10+08:00 ]  
INFO: [ app_init ] --START--
INFO: Run Behavior\BuildLiteBehavior [ RunTime:0.000030s ]
INFO: [ app_init ] --END-- [ RunTime:0.000967s ]
NOTIC: [8] Use of undefined constant _PHP_FILE_ - assumed '_PHP_FILE_' /home/vagrant/www/ant-auction-sub/ThinkPHP/Library/Think/Dispatcher.class.php 第 186 行.
INFO: [ app_begin ] --START--
INFO: Run Behavior\ReadHtmlCacheBehavior [ RunTime:0.006672s ]
INFO: [ app_begin ] --END-- [ RunTime:0.006738s ]
NOTIC: [2] file_get_contents(/home/vagrant/www/ant-auction-sub/Cli/Auction/Data/SubOrderPushWorker/workerman.pid): failed to open stream: No such file or directory /home/vagrant/www/ant-auction-sub/Cli/Org/Workerman/Worker.php 第 618 行.

[ 2016-10-21T12:41:04+08:00 ]  
INFO: [ app_init ] --START--
INFO: Run Behavior\BuildLiteBehavior [ RunTime:0.000035s ]
INFO: [ app_init ] --END-- [ RunTime:0.000603s ]
NOTIC: [8] Use of undefined constant _PHP_FILE_ - assumed '_PHP_FILE_' /home/vagrant/www/ant-auction-sub/ThinkPHP/Library/Think/Dispatcher.class.php 第 186 行.
INFO: [ app_begin ] --START--
INFO: Run Behavior\ReadHtmlCacheBehavior [ RunTime:0.006635s ]
INFO: [ app_begin ] --END-- [ RunTime:0.006715s ]
NOTIC: [2] file_get_contents(/home/vagrant/www/ant-auction-sub/Cli/Auction/Data/SubOrderWorker/workerman.pid): failed to open stream: No such file or directory /home/vagrant/www/ant-auction-sub/Cli/Org/Workerman/Worker.php 第 618 行.

[ 2016-10-21T12:41:08+08:00 ]  
INFO: [ app_init ] --START--
INFO: Run Behavior\BuildLiteBehavior [ RunTime:0.000035s ]
INFO: [ app_init ] --END-- [ RunTime:0.000603s ]
NOTIC: [8] Use of undefined constant _PHP_FILE_ - assumed '_PHP_FILE_' /home/vagrant/www/ant-auction-sub/ThinkPHP/Library/Think/Dispatcher.class.php 第 186 行.
INFO: [ app_begin ] --START--
INFO: Run Behavior\ReadHtmlCacheBehavior [ RunTime:0.006635s ]
INFO: [ app_begin ] --END-- [ RunTime:0.006715s ]
NOTIC: [2] file_get_contents(/home/vagrant/www/ant-auction-sub/Cli/Auction/Data/SubOrderWorker/workerman.pid): failed to open stream: No such file or directory /home/vagrant/www/ant-auction-sub/Cli/Org/Workerman/Worker.php 第 618 行.

[ 2016-10-21T13:08:01+08:00 ]  
INFO: [ app_init ] --START--
INFO: Run Behavior\BuildLiteBehavior [ RunTime:0.000030s ]
INFO: [ app_init ] --END-- [ RunTime:0.000967s ]
NOTIC: [8] Use of undefined constant _PHP_FILE_ - assumed '_PHP_FILE_' /home/vagrant/www/ant-auction-sub/ThinkPHP/Library/Think/Dispatcher.class.php 第 186 行.
INFO: [ app_begin ] --START--
INFO: Run Behavior\ReadHtmlCacheBehavior [ RunTime:0.006672s ]
INFO: [ app_begin ] --END-- [ RunTime:0.006738s ]
NOTIC: [2] file_get_contents(/home/vagrant/www/ant-auction-sub/Cli/Auction/Data/SubOrderPushWorker/workerman.pid): failed to open stream: No such file or directory /home/vagrant/www/ant-auction-sub/Cli/Org/Workerman/Worker.php 第 618 行.

[ 2016-10-21T15:07:10+08:00 ]  
INFO: [ app_init ] --START--
INFO: Run Behavior\BuildLiteBehavior [ RunTime:0.000030s ]
INFO: [ app_init ] --END-- [ RunTime:0.000967s ]
NOTIC: [8] Use of undefined constant _PHP_FILE_ - assumed '_PHP_FILE_' /home/vagrant/www/ant-auction-sub/ThinkPHP/Library/Think/Dispatcher.class.php 第 186 行.
INFO: [ app_begin ] --START--
INFO: Run Behavior\ReadHtmlCacheBehavior [ RunTime:0.006672s ]
INFO: [ app_begin ] --END-- [ RunTime:0.006738s ]
NOTIC: [2] file_get_contents(/home/vagrant/www/ant-auction-sub/Cli/Auction/Data/SubOrderPushWorker/workerman.pid): failed to open stream: No such file or directory /home/vagrant/www/ant-auction-sub/Cli/Org/Workerman/Worker.php 第 618 行.

[ 2016-10-21T15:07:28+08:00 ]  
INFO: [ app_init ] --START--
INFO: Run Behavior\BuildLiteBehavior [ RunTime:0.000035s ]
INFO: [ app_init ] --END-- [ RunTime:0.000603s ]
NOTIC: [8] Use of undefined constant _PHP_FILE_ - assumed '_PHP_FILE_' /home/vagrant/www/ant-auction-sub/ThinkPHP/Library/Think/Dispatcher.class.php 第 186 行.
INFO: [ app_begin ] --START--
INFO: Run Behavior\ReadHtmlCacheBehavior [ RunTime:0.006635s ]
INFO: [ app_begin ] --END-- [ RunTime:0.006715s ]
NOTIC: [2] file_get_contents(/home/vagrant/www/ant-auction-sub/Cli/Auction/Data/SubOrderWorker/workerman.pid): failed to open stream: No such file or directory /home/vagrant/www/ant-auction-sub/Cli/Org/Workerman/Worker.php 第 618 行.

[ 2016-10-21T16:39:29+08:00 ]  
INFO: [ app_init ] --START--
INFO: Run Behavior\BuildLiteBehavior [ RunTime:0.000029s ]
INFO: [ app_init ] --END-- [ RunTime:0.000341s ]
NOTIC: [8] Use of undefined constant _PHP_FILE_ - assumed '_PHP_FILE_' /home/vagrant/www/ant-auction-sub/ThinkPHP/Library/Think/Dispatcher.class.php 第 186 行.
INFO: [ app_begin ] --START--
INFO: Run Behavior\ReadHtmlCacheBehavior [ RunTime:0.007520s ]
INFO: [ app_begin ] --END-- [ RunTime:0.007649s ]

[ 2016-10-21T16:39:30+08:00 ]  
INFO: [ app_init ] --START--
INFO: Run Behavior\BuildLiteBehavior [ RunTime:0.000029s ]
INFO: [ app_init ] --END-- [ RunTime:0.000333s ]
NOTIC: [8] Use of undefined constant _PHP_FILE_ - assumed '_PHP_FILE_' /home/vagrant/www/ant-auction-sub/ThinkPHP/Library/Think/Dispatcher.class.php 第 186 行.
INFO: [ app_begin ] --START--
INFO: Run Behavior\ReadHtmlCacheBehavior [ RunTime:0.006425s ]
INFO: [ app_begin ] --END-- [ RunTime:0.006487s ]

[ 2016-10-21T16:42:21+08:00 ]  
INFO: [ app_init ] --START--
INFO: Run Behavior\BuildLiteBehavior [ RunTime:0.000030s ]
INFO: [ app_init ] --END-- [ RunTime:0.000555s ]
NOTIC: [8] Use of undefined constant _PHP_FILE_ - assumed '_PHP_FILE_' /home/vagrant/www/ant-auction-sub/ThinkPHP/Library/Think/Dispatcher.class.php 第 186 行.
INFO: [ app_begin ] --START--
INFO: Run Behavior\ReadHtmlCacheBehavior [ RunTime:0.006839s ]
INFO: [ app_begin ] --END-- [ RunTime:0.006907s ]

[ 2016-10-21T16:42:22+08:00 ]  
INFO: [ app_init ] --START--
INFO: Run Behavior\BuildLiteBehavior [ RunTime:0.000029s ]
INFO: [ app_init ] --END-- [ RunTime:0.000358s ]
NOTIC: [8] Use of undefined constant _PHP_FILE_ - assumed '_PHP_FILE_' /home/vagrant/www/ant-auction-sub/ThinkPHP/Library/Think/Dispatcher.class.php 第 186 行.
INFO: [ app_begin ] --START--
INFO: Run Behavior\ReadHtmlCacheBehavior [ RunTime:0.007383s ]
INFO: [ app_begin ] --END-- [ RunTime:0.007452s ]

[ 2016-10-21T17:59:13+08:00 ]  
INFO: [ app_init ] --START--
INFO: Run Behavior\BuildLiteBehavior [ RunTime:0.000030s ]
INFO: [ app_init ] --END-- [ RunTime:0.000967s ]
NOTIC: [8] Use of undefined constant _PHP_FILE_ - assumed '_PHP_FILE_' /home/vagrant/www/ant-auction-sub/ThinkPHP/Library/Think/Dispatcher.class.php 第 186 行.
INFO: [ app_begin ] --START--
INFO: Run Behavior\ReadHtmlCacheBehavior [ RunTime:0.006672s ]
INFO: [ app_begin ] --END-- [ RunTime:0.006738s ]
NOTIC: [2] file_get_contents(/home/vagrant/www/ant-auction-sub/Cli/Auction/Data/SubOrderPushWorker/workerman.pid): failed to open stream: No such file or directory /home/vagrant/www/ant-auction-sub/Cli/Org/Workerman/Worker.php 第 618 行.

[ 2016-10-21T19:11:04+08:00 ]  
INFO: [ app_init ] --START--
INFO: Run Behavior\BuildLiteBehavior [ RunTime:0.000030s ]
INFO: [ app_init ] --END-- [ RunTime:0.000967s ]
NOTIC: [8] Use of undefined constant _PHP_FILE_ - assumed '_PHP_FILE_' /home/vagrant/www/ant-auction-sub/ThinkPHP/Library/Think/Dispatcher.class.php 第 186 行.
INFO: [ app_begin ] --START--
INFO: Run Behavior\ReadHtmlCacheBehavior [ RunTime:0.006672s ]
INFO: [ app_begin ] --END-- [ RunTime:0.006738s ]
NOTIC: [2] file_get_contents(/home/vagrant/www/ant-auction-sub/Cli/Auction/Data/SubOrderPushWorker/workerman.pid): failed to open stream: No such file or directory /home/vagrant/www/ant-auction-sub/Cli/Org/Workerman/Worker.php 第 618 行.

[ 2016-10-21T19:11:04+08:00 ]  
INFO: [ app_init ] --START--
INFO: Run Behavior\BuildLiteBehavior [ RunTime:0.000035s ]
INFO: [ app_init ] --END-- [ RunTime:0.000603s ]
NOTIC: [8] Use of undefined constant _PHP_FILE_ - assumed '_PHP_FILE_' /home/vagrant/www/ant-auction-sub/ThinkPHP/Library/Think/Dispatcher.class.php 第 186 行.
INFO: [ app_begin ] --START--
INFO: Run Behavior\ReadHtmlCacheBehavior [ RunTime:0.006635s ]
INFO: [ app_begin ] --END-- [ RunTime:0.006715s ]
NOTIC: [2] file_get_contents(/home/vagrant/www/ant-auction-sub/Cli/Auction/Data/SubOrderWorker/workerman.pid): failed to open stream: No such file or directory /home/vagrant/www/ant-auction-sub/Cli/Org/Workerman/Worker.php 第 618 行.

[ 2016-10-24T08:55:55+08:00 ]  
INFO: [ app_init ] --START--
INFO: Run Behavior\BuildLiteBehavior [ RunTime:0.000035s ]
INFO: [ app_init ] --END-- [ RunTime:0.000603s ]
NOTIC: [8] Use of undefined constant _PHP_FILE_ - assumed '_PHP_FILE_' /home/vagrant/www/ant-auction-sub/ThinkPHP/Library/Think/Dispatcher.class.php 第 186 行.
INFO: [ app_begin ] --START--
INFO: Run Behavior\ReadHtmlCacheBehavior [ RunTime:0.006635s ]
INFO: [ app_begin ] --END-- [ RunTime:0.006715s ]
NOTIC: [2] file_get_contents(/home/vagrant/www/ant-auction-sub/Cli/Auction/Data/SubOrderWorker/workerman.pid): failed to open stream: No such file or directory /home/vagrant/www/ant-auction-sub/Cli/Org/Workerman/Worker.php 第 618 行.

