[ 2016-11-16T09:06:07+08:00 ]  
INFO: [ app_init ] --START--
INFO: Run Behavior\BuildLiteBehavior [ RunTime:0.000035s ]
INFO: [ app_init ] --END-- [ RunTime:0.000603s ]
NOTIC: [8] Use of undefined constant _PHP_FILE_ - assumed '_PHP_FILE_' /home/vagrant/www/ant-auction-sub/ThinkPHP/Library/Think/Dispatcher.class.php 第 186 行.
INFO: [ app_begin ] --START--
INFO: Run Behavior\ReadHtmlCacheBehavior [ RunTime:0.006635s ]
INFO: [ app_begin ] --END-- [ RunTime:0.006715s ]
NOTIC: [2] file_get_contents(/home/vagrant/www/ant-auction-sub/Cli/Auction/Data/SubOrderWorker/workerman.pid): failed to open stream: No such file or directory /home/vagrant/www/ant-auction-sub/Cli/Org/Workerman/Worker.php 第 618 行.

[ 2016-11-16T09:06:07+08:00 ]  
INFO: [ app_init ] --START--
INFO: Run Behavior\BuildLiteBehavior [ RunTime:0.000035s ]
INFO: [ app_init ] --END-- [ RunTime:0.000603s ]
NOTIC: [8] Use of undefined constant _PHP_FILE_ - assumed '_PHP_FILE_' /home/vagrant/www/ant-auction-sub/ThinkPHP/Library/Think/Dispatcher.class.php 第 186 行.
INFO: [ app_begin ] --START--
INFO: Run Behavior\ReadHtmlCacheBehavior [ RunTime:0.006635s ]
INFO: [ app_begin ] --END-- [ RunTime:0.006715s ]
NOTIC: [2] file_get_contents(/home/vagrant/www/ant-auction-sub/Cli/Auction/Data/SubOrderWorker/workerman.pid): failed to open stream: No such file or directory /home/vagrant/www/ant-auction-sub/Cli/Org/Workerman/Worker.php 第 618 行.

[ 2016-11-16T09:06:09+08:00 ]  
INFO: [ app_init ] --START--
INFO: Run Behavior\BuildLiteBehavior [ RunTime:0.000030s ]
INFO: [ app_init ] --END-- [ RunTime:0.000967s ]
NOTIC: [8] Use of undefined constant _PHP_FILE_ - assumed '_PHP_FILE_' /home/vagrant/www/ant-auction-sub/ThinkPHP/Library/Think/Dispatcher.class.php 第 186 行.
INFO: [ app_begin ] --START--
INFO: Run Behavior\ReadHtmlCacheBehavior [ RunTime:0.006672s ]
INFO: [ app_begin ] --END-- [ RunTime:0.006738s ]
NOTIC: [2] file_get_contents(/home/vagrant/www/ant-auction-sub/Cli/Auction/Data/SubOrderPushWorker/workerman.pid): failed to open stream: No such file or directory /home/vagrant/www/ant-auction-sub/Cli/Org/Workerman/Worker.php 第 618 行.

[ 2016-11-16T09:06:09+08:00 ]  
INFO: [ app_init ] --START--
INFO: Run Behavior\BuildLiteBehavior [ RunTime:0.000030s ]
INFO: [ app_init ] --END-- [ RunTime:0.000967s ]
NOTIC: [8] Use of undefined constant _PHP_FILE_ - assumed '_PHP_FILE_' /home/vagrant/www/ant-auction-sub/ThinkPHP/Library/Think/Dispatcher.class.php 第 186 行.
INFO: [ app_begin ] --START--
INFO: Run Behavior\ReadHtmlCacheBehavior [ RunTime:0.006672s ]
INFO: [ app_begin ] --END-- [ RunTime:0.006738s ]
NOTIC: [2] file_get_contents(/home/vagrant/www/ant-auction-sub/Cli/Auction/Data/SubOrderPushWorker/workerman.pid): failed to open stream: No such file or directory /home/vagrant/www/ant-auction-sub/Cli/Org/Workerman/Worker.php 第 618 行.

[ 2016-11-16T09:06:13+08:00 ]  
INFO: [ app_init ] --START--
INFO: Run Behavior\BuildLiteBehavior [ RunTime:0.000035s ]
INFO: [ app_init ] --END-- [ RunTime:0.000603s ]
NOTIC: [8] Use of undefined constant _PHP_FILE_ - assumed '_PHP_FILE_' /home/vagrant/www/ant-auction-sub/ThinkPHP/Library/Think/Dispatcher.class.php 第 186 行.
INFO: [ app_begin ] --START--
INFO: Run Behavior\ReadHtmlCacheBehavior [ RunTime:0.006635s ]
INFO: [ app_begin ] --END-- [ RunTime:0.006715s ]
NOTIC: [2] file_get_contents(/home/vagrant/www/ant-auction-sub/Cli/Auction/Data/SubOrderWorker/workerman.pid): failed to open stream: No such file or directory /home/vagrant/www/ant-auction-sub/Cli/Org/Workerman/Worker.php 第 618 行.

[ 2016-11-16T09:06:13+08:00 ]  
INFO: [ app_init ] --START--
INFO: Run Behavior\BuildLiteBehavior [ RunTime:0.000030s ]
INFO: [ app_init ] --END-- [ RunTime:0.000967s ]
NOTIC: [8] Use of undefined constant _PHP_FILE_ - assumed '_PHP_FILE_' /home/vagrant/www/ant-auction-sub/ThinkPHP/Library/Think/Dispatcher.class.php 第 186 行.
INFO: [ app_begin ] --START--
INFO: Run Behavior\ReadHtmlCacheBehavior [ RunTime:0.006672s ]
INFO: [ app_begin ] --END-- [ RunTime:0.006738s ]
NOTIC: [2] file_get_contents(/home/vagrant/www/ant-auction-sub/Cli/Auction/Data/SubOrderPushWorker/workerman.pid): failed to open stream: No such file or directory /home/vagrant/www/ant-auction-sub/Cli/Org/Workerman/Worker.php 第 618 行.

[ 2016-11-16T09:06:14+08:00 ]  
INFO: [ app_init ] --START--
INFO: Run Behavior\BuildLiteBehavior [ RunTime:0.000030s ]
INFO: [ app_init ] --END-- [ RunTime:0.000967s ]
NOTIC: [8] Use of undefined constant _PHP_FILE_ - assumed '_PHP_FILE_' /home/vagrant/www/ant-auction-sub/ThinkPHP/Library/Think/Dispatcher.class.php 第 186 行.
INFO: [ app_begin ] --START--
INFO: Run Behavior\ReadHtmlCacheBehavior [ RunTime:0.006672s ]
INFO: [ app_begin ] --END-- [ RunTime:0.006738s ]
NOTIC: [2] file_get_contents(/home/vagrant/www/ant-auction-sub/Cli/Auction/Data/SubOrderPushWorker/workerman.pid): failed to open stream: No such file or directory /home/vagrant/www/ant-auction-sub/Cli/Org/Workerman/Worker.php 第 618 行.

[ 2016-11-16T09:06:15+08:00 ]  
INFO: [ app_init ] --START--
INFO: Run Behavior\BuildLiteBehavior [ RunTime:0.000035s ]
INFO: [ app_init ] --END-- [ RunTime:0.000603s ]
NOTIC: [8] Use of undefined constant _PHP_FILE_ - assumed '_PHP_FILE_' /home/vagrant/www/ant-auction-sub/ThinkPHP/Library/Think/Dispatcher.class.php 第 186 行.
INFO: [ app_begin ] --START--
INFO: Run Behavior\ReadHtmlCacheBehavior [ RunTime:0.006635s ]
INFO: [ app_begin ] --END-- [ RunTime:0.006715s ]
NOTIC: [2] file_get_contents(/home/vagrant/www/ant-auction-sub/Cli/Auction/Data/SubOrderWorker/workerman.pid): failed to open stream: No such file or directory /home/vagrant/www/ant-auction-sub/Cli/Org/Workerman/Worker.php 第 618 行.

[ 2016-11-16T09:06:15+08:00 ]  
INFO: [ app_init ] --START--
INFO: Run Behavior\BuildLiteBehavior [ RunTime:0.000030s ]
INFO: [ app_init ] --END-- [ RunTime:0.000967s ]
NOTIC: [8] Use of undefined constant _PHP_FILE_ - assumed '_PHP_FILE_' /home/vagrant/www/ant-auction-sub/ThinkPHP/Library/Think/Dispatcher.class.php 第 186 行.
INFO: [ app_begin ] --START--
INFO: Run Behavior\ReadHtmlCacheBehavior [ RunTime:0.006672s ]
INFO: [ app_begin ] --END-- [ RunTime:0.006738s ]
NOTIC: [2] file_get_contents(/home/vagrant/www/ant-auction-sub/Cli/Auction/Data/SubOrderPushWorker/workerman.pid): failed to open stream: No such file or directory /home/vagrant/www/ant-auction-sub/Cli/Org/Workerman/Worker.php 第 618 行.

[ 2016-11-16T09:06:16+08:00 ]  
INFO: [ app_init ] --START--
INFO: Run Behavior\BuildLiteBehavior [ RunTime:0.000035s ]
INFO: [ app_init ] --END-- [ RunTime:0.000603s ]
NOTIC: [8] Use of undefined constant _PHP_FILE_ - assumed '_PHP_FILE_' /home/vagrant/www/ant-auction-sub/ThinkPHP/Library/Think/Dispatcher.class.php 第 186 行.
INFO: [ app_begin ] --START--
INFO: Run Behavior\ReadHtmlCacheBehavior [ RunTime:0.006635s ]
INFO: [ app_begin ] --END-- [ RunTime:0.006715s ]
NOTIC: [2] file_get_contents(/home/vagrant/www/ant-auction-sub/Cli/Auction/Data/SubOrderWorker/workerman.pid): failed to open stream: No such file or directory /home/vagrant/www/ant-auction-sub/Cli/Org/Workerman/Worker.php 第 618 行.

[ 2016-11-16T12:34:03+08:00 ]  
INFO: [ app_init ] --START--
INFO: Run Behavior\BuildLiteBehavior [ RunTime:0.000030s ]
INFO: [ app_init ] --END-- [ RunTime:0.000967s ]
NOTIC: [8] Use of undefined constant _PHP_FILE_ - assumed '_PHP_FILE_' /home/vagrant/www/ant-auction-sub/ThinkPHP/Library/Think/Dispatcher.class.php 第 186 行.
INFO: [ app_begin ] --START--
INFO: Run Behavior\ReadHtmlCacheBehavior [ RunTime:0.006672s ]
INFO: [ app_begin ] --END-- [ RunTime:0.006738s ]
NOTIC: [2] file_get_contents(/home/vagrant/www/ant-auction-sub/Cli/Auction/Data/SubOrderPushWorker/workerman.pid): failed to open stream: No such file or directory /home/vagrant/www/ant-auction-sub/Cli/Org/Workerman/Worker.php 第 618 行.

[ 2016-11-16T13:59:18+08:00 ]  
INFO: [ app_init ] --START--
INFO: Run Behavior\BuildLiteBehavior [ RunTime:0.000035s ]
INFO: [ app_init ] --END-- [ RunTime:0.000603s ]
NOTIC: [8] Use of undefined constant _PHP_FILE_ - assumed '_PHP_FILE_' /home/vagrant/www/ant-auction-sub/ThinkPHP/Library/Think/Dispatcher.class.php 第 186 行.
INFO: [ app_begin ] --START--
INFO: Run Behavior\ReadHtmlCacheBehavior [ RunTime:0.006635s ]
INFO: [ app_begin ] --END-- [ RunTime:0.006715s ]
NOTIC: [2] file_get_contents(/home/vagrant/www/ant-auction-sub/Cli/Auction/Data/SubOrderWorker/workerman.pid): failed to open stream: No such file or directory /home/vagrant/www/ant-auction-sub/Cli/Org/Workerman/Worker.php 第 618 行.

[ 2016-11-16T13:59:18+08:00 ]  
INFO: [ app_init ] --START--
INFO: Run Behavior\BuildLiteBehavior [ RunTime:0.000035s ]
INFO: [ app_init ] --END-- [ RunTime:0.000603s ]
NOTIC: [8] Use of undefined constant _PHP_FILE_ - assumed '_PHP_FILE_' /home/vagrant/www/ant-auction-sub/ThinkPHP/Library/Think/Dispatcher.class.php 第 186 行.
INFO: [ app_begin ] --START--
INFO: Run Behavior\ReadHtmlCacheBehavior [ RunTime:0.006635s ]
INFO: [ app_begin ] --END-- [ RunTime:0.006715s ]
NOTIC: [2] file_get_contents(/home/vagrant/www/ant-auction-sub/Cli/Auction/Data/SubOrderWorker/workerman.pid): failed to open stream: No such file or directory /home/vagrant/www/ant-auction-sub/Cli/Org/Workerman/Worker.php 第 618 行.

[ 2016-11-16T13:59:19+08:00 ]  
INFO: [ app_init ] --START--
INFO: Run Behavior\BuildLiteBehavior [ RunTime:0.000030s ]
INFO: [ app_init ] --END-- [ RunTime:0.000967s ]
NOTIC: [8] Use of undefined constant _PHP_FILE_ - assumed '_PHP_FILE_' /home/vagrant/www/ant-auction-sub/ThinkPHP/Library/Think/Dispatcher.class.php 第 186 行.
INFO: [ app_begin ] --START--
INFO: Run Behavior\ReadHtmlCacheBehavior [ RunTime:0.006672s ]
INFO: [ app_begin ] --END-- [ RunTime:0.006738s ]
NOTIC: [2] file_get_contents(/home/vagrant/www/ant-auction-sub/Cli/Auction/Data/SubOrderPushWorker/workerman.pid): failed to open stream: No such file or directory /home/vagrant/www/ant-auction-sub/Cli/Org/Workerman/Worker.php 第 618 行.

[ 2016-11-16T14:04:30+08:00 ]  
INFO: [ app_init ] --START--
INFO: Run Behavior\BuildLiteBehavior [ RunTime:0.000035s ]
INFO: [ app_init ] --END-- [ RunTime:0.000603s ]
NOTIC: [8] Use of undefined constant _PHP_FILE_ - assumed '_PHP_FILE_' /home/vagrant/www/ant-auction-sub/ThinkPHP/Library/Think/Dispatcher.class.php 第 186 行.
INFO: [ app_begin ] --START--
INFO: Run Behavior\ReadHtmlCacheBehavior [ RunTime:0.006635s ]
INFO: [ app_begin ] --END-- [ RunTime:0.006715s ]
NOTIC: [2] file_get_contents(/home/vagrant/www/ant-auction-sub/Cli/Auction/Data/SubOrderWorker/workerman.pid): failed to open stream: No such file or directory /home/vagrant/www/ant-auction-sub/Cli/Org/Workerman/Worker.php 第 618 行.

