[ 2016-11-07T09:06:37+08:00 ]  
INFO: [ app_init ] --START--
INFO: Run Behavior\BuildLiteBehavior [ RunTime:0.000035s ]
INFO: [ app_init ] --END-- [ RunTime:0.000603s ]
NOTIC: [8] Use of undefined constant _PHP_FILE_ - assumed '_PHP_FILE_' /home/vagrant/www/ant-auction-sub/ThinkPHP/Library/Think/Dispatcher.class.php 第 186 行.
INFO: [ app_begin ] --START--
INFO: Run Behavior\ReadHtmlCacheBehavior [ RunTime:0.006635s ]
INFO: [ app_begin ] --END-- [ RunTime:0.006715s ]
NOTIC: [2] file_get_contents(/home/vagrant/www/ant-auction-sub/Cli/Auction/Data/SubOrderWorker/workerman.pid): failed to open stream: No such file or directory /home/vagrant/www/ant-auction-sub/Cli/Org/Workerman/Worker.php 第 618 行.

[ 2016-11-07T09:06:38+08:00 ]  
INFO: [ app_init ] --START--
INFO: Run Behavior\BuildLiteBehavior [ RunTime:0.000030s ]
INFO: [ app_init ] --END-- [ RunTime:0.000967s ]
NOTIC: [8] Use of undefined constant _PHP_FILE_ - assumed '_PHP_FILE_' /home/vagrant/www/ant-auction-sub/ThinkPHP/Library/Think/Dispatcher.class.php 第 186 行.
INFO: [ app_begin ] --START--
INFO: Run Behavior\ReadHtmlCacheBehavior [ RunTime:0.006672s ]
INFO: [ app_begin ] --END-- [ RunTime:0.006738s ]
NOTIC: [2] file_get_contents(/home/vagrant/www/ant-auction-sub/Cli/Auction/Data/SubOrderPushWorker/workerman.pid): failed to open stream: No such file or directory /home/vagrant/www/ant-auction-sub/Cli/Org/Workerman/Worker.php 第 618 行.

[ 2016-11-07T09:06:38+08:00 ]  
INFO: [ app_init ] --START--
INFO: Run Behavior\BuildLiteBehavior [ RunTime:0.000030s ]
INFO: [ app_init ] --END-- [ RunTime:0.000967s ]
NOTIC: [8] Use of undefined constant _PHP_FILE_ - assumed '_PHP_FILE_' /home/vagrant/www/ant-auction-sub/ThinkPHP/Library/Think/Dispatcher.class.php 第 186 行.
INFO: [ app_begin ] --START--
INFO: Run Behavior\ReadHtmlCacheBehavior [ RunTime:0.006672s ]
INFO: [ app_begin ] --END-- [ RunTime:0.006738s ]
NOTIC: [2] file_get_contents(/home/vagrant/www/ant-auction-sub/Cli/Auction/Data/SubOrderPushWorker/workerman.pid): failed to open stream: No such file or directory /home/vagrant/www/ant-auction-sub/Cli/Org/Workerman/Worker.php 第 618 行.

[ 2016-11-07T09:06:39+08:00 ]  
INFO: [ app_init ] --START--
INFO: Run Behavior\BuildLiteBehavior [ RunTime:0.000035s ]
INFO: [ app_init ] --END-- [ RunTime:0.000603s ]
NOTIC: [8] Use of undefined constant _PHP_FILE_ - assumed '_PHP_FILE_' /home/vagrant/www/ant-auction-sub/ThinkPHP/Library/Think/Dispatcher.class.php 第 186 行.
INFO: [ app_begin ] --START--
INFO: Run Behavior\ReadHtmlCacheBehavior [ RunTime:0.006635s ]
INFO: [ app_begin ] --END-- [ RunTime:0.006715s ]
NOTIC: [2] file_get_contents(/home/vagrant/www/ant-auction-sub/Cli/Auction/Data/SubOrderWorker/workerman.pid): failed to open stream: No such file or directory /home/vagrant/www/ant-auction-sub/Cli/Org/Workerman/Worker.php 第 618 行.

[ 2016-11-07T09:06:40+08:00 ]  
INFO: [ app_init ] --START--
INFO: Run Behavior\BuildLiteBehavior [ RunTime:0.000035s ]
INFO: [ app_init ] --END-- [ RunTime:0.000603s ]
NOTIC: [8] Use of undefined constant _PHP_FILE_ - assumed '_PHP_FILE_' /home/vagrant/www/ant-auction-sub/ThinkPHP/Library/Think/Dispatcher.class.php 第 186 行.
INFO: [ app_begin ] --START--
INFO: Run Behavior\ReadHtmlCacheBehavior [ RunTime:0.006635s ]
INFO: [ app_begin ] --END-- [ RunTime:0.006715s ]
NOTIC: [2] file_get_contents(/home/vagrant/www/ant-auction-sub/Cli/Auction/Data/SubOrderWorker/workerman.pid): failed to open stream: No such file or directory /home/vagrant/www/ant-auction-sub/Cli/Org/Workerman/Worker.php 第 618 行.

[ 2016-11-07T09:06:41+08:00 ]  
INFO: [ app_init ] --START--
INFO: Run Behavior\BuildLiteBehavior [ RunTime:0.000030s ]
INFO: [ app_init ] --END-- [ RunTime:0.000967s ]
NOTIC: [8] Use of undefined constant _PHP_FILE_ - assumed '_PHP_FILE_' /home/vagrant/www/ant-auction-sub/ThinkPHP/Library/Think/Dispatcher.class.php 第 186 行.
INFO: [ app_begin ] --START--
INFO: Run Behavior\ReadHtmlCacheBehavior [ RunTime:0.006672s ]
INFO: [ app_begin ] --END-- [ RunTime:0.006738s ]
NOTIC: [2] file_get_contents(/home/vagrant/www/ant-auction-sub/Cli/Auction/Data/SubOrderPushWorker/workerman.pid): failed to open stream: No such file or directory /home/vagrant/www/ant-auction-sub/Cli/Org/Workerman/Worker.php 第 618 行.

[ 2016-11-07T09:06:41+08:00 ]  
INFO: [ app_init ] --START--
INFO: Run Behavior\BuildLiteBehavior [ RunTime:0.000030s ]
INFO: [ app_init ] --END-- [ RunTime:0.000967s ]
NOTIC: [8] Use of undefined constant _PHP_FILE_ - assumed '_PHP_FILE_' /home/vagrant/www/ant-auction-sub/ThinkPHP/Library/Think/Dispatcher.class.php 第 186 行.
INFO: [ app_begin ] --START--
INFO: Run Behavior\ReadHtmlCacheBehavior [ RunTime:0.006672s ]
INFO: [ app_begin ] --END-- [ RunTime:0.006738s ]
NOTIC: [2] file_get_contents(/home/vagrant/www/ant-auction-sub/Cli/Auction/Data/SubOrderPushWorker/workerman.pid): failed to open stream: No such file or directory /home/vagrant/www/ant-auction-sub/Cli/Org/Workerman/Worker.php 第 618 行.

[ 2016-11-07T09:06:42+08:00 ]  
INFO: [ app_init ] --START--
INFO: Run Behavior\BuildLiteBehavior [ RunTime:0.000035s ]
INFO: [ app_init ] --END-- [ RunTime:0.000603s ]
NOTIC: [8] Use of undefined constant _PHP_FILE_ - assumed '_PHP_FILE_' /home/vagrant/www/ant-auction-sub/ThinkPHP/Library/Think/Dispatcher.class.php 第 186 行.
INFO: [ app_begin ] --START--
INFO: Run Behavior\ReadHtmlCacheBehavior [ RunTime:0.006635s ]
INFO: [ app_begin ] --END-- [ RunTime:0.006715s ]
NOTIC: [2] file_get_contents(/home/vagrant/www/ant-auction-sub/Cli/Auction/Data/SubOrderWorker/workerman.pid): failed to open stream: No such file or directory /home/vagrant/www/ant-auction-sub/Cli/Org/Workerman/Worker.php 第 618 行.

[ 2016-11-07T09:06:44+08:00 ]  
INFO: [ app_init ] --START--
INFO: Run Behavior\BuildLiteBehavior [ RunTime:0.000030s ]
INFO: [ app_init ] --END-- [ RunTime:0.000967s ]
NOTIC: [8] Use of undefined constant _PHP_FILE_ - assumed '_PHP_FILE_' /home/vagrant/www/ant-auction-sub/ThinkPHP/Library/Think/Dispatcher.class.php 第 186 行.
INFO: [ app_begin ] --START--
INFO: Run Behavior\ReadHtmlCacheBehavior [ RunTime:0.006672s ]
INFO: [ app_begin ] --END-- [ RunTime:0.006738s ]
NOTIC: [2] file_get_contents(/home/vagrant/www/ant-auction-sub/Cli/Auction/Data/SubOrderPushWorker/workerman.pid): failed to open stream: No such file or directory /home/vagrant/www/ant-auction-sub/Cli/Org/Workerman/Worker.php 第 618 行.

[ 2016-11-07T10:03:56+08:00 ]  
INFO: [ app_init ] --START--
INFO: Run Behavior\BuildLiteBehavior [ RunTime:0.000035s ]
INFO: [ app_init ] --END-- [ RunTime:0.000603s ]
NOTIC: [8] Use of undefined constant _PHP_FILE_ - assumed '_PHP_FILE_' /home/vagrant/www/ant-auction-sub/ThinkPHP/Library/Think/Dispatcher.class.php 第 186 行.
INFO: [ app_begin ] --START--
INFO: Run Behavior\ReadHtmlCacheBehavior [ RunTime:0.006635s ]
INFO: [ app_begin ] --END-- [ RunTime:0.006715s ]
NOTIC: [2] file_get_contents(/home/vagrant/www/ant-auction-sub/Cli/Auction/Data/SubOrderWorker/workerman.pid): failed to open stream: No such file or directory /home/vagrant/www/ant-auction-sub/Cli/Org/Workerman/Worker.php 第 618 行.

[ 2016-11-07T11:49:12+08:00 ]  
INFO: [ app_init ] --START--
INFO: Run Behavior\BuildLiteBehavior [ RunTime:0.000030s ]
INFO: [ app_init ] --END-- [ RunTime:0.000967s ]
NOTIC: [8] Use of undefined constant _PHP_FILE_ - assumed '_PHP_FILE_' /home/vagrant/www/ant-auction-sub/ThinkPHP/Library/Think/Dispatcher.class.php 第 186 行.
INFO: [ app_begin ] --START--
INFO: Run Behavior\ReadHtmlCacheBehavior [ RunTime:0.006672s ]
INFO: [ app_begin ] --END-- [ RunTime:0.006738s ]
NOTIC: [2] file_get_contents(/home/vagrant/www/ant-auction-sub/Cli/Auction/Data/SubOrderPushWorker/workerman.pid): failed to open stream: No such file or directory /home/vagrant/www/ant-auction-sub/Cli/Org/Workerman/Worker.php 第 618 行.

[ 2016-11-07T11:50:14+08:00 ]  
INFO: [ app_init ] --START--
INFO: Run Behavior\BuildLiteBehavior [ RunTime:0.000030s ]
INFO: [ app_init ] --END-- [ RunTime:0.000967s ]
NOTIC: [8] Use of undefined constant _PHP_FILE_ - assumed '_PHP_FILE_' /home/vagrant/www/ant-auction-sub/ThinkPHP/Library/Think/Dispatcher.class.php 第 186 行.
INFO: [ app_begin ] --START--
INFO: Run Behavior\ReadHtmlCacheBehavior [ RunTime:0.006672s ]
INFO: [ app_begin ] --END-- [ RunTime:0.006738s ]
NOTIC: [2] file_get_contents(/home/vagrant/www/ant-auction-sub/Cli/Auction/Data/SubOrderPushWorker/workerman.pid): failed to open stream: No such file or directory /home/vagrant/www/ant-auction-sub/Cli/Org/Workerman/Worker.php 第 618 行.

[ 2016-11-07T15:57:30+08:00 ]  
INFO: [ app_init ] --START--
INFO: Run Behavior\BuildLiteBehavior [ RunTime:0.000035s ]
INFO: [ app_init ] --END-- [ RunTime:0.000603s ]
NOTIC: [8] Use of undefined constant _PHP_FILE_ - assumed '_PHP_FILE_' /home/vagrant/www/ant-auction-sub/ThinkPHP/Library/Think/Dispatcher.class.php 第 186 行.
INFO: [ app_begin ] --START--
INFO: Run Behavior\ReadHtmlCacheBehavior [ RunTime:0.006635s ]
INFO: [ app_begin ] --END-- [ RunTime:0.006715s ]
NOTIC: [2] file_get_contents(/home/vagrant/www/ant-auction-sub/Cli/Auction/Data/SubOrderWorker/workerman.pid): failed to open stream: No such file or directory /home/vagrant/www/ant-auction-sub/Cli/Org/Workerman/Worker.php 第 618 行.

[ 2016-11-07T19:22:04+08:00 ]  
INFO: [ app_init ] --START--
INFO: Run Behavior\BuildLiteBehavior [ RunTime:0.000035s ]
INFO: [ app_init ] --END-- [ RunTime:0.000603s ]
NOTIC: [8] Use of undefined constant _PHP_FILE_ - assumed '_PHP_FILE_' /home/vagrant/www/ant-auction-sub/ThinkPHP/Library/Think/Dispatcher.class.php 第 186 行.
INFO: [ app_begin ] --START--
INFO: Run Behavior\ReadHtmlCacheBehavior [ RunTime:0.006635s ]
INFO: [ app_begin ] --END-- [ RunTime:0.006715s ]
NOTIC: [2] file_get_contents(/home/vagrant/www/ant-auction-sub/Cli/Auction/Data/SubOrderWorker/workerman.pid): failed to open stream: No such file or directory /home/vagrant/www/ant-auction-sub/Cli/Org/Workerman/Worker.php 第 618 行.

[ 2016-11-07T19:22:04+08:00 ]  
INFO: [ app_init ] --START--
INFO: Run Behavior\BuildLiteBehavior [ RunTime:0.000030s ]
INFO: [ app_init ] --END-- [ RunTime:0.000967s ]
NOTIC: [8] Use of undefined constant _PHP_FILE_ - assumed '_PHP_FILE_' /home/vagrant/www/ant-auction-sub/ThinkPHP/Library/Think/Dispatcher.class.php 第 186 行.
INFO: [ app_begin ] --START--
INFO: Run Behavior\ReadHtmlCacheBehavior [ RunTime:0.006672s ]
INFO: [ app_begin ] --END-- [ RunTime:0.006738s ]
NOTIC: [2] file_get_contents(/home/vagrant/www/ant-auction-sub/Cli/Auction/Data/SubOrderPushWorker/workerman.pid): failed to open stream: No such file or directory /home/vagrant/www/ant-auction-sub/Cli/Org/Workerman/Worker.php 第 618 行.

[ 2016-11-07T19:22:04+08:00 ]  
INFO: [ app_init ] --START--
INFO: Run Behavior\BuildLiteBehavior [ RunTime:0.000035s ]
INFO: [ app_init ] --END-- [ RunTime:0.000603s ]
NOTIC: [8] Use of undefined constant _PHP_FILE_ - assumed '_PHP_FILE_' /home/vagrant/www/ant-auction-sub/ThinkPHP/Library/Think/Dispatcher.class.php 第 186 行.
INFO: [ app_begin ] --START--
INFO: Run Behavior\ReadHtmlCacheBehavior [ RunTime:0.006635s ]
INFO: [ app_begin ] --END-- [ RunTime:0.006715s ]
NOTIC: [2] file_get_contents(/home/vagrant/www/ant-auction-sub/Cli/Auction/Data/SubOrderWorker/workerman.pid): failed to open stream: No such file or directory /home/vagrant/www/ant-auction-sub/Cli/Org/Workerman/Worker.php 第 618 行.

[ 2016-11-07T19:22:06+08:00 ]  
INFO: [ app_init ] --START--
INFO: Run Behavior\BuildLiteBehavior [ RunTime:0.000030s ]
INFO: [ app_init ] --END-- [ RunTime:0.000967s ]
NOTIC: [8] Use of undefined constant _PHP_FILE_ - assumed '_PHP_FILE_' /home/vagrant/www/ant-auction-sub/ThinkPHP/Library/Think/Dispatcher.class.php 第 186 行.
INFO: [ app_begin ] --START--
INFO: Run Behavior\ReadHtmlCacheBehavior [ RunTime:0.006672s ]
INFO: [ app_begin ] --END-- [ RunTime:0.006738s ]
NOTIC: [2] file_get_contents(/home/vagrant/www/ant-auction-sub/Cli/Auction/Data/SubOrderPushWorker/workerman.pid): failed to open stream: No such file or directory /home/vagrant/www/ant-auction-sub/Cli/Org/Workerman/Worker.php 第 618 行.

