[2016-09-25 17:49:43]Worker starting. worker_id: 17195, Current Msg GateWay: CHINAMSG.
[2016-09-25 17:49:43]Worker starting. worker_id: 17194, Current Msg GateWay: CHINAMSG.
Worker stopping...
Worker stopping...
[2016-09-25 17:52:08]Worker starting. worker_id: 17253, Current Msg GateWay: YUNPIAN.
[2016-09-25 17:52:08]Worker starting. worker_id: 17254, Current Msg GateWay: YUNPIAN.
Worker stopping...
Worker stopping...
[2016-09-25 17:56:08]Worker starting. worker_id: 17305, Current Msg GateWay: YUNPIAN.
[2016-09-25 17:56:08]Worker starting. worker_id: 17304, Current Msg GateWay: YUNPIAN.
Worker stopping...
Worker stopping...
[2016-09-25 17:58:45]Worker starting. worker_id: 17352, Current Msg GateWay: CHINAMSG.
[2016-09-25 17:58:45]Worker starting. worker_id: 17351, Current Msg GateWay: CHINAMSG.
Worker stopping...
Worker stopping...
[2016-09-25 18:06:54]Worker starting. worker_id: 17403, Current Msg GateWay: CHINAMSG.
[2016-09-25 18:06:54]Worker starting. worker_id: 17402, Current Msg GateWay: CHINAMSG.

Parse error: syntax error, unexpected '$resSend' (T_VARIABLE), expecting ',' or ';' in /home/vagrant/www/ant-msg/Cli/SMS/Service/MsgTaskService.class.php on line 78

Parse error: syntax error, unexpected '$resSend' (T_VARIABLE), expecting ',' or ';' in /home/vagrant/www/ant-msg/Cli/SMS/Service/MsgTaskService.class.php on line 78
syntax error, unexpected '$resSend' (T_VARIABLE), expecting ',' or ';'
FILE: /home/vagrant/www/ant-msg/Cli/SMS/Service/MsgTaskService.class.php(78)
syntax error, unexpected '$resSend' (T_VARIABLE), expecting ',' or ';'
FILE: /home/vagrant/www/ant-msg/Cli/SMS/Service/MsgTaskService.class.php(78)
[2016-09-25 18:06:56]Worker starting. worker_id: 17417, Current Msg GateWay: CHINAMSG.
[2016-09-25 18:06:56]Worker starting. worker_id: 17416, Current Msg GateWay: CHINAMSG.

Parse error: syntax error, unexpected '$resSend' (T_VARIABLE), expecting ',' or ';' in /home/vagrant/www/ant-msg/Cli/SMS/Service/MsgTaskService.class.php on line 78

Parse error: syntax error, unexpected '$resSend' (T_VARIABLE), expecting ',' or ';' in /home/vagrant/www/ant-msg/Cli/SMS/Service/MsgTaskService.class.php on line 78
syntax error, unexpected '$resSend' (T_VARIABLE), expecting ',' or ';'
FILE: /home/vagrant/www/ant-msg/Cli/SMS/Service/MsgTaskService.class.php(78)
syntax error, unexpected '$resSend' (T_VARIABLE), expecting ',' or ';'
FILE: /home/vagrant/www/ant-msg/Cli/SMS/Service/MsgTaskService.class.php(78)
[2016-09-25 18:06:58]Worker starting. worker_id: 17420, Current Msg GateWay: CHINAMSG.
[2016-09-25 18:06:58]Worker starting. worker_id: 17421, Current Msg GateWay: CHINAMSG.

Parse error: syntax error, unexpected '$resSend' (T_VARIABLE), expecting ',' or ';' in /home/vagrant/www/ant-msg/Cli/SMS/Service/MsgTaskService.class.php on line 78

Parse error: syntax error, unexpected '$resSend' (T_VARIABLE), expecting ',' or ';' in /home/vagrant/www/ant-msg/Cli/SMS/Service/MsgTaskService.class.php on line 78
syntax error, unexpected '$resSend' (T_VARIABLE), expecting ',' or ';'
FILE: /home/vagrant/www/ant-msg/Cli/SMS/Service/MsgTaskService.class.php(78)
syntax error, unexpected '$resSend' (T_VARIABLE), expecting ',' or ';'
FILE: /home/vagrant/www/ant-msg/Cli/SMS/Service/MsgTaskService.class.php(78)
[2016-09-25 18:07:00]Worker starting. worker_id: 17424, Current Msg GateWay: CHINAMSG.
[2016-09-25 18:07:00]Worker starting. worker_id: 17425, Current Msg GateWay: CHINAMSG.

Parse error: syntax error, unexpected '$resSend' (T_VARIABLE), expecting ',' or ';' in /home/vagrant/www/ant-msg/Cli/SMS/Service/MsgTaskService.class.php on line 78

Parse error: syntax error, unexpected '$resSend' (T_VARIABLE), expecting ',' or ';' in /home/vagrant/www/ant-msg/Cli/SMS/Service/MsgTaskService.class.php on line 78
syntax error, unexpected '$resSend' (T_VARIABLE), expecting ',' or ';'
FILE: /home/vagrant/www/ant-msg/Cli/SMS/Service/MsgTaskService.class.php(78)
syntax error, unexpected '$resSend' (T_VARIABLE), expecting ',' or ';'
FILE: /home/vagrant/www/ant-msg/Cli/SMS/Service/MsgTaskService.class.php(78)
[2016-09-25 18:07:02]Worker starting. worker_id: 17428, Current Msg GateWay: CHINAMSG.
[2016-09-25 18:07:02]Worker starting. worker_id: 17429, Current Msg GateWay: CHINAMSG.

Parse error: syntax error, unexpected '$resSend' (T_VARIABLE), expecting ',' or ';' in /home/vagrant/www/ant-msg/Cli/SMS/Service/MsgTaskService.class.php on line 78

Parse error: syntax error, unexpected '$resSend' (T_VARIABLE), expecting ',' or ';' in /home/vagrant/www/ant-msg/Cli/SMS/Service/MsgTaskService.class.php on line 78
syntax error, unexpected '$resSend' (T_VARIABLE), expecting ',' or ';'
FILE: /home/vagrant/www/ant-msg/Cli/SMS/Service/MsgTaskService.class.php(78)
syntax error, unexpected '$resSend' (T_VARIABLE), expecting ',' or ';'
FILE: /home/vagrant/www/ant-msg/Cli/SMS/Service/MsgTaskService.class.php(78)
[2016-09-25 18:07:05]Worker starting. worker_id: 17432, Current Msg GateWay: CHINAMSG.
[2016-09-25 18:07:05]Worker starting. worker_id: 17433, Current Msg GateWay: CHINAMSG.

Parse error: syntax error, unexpected '$resSend' (T_VARIABLE), expecting ',' or ';' in /home/vagrant/www/ant-msg/Cli/SMS/Service/MsgTaskService.class.php on line 78

Parse error: syntax error, unexpected '$resSend' (T_VARIABLE), expecting ',' or ';' in /home/vagrant/www/ant-msg/Cli/SMS/Service/MsgTaskService.class.php on line 78
syntax error, unexpected '$resSend' (T_VARIABLE), expecting ',' or ';'
FILE: /home/vagrant/www/ant-msg/Cli/SMS/Service/MsgTaskService.class.php(78)
syntax error, unexpected '$resSend' (T_VARIABLE), expecting ',' or ';'
FILE: /home/vagrant/www/ant-msg/Cli/SMS/Service/MsgTaskService.class.php(78)
[2016-09-25 18:07:07]Worker starting. worker_id: 17437, Current Msg GateWay: CHINAMSG.
[2016-09-25 18:07:07]Worker starting. worker_id: 17436, Current Msg GateWay: CHINAMSG.

Parse error: syntax error, unexpected '$resSend' (T_VARIABLE), expecting ',' or ';' in /home/vagrant/www/ant-msg/Cli/SMS/Service/MsgTaskService.class.php on line 78

Parse error: syntax error, unexpected '$resSend' (T_VARIABLE), expecting ',' or ';' in /home/vagrant/www/ant-msg/Cli/SMS/Service/MsgTaskService.class.php on line 78
syntax error, unexpected '$resSend' (T_VARIABLE), expecting ',' or ';'
FILE: /home/vagrant/www/ant-msg/Cli/SMS/Service/MsgTaskService.class.php(78)
syntax error, unexpected '$resSend' (T_VARIABLE), expecting ',' or ';'
FILE: /home/vagrant/www/ant-msg/Cli/SMS/Service/MsgTaskService.class.php(78)
[2016-09-25 18:07:09]Worker starting. worker_id: 17441, Current Msg GateWay: CHINAMSG.
[2016-09-25 18:07:09]Worker starting. worker_id: 17440, Current Msg GateWay: CHINAMSG.

Parse error: syntax error, unexpected '$resSend' (T_VARIABLE), expecting ',' or ';' in /home/vagrant/www/ant-msg/Cli/SMS/Service/MsgTaskService.class.php on line 78

Parse error: syntax error, unexpected '$resSend' (T_VARIABLE), expecting ',' or ';' in /home/vagrant/www/ant-msg/Cli/SMS/Service/MsgTaskService.class.php on line 78
syntax error, unexpected '$resSend' (T_VARIABLE), expecting ',' or ';'
FILE: /home/vagrant/www/ant-msg/Cli/SMS/Service/MsgTaskService.class.php(78)
syntax error, unexpected '$resSend' (T_VARIABLE), expecting ',' or ';'
FILE: /home/vagrant/www/ant-msg/Cli/SMS/Service/MsgTaskService.class.php(78)
[2016-09-25 18:07:11]Worker starting. worker_id: 17445, Current Msg GateWay: CHINAMSG.
[2016-09-25 18:07:11]Worker starting. worker_id: 17444, Current Msg GateWay: CHINAMSG.

Parse error: syntax error, unexpected '$resSend' (T_VARIABLE), expecting ',' or ';' in /home/vagrant/www/ant-msg/Cli/SMS/Service/MsgTaskService.class.php on line 78

Parse error: syntax error, unexpected '$resSend' (T_VARIABLE), expecting ',' or ';' in /home/vagrant/www/ant-msg/Cli/SMS/Service/MsgTaskService.class.php on line 78
syntax error, unexpected '$resSend' (T_VARIABLE), expecting ',' or ';'
FILE: /home/vagrant/www/ant-msg/Cli/SMS/Service/MsgTaskService.class.php(78)
syntax error, unexpected '$resSend' (T_VARIABLE), expecting ',' or ';'
FILE: /home/vagrant/www/ant-msg/Cli/SMS/Service/MsgTaskService.class.php(78)
[2016-09-25 18:07:13]Worker starting. worker_id: 17448, Current Msg GateWay: CHINAMSG.
[2016-09-25 18:07:13]Worker starting. worker_id: 17449, Current Msg GateWay: CHINAMSG.
Worker stopping...
Worker stopping...
[2016-09-25 18:07:22]Worker starting. worker_id: 17476, Current Msg GateWay: CHINAMSG.
[2016-09-25 18:07:22]Worker starting. worker_id: 17477, Current Msg GateWay: CHINAMSG.
Worker stopping...
Worker stopping...
[2016-09-25 19:18:19]Worker starting. worker_id: 17576, Current Msg GateWay: CHINAMSG.
[2016-09-25 19:18:19]Worker starting. worker_id: 17577, Current Msg GateWay: CHINAMSG.
Worker stopping...
Worker stopping...
[2016-09-25 19:20:21]Worker starting. worker_id: 17617, Current Msg GateWay: CHINAMSG.
[2016-09-25 19:20:21]Worker starting. worker_id: 17616, Current Msg GateWay: CHINAMSG.
Worker stopping...
Worker stopping...
[2016-09-25 19:21:32]Worker starting. worker_id: 17656, Current Msg GateWay: CHINAMSG.
[2016-09-25 19:21:32]Worker starting. worker_id: 17657, Current Msg GateWay: CHINAMSG.
Worker stopping...
Worker stopping...
[2016-09-25 19:25:20]Worker starting. worker_id: 17700, Current Msg GateWay: CHINAMSG.
[2016-09-25 19:25:20]Worker starting. worker_id: 17701, Current Msg GateWay: CHINAMSG.
Worker stopping...
Worker stopping...
[2016-09-25 19:26:50]Worker starting. worker_id: 17741, Current Msg GateWay: CHINAMSG.
[2016-09-25 19:26:50]Worker starting. worker_id: 17740, Current Msg GateWay: CHINAMSG.
Worker stopping...
Worker stopping...
[2016-09-25 19:28:55]Worker starting. worker_id: 17782, Current Msg GateWay: CHINAMSG.
[2016-09-25 19:28:55]Worker starting. worker_id: 17781, Current Msg GateWay: CHINAMSG.
Worker stopping...
Worker stopping...
[2016-09-25 19:30:00]Worker starting. worker_id: 17821, Current Msg GateWay: CHINAMSG.
[2016-09-25 19:30:00]Worker starting. worker_id: 17820, Current Msg GateWay: CHINAMSG.
Worker stopping...
Worker stopping...
[2016-09-25 19:32:20]Worker starting. worker_id: 17863, Current Msg GateWay: CHINAMSG.
[2016-09-25 19:32:20]Worker starting. worker_id: 17861, Current Msg GateWay: CHINAMSG.
Worker stopping...
Worker stopping...
[2016-09-25 19:35:42]Worker starting. worker_id: 17903, Current Msg GateWay: CHINAMSG.
[2016-09-25 19:35:42]Worker starting. worker_id: 17902, Current Msg GateWay: CHINAMSG.
Worker stopping...
Worker stopping...
[2016-09-25 19:37:15]Worker starting. worker_id: 17941, Current Msg GateWay: CHINAMSG.
[2016-09-25 19:37:15]Worker starting. worker_id: 17942, Current Msg GateWay: CHINAMSG.
Worker stopping...
Worker stopping...
[2016-09-25 19:42:23]Worker starting. worker_id: 18014, Current Msg GateWay: CHINAMSG.
[2016-09-25 19:42:23]Worker starting. worker_id: 18015, Current Msg GateWay: CHINAMSG.
Worker stopping...
Worker stopping...
[2016-09-27 22:09:52]Worker starting. worker_id: 5625, Current Msg GateWay: CHINAMSG.
[2016-09-27 22:09:52]Worker starting. worker_id: 5624, Current Msg GateWay: CHINAMSG.
Worker stopping...
Worker stopping...
[2016-09-27 23:49:04]Worker starting. worker_id: 6522, Current Msg GateWay: CHINAMSG.
[2016-09-27 23:49:04]Worker starting. worker_id: 6523, Current Msg GateWay: CHINAMSG.
Worker stopping...
Worker stopping...
[2016-09-28 09:00:37]Worker starting. worker_id: 7315, Current Msg GateWay: CHINAMSG.
[2016-09-28 09:00:37]Worker starting. worker_id: 7316, Current Msg GateWay: CHINAMSG.
Worker stopping...
Worker stopping...
[2016-09-28 09:00:51]Worker starting. worker_id: 7348, Current Msg GateWay: CHINAMSG.
[2016-09-28 09:00:51]Worker starting. worker_id: 7347, Current Msg GateWay: CHINAMSG.
exception 'RedisException' with message 'read error on connection' in /home/vagrant/www/ant-msg/Cli/Common/Org/PhpRedis.class.php:90
Stack trace:
#0 /home/vagrant/www/ant-msg/Cli/Common/Org/PhpRedis.class.php(90): Redis->lLen('list_msg_notify...')
#1 /home/vagrant/www/ant-msg/Cli/SMS/Service/MsgTaskService.class.php(39): Common\Org\PhpRedis->lLen('list_msg_notify...')
#2 /home/vagrant/www/ant-msg/Cli/SMS/Controller/NotifyMsgController.class.php(56): SMS\Service\MsgTaskService->getNotifyTaskCount()
#3 [internal function]: SMS\Controller\NotifyMsgController->SMS\Controller\{closure}('CHINAMSG')
#4 /home/vagrant/www/ant-msg/Cli/Org/Workerman/Events/Libevent.php(171): call_user_func_array(Object(Closure), Array)
#5 [internal function]: Workerman\Events\Libevent->timerCallback(Resource id #0, 1, 73)
#6 /home/vagrant/www/ant-msg/Cli/Org/Workerman/Events/Libevent.php(200): event_base_loop(Resource id #56)
#7 /home/vagrant/www/ant-msg/Cli/Org/Workerman/Worker.php(1479): Workerman\Events\Libevent->loop()
#8 /home/vagrant/www/ant-msg/Cli/Org/Workerman/Worker.php(907): Workerman\Worker->run()
#9 /home/vagrant/www/ant-msg/Cli/Org/Workerman/Worker.php(873): Workerman\Worker::forkOneWorker(Object(Workerman\Worker))
#10 /home/vagrant/www/ant-msg/Cli/Org/Workerman/Worker.php(422): Workerman\Worker::forkWorkers()
#11 /home/vagrant/www/ant-msg/Cli/SMS/Controller/NotifyMsgController.class.php(90): Workerman\Worker::runAll()
#12 [internal function]: SMS\Controller\NotifyMsgController->msgProcess()
#13 /home/vagrant/www/ant-msg/ThinkPHP/Library/Think/App.class.php(173): ReflectionMethod->invoke(Object(SMS\Controller\NotifyMsgController))
#14 /home/vagrant/www/ant-msg/ThinkPHP/Library/Think/App.class.php(110): Think\App::invokeAction(Object(SMS\Controller\NotifyMsgController), 'msgProcess')
#15 /home/vagrant/www/ant-msg/ThinkPHP/Library/Think/App.class.php(204): Think\App::exec()
#16 /home/vagrant/www/ant-msg/ThinkPHP/Library/Think/Think.class.php(120): Think\App::run()
#17 /home/vagrant/www/ant-msg/ThinkPHP/ThinkPHP.php(94): Think\Think::start()
#18 /home/vagrant/www/ant-msg/cli.php(49): require('/home/vagrant/w...')
#19 {main}[2016-09-28 13:11:02]Worker starting. worker_id: 8529, Current Msg GateWay: CHINAMSG.
exception 'RedisException' with message 'read error on connection' in /home/vagrant/www/ant-msg/Cli/Common/Org/PhpRedis.class.php:90
Stack trace:
#0 /home/vagrant/www/ant-msg/Cli/Common/Org/PhpRedis.class.php(90): Redis->lLen('list_msg_notify...')
#1 /home/vagrant/www/ant-msg/Cli/SMS/Service/MsgTaskService.class.php(39): Common\Org\PhpRedis->lLen('list_msg_notify...')
#2 /home/vagrant/www/ant-msg/Cli/SMS/Controller/NotifyMsgController.class.php(56): SMS\Service\MsgTaskService->getNotifyTaskCount()
#3 [internal function]: SMS\Controller\NotifyMsgController->SMS\Controller\{closure}('CHINAMSG')
#4 /home/vagrant/www/ant-msg/Cli/Org/Workerman/Events/Libevent.php(171): call_user_func_array(Object(Closure), Array)
#5 [internal function]: Workerman\Events\Libevent->timerCallback(Resource id #0, 1, 83)
#6 /home/vagrant/www/ant-msg/Cli/Org/Workerman/Events/Libevent.php(200): event_base_loop(Resource id #66)
#7 /home/vagrant/www/ant-msg/Cli/Org/Workerman/Worker.php(1479): Workerman\Events\Libevent->loop()
#8 /home/vagrant/www/ant-msg/Cli/Org/Workerman/Worker.php(907): Workerman\Worker->run()
#9 /home/vagrant/www/ant-msg/Cli/Org/Workerman/Worker.php(873): Workerman\Worker::forkOneWorker(Object(Workerman\Worker))
#10 /home/vagrant/www/ant-msg/Cli/Org/Workerman/Worker.php(1025): Workerman\Worker::forkWorkers()
#11 /home/vagrant/www/ant-msg/Cli/Org/Workerman/Worker.php(425): Workerman\Worker::monitorWorkers()
#12 /home/vagrant/www/ant-msg/Cli/SMS/Controller/NotifyMsgController.class.php(90): Workerman\Worker::runAll()
#13 [internal function]: SMS\Controller\NotifyMsgController->msgProcess()
#14 /home/vagrant/www/ant-msg/ThinkPHP/Library/Think/App.class.php(173): ReflectionMethod->invoke(Object(SMS\Controller\NotifyMsgController))
#15 /home/vagrant/www/ant-msg/ThinkPHP/Library/Think/App.class.php(110): Think\App::invokeAction(Object(SMS\Controller\NotifyMsgController), 'msgProcess')
#16 /home/vagrant/www/ant-msg/ThinkPHP/Library/Think/App.class.php(204): Think\App::exec()
#17 /home/vagrant/www/ant-msg/ThinkPHP/Library/Think/Think.class.php(120): Think\App::run()
#18 /home/vagrant/www/ant-msg/ThinkPHP/ThinkPHP.php(94): Think\Think::start()
#19 /home/vagrant/www/ant-msg/cli.php(49): require('/home/vagrant/w...')
#20 {main}[2016-09-28 18:09:44]Worker starting. worker_id: 10307, Current Msg GateWay: CHINAMSG.
Worker stopping...
Worker stopping...
[2016-11-14 19:04:50]Worker starting. worker_id: 24542, Current Msg GateWay: CHINAMSG.
[2016-11-14 19:04:50]Worker starting. worker_id: 24543, Current Msg GateWay: CHINAMSG.
Worker stopping...
Worker stopping...
