2016-09-25 17:49:43 Workerman[cli.php] start in DEBUG mode
2016-09-25 17:49:44 Workerman[cli.php] status 
2016-09-25 17:51:26 Workerman[cli.php] status 
2016-09-25 17:51:36 Workerman[cli.php] status 
2016-09-25 17:51:52 Workerman[cli.php] status 
2016-09-25 17:51:55 Workerman[cli.php] stop 
2016-09-25 17:51:55 Workerman[cli.php] is stoping ...
2016-09-25 17:51:55 Workerman[cli.php] Stopping ...
2016-09-25 17:51:55 Workerman[cli.php] has been stopped
2016-09-25 17:51:55 Workerman[cli.php] stop success
2016-09-25 17:51:56 Workerman[cli.php] status 
2016-09-25 17:51:56 Workerman[cli.php] not run
2016-09-25 17:52:06 Workerman[cli.php] status 
2016-09-25 17:52:06 Workerman[cli.php] not run
2016-09-25 17:52:08 Workerman[cli.php] start in DEBUG mode
2016-09-25 17:52:09 Workerman[cli.php] status 
2016-09-25 17:52:23 Workerman[cli.php] status 
2016-09-25 17:56:03 Workerman[cli.php] status 
2016-09-25 17:56:06 Workerman[cli.php] stop 
2016-09-25 17:56:06 Workerman[cli.php] is stoping ...
2016-09-25 17:56:06 Workerman[cli.php] Stopping ...
2016-09-25 17:56:06 Workerman[cli.php] has been stopped
2016-09-25 17:56:06 Workerman[cli.php] stop success
2016-09-25 17:56:06 Workerman[cli.php] status 
2016-09-25 17:56:06 Workerman[cli.php] not run
2016-09-25 17:56:08 Workerman[cli.php] start in DEBUG mode
2016-09-25 17:56:09 Workerman[cli.php] status 
2016-09-25 17:57:03 Workerman[cli.php] status 
2016-09-25 17:57:07 Workerman[cli.php] status 
2016-09-25 17:57:10 Workerman[cli.php] stop 
2016-09-25 17:57:10 Workerman[cli.php] is stoping ...
2016-09-25 17:57:10 Workerman[cli.php] Stopping ...
2016-09-25 17:57:10 Workerman[cli.php] has been stopped
2016-09-25 17:57:10 Workerman[cli.php] stop success
2016-09-25 17:57:11 Workerman[cli.php] status 
2016-09-25 17:57:11 Workerman[cli.php] not run
2016-09-25 17:58:45 Workerman[cli.php] start in DEBUG mode
2016-09-25 17:58:46 Workerman[cli.php] status 
2016-09-25 18:03:36 Workerman[cli.php] status 
2016-09-25 18:06:48 Workerman[cli.php] status 
2016-09-25 18:06:51 Workerman[cli.php] stop 
2016-09-25 18:06:51 Workerman[cli.php] is stoping ...
2016-09-25 18:06:51 Workerman[cli.php] Stopping ...
2016-09-25 18:06:51 Workerman[cli.php] has been stopped
2016-09-25 18:06:51 Workerman[cli.php] stop success
2016-09-25 18:06:51 Workerman[cli.php] status 
2016-09-25 18:06:51 Workerman[cli.php] not run
2016-09-25 18:06:54 Workerman[cli.php] start in DEBUG mode
2016-09-25 18:06:54 Workerman[cli.php] status 
2016-09-25 18:06:56 worker[NotifyMsgWorker:17403] exit with status 65280
2016-09-25 18:06:56 worker[NotifyMsgWorker:17402] exit with status 65280
2016-09-25 18:06:58 worker[NotifyMsgWorker:17416] exit with status 65280
2016-09-25 18:06:58 worker[NotifyMsgWorker:17417] exit with status 65280
2016-09-25 18:07:00 worker[NotifyMsgWorker:17421] exit with status 65280
2016-09-25 18:07:00 worker[NotifyMsgWorker:17420] exit with status 65280
2016-09-25 18:07:02 worker[NotifyMsgWorker:17424] exit with status 65280
2016-09-25 18:07:02 worker[NotifyMsgWorker:17425] exit with status 65280
2016-09-25 18:07:04 worker[NotifyMsgWorker:17428] exit with status 65280
2016-09-25 18:07:04 worker[NotifyMsgWorker:17429] exit with status 65280
2016-09-25 18:07:07 worker[NotifyMsgWorker:17433] exit with status 65280
2016-09-25 18:07:07 worker[NotifyMsgWorker:17432] exit with status 65280
2016-09-25 18:07:09 worker[NotifyMsgWorker:17437] exit with status 65280
2016-09-25 18:07:09 worker[NotifyMsgWorker:17436] exit with status 65280
2016-09-25 18:07:11 worker[NotifyMsgWorker:17440] exit with status 65280
2016-09-25 18:07:11 worker[NotifyMsgWorker:17441] exit with status 65280
2016-09-25 18:07:13 worker[NotifyMsgWorker:17444] exit with status 65280
2016-09-25 18:07:13 worker[NotifyMsgWorker:17445] exit with status 65280
2016-09-25 18:07:17 Workerman[cli.php] status 
2016-09-25 18:07:20 Workerman[cli.php] stop 
2016-09-25 18:07:20 Workerman[cli.php] is stoping ...
2016-09-25 18:07:20 Workerman[cli.php] Stopping ...
2016-09-25 18:07:20 Workerman[cli.php] has been stopped
2016-09-25 18:07:20 Workerman[cli.php] stop success
2016-09-25 18:07:20 Workerman[cli.php] status 
2016-09-25 18:07:20 Workerman[cli.php] not run
2016-09-25 18:07:22 Workerman[cli.php] start in DEBUG mode
2016-09-25 18:07:23 Workerman[cli.php] status 
2016-09-25 19:18:14 Workerman[cli.php] status 
2016-09-25 19:18:17 Workerman[cli.php] stop 
2016-09-25 19:18:17 Workerman[cli.php] is stoping ...
2016-09-25 19:18:17 Workerman[cli.php] Stopping ...
2016-09-25 19:18:17 Workerman[cli.php] has been stopped
2016-09-25 19:18:17 Workerman[cli.php] stop success
2016-09-25 19:18:17 Workerman[cli.php] status 
2016-09-25 19:18:17 Workerman[cli.php] not run
2016-09-25 19:18:19 Workerman[cli.php] start in DEBUG mode
2016-09-25 19:18:20 Workerman[cli.php] status 
2016-09-25 19:20:16 Workerman[cli.php] status 
2016-09-25 19:20:18 Workerman[cli.php] stop 
2016-09-25 19:20:18 Workerman[cli.php] is stoping ...
2016-09-25 19:20:18 Workerman[cli.php] Stopping ...
2016-09-25 19:20:18 Workerman[cli.php] has been stopped
2016-09-25 19:20:18 Workerman[cli.php] stop success
2016-09-25 19:20:19 Workerman[cli.php] status 
2016-09-25 19:20:19 Workerman[cli.php] not run
2016-09-25 19:20:21 Workerman[cli.php] start in DEBUG mode
2016-09-25 19:20:21 Workerman[cli.php] status 
2016-09-25 19:21:27 Workerman[cli.php] status 
2016-09-25 19:21:29 Workerman[cli.php] stop 
2016-09-25 19:21:29 Workerman[cli.php] is stoping ...
2016-09-25 19:21:29 Workerman[cli.php] Stopping ...
2016-09-25 19:21:29 Workerman[cli.php] has been stopped
2016-09-25 19:21:29 Workerman[cli.php] stop success
2016-09-25 19:21:30 Workerman[cli.php] status 
2016-09-25 19:21:30 Workerman[cli.php] not run
2016-09-25 19:21:32 Workerman[cli.php] start in DEBUG mode
2016-09-25 19:21:32 Workerman[cli.php] status 
2016-09-25 19:25:09 Workerman[cli.php] status 
2016-09-25 19:25:17 Workerman[cli.php] stop 
2016-09-25 19:25:17 Workerman[cli.php] is stoping ...
2016-09-25 19:25:17 Workerman[cli.php] Stopping ...
2016-09-25 19:25:17 Workerman[cli.php] has been stopped
2016-09-25 19:25:17 Workerman[cli.php] stop success
2016-09-25 19:25:18 Workerman[cli.php] status 
2016-09-25 19:25:18 Workerman[cli.php] not run
2016-09-25 19:25:20 Workerman[cli.php] start in DEBUG mode
2016-09-25 19:25:21 Workerman[cli.php] status 
2016-09-25 19:26:45 Workerman[cli.php] status 
2016-09-25 19:26:48 Workerman[cli.php] stop 
2016-09-25 19:26:48 Workerman[cli.php] is stoping ...
2016-09-25 19:26:48 Workerman[cli.php] Stopping ...
2016-09-25 19:26:48 Workerman[cli.php] has been stopped
2016-09-25 19:26:48 Workerman[cli.php] stop success
2016-09-25 19:26:49 Workerman[cli.php] status 
2016-09-25 19:26:49 Workerman[cli.php] not run
2016-09-25 19:26:50 Workerman[cli.php] start in DEBUG mode
2016-09-25 19:26:51 Workerman[cli.php] status 
2016-09-25 19:28:50 Workerman[cli.php] status 
2016-09-25 19:28:52 Workerman[cli.php] stop 
2016-09-25 19:28:52 Workerman[cli.php] is stoping ...
2016-09-25 19:28:52 Workerman[cli.php] Stopping ...
2016-09-25 19:28:52 Workerman[cli.php] has been stopped
2016-09-25 19:28:52 Workerman[cli.php] stop success
2016-09-25 19:28:53 Workerman[cli.php] status 
2016-09-25 19:28:53 Workerman[cli.php] not run
2016-09-25 19:28:55 Workerman[cli.php] start in DEBUG mode
2016-09-25 19:28:55 Workerman[cli.php] status 
2016-09-25 19:29:55 Workerman[cli.php] status 
2016-09-25 19:29:57 Workerman[cli.php] stop 
2016-09-25 19:29:57 Workerman[cli.php] is stoping ...
2016-09-25 19:29:57 Workerman[cli.php] Stopping ...
2016-09-25 19:29:57 Workerman[cli.php] has been stopped
2016-09-25 19:29:58 Workerman[cli.php] stop success
2016-09-25 19:29:58 Workerman[cli.php] status 
2016-09-25 19:29:58 Workerman[cli.php] not run
2016-09-25 19:30:00 Workerman[cli.php] start in DEBUG mode
2016-09-25 19:30:01 Workerman[cli.php] status 
2016-09-25 19:32:15 Workerman[cli.php] status 
2016-09-25 19:32:17 Workerman[cli.php] stop 
2016-09-25 19:32:17 Workerman[cli.php] is stoping ...
2016-09-25 19:32:17 Workerman[cli.php] Stopping ...
2016-09-25 19:32:17 Workerman[cli.php] has been stopped
2016-09-25 19:32:17 Workerman[cli.php] stop success
2016-09-25 19:32:18 Workerman[cli.php] status 
2016-09-25 19:32:18 Workerman[cli.php] not run
2016-09-25 19:32:19 Workerman[cli.php] start in DEBUG mode
2016-09-25 19:32:20 Workerman[cli.php] status 
2016-09-25 19:35:35 Workerman[cli.php] status 
2016-09-25 19:35:38 Workerman[cli.php] stop 
2016-09-25 19:35:38 Workerman[cli.php] is stoping ...
2016-09-25 19:35:38 Workerman[cli.php] Stopping ...
2016-09-25 19:35:38 Workerman[cli.php] has been stopped
2016-09-25 19:35:38 Workerman[cli.php] stop success
2016-09-25 19:35:39 Workerman[cli.php] status 
2016-09-25 19:35:39 Workerman[cli.php] not run
2016-09-25 19:35:42 Workerman[cli.php] start in DEBUG mode
2016-09-25 19:35:43 Workerman[cli.php] status 
2016-09-25 19:37:10 Workerman[cli.php] status 
2016-09-25 19:37:12 Workerman[cli.php] stop 
2016-09-25 19:37:12 Workerman[cli.php] is stoping ...
2016-09-25 19:37:12 Workerman[cli.php] Stopping ...
2016-09-25 19:37:12 Workerman[cli.php] has been stopped
2016-09-25 19:37:12 Workerman[cli.php] stop success
2016-09-25 19:37:13 Workerman[cli.php] status 
2016-09-25 19:37:13 Workerman[cli.php] not run
2016-09-25 19:37:15 Workerman[cli.php] start in DEBUG mode
2016-09-25 19:37:15 Workerman[cli.php] status 
2016-09-25 19:41:57 Workerman[cli.php] status 
2016-09-25 19:42:00 Workerman[cli.php] stop 
2016-09-25 19:42:00 Workerman[cli.php] is stoping ...
2016-09-25 19:42:00 Workerman[cli.php] Stopping ...
2016-09-25 19:42:00 Workerman[cli.php] has been stopped
2016-09-25 19:42:00 Workerman[cli.php] stop success
2016-09-25 19:42:00 Workerman[cli.php] status 
2016-09-25 19:42:00 Workerman[cli.php] not run
2016-09-25 19:42:19 Workerman[cli.php] stop 
2016-09-25 19:42:19 Workerman[cli.php] not run
2016-09-25 19:42:20 Workerman[cli.php] status 
2016-09-25 19:42:20 Workerman[cli.php] not run
2016-09-25 19:42:23 Workerman[cli.php] start in DEBUG mode
2016-09-25 19:42:23 Workerman[cli.php] status 
2016-09-25 20:06:20 Workerman[cli.php] status 
2016-09-25 20:06:23 Workerman[cli.php] stop 
2016-09-25 20:06:23 Workerman[cli.php] is stoping ...
2016-09-25 20:06:23 Workerman[cli.php] Stopping ...
2016-09-25 20:06:24 Workerman[cli.php] has been stopped
2016-09-25 20:06:24 Workerman[cli.php] stop success
2016-09-25 20:06:24 Workerman[cli.php] status 
2016-09-25 20:06:24 Workerman[cli.php] not run
2016-09-26 13:57:23 Workerman[cli.php] status 
2016-09-26 13:57:23 Workerman[cli.php] not run
2016-09-27 22:09:52 Workerman[cli.php] start in DEBUG mode
2016-09-27 22:10:16 Workerman[cli.php] start in DEBUG mode
2016-09-27 22:10:16 Workerman[cli.php] already running
2016-09-27 22:10:20 Workerman[cli.php] stop 
2016-09-27 22:10:20 Workerman[cli.php] is stoping ...
2016-09-27 22:10:20 Workerman[cli.php] Stopping ...
2016-09-27 22:10:21 Workerman[cli.php] has been stopped
2016-09-27 22:10:21 Workerman[cli.php] stop success
2016-09-27 22:10:28 Workerman[cli.php] stop 
2016-09-27 22:10:28 Workerman[cli.php] not run
2016-09-27 22:10:33 Workerman[cli.php] start in DEBUG mode
2016-09-27 22:10:36 Workerman[cli.php] Stopping ...
2016-09-27 22:10:36 Workerman[cli.php] has been stopped
2016-09-27 22:11:09 Workerman[cli.php] start in DEBUG mode
2016-09-27 22:11:35 Workerman[cli.php] Stopping ...
2016-09-27 22:11:35 Workerman[cli.php] has been stopped
2016-09-27 22:11:36 Workerman[cli.php] start in DEBUG mode
2016-09-27 22:12:34 Workerman[cli.php] Stopping ...
2016-09-27 22:12:34 Workerman[cli.php] has been stopped
2016-09-27 22:12:54 Workerman[cli.php] start in DEBUG mode
2016-09-27 22:12:58 Workerman[cli.php] Stopping ...
2016-09-27 22:12:58 WORKER EXIT UNEXPECTED 
2016-09-27 22:12:58 worker[NotifyMsgWorker:5648] exit with status 64000
2016-09-27 22:12:58 Workerman[cli.php] has been stopped
2016-09-27 22:13:06 Workerman[cli.php] start in DEBUG mode
2016-09-27 22:13:14 Workerman[cli.php] Stopping ...
2016-09-27 22:13:14 Workerman[cli.php] has been stopped
2016-09-27 22:14:00 Workerman[cli.php] start in DEBUG mode
2016-09-27 22:14:34 Workerman[cli.php] Stopping ...
2016-09-27 22:14:34 Workerman[cli.php] has been stopped
2016-09-27 22:50:49 Workerman[cli.php] status 
2016-09-27 22:50:49 Workerman[cli.php] not run
2016-09-27 23:08:26 Workerman[cli.php] status 
2016-09-27 23:08:26 Workerman[cli.php] not run
2016-09-27 23:48:35 Workerman[cli.php] status 
2016-09-27 23:48:35 Workerman[cli.php] not run
2016-09-27 23:48:43 Workerman[cli.php] status 
2016-09-27 23:48:43 Workerman[cli.php] not run
2016-09-27 23:48:57 Workerman[cli.php] start in DEBUG mode
2016-09-27 23:49:01 Workerman[cli.php] Stopping ...
2016-09-27 23:49:01 Workerman[cli.php] has been stopped
2016-09-27 23:49:04 Workerman[cli.php] start in DAEMON mode
2016-09-27 23:49:09 Workerman[cli.php] status 
2016-09-27 23:49:17 Workerman[cli.php] stop 
2016-09-27 23:49:17 Workerman[cli.php] is stoping ...
2016-09-27 23:49:17 Workerman[cli.php] Stopping ...
2016-09-27 23:49:17 Workerman[cli.php] has been stopped
2016-09-27 23:49:17 Workerman[cli.php] stop success
2016-09-27 23:49:20 Workerman[cli.php] status 
2016-09-27 23:49:20 Workerman[cli.php] not run
2016-09-27 23:49:45 Workerman[cli.php] status 
2016-09-27 23:49:45 Workerman[cli.php] not run
2016-09-27 23:49:52 Workerman[cli.php] start in DEBUG mode
2016-09-27 23:50:08 Workerman[cli.php] status 
2016-09-27 23:50:16 Workerman[cli.php] start in DEBUG mode
2016-09-27 23:50:16 Workerman[cli.php] already running
2016-09-27 23:50:18 Workerman[cli.php] status 
2016-09-27 23:50:24 Workerman[cli.php] stop 
2016-09-27 23:50:24 Workerman[cli.php] is stoping ...
2016-09-27 23:50:24 Workerman[cli.php] Stopping ...
2016-09-27 23:50:24 Workerman[cli.php] has been stopped
2016-09-27 23:50:24 Workerman[cli.php] stop success
2016-09-27 23:50:26 Workerman[cli.php] status 
2016-09-27 23:50:26 Workerman[cli.php] not run
2016-09-27 23:50:48 Workerman[cli.php] start in DEBUG mode
2016-09-27 23:50:52 Workerman[cli.php] stop 
2016-09-27 23:50:52 Workerman[cli.php] is stoping ...
2016-09-27 23:50:52 Workerman[cli.php] Stopping ...
2016-09-27 23:50:53 Workerman[cli.php] has been stopped
2016-09-27 23:50:53 Workerman[cli.php] stop success
2016-09-27 23:50:54 Workerman[cli.php] status 
2016-09-27 23:50:54 Workerman[cli.php] not run
2016-09-27 23:50:55 Workerman[cli.php] status 
2016-09-27 23:50:55 Workerman[cli.php] not run
2016-09-27 23:53:36 Workerman[cli.php] start in DEBUG mode
2016-09-27 23:53:48 Workerman[cli.php] status 
2016-09-27 23:54:09 Workerman[cli.php] status 
2016-09-27 23:54:16 Workerman[cli.php] stop 
2016-09-27 23:54:16 Workerman[cli.php] is stoping ...
2016-09-27 23:54:16 Workerman[cli.php] Stopping ...
2016-09-27 23:54:16 Workerman[cli.php] has been stopped
2016-09-27 23:54:16 Workerman[cli.php] stop success
2016-09-27 23:54:17 Workerman[cli.php] status 
2016-09-27 23:54:18 Workerman[cli.php] not run
2016-09-27 23:55:14 Workerman[cli.php] start in DEBUG mode
2016-09-27 23:55:50 Workerman[cli.php] status 
2016-09-27 23:55:57 Workerman[cli.php] stop 
2016-09-27 23:55:57 Workerman[cli.php] is stoping ...
2016-09-27 23:55:57 Workerman[cli.php] Stopping ...
2016-09-27 23:55:57 Workerman[cli.php] has been stopped
2016-09-27 23:55:57 Workerman[cli.php] stop success
2016-09-27 23:55:59 Workerman[cli.php] status 
2016-09-27 23:55:59 Workerman[cli.php] not run
2016-09-27 23:56:17 Workerman[cli.php] start in DEBUG mode
2016-09-27 23:56:48 Workerman[cli.php] stop 
2016-09-27 23:56:48 Workerman[cli.php] is stoping ...
2016-09-27 23:56:48 Workerman[cli.php] Stopping ...
2016-09-27 23:56:49 Workerman[cli.php] has been stopped
2016-09-27 23:56:49 Workerman[cli.php] stop success
2016-09-27 23:56:50 Workerman[cli.php] status 
2016-09-27 23:56:50 Workerman[cli.php] not run
2016-09-27 23:56:51 Workerman[cli.php] status 
2016-09-27 23:56:51 Workerman[cli.php] not run
2016-09-27 23:56:58 Workerman[cli.php] start in DEBUG mode
2016-09-27 23:57:20 Workerman[cli.php] stop 
2016-09-27 23:57:20 Workerman[cli.php] is stoping ...
2016-09-27 23:57:20 Workerman[cli.php] Stopping ...
2016-09-27 23:57:20 Workerman[cli.php] has been stopped
2016-09-27 23:57:20 Workerman[cli.php] stop success
2016-09-27 23:57:21 Workerman[cli.php] status 
2016-09-27 23:57:21 Workerman[cli.php] not run
2016-09-27 23:57:22 Workerman[cli.php] status 
2016-09-27 23:57:22 Workerman[cli.php] not run
2016-09-27 23:57:28 Workerman[cli.php] start in DEBUG mode
2016-09-27 23:57:31 Workerman[cli.php] stop 
2016-09-27 23:57:31 Workerman[cli.php] is stoping ...
2016-09-27 23:57:31 Workerman[cli.php] Stopping ...
2016-09-27 23:57:32 Workerman[cli.php] has been stopped
2016-09-27 23:57:32 Workerman[cli.php] stop success
2016-09-27 23:57:33 Workerman[cli.php] status 
2016-09-27 23:57:33 Workerman[cli.php] not run
2016-09-27 23:57:34 Workerman[cli.php] status 
2016-09-27 23:57:34 Workerman[cli.php] not run
2016-09-27 23:57:38 Workerman[cli.php] stop 
2016-09-27 23:57:38 Workerman[cli.php] not run
2016-09-27 23:57:39 Workerman[cli.php] status 
2016-09-27 23:57:40 Workerman[cli.php] not run
2016-09-27 23:57:49 Workerman[cli.php] stop 
2016-09-27 23:57:49 Workerman[cli.php] not run
2016-09-27 23:57:51 Workerman[cli.php] status 
2016-09-27 23:57:51 Workerman[cli.php] not run
2016-09-27 23:57:56 Workerman[cli.php] start in DEBUG mode
2016-09-27 23:58:07 Workerman[cli.php] status 
2016-09-28 08:55:45 Workerman[cli.php] status 
2016-09-28 08:55:50 Workerman[cli.php] stop 
2016-09-28 08:55:50 Workerman[cli.php] is stoping ...
2016-09-28 08:55:50 Workerman[cli.php] Stopping ...
2016-09-28 08:55:50 Workerman[cli.php] has been stopped
2016-09-28 08:55:50 Workerman[cli.php] stop success
2016-09-28 08:55:53 Workerman[cli.php] status 
2016-09-28 08:55:53 Workerman[cli.php] not run
2016-09-28 08:56:20 Workerman[cli.php] start in DEBUG mode
2016-09-28 08:56:34 Workerman[cli.php] status 
2016-09-28 08:57:03 Workerman[cli.php] status 
2016-09-28 08:57:55 Workerman[cli.php] status 
2016-09-28 08:58:02 Workerman[cli.php] status 
2016-09-28 08:59:04 Workerman[cli.php] stop 
2016-09-28 08:59:04 Workerman[cli.php] is stoping ...
2016-09-28 08:59:04 Workerman[cli.php] Stopping ...
2016-09-28 08:59:04 Workerman[cli.php] has been stopped
2016-09-28 08:59:04 Workerman[cli.php] stop success
2016-09-28 08:59:08 Workerman[cli.php] status 
2016-09-28 08:59:08 Workerman[cli.php] not run
2016-09-28 09:00:25 Workerman[cli.php] stop 
2016-09-28 09:00:25 Workerman[cli.php] not run
2016-09-28 09:00:27 Workerman[cli.php] status 
2016-09-28 09:00:27 Workerman[cli.php] not run
2016-09-28 09:00:31 Workerman[cli.php] stop 
2016-09-28 09:00:31 Workerman[cli.php] not run
2016-09-28 09:00:33 Workerman[cli.php] status 
2016-09-28 09:00:33 Workerman[cli.php] not run
2016-09-28 09:00:37 Workerman[cli.php] start in DEBUG mode
2016-09-28 09:00:39 Workerman[cli.php] status 
2016-09-28 09:00:44 Workerman[cli.php] stop 
2016-09-28 09:00:44 Workerman[cli.php] is stoping ...
2016-09-28 09:00:44 Workerman[cli.php] Stopping ...
2016-09-28 09:00:44 Workerman[cli.php] has been stopped
2016-09-28 09:00:44 Workerman[cli.php] stop success
2016-09-28 09:00:46 Workerman[cli.php] status 
2016-09-28 09:00:46 Workerman[cli.php] not run
2016-09-28 09:00:51 Workerman[cli.php] start in DEBUG mode
2016-09-28 09:00:53 Workerman[cli.php] status 
2016-09-28 13:11:02 WORKER EXIT UNEXPECTED 
2016-09-28 13:11:02 worker[NotifyMsgWorker:7348] exit with status 64000
2016-09-28 18:09:44 WORKER EXIT UNEXPECTED 
2016-09-28 18:09:44 worker[NotifyMsgWorker:8529] exit with status 64000
2016-09-29 11:33:34 Workerman[cli.php] status 
2016-09-29 11:59:51 Workerman[cli.php] status 
2016-09-29 13:50:59 Workerman[cli.php] status 
2016-09-29 13:51:05 Workerman[cli.php] stop 
2016-09-29 13:51:05 Workerman[cli.php] is stoping ...
2016-09-29 13:51:05 Workerman[cli.php] Stopping ...
2016-09-29 13:51:05 Workerman[cli.php] has been stopped
2016-09-29 13:51:05 Workerman[cli.php] stop success
2016-09-29 13:51:07 Workerman[cli.php] status 
2016-09-29 13:51:07 Workerman[cli.php] not run
2016-10-17 10:21:57 Workerman[cli.php] status 
2016-10-17 10:21:57 Workerman[cli.php] not run
2016-10-17 10:22:06 Workerman[cli.php] status 
2016-10-17 10:22:06 Workerman[cli.php] not run
2016-10-17 10:36:47 Workerman[cli.php] status 
2016-10-17 10:36:47 Workerman[cli.php] not run
2016-10-21 16:40:29 Workerman[cli.php] status 
2016-10-21 16:40:29 Workerman[cli.php] not run
2016-10-21 16:43:00 Workerman[cli.php] status 
2016-10-21 16:43:00 Workerman[cli.php] not run
2016-10-21 16:45:19 Workerman[cli.php] status 
2016-10-21 16:45:19 Workerman[cli.php] not run
2016-10-21 16:45:26 Workerman[cli.php] status 
2016-10-21 16:45:27 Workerman[cli.php] not run
2016-10-21 16:45:52 Workerman[cli.php] status 
2016-10-21 16:45:52 Workerman[cli.php] not run
2016-10-28 16:22:33 Workerman[cli.php] status 
2016-10-28 16:22:33 Workerman[cli.php] not run
2016-10-28 16:23:24 Workerman[cli.php] status 
2016-10-28 16:23:24 Workerman[cli.php] not run
2016-10-28 18:27:32 Workerman[cli.php] status 
2016-10-28 18:27:32 Workerman[cli.php] not run
2016-10-28 18:29:58 Workerman[cli.php] status 
2016-10-28 18:29:58 Workerman[cli.php] not run
2016-10-28 18:32:11 Workerman[cli.php] status 
2016-10-28 18:32:11 Workerman[cli.php] not run
2016-10-28 18:38:46 Workerman[cli.php] status 
2016-10-28 18:38:46 Workerman[cli.php] not run
2016-10-28 18:38:54 Workerman[cli.php] status 
2016-10-28 18:38:54 Workerman[cli.php] not run
2016-10-28 18:38:58 Workerman[cli.php] status 
2016-10-28 18:38:58 Workerman[cli.php] not run
2016-11-01 10:56:38 Workerman[cli.php] status 
2016-11-01 10:56:38 Workerman[cli.php] not run
2016-11-14 19:04:33 Workerman[cli.php] status 
2016-11-14 19:04:33 Workerman[cli.php] not run
2016-11-14 19:04:34 Workerman[cli.php] status 
2016-11-14 19:04:34 Workerman[cli.php] not run
2016-11-14 19:04:35 Workerman[cli.php] status 
2016-11-14 19:04:35 Workerman[cli.php] not run
2016-11-14 19:04:36 Workerman[cli.php] status 
2016-11-14 19:04:36 Workerman[cli.php] not run
2016-11-14 19:04:41 Workerman[cli.php] stop 
2016-11-14 19:04:41 Workerman[cli.php] not run
2016-11-14 19:04:42 Workerman[cli.php] status 
2016-11-14 19:04:42 Workerman[cli.php] not run
2016-11-14 19:04:50 Workerman[cli.php] start in DEBUG mode
2016-11-14 19:04:52 Workerman[cli.php] status 
2016-11-14 19:04:56 Workerman[cli.php] stop 
2016-11-14 19:04:56 Workerman[cli.php] is stoping ...
2016-11-14 19:04:56 Workerman[cli.php] Stopping ...
2016-11-14 19:04:56 Workerman[cli.php] has been stopped
2016-11-14 19:04:56 Workerman[cli.php] stop success
2016-11-14 19:04:58 Workerman[cli.php] status 
2016-11-14 19:04:58 Workerman[cli.php] not run
2016-11-15 14:15:22 Workerman[cli.php] status 
2016-11-15 14:15:22 Workerman[cli.php] not run
2016-11-17 17:18:02 Workerman[cli.php] status 
2016-11-17 17:18:02 Workerman[cli.php] not run
2016-11-17 17:20:24 Workerman[cli.php] status 
2016-11-17 17:20:24 Workerman[cli.php] not run
