[ 2016-10-17T10:21:57+08:00 ]  
INFO: [ app_init ] --START--
INFO: Run Behavior\BuildLiteBehavior [ RunTime:0.000031s ]
INFO: [ app_init ] --END-- [ RunTime:0.000454s ]
NOTIC: [8] Use of undefined constant _PHP_FILE_ - assumed '_PHP_FILE_' /home/vagrant/www/ant-msg/ThinkPHP/Library/Think/Dispatcher.class.php 第 186 行.
INFO: [ app_begin ] --START--
INFO: Run Behavior\ReadHtmlCacheBehavior [ RunTime:0.006535s ]
INFO: [ app_begin ] --END-- [ RunTime:0.006604s ]
NOTIC: [2] file_get_contents(/home/vagrant/www/ant-msg/Cli/SMS/Data/NotifyMsgWorker/workerman.pid): failed to open stream: No such file or directory /home/vagrant/www/ant-msg/Cli/Org/Workerman/Worker.php 第 618 行.

[ 2016-10-17T10:21:57+08:00 ]  
INFO: [ app_init ] --START--
INFO: Run Behavior\BuildLiteBehavior [ RunTime:0.000029s ]
INFO: [ app_init ] --END-- [ RunTime:0.000412s ]
NOTIC: [8] Use of undefined constant _PHP_FILE_ - assumed '_PHP_FILE_' /home/vagrant/www/ant-msg/ThinkPHP/Library/Think/Dispatcher.class.php 第 186 行.
INFO: [ app_begin ] --START--
INFO: Run Behavior\ReadHtmlCacheBehavior [ RunTime:0.005131s ]
INFO: [ app_begin ] --END-- [ RunTime:0.005206s ]
NOTIC: [2] file_get_contents(/home/vagrant/www/ant-msg/Cli/SMS/Data/VerifyMsgWorker/workerman.pid): failed to open stream: No such file or directory /home/vagrant/www/ant-msg/Cli/Org/Workerman/Worker.php 第 618 行.

[ 2016-10-17T10:22:06+08:00 ]  
INFO: [ app_init ] --START--
INFO: Run Behavior\BuildLiteBehavior [ RunTime:0.000029s ]
INFO: [ app_init ] --END-- [ RunTime:0.000353s ]
NOTIC: [8] Use of undefined constant _PHP_FILE_ - assumed '_PHP_FILE_' /home/vagrant/www/ant-msg/ThinkPHP/Library/Think/Dispatcher.class.php 第 186 行.
INFO: [ app_begin ] --START--
INFO: Run Behavior\ReadHtmlCacheBehavior [ RunTime:0.006916s ]
INFO: [ app_begin ] --END-- [ RunTime:0.006996s ]
NOTIC: [2] file_get_contents(/home/vagrant/www/ant-msg/Cli/SMS/Data/NotifyMsgWorker/workerman.pid): failed to open stream: No such file or directory /home/vagrant/www/ant-msg/Cli/Org/Workerman/Worker.php 第 618 行.

[ 2016-10-17T10:22:06+08:00 ]  
INFO: [ app_init ] --START--
INFO: Run Behavior\BuildLiteBehavior [ RunTime:0.000108s ]
INFO: [ app_init ] --END-- [ RunTime:0.000519s ]
NOTIC: [8] Use of undefined constant _PHP_FILE_ - assumed '_PHP_FILE_' /home/vagrant/www/ant-msg/ThinkPHP/Library/Think/Dispatcher.class.php 第 186 行.
INFO: [ app_begin ] --START--
INFO: Run Behavior\ReadHtmlCacheBehavior [ RunTime:0.003414s ]
INFO: [ app_begin ] --END-- [ RunTime:0.003478s ]
NOTIC: [2] file_get_contents(/home/vagrant/www/ant-msg/Cli/SMS/Data/VerifyMsgWorker/workerman.pid): failed to open stream: No such file or directory /home/vagrant/www/ant-msg/Cli/Org/Workerman/Worker.php 第 618 行.

[ 2016-10-17T10:36:47+08:00 ]  
INFO: [ app_init ] --START--
INFO: Run Behavior\BuildLiteBehavior [ RunTime:0.000029s ]
INFO: [ app_init ] --END-- [ RunTime:0.000348s ]
NOTIC: [8] Use of undefined constant _PHP_FILE_ - assumed '_PHP_FILE_' /home/vagrant/www/ant-msg/ThinkPHP/Library/Think/Dispatcher.class.php 第 186 行.
INFO: [ app_begin ] --START--
INFO: Run Behavior\ReadHtmlCacheBehavior [ RunTime:0.006433s ]
INFO: [ app_begin ] --END-- [ RunTime:0.006570s ]
NOTIC: [2] file_get_contents(/home/vagrant/www/ant-msg/Cli/SMS/Data/NotifyMsgWorker/workerman.pid): failed to open stream: No such file or directory /home/vagrant/www/ant-msg/Cli/Org/Workerman/Worker.php 第 618 行.

[ 2016-10-17T10:36:47+08:00 ]  
INFO: [ app_init ] --START--
INFO: Run Behavior\BuildLiteBehavior [ RunTime:0.000029s ]
INFO: [ app_init ] --END-- [ RunTime:0.000402s ]
NOTIC: [8] Use of undefined constant _PHP_FILE_ - assumed '_PHP_FILE_' /home/vagrant/www/ant-msg/ThinkPHP/Library/Think/Dispatcher.class.php 第 186 行.
INFO: [ app_begin ] --START--
INFO: Run Behavior\ReadHtmlCacheBehavior [ RunTime:0.008003s ]
INFO: [ app_begin ] --END-- [ RunTime:0.008072s ]
NOTIC: [2] file_get_contents(/home/vagrant/www/ant-msg/Cli/SMS/Data/VerifyMsgWorker/workerman.pid): failed to open stream: No such file or directory /home/vagrant/www/ant-msg/Cli/Org/Workerman/Worker.php 第 618 行.

