[ 2016-11-14T19:04:34+08:00 ]  
INFO: [ app_init ] --START--
INFO: Run Behavior\BuildLiteBehavior [ RunTime:0.000135s ]
INFO: [ app_init ] --END-- [ RunTime:0.000582s ]
NOTIC: [8] Use of undefined constant _PHP_FILE_ - assumed '_PHP_FILE_' /home/vagrant/www/ant-msg/ThinkPHP/Library/Think/Dispatcher.class.php 第 186 行.
INFO: [ app_begin ] --START--
INFO: Run Behavior\ReadHtmlCacheBehavior [ RunTime:0.014403s ]
INFO: [ app_begin ] --END-- [ RunTime:0.014517s ]
NOTIC: [2] file_get_contents(/home/vagrant/www/ant-msg/Cli/SMS/Data/NotifyMsgWorker/workerman.pid): failed to open stream: No such file or directory /home/vagrant/www/ant-msg/Cli/Org/Workerman/Worker.php 第 618 行.

[ 2016-11-14T19:04:34+08:00 ]  
INFO: [ app_init ] --START--
INFO: Run Behavior\BuildLiteBehavior [ RunTime:0.000253s ]
INFO: [ app_init ] --END-- [ RunTime:0.001564s ]
NOTIC: [8] Use of undefined constant _PHP_FILE_ - assumed '_PHP_FILE_' /home/vagrant/www/ant-msg/ThinkPHP/Library/Think/Dispatcher.class.php 第 186 行.
INFO: [ app_begin ] --START--
INFO: Run Behavior\ReadHtmlCacheBehavior [ RunTime:0.007583s ]
INFO: [ app_begin ] --END-- [ RunTime:0.007694s ]
NOTIC: [2] file_get_contents(/home/vagrant/www/ant-msg/Cli/SMS/Data/NotifyMsgWorker/workerman.pid): failed to open stream: No such file or directory /home/vagrant/www/ant-msg/Cli/Org/Workerman/Worker.php 第 618 行.

[ 2016-11-14T19:04:35+08:00 ]  
INFO: [ app_init ] --START--
INFO: Run Behavior\BuildLiteBehavior [ RunTime:0.000050s ]
INFO: [ app_init ] --END-- [ RunTime:0.000664s ]
NOTIC: [8] Use of undefined constant _PHP_FILE_ - assumed '_PHP_FILE_' /home/vagrant/www/ant-msg/ThinkPHP/Library/Think/Dispatcher.class.php 第 186 行.
INFO: [ app_begin ] --START--
INFO: Run Behavior\ReadHtmlCacheBehavior [ RunTime:0.003681s ]
INFO: [ app_begin ] --END-- [ RunTime:0.003787s ]
NOTIC: [2] file_get_contents(/home/vagrant/www/ant-msg/Cli/SMS/Data/VerifyMsgWorker/workerman.pid): failed to open stream: No such file or directory /home/vagrant/www/ant-msg/Cli/Org/Workerman/Worker.php 第 618 行.

[ 2016-11-14T19:04:35+08:00 ]  
INFO: [ app_init ] --START--
INFO: Run Behavior\BuildLiteBehavior [ RunTime:0.000051s ]
INFO: [ app_init ] --END-- [ RunTime:0.001093s ]
NOTIC: [8] Use of undefined constant _PHP_FILE_ - assumed '_PHP_FILE_' /home/vagrant/www/ant-msg/ThinkPHP/Library/Think/Dispatcher.class.php 第 186 行.
INFO: [ app_begin ] --START--
INFO: Run Behavior\ReadHtmlCacheBehavior [ RunTime:0.004201s ]
INFO: [ app_begin ] --END-- [ RunTime:0.004301s ]
NOTIC: [2] file_get_contents(/home/vagrant/www/ant-msg/Cli/SMS/Data/VerifyMsgWorker/workerman.pid): failed to open stream: No such file or directory /home/vagrant/www/ant-msg/Cli/Org/Workerman/Worker.php 第 618 行.

[ 2016-11-14T19:04:35+08:00 ]  
INFO: [ app_init ] --START--
INFO: Run Behavior\BuildLiteBehavior [ RunTime:0.000052s ]
INFO: [ app_init ] --END-- [ RunTime:0.000486s ]
NOTIC: [8] Use of undefined constant _PHP_FILE_ - assumed '_PHP_FILE_' /home/vagrant/www/ant-msg/ThinkPHP/Library/Think/Dispatcher.class.php 第 186 行.
INFO: [ app_begin ] --START--
INFO: Run Behavior\ReadHtmlCacheBehavior [ RunTime:0.021220s ]
INFO: [ app_begin ] --END-- [ RunTime:0.021406s ]
NOTIC: [2] file_get_contents(/home/vagrant/www/ant-msg/Cli/SMS/Data/NotifyMsgWorker/workerman.pid): failed to open stream: No such file or directory /home/vagrant/www/ant-msg/Cli/Org/Workerman/Worker.php 第 618 行.

[ 2016-11-14T19:04:36+08:00 ]  
INFO: [ app_init ] --START--
INFO: Run Behavior\BuildLiteBehavior [ RunTime:0.000057s ]
INFO: [ app_init ] --END-- [ RunTime:0.000653s ]
NOTIC: [8] Use of undefined constant _PHP_FILE_ - assumed '_PHP_FILE_' /home/vagrant/www/ant-msg/ThinkPHP/Library/Think/Dispatcher.class.php 第 186 行.
INFO: [ app_begin ] --START--
INFO: Run Behavior\ReadHtmlCacheBehavior [ RunTime:0.003993s ]
INFO: [ app_begin ] --END-- [ RunTime:0.004105s ]
NOTIC: [2] file_get_contents(/home/vagrant/www/ant-msg/Cli/SMS/Data/VerifyMsgWorker/workerman.pid): failed to open stream: No such file or directory /home/vagrant/www/ant-msg/Cli/Org/Workerman/Worker.php 第 618 行.

[ 2016-11-14T19:04:36+08:00 ]  
INFO: [ app_init ] --START--
INFO: Run Behavior\BuildLiteBehavior [ RunTime:0.000050s ]
INFO: [ app_init ] --END-- [ RunTime:0.000596s ]
NOTIC: [8] Use of undefined constant _PHP_FILE_ - assumed '_PHP_FILE_' /home/vagrant/www/ant-msg/ThinkPHP/Library/Think/Dispatcher.class.php 第 186 行.
INFO: [ app_begin ] --START--
INFO: Run Behavior\ReadHtmlCacheBehavior [ RunTime:0.004460s ]
INFO: [ app_begin ] --END-- [ RunTime:0.004563s ]
NOTIC: [2] file_get_contents(/home/vagrant/www/ant-msg/Cli/SMS/Data/NotifyMsgWorker/workerman.pid): failed to open stream: No such file or directory /home/vagrant/www/ant-msg/Cli/Org/Workerman/Worker.php 第 618 行.

[ 2016-11-14T19:04:36+08:00 ]  
INFO: [ app_init ] --START--
INFO: Run Behavior\BuildLiteBehavior [ RunTime:0.000048s ]
INFO: [ app_init ] --END-- [ RunTime:0.000494s ]
NOTIC: [8] Use of undefined constant _PHP_FILE_ - assumed '_PHP_FILE_' /home/vagrant/www/ant-msg/ThinkPHP/Library/Think/Dispatcher.class.php 第 186 行.
INFO: [ app_begin ] --START--
INFO: Run Behavior\ReadHtmlCacheBehavior [ RunTime:0.006499s ]
INFO: [ app_begin ] --END-- [ RunTime:0.006851s ]
NOTIC: [2] file_get_contents(/home/vagrant/www/ant-msg/Cli/SMS/Data/VerifyMsgWorker/workerman.pid): failed to open stream: No such file or directory /home/vagrant/www/ant-msg/Cli/Org/Workerman/Worker.php 第 618 行.

[ 2016-11-14T19:04:41+08:00 ]  
INFO: [ app_init ] --START--
INFO: Run Behavior\BuildLiteBehavior [ RunTime:0.000048s ]
INFO: [ app_init ] --END-- [ RunTime:0.000413s ]
NOTIC: [8] Use of undefined constant _PHP_FILE_ - assumed '_PHP_FILE_' /home/vagrant/www/ant-msg/ThinkPHP/Library/Think/Dispatcher.class.php 第 186 行.
INFO: [ app_begin ] --START--
INFO: Run Behavior\ReadHtmlCacheBehavior [ RunTime:0.007799s ]
INFO: [ app_begin ] --END-- [ RunTime:0.007910s ]
NOTIC: [2] file_get_contents(/home/vagrant/www/ant-msg/Cli/SMS/Data/NotifyMsgWorker/workerman.pid): failed to open stream: No such file or directory /home/vagrant/www/ant-msg/Cli/Org/Workerman/Worker.php 第 618 行.

[ 2016-11-14T19:04:42+08:00 ]  
INFO: [ app_init ] --START--
INFO: Run Behavior\BuildLiteBehavior [ RunTime:0.000050s ]
INFO: [ app_init ] --END-- [ RunTime:0.000490s ]
NOTIC: [8] Use of undefined constant _PHP_FILE_ - assumed '_PHP_FILE_' /home/vagrant/www/ant-msg/ThinkPHP/Library/Think/Dispatcher.class.php 第 186 行.
INFO: [ app_begin ] --START--
INFO: Run Behavior\ReadHtmlCacheBehavior [ RunTime:0.007122s ]
INFO: [ app_begin ] --END-- [ RunTime:0.007242s ]
NOTIC: [2] file_get_contents(/home/vagrant/www/ant-msg/Cli/SMS/Data/VerifyMsgWorker/workerman.pid): failed to open stream: No such file or directory /home/vagrant/www/ant-msg/Cli/Org/Workerman/Worker.php 第 618 行.

[ 2016-11-14T19:04:42+08:00 ]  
INFO: [ app_init ] --START--
INFO: Run Behavior\BuildLiteBehavior [ RunTime:0.000049s ]
INFO: [ app_init ] --END-- [ RunTime:0.000515s ]
NOTIC: [8] Use of undefined constant _PHP_FILE_ - assumed '_PHP_FILE_' /home/vagrant/www/ant-msg/ThinkPHP/Library/Think/Dispatcher.class.php 第 186 行.
INFO: [ app_begin ] --START--
INFO: Run Behavior\ReadHtmlCacheBehavior [ RunTime:0.006332s ]
INFO: [ app_begin ] --END-- [ RunTime:0.006430s ]
NOTIC: [2] file_get_contents(/home/vagrant/www/ant-msg/Cli/SMS/Data/NotifyMsgWorker/workerman.pid): failed to open stream: No such file or directory /home/vagrant/www/ant-msg/Cli/Org/Workerman/Worker.php 第 618 行.

[ 2016-11-14T19:04:43+08:00 ]  
INFO: [ app_init ] --START--
INFO: Run Behavior\BuildLiteBehavior [ RunTime:0.000052s ]
INFO: [ app_init ] --END-- [ RunTime:0.000754s ]
NOTIC: [8] Use of undefined constant _PHP_FILE_ - assumed '_PHP_FILE_' /home/vagrant/www/ant-msg/ThinkPHP/Library/Think/Dispatcher.class.php 第 186 行.
INFO: [ app_begin ] --START--
INFO: Run Behavior\ReadHtmlCacheBehavior [ RunTime:0.007702s ]
INFO: [ app_begin ] --END-- [ RunTime:0.007935s ]
NOTIC: [2] file_get_contents(/home/vagrant/www/ant-msg/Cli/SMS/Data/VerifyMsgWorker/workerman.pid): failed to open stream: No such file or directory /home/vagrant/www/ant-msg/Cli/Org/Workerman/Worker.php 第 618 行.

[ 2016-11-14T19:04:50+08:00 ]  
INFO: [ app_init ] --START--
INFO: Run Behavior\BuildLiteBehavior [ RunTime:0.000052s ]
INFO: [ app_init ] --END-- [ RunTime:0.000492s ]
NOTIC: [8] Use of undefined constant _PHP_FILE_ - assumed '_PHP_FILE_' /home/vagrant/www/ant-msg/ThinkPHP/Library/Think/Dispatcher.class.php 第 186 行.
INFO: [ app_begin ] --START--
INFO: Run Behavior\ReadHtmlCacheBehavior [ RunTime:0.006939s ]
INFO: [ app_begin ] --END-- [ RunTime:0.007038s ]
NOTIC: [2] file_get_contents(/home/vagrant/www/ant-msg/Cli/SMS/Data/NotifyMsgWorker/workerman.pid): failed to open stream: No such file or directory /home/vagrant/www/ant-msg/Cli/Org/Workerman/Worker.php 第 618 行.

[ 2016-11-14T19:04:50+08:00 ]  
INFO: [ app_init ] --START--
INFO: Run Behavior\BuildLiteBehavior [ RunTime:0.000052s ]
INFO: [ app_init ] --END-- [ RunTime:0.000492s ]
NOTIC: [8] Use of undefined constant _PHP_FILE_ - assumed '_PHP_FILE_' /home/vagrant/www/ant-msg/ThinkPHP/Library/Think/Dispatcher.class.php 第 186 行.
INFO: [ app_begin ] --START--
INFO: Run Behavior\ReadHtmlCacheBehavior [ RunTime:0.006939s ]
INFO: [ app_begin ] --END-- [ RunTime:0.007038s ]
NOTIC: [2] file_get_contents(/home/vagrant/www/ant-msg/Cli/SMS/Data/NotifyMsgWorker/workerman.pid): failed to open stream: No such file or directory /home/vagrant/www/ant-msg/Cli/Org/Workerman/Worker.php 第 618 行.

[ 2016-11-14T19:04:51+08:00 ]  
INFO: [ app_init ] --START--
INFO: Run Behavior\BuildLiteBehavior [ RunTime:0.000047s ]
INFO: [ app_init ] --END-- [ RunTime:0.000408s ]
NOTIC: [8] Use of undefined constant _PHP_FILE_ - assumed '_PHP_FILE_' /home/vagrant/www/ant-msg/ThinkPHP/Library/Think/Dispatcher.class.php 第 186 行.
INFO: [ app_begin ] --START--
INFO: Run Behavior\ReadHtmlCacheBehavior [ RunTime:0.006314s ]
INFO: [ app_begin ] --END-- [ RunTime:0.006413s ]
NOTIC: [2] file_get_contents(/home/vagrant/www/ant-msg/Cli/SMS/Data/VerifyMsgWorker/workerman.pid): failed to open stream: No such file or directory /home/vagrant/www/ant-msg/Cli/Org/Workerman/Worker.php 第 618 行.

[ 2016-11-14T19:04:51+08:00 ]  
INFO: [ app_init ] --START--
INFO: Run Behavior\BuildLiteBehavior [ RunTime:0.000047s ]
INFO: [ app_init ] --END-- [ RunTime:0.000408s ]
NOTIC: [8] Use of undefined constant _PHP_FILE_ - assumed '_PHP_FILE_' /home/vagrant/www/ant-msg/ThinkPHP/Library/Think/Dispatcher.class.php 第 186 行.
INFO: [ app_begin ] --START--
INFO: Run Behavior\ReadHtmlCacheBehavior [ RunTime:0.006314s ]
INFO: [ app_begin ] --END-- [ RunTime:0.006413s ]
NOTIC: [2] file_get_contents(/home/vagrant/www/ant-msg/Cli/SMS/Data/VerifyMsgWorker/workerman.pid): failed to open stream: No such file or directory /home/vagrant/www/ant-msg/Cli/Org/Workerman/Worker.php 第 618 行.

[ 2016-11-14T19:04:52+08:00 ]  
INFO: [ app_init ] --START--
INFO: Run Behavior\BuildLiteBehavior [ RunTime:0.000048s ]
INFO: [ app_init ] --END-- [ RunTime:0.000387s ]
NOTIC: [8] Use of undefined constant _PHP_FILE_ - assumed '_PHP_FILE_' /home/vagrant/www/ant-msg/ThinkPHP/Library/Think/Dispatcher.class.php 第 186 行.
INFO: [ app_begin ] --START--
INFO: Run Behavior\ReadHtmlCacheBehavior [ RunTime:0.006555s ]
INFO: [ app_begin ] --END-- [ RunTime:0.006755s ]

[ 2016-11-14T19:04:52+08:00 ]  
INFO: [ app_init ] --START--
INFO: Run Behavior\BuildLiteBehavior [ RunTime:0.000049s ]
INFO: [ app_init ] --END-- [ RunTime:0.000457s ]
NOTIC: [8] Use of undefined constant _PHP_FILE_ - assumed '_PHP_FILE_' /home/vagrant/www/ant-msg/ThinkPHP/Library/Think/Dispatcher.class.php 第 186 行.
INFO: [ app_begin ] --START--
INFO: Run Behavior\ReadHtmlCacheBehavior [ RunTime:0.007122s ]
INFO: [ app_begin ] --END-- [ RunTime:0.007240s ]

[ 2016-11-14T19:04:56+08:00 ]  
INFO: [ app_init ] --START--
INFO: Run Behavior\BuildLiteBehavior [ RunTime:0.000052s ]
INFO: [ app_init ] --END-- [ RunTime:0.000492s ]
NOTIC: [8] Use of undefined constant _PHP_FILE_ - assumed '_PHP_FILE_' /home/vagrant/www/ant-msg/ThinkPHP/Library/Think/Dispatcher.class.php 第 186 行.
INFO: [ app_begin ] --START--
INFO: Run Behavior\ReadHtmlCacheBehavior [ RunTime:0.006939s ]
INFO: [ app_begin ] --END-- [ RunTime:0.007038s ]
NOTIC: [2] file_get_contents(/home/vagrant/www/ant-msg/Cli/SMS/Data/NotifyMsgWorker/workerman.pid): failed to open stream: No such file or directory /home/vagrant/www/ant-msg/Cli/Org/Workerman/Worker.php 第 618 行.
SQL: SELECT `gateway_name` FROM `ant_msg_gateway` WHERE `is_current` = 1 LIMIT 1   [ RunTime:0.0018s ]
NOTIC: [8] Undefined variable: currentGateWay /home/vagrant/www/ant-msg/Cli/SMS/Controller/NotifyMsgController.class.php 第 61 行.
SQL: INSERT INTO `ant_msg_send_log` (`appkey`,`mobile`,`gateway`,`msg_type`,`msg_var`,`response_code`,`remark`,`request_time`,`createtime`) VALUES ('','13191909995','YUNPIAN','23','{\"pwd\":\"111111\"}','0','OK','2016-10-31 10:38:29','2016-11-14 19:04:53') [ RunTime:0.2109s ]
NOTIC: [8] Undefined variable: resSend /home/vagrant/www/ant-msg/Cli/SMS/Service/MsgTaskService.class.php 第 80 行.
SQL: INSERT INTO `ant_msg_send_log` (`appkey`,`mobile`,`gateway`,`msg_type`,`msg_var`,`response_code`,`remark`,`request_time`,`createtime`) VALUES ('','13191909995','YUNPIAN','23','{\"pwd\":\"111111\"}','8','同一手机号30秒内重复提交相同的内容','2016-10-31 10:38:29','2016-11-14 19:04:53') [ RunTime:0.1791s ]
NOTIC: [2048] Non-static method SMS\Org\NetCom::postSMS() should not be called statically, assuming $this from incompatible context /home/vagrant/www/ant-msg/Cli/SMS/Service/MsgGateWay/Chinamsg.class.php 第 56 行.
NOTIC: [8] Undefined index: port /home/vagrant/www/ant-msg/Cli/SMS/Org/NetCom.class.php 第 44 行.
NOTIC: [8] Undefined variable: post /home/vagrant/www/ant-msg/Cli/SMS/Org/NetCom.class.php 第 48 行.
SQL: INSERT INTO `ant_msg_send_log` (`appkey`,`mobile`,`gateway`,`msg_type`,`msg_var`,`response_code`,`remark`,`request_time`,`createtime`) VALUES ('','13191909995','CHINAMSG','23','{\"pwd\":\"111111\"}','1','OK','2016-10-31 10:38:29','2016-11-14 19:04:53') [ RunTime:0.1063s ]

[ 2016-11-14T19:04:56+08:00 ]  
INFO: [ app_init ] --START--
INFO: Run Behavior\BuildLiteBehavior [ RunTime:0.000052s ]
INFO: [ app_init ] --END-- [ RunTime:0.000492s ]
NOTIC: [8] Use of undefined constant _PHP_FILE_ - assumed '_PHP_FILE_' /home/vagrant/www/ant-msg/ThinkPHP/Library/Think/Dispatcher.class.php 第 186 行.
INFO: [ app_begin ] --START--
INFO: Run Behavior\ReadHtmlCacheBehavior [ RunTime:0.006939s ]
INFO: [ app_begin ] --END-- [ RunTime:0.007038s ]
NOTIC: [2] file_get_contents(/home/vagrant/www/ant-msg/Cli/SMS/Data/NotifyMsgWorker/workerman.pid): failed to open stream: No such file or directory /home/vagrant/www/ant-msg/Cli/Org/Workerman/Worker.php 第 618 行.
SQL: SELECT `gateway_name` FROM `ant_msg_gateway` WHERE `is_current` = 1 LIMIT 1   [ RunTime:0.0283s ]
NOTIC: [8] Undefined variable: currentGateWay /home/vagrant/www/ant-msg/Cli/SMS/Controller/NotifyMsgController.class.php 第 61 行.
SQL: INSERT INTO `ant_msg_send_log` (`appkey`,`mobile`,`gateway`,`msg_type`,`msg_var`,`response_code`,`remark`,`request_time`,`createtime`) VALUES ('','13191909995','YUNPIAN','23','{\"pwd\":\"111111\"}','8','同一手机号30秒内重复提交相同的内容','2016-10-31 10:36:54','2016-11-14 19:04:53') [ RunTime:0.1027s ]
NOTIC: [2048] Non-static method SMS\Org\NetCom::postSMS() should not be called statically, assuming $this from incompatible context /home/vagrant/www/ant-msg/Cli/SMS/Service/MsgGateWay/Chinamsg.class.php 第 56 行.
NOTIC: [8] Undefined index: port /home/vagrant/www/ant-msg/Cli/SMS/Org/NetCom.class.php 第 44 行.
NOTIC: [8] Undefined variable: post /home/vagrant/www/ant-msg/Cli/SMS/Org/NetCom.class.php 第 48 行.
SQL: INSERT INTO `ant_msg_send_log` (`appkey`,`mobile`,`gateway`,`msg_type`,`msg_var`,`response_code`,`remark`,`request_time`,`createtime`) VALUES ('','13191909995','CHINAMSG','23','{\"pwd\":\"111111\"}','1','OK','2016-10-31 10:36:54','2016-11-14 19:04:53') [ RunTime:0.1104s ]
NOTIC: [8] Undefined variable: resSend /home/vagrant/www/ant-msg/Cli/SMS/Service/MsgTaskService.class.php 第 80 行.
SQL: INSERT INTO `ant_msg_send_log` (`appkey`,`mobile`,`gateway`,`msg_type`,`msg_var`,`response_code`,`remark`,`request_time`,`createtime`) VALUES ('','13191909995','YUNPIAN','23','{\"pwd\":\"111111\"}','8','同一手机号30秒内重复提交相同的内容','2016-10-31 10:36:54','2016-11-14 19:04:53') [ RunTime:0.1304s ]
NOTIC: [2048] Non-static method SMS\Org\NetCom::postSMS() should not be called statically, assuming $this from incompatible context /home/vagrant/www/ant-msg/Cli/SMS/Service/MsgGateWay/Chinamsg.class.php 第 56 行.
NOTIC: [8] Undefined index: port /home/vagrant/www/ant-msg/Cli/SMS/Org/NetCom.class.php 第 44 行.
NOTIC: [8] Undefined variable: post /home/vagrant/www/ant-msg/Cli/SMS/Org/NetCom.class.php 第 48 行.
SQL: INSERT INTO `ant_msg_send_log` (`appkey`,`mobile`,`gateway`,`msg_type`,`msg_var`,`response_code`,`remark`,`request_time`,`createtime`) VALUES ('','13191909995','CHINAMSG','23','{\"pwd\":\"111111\"}','1','OK','2016-10-31 10:36:54','2016-11-14 19:04:54') [ RunTime:0.1313s ]

[ 2016-11-14T19:04:56+08:00 ]  
INFO: [ app_init ] --START--
INFO: Run Behavior\BuildLiteBehavior [ RunTime:0.000052s ]
INFO: [ app_init ] --END-- [ RunTime:0.000492s ]
NOTIC: [8] Use of undefined constant _PHP_FILE_ - assumed '_PHP_FILE_' /home/vagrant/www/ant-msg/ThinkPHP/Library/Think/Dispatcher.class.php 第 186 行.
INFO: [ app_begin ] --START--
INFO: Run Behavior\ReadHtmlCacheBehavior [ RunTime:0.006939s ]
INFO: [ app_begin ] --END-- [ RunTime:0.007038s ]
NOTIC: [2] file_get_contents(/home/vagrant/www/ant-msg/Cli/SMS/Data/NotifyMsgWorker/workerman.pid): failed to open stream: No such file or directory /home/vagrant/www/ant-msg/Cli/Org/Workerman/Worker.php 第 618 行.

[ 2016-11-14T19:04:56+08:00 ]  
INFO: [ app_init ] --START--
INFO: Run Behavior\BuildLiteBehavior [ RunTime:0.000049s ]
INFO: [ app_init ] --END-- [ RunTime:0.000490s ]
NOTIC: [8] Use of undefined constant _PHP_FILE_ - assumed '_PHP_FILE_' /home/vagrant/www/ant-msg/ThinkPHP/Library/Think/Dispatcher.class.php 第 186 行.
INFO: [ app_begin ] --START--
INFO: Run Behavior\ReadHtmlCacheBehavior [ RunTime:0.006961s ]
INFO: [ app_begin ] --END-- [ RunTime:0.007063s ]

[ 2016-11-14T19:04:57+08:00 ]  
INFO: [ app_init ] --START--
INFO: Run Behavior\BuildLiteBehavior [ RunTime:0.000047s ]
INFO: [ app_init ] --END-- [ RunTime:0.000408s ]
NOTIC: [8] Use of undefined constant _PHP_FILE_ - assumed '_PHP_FILE_' /home/vagrant/www/ant-msg/ThinkPHP/Library/Think/Dispatcher.class.php 第 186 行.
INFO: [ app_begin ] --START--
INFO: Run Behavior\ReadHtmlCacheBehavior [ RunTime:0.006314s ]
INFO: [ app_begin ] --END-- [ RunTime:0.006413s ]
NOTIC: [2] file_get_contents(/home/vagrant/www/ant-msg/Cli/SMS/Data/VerifyMsgWorker/workerman.pid): failed to open stream: No such file or directory /home/vagrant/www/ant-msg/Cli/Org/Workerman/Worker.php 第 618 行.
SQL: SELECT `gateway_name` FROM `ant_msg_gateway` WHERE `is_current` = 1 LIMIT 1   [ RunTime:0.0020s ]

[ 2016-11-14T19:04:57+08:00 ]  
INFO: [ app_init ] --START--
INFO: Run Behavior\BuildLiteBehavior [ RunTime:0.000047s ]
INFO: [ app_init ] --END-- [ RunTime:0.000408s ]
NOTIC: [8] Use of undefined constant _PHP_FILE_ - assumed '_PHP_FILE_' /home/vagrant/www/ant-msg/ThinkPHP/Library/Think/Dispatcher.class.php 第 186 行.
INFO: [ app_begin ] --START--
INFO: Run Behavior\ReadHtmlCacheBehavior [ RunTime:0.006314s ]
INFO: [ app_begin ] --END-- [ RunTime:0.006413s ]
NOTIC: [2] file_get_contents(/home/vagrant/www/ant-msg/Cli/SMS/Data/VerifyMsgWorker/workerman.pid): failed to open stream: No such file or directory /home/vagrant/www/ant-msg/Cli/Org/Workerman/Worker.php 第 618 行.
SQL: SELECT `gateway_name` FROM `ant_msg_gateway` WHERE `is_current` = 1 LIMIT 1   [ RunTime:0.0018s ]

[ 2016-11-14T19:04:57+08:00 ]  
INFO: [ app_init ] --START--
INFO: Run Behavior\BuildLiteBehavior [ RunTime:0.000047s ]
INFO: [ app_init ] --END-- [ RunTime:0.000408s ]
NOTIC: [8] Use of undefined constant _PHP_FILE_ - assumed '_PHP_FILE_' /home/vagrant/www/ant-msg/ThinkPHP/Library/Think/Dispatcher.class.php 第 186 行.
INFO: [ app_begin ] --START--
INFO: Run Behavior\ReadHtmlCacheBehavior [ RunTime:0.006314s ]
INFO: [ app_begin ] --END-- [ RunTime:0.006413s ]
NOTIC: [2] file_get_contents(/home/vagrant/www/ant-msg/Cli/SMS/Data/VerifyMsgWorker/workerman.pid): failed to open stream: No such file or directory /home/vagrant/www/ant-msg/Cli/Org/Workerman/Worker.php 第 618 行.

[ 2016-11-14T19:04:57+08:00 ]  
INFO: [ app_init ] --START--
INFO: Run Behavior\BuildLiteBehavior [ RunTime:0.000142s ]
INFO: [ app_init ] --END-- [ RunTime:0.000850s ]
NOTIC: [8] Use of undefined constant _PHP_FILE_ - assumed '_PHP_FILE_' /home/vagrant/www/ant-msg/ThinkPHP/Library/Think/Dispatcher.class.php 第 186 行.
INFO: [ app_begin ] --START--
INFO: Run Behavior\ReadHtmlCacheBehavior [ RunTime:0.006932s ]
INFO: [ app_begin ] --END-- [ RunTime:0.007032s ]

[ 2016-11-14T19:04:58+08:00 ]  
INFO: [ app_init ] --START--
INFO: Run Behavior\BuildLiteBehavior [ RunTime:0.000050s ]
INFO: [ app_init ] --END-- [ RunTime:0.000478s ]
NOTIC: [8] Use of undefined constant _PHP_FILE_ - assumed '_PHP_FILE_' /home/vagrant/www/ant-msg/ThinkPHP/Library/Think/Dispatcher.class.php 第 186 行.
INFO: [ app_begin ] --START--
INFO: Run Behavior\ReadHtmlCacheBehavior [ RunTime:0.006543s ]
INFO: [ app_begin ] --END-- [ RunTime:0.006650s ]
NOTIC: [2] file_get_contents(/home/vagrant/www/ant-msg/Cli/SMS/Data/NotifyMsgWorker/workerman.pid): failed to open stream: No such file or directory /home/vagrant/www/ant-msg/Cli/Org/Workerman/Worker.php 第 618 行.

[ 2016-11-14T19:04:58+08:00 ]  
INFO: [ app_init ] --START--
INFO: Run Behavior\BuildLiteBehavior [ RunTime:0.000048s ]
INFO: [ app_init ] --END-- [ RunTime:0.000490s ]
NOTIC: [8] Use of undefined constant _PHP_FILE_ - assumed '_PHP_FILE_' /home/vagrant/www/ant-msg/ThinkPHP/Library/Think/Dispatcher.class.php 第 186 行.
INFO: [ app_begin ] --START--
INFO: Run Behavior\ReadHtmlCacheBehavior [ RunTime:0.003682s ]
INFO: [ app_begin ] --END-- [ RunTime:0.003786s ]
NOTIC: [2] file_get_contents(/home/vagrant/www/ant-msg/Cli/SMS/Data/VerifyMsgWorker/workerman.pid): failed to open stream: No such file or directory /home/vagrant/www/ant-msg/Cli/Org/Workerman/Worker.php 第 618 行.

