[ 2016-10-28T16:22:33+08:00 ]  
INFO: [ app_init ] --START--
INFO: Run Behavior\BuildLiteBehavior [ RunTime:0.000030s ]
INFO: [ app_init ] --END-- [ RunTime:0.000417s ]
NOTIC: [8] Use of undefined constant _PHP_FILE_ - assumed '_PHP_FILE_' /home/vagrant/www/ant-msg/ThinkPHP/Library/Think/Dispatcher.class.php 第 186 行.
INFO: [ app_begin ] --START--
INFO: Run Behavior\ReadHtmlCacheBehavior [ RunTime:0.007670s ]
INFO: [ app_begin ] --END-- [ RunTime:0.007740s ]
NOTIC: [2] file_get_contents(/home/vagrant/www/ant-msg/Cli/SMS/Data/NotifyMsgWorker/workerman.pid): failed to open stream: No such file or directory /home/vagrant/www/ant-msg/Cli/Org/Workerman/Worker.php 第 618 行.

[ 2016-10-28T16:22:33+08:00 ]  
INFO: [ app_init ] --START--
INFO: Run Behavior\BuildLiteBehavior [ RunTime:0.000028s ]
INFO: [ app_init ] --END-- [ RunTime:0.000326s ]
NOTIC: [8] Use of undefined constant _PHP_FILE_ - assumed '_PHP_FILE_' /home/vagrant/www/ant-msg/ThinkPHP/Library/Think/Dispatcher.class.php 第 186 行.
INFO: [ app_begin ] --START--
INFO: Run Behavior\ReadHtmlCacheBehavior [ RunTime:0.006469s ]
INFO: [ app_begin ] --END-- [ RunTime:0.006613s ]
NOTIC: [2] file_get_contents(/home/vagrant/www/ant-msg/Cli/SMS/Data/VerifyMsgWorker/workerman.pid): failed to open stream: No such file or directory /home/vagrant/www/ant-msg/Cli/Org/Workerman/Worker.php 第 618 行.

[ 2016-10-28T16:23:24+08:00 ]  
INFO: [ app_init ] --START--
INFO: Run Behavior\BuildLiteBehavior [ RunTime:0.000031s ]
INFO: [ app_init ] --END-- [ RunTime:0.000408s ]
NOTIC: [8] Use of undefined constant _PHP_FILE_ - assumed '_PHP_FILE_' /home/vagrant/www/ant-msg/ThinkPHP/Library/Think/Dispatcher.class.php 第 186 行.
INFO: [ app_begin ] --START--
INFO: Run Behavior\ReadHtmlCacheBehavior [ RunTime:0.007132s ]
INFO: [ app_begin ] --END-- [ RunTime:0.007197s ]
NOTIC: [2] file_get_contents(/home/vagrant/www/ant-msg/Cli/SMS/Data/NotifyMsgWorker/workerman.pid): failed to open stream: No such file or directory /home/vagrant/www/ant-msg/Cli/Org/Workerman/Worker.php 第 618 行.

[ 2016-10-28T16:23:24+08:00 ]  
INFO: [ app_init ] --START--
INFO: Run Behavior\BuildLiteBehavior [ RunTime:0.000030s ]
INFO: [ app_init ] --END-- [ RunTime:0.000336s ]
NOTIC: [8] Use of undefined constant _PHP_FILE_ - assumed '_PHP_FILE_' /home/vagrant/www/ant-msg/ThinkPHP/Library/Think/Dispatcher.class.php 第 186 行.
INFO: [ app_begin ] --START--
INFO: Run Behavior\ReadHtmlCacheBehavior [ RunTime:0.006845s ]
INFO: [ app_begin ] --END-- [ RunTime:0.006917s ]
NOTIC: [2] file_get_contents(/home/vagrant/www/ant-msg/Cli/SMS/Data/VerifyMsgWorker/workerman.pid): failed to open stream: No such file or directory /home/vagrant/www/ant-msg/Cli/Org/Workerman/Worker.php 第 618 行.

[ 2016-10-28T18:27:32+08:00 ]  
INFO: [ app_init ] --START--
INFO: Run Behavior\BuildLiteBehavior [ RunTime:0.000033s ]
INFO: [ app_init ] --END-- [ RunTime:0.000499s ]
NOTIC: [8] Use of undefined constant _PHP_FILE_ - assumed '_PHP_FILE_' /home/vagrant/www/ant-msg/ThinkPHP/Library/Think/Dispatcher.class.php 第 186 行.
INFO: [ app_begin ] --START--
INFO: Run Behavior\ReadHtmlCacheBehavior [ RunTime:0.006241s ]
INFO: [ app_begin ] --END-- [ RunTime:0.006305s ]
NOTIC: [2] file_get_contents(/home/vagrant/www/ant-msg/Cli/SMS/Data/NotifyMsgWorker/workerman.pid): failed to open stream: No such file or directory /home/vagrant/www/ant-msg/Cli/Org/Workerman/Worker.php 第 618 行.

[ 2016-10-28T18:27:32+08:00 ]  
INFO: [ app_init ] --START--
INFO: Run Behavior\BuildLiteBehavior [ RunTime:0.000029s ]
INFO: [ app_init ] --END-- [ RunTime:0.000332s ]
NOTIC: [8] Use of undefined constant _PHP_FILE_ - assumed '_PHP_FILE_' /home/vagrant/www/ant-msg/ThinkPHP/Library/Think/Dispatcher.class.php 第 186 行.
INFO: [ app_begin ] --START--
INFO: Run Behavior\ReadHtmlCacheBehavior [ RunTime:0.006099s ]
INFO: [ app_begin ] --END-- [ RunTime:0.006164s ]
NOTIC: [2] file_get_contents(/home/vagrant/www/ant-msg/Cli/SMS/Data/VerifyMsgWorker/workerman.pid): failed to open stream: No such file or directory /home/vagrant/www/ant-msg/Cli/Org/Workerman/Worker.php 第 618 行.

[ 2016-10-28T18:29:58+08:00 ]  
INFO: [ app_init ] --START--
INFO: Run Behavior\BuildLiteBehavior [ RunTime:0.000088s ]
INFO: [ app_init ] --END-- [ RunTime:0.000407s ]
NOTIC: [8] Use of undefined constant _PHP_FILE_ - assumed '_PHP_FILE_' /home/vagrant/www/ant-msg/ThinkPHP/Library/Think/Dispatcher.class.php 第 186 行.
INFO: [ app_begin ] --START--
INFO: Run Behavior\ReadHtmlCacheBehavior [ RunTime:0.006567s ]
INFO: [ app_begin ] --END-- [ RunTime:0.006637s ]
NOTIC: [2] file_get_contents(/home/vagrant/www/ant-msg/Cli/SMS/Data/NotifyMsgWorker/workerman.pid): failed to open stream: No such file or directory /home/vagrant/www/ant-msg/Cli/Org/Workerman/Worker.php 第 618 行.

[ 2016-10-28T18:29:59+08:00 ]  
INFO: [ app_init ] --START--
INFO: Run Behavior\BuildLiteBehavior [ RunTime:0.000031s ]
INFO: [ app_init ] --END-- [ RunTime:0.000507s ]
NOTIC: [8] Use of undefined constant _PHP_FILE_ - assumed '_PHP_FILE_' /home/vagrant/www/ant-msg/ThinkPHP/Library/Think/Dispatcher.class.php 第 186 行.
INFO: [ app_begin ] --START--
INFO: Run Behavior\ReadHtmlCacheBehavior [ RunTime:0.006724s ]
INFO: [ app_begin ] --END-- [ RunTime:0.006796s ]
NOTIC: [2] file_get_contents(/home/vagrant/www/ant-msg/Cli/SMS/Data/VerifyMsgWorker/workerman.pid): failed to open stream: No such file or directory /home/vagrant/www/ant-msg/Cli/Org/Workerman/Worker.php 第 618 行.

[ 2016-10-28T18:32:11+08:00 ]  
INFO: [ app_init ] --START--
INFO: Run Behavior\BuildLiteBehavior [ RunTime:0.000030s ]
INFO: [ app_init ] --END-- [ RunTime:0.000377s ]
NOTIC: [8] Use of undefined constant _PHP_FILE_ - assumed '_PHP_FILE_' /home/vagrant/www/ant-msg/ThinkPHP/Library/Think/Dispatcher.class.php 第 186 行.
INFO: [ app_begin ] --START--
INFO: Run Behavior\ReadHtmlCacheBehavior [ RunTime:0.004719s ]
INFO: [ app_begin ] --END-- [ RunTime:0.004788s ]
NOTIC: [2] file_get_contents(/home/vagrant/www/ant-msg/Cli/SMS/Data/NotifyMsgWorker/workerman.pid): failed to open stream: No such file or directory /home/vagrant/www/ant-msg/Cli/Org/Workerman/Worker.php 第 618 行.

[ 2016-10-28T18:32:12+08:00 ]  
INFO: [ app_init ] --START--
INFO: Run Behavior\BuildLiteBehavior [ RunTime:0.000032s ]
INFO: [ app_init ] --END-- [ RunTime:0.000406s ]
NOTIC: [8] Use of undefined constant _PHP_FILE_ - assumed '_PHP_FILE_' /home/vagrant/www/ant-msg/ThinkPHP/Library/Think/Dispatcher.class.php 第 186 行.
INFO: [ app_begin ] --START--
INFO: Run Behavior\ReadHtmlCacheBehavior [ RunTime:0.003984s ]
INFO: [ app_begin ] --END-- [ RunTime:0.004049s ]
NOTIC: [2] file_get_contents(/home/vagrant/www/ant-msg/Cli/SMS/Data/VerifyMsgWorker/workerman.pid): failed to open stream: No such file or directory /home/vagrant/www/ant-msg/Cli/Org/Workerman/Worker.php 第 618 行.

[ 2016-10-28T18:38:46+08:00 ]  
INFO: [ app_init ] --START--
INFO: Run Behavior\BuildLiteBehavior [ RunTime:0.000030s ]
INFO: [ app_init ] --END-- [ RunTime:0.000418s ]
NOTIC: [8] Use of undefined constant _PHP_FILE_ - assumed '_PHP_FILE_' /home/vagrant/www/ant-msg/ThinkPHP/Library/Think/Dispatcher.class.php 第 186 行.
INFO: [ app_begin ] --START--
INFO: Run Behavior\ReadHtmlCacheBehavior [ RunTime:0.006545s ]
INFO: [ app_begin ] --END-- [ RunTime:0.006772s ]
NOTIC: [2] file_get_contents(/home/vagrant/www/ant-msg/Cli/SMS/Data/NotifyMsgWorker/workerman.pid): failed to open stream: No such file or directory /home/vagrant/www/ant-msg/Cli/Org/Workerman/Worker.php 第 618 行.

[ 2016-10-28T18:38:47+08:00 ]  
INFO: [ app_init ] --START--
INFO: Run Behavior\BuildLiteBehavior [ RunTime:0.000029s ]
INFO: [ app_init ] --END-- [ RunTime:0.000414s ]
NOTIC: [8] Use of undefined constant _PHP_FILE_ - assumed '_PHP_FILE_' /home/vagrant/www/ant-msg/ThinkPHP/Library/Think/Dispatcher.class.php 第 186 行.
INFO: [ app_begin ] --START--
INFO: Run Behavior\ReadHtmlCacheBehavior [ RunTime:0.006732s ]
INFO: [ app_begin ] --END-- [ RunTime:0.006794s ]
NOTIC: [2] file_get_contents(/home/vagrant/www/ant-msg/Cli/SMS/Data/VerifyMsgWorker/workerman.pid): failed to open stream: No such file or directory /home/vagrant/www/ant-msg/Cli/Org/Workerman/Worker.php 第 618 行.

[ 2016-10-28T18:38:54+08:00 ]  
INFO: [ app_init ] --START--
INFO: Run Behavior\BuildLiteBehavior [ RunTime:0.000033s ]
INFO: [ app_init ] --END-- [ RunTime:0.000382s ]
NOTIC: [8] Use of undefined constant _PHP_FILE_ - assumed '_PHP_FILE_' /home/vagrant/www/ant-msg/ThinkPHP/Library/Think/Dispatcher.class.php 第 186 行.
INFO: [ app_begin ] --START--
INFO: Run Behavior\ReadHtmlCacheBehavior [ RunTime:0.006600s ]
INFO: [ app_begin ] --END-- [ RunTime:0.006665s ]
NOTIC: [2] file_get_contents(/home/vagrant/www/ant-msg/Cli/SMS/Data/NotifyMsgWorker/workerman.pid): failed to open stream: No such file or directory /home/vagrant/www/ant-msg/Cli/Org/Workerman/Worker.php 第 618 行.

[ 2016-10-28T18:38:55+08:00 ]  
INFO: [ app_init ] --START--
INFO: Run Behavior\BuildLiteBehavior [ RunTime:0.000030s ]
INFO: [ app_init ] --END-- [ RunTime:0.000526s ]
NOTIC: [8] Use of undefined constant _PHP_FILE_ - assumed '_PHP_FILE_' /home/vagrant/www/ant-msg/ThinkPHP/Library/Think/Dispatcher.class.php 第 186 行.
INFO: [ app_begin ] --START--
INFO: Run Behavior\ReadHtmlCacheBehavior [ RunTime:0.007410s ]
INFO: [ app_begin ] --END-- [ RunTime:0.007495s ]
NOTIC: [2] file_get_contents(/home/vagrant/www/ant-msg/Cli/SMS/Data/VerifyMsgWorker/workerman.pid): failed to open stream: No such file or directory /home/vagrant/www/ant-msg/Cli/Org/Workerman/Worker.php 第 618 行.

[ 2016-10-28T18:38:58+08:00 ]  
INFO: [ app_init ] --START--
INFO: Run Behavior\BuildLiteBehavior [ RunTime:0.000089s ]
INFO: [ app_init ] --END-- [ RunTime:0.000414s ]
NOTIC: [8] Use of undefined constant _PHP_FILE_ - assumed '_PHP_FILE_' /home/vagrant/www/ant-msg/ThinkPHP/Library/Think/Dispatcher.class.php 第 186 行.
INFO: [ app_begin ] --START--
INFO: Run Behavior\ReadHtmlCacheBehavior [ RunTime:0.006756s ]
INFO: [ app_begin ] --END-- [ RunTime:0.006816s ]
NOTIC: [2] file_get_contents(/home/vagrant/www/ant-msg/Cli/SMS/Data/NotifyMsgWorker/workerman.pid): failed to open stream: No such file or directory /home/vagrant/www/ant-msg/Cli/Org/Workerman/Worker.php 第 618 行.

[ 2016-10-28T18:38:59+08:00 ]  
INFO: [ app_init ] --START--
INFO: Run Behavior\BuildLiteBehavior [ RunTime:0.000031s ]
INFO: [ app_init ] --END-- [ RunTime:0.000411s ]
NOTIC: [8] Use of undefined constant _PHP_FILE_ - assumed '_PHP_FILE_' /home/vagrant/www/ant-msg/ThinkPHP/Library/Think/Dispatcher.class.php 第 186 行.
INFO: [ app_begin ] --START--
INFO: Run Behavior\ReadHtmlCacheBehavior [ RunTime:0.007028s ]
INFO: [ app_begin ] --END-- [ RunTime:0.007101s ]
NOTIC: [2] file_get_contents(/home/vagrant/www/ant-msg/Cli/SMS/Data/VerifyMsgWorker/workerman.pid): failed to open stream: No such file or directory /home/vagrant/www/ant-msg/Cli/Org/Workerman/Worker.php 第 618 行.

