[ 2016-11-17T17:18:02+08:00 ]  
INFO: [ app_init ] --START--
INFO: Run Behavior\BuildLiteBehavior [ RunTime:0.000023s ]
INFO: [ app_init ] --END-- [ RunTime:0.000235s ]
NOTIC: [8] Use of undefined constant _PHP_FILE_ - assumed '_PHP_FILE_' /home/vagrant/www/ant-msg/ThinkPHP/Library/Think/Dispatcher.class.php 第 186 行.
INFO: [ app_begin ] --START--
INFO: Run Behavior\ReadHtmlCacheBehavior [ RunTime:0.002433s ]
INFO: [ app_begin ] --END-- [ RunTime:0.002473s ]
NOTIC: [2] file_get_contents(/home/vagrant/www/ant-msg/Cli/SMS/Data/NotifyMsgWorker/workerman.pid): failed to open stream: No such file or directory /home/vagrant/www/ant-msg/Cli/Org/Workerman/Worker.php 第 618 行.

[ 2016-11-17T17:18:02+08:00 ]  
INFO: [ app_init ] --START--
INFO: Run Behavior\BuildLiteBehavior [ RunTime:0.000097s ]
INFO: [ app_init ] --END-- [ RunTime:0.000281s ]
NOTIC: [8] Use of undefined constant _PHP_FILE_ - assumed '_PHP_FILE_' /home/vagrant/www/ant-msg/ThinkPHP/Library/Think/Dispatcher.class.php 第 186 行.
INFO: [ app_begin ] --START--
INFO: Run Behavior\ReadHtmlCacheBehavior [ RunTime:0.002087s ]
INFO: [ app_begin ] --END-- [ RunTime:0.002124s ]
NOTIC: [2] file_get_contents(/home/vagrant/www/ant-msg/Cli/SMS/Data/VerifyMsgWorker/workerman.pid): failed to open stream: No such file or directory /home/vagrant/www/ant-msg/Cli/Org/Workerman/Worker.php 第 618 行.

[ 2016-11-17T17:20:24+08:00 ]  
INFO: [ app_init ] --START--
INFO: Run Behavior\BuildLiteBehavior [ RunTime:0.000014s ]
INFO: [ app_init ] --END-- [ RunTime:0.000165s ]
NOTIC: [8] Use of undefined constant _PHP_FILE_ - assumed '_PHP_FILE_' /home/vagrant/www/ant-msg/ThinkPHP/Library/Think/Dispatcher.class.php 第 186 行.
INFO: [ app_begin ] --START--
INFO: Run Behavior\ReadHtmlCacheBehavior [ RunTime:0.002244s ]
INFO: [ app_begin ] --END-- [ RunTime:0.002280s ]
NOTIC: [2] file_get_contents(/home/vagrant/www/ant-msg/Cli/SMS/Data/NotifyMsgWorker/workerman.pid): failed to open stream: No such file or directory /home/vagrant/www/ant-msg/Cli/Org/Workerman/Worker.php 第 618 行.

[ 2016-11-17T17:20:24+08:00 ]  
INFO: [ app_init ] --START--
INFO: Run Behavior\BuildLiteBehavior [ RunTime:0.000014s ]
INFO: [ app_init ] --END-- [ RunTime:0.000148s ]
NOTIC: [8] Use of undefined constant _PHP_FILE_ - assumed '_PHP_FILE_' /home/vagrant/www/ant-msg/ThinkPHP/Library/Think/Dispatcher.class.php 第 186 行.
INFO: [ app_begin ] --START--
INFO: Run Behavior\ReadHtmlCacheBehavior [ RunTime:0.001554s ]
INFO: [ app_begin ] --END-- [ RunTime:0.001588s ]
NOTIC: [2] file_get_contents(/home/vagrant/www/ant-msg/Cli/SMS/Data/VerifyMsgWorker/workerman.pid): failed to open stream: No such file or directory /home/vagrant/www/ant-msg/Cli/Org/Workerman/Worker.php 第 618 行.

