[ 2016-10-21T16:40:29+08:00 ]  
INFO: [ app_init ] --START--
INFO: Run Behavior\BuildLiteBehavior [ RunTime:0.000030s ]
INFO: [ app_init ] --END-- [ RunTime:0.000496s ]
NOTIC: [8] Use of undefined constant _PHP_FILE_ - assumed '_PHP_FILE_' /home/vagrant/www/ant-msg/ThinkPHP/Library/Think/Dispatcher.class.php 第 186 行.
INFO: [ app_begin ] --START--
INFO: Run Behavior\ReadHtmlCacheBehavior [ RunTime:0.007118s ]
INFO: [ app_begin ] --END-- [ RunTime:0.007176s ]
NOTIC: [2] file_get_contents(/home/vagrant/www/ant-msg/Cli/SMS/Data/NotifyMsgWorker/workerman.pid): failed to open stream: No such file or directory /home/vagrant/www/ant-msg/Cli/Org/Workerman/Worker.php 第 618 行.

[ 2016-10-21T16:40:29+08:00 ]  
INFO: [ app_init ] --START--
INFO: Run Behavior\BuildLiteBehavior [ RunTime:0.000031s ]
INFO: [ app_init ] --END-- [ RunTime:0.000365s ]
NOTIC: [8] Use of undefined constant _PHP_FILE_ - assumed '_PHP_FILE_' /home/vagrant/www/ant-msg/ThinkPHP/Library/Think/Dispatcher.class.php 第 186 行.
INFO: [ app_begin ] --START--
INFO: Run Behavior\ReadHtmlCacheBehavior [ RunTime:0.007492s ]
INFO: [ app_begin ] --END-- [ RunTime:0.007558s ]
NOTIC: [2] file_get_contents(/home/vagrant/www/ant-msg/Cli/SMS/Data/VerifyMsgWorker/workerman.pid): failed to open stream: No such file or directory /home/vagrant/www/ant-msg/Cli/Org/Workerman/Worker.php 第 618 行.

[ 2016-10-21T16:43:00+08:00 ]  
INFO: [ app_init ] --START--
INFO: Run Behavior\BuildLiteBehavior [ RunTime:0.000029s ]
INFO: [ app_init ] --END-- [ RunTime:0.000406s ]
NOTIC: [8] Use of undefined constant _PHP_FILE_ - assumed '_PHP_FILE_' /home/vagrant/www/ant-msg/ThinkPHP/Library/Think/Dispatcher.class.php 第 186 行.
INFO: [ app_begin ] --START--
INFO: Run Behavior\ReadHtmlCacheBehavior [ RunTime:0.006157s ]
INFO: [ app_begin ] --END-- [ RunTime:0.006279s ]
NOTIC: [2] file_get_contents(/home/vagrant/www/ant-msg/Cli/SMS/Data/NotifyMsgWorker/workerman.pid): failed to open stream: No such file or directory /home/vagrant/www/ant-msg/Cli/Org/Workerman/Worker.php 第 618 行.

[ 2016-10-21T16:43:01+08:00 ]  
INFO: [ app_init ] --START--
INFO: Run Behavior\BuildLiteBehavior [ RunTime:0.000033s ]
INFO: [ app_init ] --END-- [ RunTime:0.000426s ]
NOTIC: [8] Use of undefined constant _PHP_FILE_ - assumed '_PHP_FILE_' /home/vagrant/www/ant-msg/ThinkPHP/Library/Think/Dispatcher.class.php 第 186 行.
INFO: [ app_begin ] --START--
INFO: Run Behavior\ReadHtmlCacheBehavior [ RunTime:0.007478s ]
INFO: [ app_begin ] --END-- [ RunTime:0.007553s ]
NOTIC: [2] file_get_contents(/home/vagrant/www/ant-msg/Cli/SMS/Data/VerifyMsgWorker/workerman.pid): failed to open stream: No such file or directory /home/vagrant/www/ant-msg/Cli/Org/Workerman/Worker.php 第 618 行.

[ 2016-10-21T16:45:19+08:00 ]  
INFO: [ app_init ] --START--
INFO: Run Behavior\BuildLiteBehavior [ RunTime:0.000028s ]
INFO: [ app_init ] --END-- [ RunTime:0.000331s ]
NOTIC: [8] Use of undefined constant _PHP_FILE_ - assumed '_PHP_FILE_' /home/vagrant/www/ant-msg/ThinkPHP/Library/Think/Dispatcher.class.php 第 186 行.
INFO: [ app_begin ] --START--
INFO: Run Behavior\ReadHtmlCacheBehavior [ RunTime:0.006332s ]
INFO: [ app_begin ] --END-- [ RunTime:0.006400s ]
NOTIC: [2] file_get_contents(/home/vagrant/www/ant-msg/Cli/SMS/Data/NotifyMsgWorker/workerman.pid): failed to open stream: No such file or directory /home/vagrant/www/ant-msg/Cli/Org/Workerman/Worker.php 第 618 行.

[ 2016-10-21T16:45:20+08:00 ]  
INFO: [ app_init ] --START--
INFO: Run Behavior\BuildLiteBehavior [ RunTime:0.000029s ]
INFO: [ app_init ] --END-- [ RunTime:0.000333s ]
NOTIC: [8] Use of undefined constant _PHP_FILE_ - assumed '_PHP_FILE_' /home/vagrant/www/ant-msg/ThinkPHP/Library/Think/Dispatcher.class.php 第 186 行.
INFO: [ app_begin ] --START--
INFO: Run Behavior\ReadHtmlCacheBehavior [ RunTime:0.006864s ]
INFO: [ app_begin ] --END-- [ RunTime:0.007030s ]
NOTIC: [2] file_get_contents(/home/vagrant/www/ant-msg/Cli/SMS/Data/VerifyMsgWorker/workerman.pid): failed to open stream: No such file or directory /home/vagrant/www/ant-msg/Cli/Org/Workerman/Worker.php 第 618 行.

[ 2016-10-21T16:45:27+08:00 ]  
INFO: [ app_init ] --START--
INFO: Run Behavior\BuildLiteBehavior [ RunTime:0.000030s ]
INFO: [ app_init ] --END-- [ RunTime:0.000408s ]
NOTIC: [8] Use of undefined constant _PHP_FILE_ - assumed '_PHP_FILE_' /home/vagrant/www/ant-msg/ThinkPHP/Library/Think/Dispatcher.class.php 第 186 行.
INFO: [ app_begin ] --START--
INFO: Run Behavior\ReadHtmlCacheBehavior [ RunTime:0.006678s ]
INFO: [ app_begin ] --END-- [ RunTime:0.006813s ]
NOTIC: [2] file_get_contents(/home/vagrant/www/ant-msg/Cli/SMS/Data/NotifyMsgWorker/workerman.pid): failed to open stream: No such file or directory /home/vagrant/www/ant-msg/Cli/Org/Workerman/Worker.php 第 618 行.

[ 2016-10-21T16:45:27+08:00 ]  
INFO: [ app_init ] --START--
INFO: Run Behavior\BuildLiteBehavior [ RunTime:0.000030s ]
INFO: [ app_init ] --END-- [ RunTime:0.000340s ]
NOTIC: [8] Use of undefined constant _PHP_FILE_ - assumed '_PHP_FILE_' /home/vagrant/www/ant-msg/ThinkPHP/Library/Think/Dispatcher.class.php 第 186 行.
INFO: [ app_begin ] --START--
INFO: Run Behavior\ReadHtmlCacheBehavior [ RunTime:0.003452s ]
INFO: [ app_begin ] --END-- [ RunTime:0.003514s ]
NOTIC: [2] file_get_contents(/home/vagrant/www/ant-msg/Cli/SMS/Data/VerifyMsgWorker/workerman.pid): failed to open stream: No such file or directory /home/vagrant/www/ant-msg/Cli/Org/Workerman/Worker.php 第 618 行.

[ 2016-10-21T16:45:52+08:00 ]  
INFO: [ app_init ] --START--
INFO: Run Behavior\BuildLiteBehavior [ RunTime:0.000218s ]
INFO: [ app_init ] --END-- [ RunTime:0.000539s ]
NOTIC: [8] Use of undefined constant _PHP_FILE_ - assumed '_PHP_FILE_' /home/vagrant/www/ant-msg/ThinkPHP/Library/Think/Dispatcher.class.php 第 186 行.
INFO: [ app_begin ] --START--
INFO: Run Behavior\ReadHtmlCacheBehavior [ RunTime:0.007321s ]
INFO: [ app_begin ] --END-- [ RunTime:0.007598s ]
NOTIC: [2] file_get_contents(/home/vagrant/www/ant-msg/Cli/SMS/Data/NotifyMsgWorker/workerman.pid): failed to open stream: No such file or directory /home/vagrant/www/ant-msg/Cli/Org/Workerman/Worker.php 第 618 行.

[ 2016-10-21T16:45:53+08:00 ]  
INFO: [ app_init ] --START--
INFO: Run Behavior\BuildLiteBehavior [ RunTime:0.000030s ]
INFO: [ app_init ] --END-- [ RunTime:0.000573s ]
NOTIC: [8] Use of undefined constant _PHP_FILE_ - assumed '_PHP_FILE_' /home/vagrant/www/ant-msg/ThinkPHP/Library/Think/Dispatcher.class.php 第 186 行.
INFO: [ app_begin ] --START--
INFO: Run Behavior\ReadHtmlCacheBehavior [ RunTime:0.007565s ]
INFO: [ app_begin ] --END-- [ RunTime:0.007696s ]
NOTIC: [2] file_get_contents(/home/vagrant/www/ant-msg/Cli/SMS/Data/VerifyMsgWorker/workerman.pid): failed to open stream: No such file or directory /home/vagrant/www/ant-msg/Cli/Org/Workerman/Worker.php 第 618 行.

