[ 2016-10-18T18:59:39+08:00 ]  
INFO: [ app_init ] --START--
INFO: Run Behavior\BuildLiteBehavior [ RunTime:0.000030s ]
INFO: [ app_init ] --END-- [ RunTime:0.000332s ]
NOTIC: [8] Use of undefined constant _PHP_FILE_ - assumed '_PHP_FILE_' /home/vagrant/www/ant-manager/ThinkPHP/Library/Think/Dispatcher.class.php 第 186 行.
INFO: [ app_begin ] --START--
INFO: Run Behavior\ReadHtmlCacheBehavior [ RunTime:0.006766s ]
INFO: [ app_begin ] --END-- [ RunTime:0.006825s ]

[ 2016-10-18T19:04:25+08:00 ]  
INFO: [ app_init ] --START--
INFO: Run Behavior\BuildLiteBehavior [ RunTime:0.000028s ]
INFO: [ app_init ] --END-- [ RunTime:0.000419s ]
NOTIC: [8] Use of undefined constant _PHP_FILE_ - assumed '_PHP_FILE_' /home/vagrant/www/ant-manager/ThinkPHP/Library/Think/Dispatcher.class.php 第 186 行.
INFO: [ app_begin ] --START--
INFO: Run Behavior\ReadHtmlCacheBehavior [ RunTime:0.006348s ]
INFO: [ app_begin ] --END-- [ RunTime:0.006404s ]

[ 2016-10-18T19:06:36+08:00 ]  
INFO: [ app_init ] --START--
INFO: Run Behavior\BuildLiteBehavior [ RunTime:0.000028s ]
INFO: [ app_init ] --END-- [ RunTime:0.000324s ]
NOTIC: [8] Use of undefined constant _PHP_FILE_ - assumed '_PHP_FILE_' /home/vagrant/www/ant-manager/ThinkPHP/Library/Think/Dispatcher.class.php 第 186 行.
INFO: [ app_begin ] --START--
INFO: Run Behavior\ReadHtmlCacheBehavior [ RunTime:0.006360s ]
INFO: [ app_begin ] --END-- [ RunTime:0.006420s ]

[ 2016-10-18T19:06:40+08:00 ]  
INFO: [ app_init ] --START--
INFO: Run Behavior\BuildLiteBehavior [ RunTime:0.000029s ]
INFO: [ app_init ] --END-- [ RunTime:0.000398s ]
NOTIC: [8] Use of undefined constant _PHP_FILE_ - assumed '_PHP_FILE_' /home/vagrant/www/ant-manager/ThinkPHP/Library/Think/Dispatcher.class.php 第 186 行.
INFO: [ app_begin ] --START--
INFO: Run Behavior\ReadHtmlCacheBehavior [ RunTime:0.006409s ]
INFO: [ app_begin ] --END-- [ RunTime:0.006472s ]

[ 2016-10-18T19:06:54+08:00 ]  
INFO: [ app_init ] --START--
INFO: Run Behavior\BuildLiteBehavior [ RunTime:0.000028s ]
INFO: [ app_init ] --END-- [ RunTime:0.000393s ]
NOTIC: [8] Use of undefined constant _PHP_FILE_ - assumed '_PHP_FILE_' /home/vagrant/www/ant-manager/ThinkPHP/Library/Think/Dispatcher.class.php 第 186 行.
INFO: [ app_begin ] --START--
INFO: Run Behavior\ReadHtmlCacheBehavior [ RunTime:0.006563s ]
INFO: [ app_begin ] --END-- [ RunTime:0.006623s ]

[ 2016-10-18T19:07:15+08:00 ]  
INFO: [ app_init ] --START--
INFO: Run Behavior\BuildLiteBehavior [ RunTime:0.000027s ]
INFO: [ app_init ] --END-- [ RunTime:0.000317s ]
NOTIC: [8] Use of undefined constant _PHP_FILE_ - assumed '_PHP_FILE_' /home/vagrant/www/ant-manager/ThinkPHP/Library/Think/Dispatcher.class.php 第 186 行.
INFO: [ app_begin ] --START--
INFO: Run Behavior\ReadHtmlCacheBehavior [ RunTime:0.007134s ]
INFO: [ app_begin ] --END-- [ RunTime:0.007193s ]

[ 2016-10-18T19:07:32+08:00 ]  
INFO: [ app_init ] --START--
INFO: Run Behavior\BuildLiteBehavior [ RunTime:0.000028s ]
INFO: [ app_init ] --END-- [ RunTime:0.000391s ]
NOTIC: [8] Use of undefined constant _PHP_FILE_ - assumed '_PHP_FILE_' /home/vagrant/www/ant-manager/ThinkPHP/Library/Think/Dispatcher.class.php 第 186 行.
INFO: [ app_begin ] --START--
INFO: Run Behavior\ReadHtmlCacheBehavior [ RunTime:0.007404s ]
INFO: [ app_begin ] --END-- [ RunTime:0.007464s ]

[ 2016-10-18T19:07:58+08:00 ]  
INFO: [ app_init ] --START--
INFO: Run Behavior\BuildLiteBehavior [ RunTime:0.000029s ]
INFO: [ app_init ] --END-- [ RunTime:0.000351s ]
NOTIC: [8] Use of undefined constant _PHP_FILE_ - assumed '_PHP_FILE_' /home/vagrant/www/ant-manager/ThinkPHP/Library/Think/Dispatcher.class.php 第 186 行.
INFO: [ app_begin ] --START--
INFO: Run Behavior\ReadHtmlCacheBehavior [ RunTime:0.003362s ]
INFO: [ app_begin ] --END-- [ RunTime:0.003421s ]

[ 2016-10-18T19:08:24+08:00 ]  
INFO: [ app_init ] --START--
INFO: Run Behavior\BuildLiteBehavior [ RunTime:0.000028s ]
INFO: [ app_init ] --END-- [ RunTime:0.000449s ]
NOTIC: [8] Use of undefined constant _PHP_FILE_ - assumed '_PHP_FILE_' /home/vagrant/www/ant-manager/ThinkPHP/Library/Think/Dispatcher.class.php 第 186 行.
INFO: [ app_begin ] --START--
INFO: Run Behavior\ReadHtmlCacheBehavior [ RunTime:0.006778s ]
INFO: [ app_begin ] --END-- [ RunTime:0.006893s ]

[ 2016-10-18T19:11:04+08:00 ]  
INFO: [ app_init ] --START--
INFO: Run Behavior\BuildLiteBehavior [ RunTime:0.000027s ]
INFO: [ app_init ] --END-- [ RunTime:0.000319s ]
NOTIC: [8] Use of undefined constant _PHP_FILE_ - assumed '_PHP_FILE_' /home/vagrant/www/ant-manager/ThinkPHP/Library/Think/Dispatcher.class.php 第 186 行.
INFO: [ app_begin ] --START--
INFO: Run Behavior\ReadHtmlCacheBehavior [ RunTime:0.007049s ]
INFO: [ app_begin ] --END-- [ RunTime:0.007114s ]

[ 2016-10-18T19:11:47+08:00 ]  
INFO: [ app_init ] --START--
INFO: Run Behavior\BuildLiteBehavior [ RunTime:0.000028s ]
INFO: [ app_init ] --END-- [ RunTime:0.000402s ]
NOTIC: [8] Use of undefined constant _PHP_FILE_ - assumed '_PHP_FILE_' /home/vagrant/www/ant-manager/ThinkPHP/Library/Think/Dispatcher.class.php 第 186 行.
INFO: [ app_begin ] --START--
INFO: Run Behavior\ReadHtmlCacheBehavior [ RunTime:0.007259s ]
INFO: [ app_begin ] --END-- [ RunTime:0.007318s ]

[ 2016-10-18T19:11:58+08:00 ]  
INFO: [ app_init ] --START--
INFO: Run Behavior\BuildLiteBehavior [ RunTime:0.000029s ]
INFO: [ app_init ] --END-- [ RunTime:0.000571s ]
NOTIC: [8] Use of undefined constant _PHP_FILE_ - assumed '_PHP_FILE_' /home/vagrant/www/ant-manager/ThinkPHP/Library/Think/Dispatcher.class.php 第 186 行.
INFO: [ app_begin ] --START--
INFO: Run Behavior\ReadHtmlCacheBehavior [ RunTime:0.006954s ]
INFO: [ app_begin ] --END-- [ RunTime:0.007012s ]

[ 2016-10-18T19:12:27+08:00 ]  
INFO: [ app_init ] --START--
INFO: Run Behavior\BuildLiteBehavior [ RunTime:0.000028s ]
INFO: [ app_init ] --END-- [ RunTime:0.000330s ]
NOTIC: [8] Use of undefined constant _PHP_FILE_ - assumed '_PHP_FILE_' /home/vagrant/www/ant-manager/ThinkPHP/Library/Think/Dispatcher.class.php 第 186 行.
INFO: [ app_begin ] --START--
INFO: Run Behavior\ReadHtmlCacheBehavior [ RunTime:0.006577s ]
INFO: [ app_begin ] --END-- [ RunTime:0.006641s ]

[ 2016-10-18T19:12:29+08:00 ]  
INFO: [ app_init ] --START--
INFO: Run Behavior\BuildLiteBehavior [ RunTime:0.000028s ]
INFO: [ app_init ] --END-- [ RunTime:0.000389s ]
NOTIC: [8] Use of undefined constant _PHP_FILE_ - assumed '_PHP_FILE_' /home/vagrant/www/ant-manager/ThinkPHP/Library/Think/Dispatcher.class.php 第 186 行.
INFO: [ app_begin ] --START--
INFO: Run Behavior\ReadHtmlCacheBehavior [ RunTime:0.006135s ]
INFO: [ app_begin ] --END-- [ RunTime:0.006191s ]

[ 2016-10-18T19:13:19+08:00 ]  
INFO: [ app_init ] --START--
INFO: Run Behavior\BuildLiteBehavior [ RunTime:0.000029s ]
INFO: [ app_init ] --END-- [ RunTime:0.000394s ]
NOTIC: [8] Use of undefined constant _PHP_FILE_ - assumed '_PHP_FILE_' /home/vagrant/www/ant-manager/ThinkPHP/Library/Think/Dispatcher.class.php 第 186 行.
INFO: [ app_begin ] --START--
INFO: Run Behavior\ReadHtmlCacheBehavior [ RunTime:0.007237s ]
INFO: [ app_begin ] --END-- [ RunTime:0.007308s ]

[ 2016-10-18T19:13:52+08:00 ]  
INFO: [ app_init ] --START--
INFO: Run Behavior\BuildLiteBehavior [ RunTime:0.000104s ]
INFO: [ app_init ] --END-- [ RunTime:0.000398s ]
NOTIC: [8] Use of undefined constant _PHP_FILE_ - assumed '_PHP_FILE_' /home/vagrant/www/ant-manager/ThinkPHP/Library/Think/Dispatcher.class.php 第 186 行.
INFO: [ app_begin ] --START--
INFO: Run Behavior\ReadHtmlCacheBehavior [ RunTime:0.006792s ]
INFO: [ app_begin ] --END-- [ RunTime:0.007016s ]

[ 2016-10-18T19:15:19+08:00 ]  
INFO: [ app_init ] --START--
INFO: Run Behavior\BuildLiteBehavior [ RunTime:0.000028s ]
INFO: [ app_init ] --END-- [ RunTime:0.000322s ]
NOTIC: [8] Use of undefined constant _PHP_FILE_ - assumed '_PHP_FILE_' /home/vagrant/www/ant-manager/ThinkPHP/Library/Think/Dispatcher.class.php 第 186 行.
INFO: [ app_begin ] --START--
INFO: Run Behavior\ReadHtmlCacheBehavior [ RunTime:0.007222s ]
INFO: [ app_begin ] --END-- [ RunTime:0.007291s ]
NOTIC: [2] shm_get_var(): variable key 2 doesn't exist /home/vagrant/www/ant-manager/Cli/Thrift/Org/ThriftRpc/Clients/AddressManager.php 第 213 行.

[ 2016-10-18T19:15:39+08:00 ]  
INFO: [ app_init ] --START--
INFO: Run Behavior\BuildLiteBehavior [ RunTime:0.000027s ]
INFO: [ app_init ] --END-- [ RunTime:0.000322s ]
NOTIC: [8] Use of undefined constant _PHP_FILE_ - assumed '_PHP_FILE_' /home/vagrant/www/ant-manager/ThinkPHP/Library/Think/Dispatcher.class.php 第 186 行.
INFO: [ app_begin ] --START--
INFO: Run Behavior\ReadHtmlCacheBehavior [ RunTime:0.006342s ]
INFO: [ app_begin ] --END-- [ RunTime:0.006401s ]
NOTIC: [8] Use of undefined constant ThriftClient - assumed 'ThriftClient' /home/vagrant/www/ant-manager/Cli/Thrift/Controller/ClientController.class.php 第 48 行.

[ 2016-10-18T19:16:04+08:00 ]  
INFO: [ app_init ] --START--
INFO: Run Behavior\BuildLiteBehavior [ RunTime:0.000028s ]
INFO: [ app_init ] --END-- [ RunTime:0.000320s ]
NOTIC: [8] Use of undefined constant _PHP_FILE_ - assumed '_PHP_FILE_' /home/vagrant/www/ant-manager/ThinkPHP/Library/Think/Dispatcher.class.php 第 186 行.
INFO: [ app_begin ] --START--
INFO: Run Behavior\ReadHtmlCacheBehavior [ RunTime:0.006350s ]
INFO: [ app_begin ] --END-- [ RunTime:0.006411s ]

[ 2016-10-18T19:16:16+08:00 ]  
INFO: [ app_init ] --START--
INFO: Run Behavior\BuildLiteBehavior [ RunTime:0.000030s ]
INFO: [ app_init ] --END-- [ RunTime:0.000639s ]
NOTIC: [8] Use of undefined constant _PHP_FILE_ - assumed '_PHP_FILE_' /home/vagrant/www/ant-manager/ThinkPHP/Library/Think/Dispatcher.class.php 第 186 行.
INFO: [ app_begin ] --START--
INFO: Run Behavior\ReadHtmlCacheBehavior [ RunTime:0.006475s ]
INFO: [ app_begin ] --END-- [ RunTime:0.006541s ]
NOTIC: [2] fsockopen(): unable to connect to 127.0.0.2:9191 (Connection refused) /home/vagrant/www/ant-manager/Cli/Thrift/Org/ThriftRpc/Lib/Thrift/Transport/TSocket.php 第 226 行.
ERR: TSocket: Could not connect to 127.0.0.2:9191 (Connection refused [111])
NOTIC: [2] Cannot modify header information - headers already sent by (output started at /home/vagrant/www/ant-manager/Cli/Thrift/Controller/ClientController.class.php:26) /home/vagrant/www/ant-manager/ThinkPHP/Library/Think/Think.class.php 第 229 行.
NOTIC: [2] Cannot modify header information - headers already sent by (output started at /home/vagrant/www/ant-manager/Cli/Thrift/Controller/ClientController.class.php:26) /home/vagrant/www/ant-manager/ThinkPHP/Library/Think/Think.class.php 第 230 行.

[ 2016-10-18T19:16:25+08:00 ]  
INFO: [ app_init ] --START--
INFO: Run Behavior\BuildLiteBehavior [ RunTime:0.000030s ]
INFO: [ app_init ] --END-- [ RunTime:0.000415s ]
NOTIC: [8] Use of undefined constant _PHP_FILE_ - assumed '_PHP_FILE_' /home/vagrant/www/ant-manager/ThinkPHP/Library/Think/Dispatcher.class.php 第 186 行.
INFO: [ app_begin ] --START--
INFO: Run Behavior\ReadHtmlCacheBehavior [ RunTime:0.006468s ]
INFO: [ app_begin ] --END-- [ RunTime:0.006648s ]

[ 2016-10-18T19:16:39+08:00 ]  
INFO: [ app_init ] --START--
INFO: Run Behavior\BuildLiteBehavior [ RunTime:0.000028s ]
INFO: [ app_init ] --END-- [ RunTime:0.000317s ]
NOTIC: [8] Use of undefined constant _PHP_FILE_ - assumed '_PHP_FILE_' /home/vagrant/www/ant-manager/ThinkPHP/Library/Think/Dispatcher.class.php 第 186 行.
INFO: [ app_begin ] --START--
INFO: Run Behavior\ReadHtmlCacheBehavior [ RunTime:0.006744s ]
INFO: [ app_begin ] --END-- [ RunTime:0.006864s ]
NOTIC: [2] fsockopen(): unable to connect to 127.0.0.1:9090 (Connection refused) /home/vagrant/www/ant-manager/Cli/Thrift/Org/ThriftRpc/Lib/Thrift/Transport/TSocket.php 第 226 行.
ERR: TSocket: Could not connect to 127.0.0.1:9090 (Connection refused [111])
NOTIC: [2] Cannot modify header information - headers already sent by (output started at /home/vagrant/www/ant-manager/Cli/Thrift/Controller/ClientController.class.php:26) /home/vagrant/www/ant-manager/ThinkPHP/Library/Think/Think.class.php 第 229 行.
NOTIC: [2] Cannot modify header information - headers already sent by (output started at /home/vagrant/www/ant-manager/Cli/Thrift/Controller/ClientController.class.php:26) /home/vagrant/www/ant-manager/ThinkPHP/Library/Think/Think.class.php 第 230 行.

[ 2016-10-18T19:31:21+08:00 ]  
INFO: [ app_init ] --START--
INFO: Run Behavior\BuildLiteBehavior [ RunTime:0.000028s ]
INFO: [ app_init ] --END-- [ RunTime:0.000316s ]
NOTIC: [8] Use of undefined constant _PHP_FILE_ - assumed '_PHP_FILE_' /home/vagrant/www/ant-manager/ThinkPHP/Library/Think/Dispatcher.class.php 第 186 行.
INFO: [ app_begin ] --START--
INFO: Run Behavior\ReadHtmlCacheBehavior [ RunTime:0.006311s ]
INFO: [ app_begin ] --END-- [ RunTime:0.006371s ]
NOTIC: [2] require_once(/home/vagrant/www/ant-manager/Cli/Thrift/Org/ThriftRpc/../../Workerman/Autoloader.php): failed to open stream: No such file or directory /home/vagrant/www/ant-manager/Cli/Thrift/Org/ThriftRpc/start.php 第 15 行.

[ 2016-10-18T19:33:28+08:00 ]  
INFO: [ app_init ] --START--
INFO: Run Behavior\BuildLiteBehavior [ RunTime:0.000029s ]
INFO: [ app_init ] --END-- [ RunTime:0.000578s ]
NOTIC: [8] Use of undefined constant _PHP_FILE_ - assumed '_PHP_FILE_' /home/vagrant/www/ant-manager/ThinkPHP/Library/Think/Dispatcher.class.php 第 186 行.
INFO: [ app_begin ] --START--
INFO: Run Behavior\ReadHtmlCacheBehavior [ RunTime:0.006165s ]
INFO: [ app_begin ] --END-- [ RunTime:0.006229s ]
NOTIC: [2] require_once(/home/vagrant/www/ant-manager/Cli/Thrift/Org/ThriftRpc/../../Org/Workerman/Autoloader.php): failed to open stream: No such file or directory /home/vagrant/www/ant-manager/Cli/Thrift/Org/ThriftRpc/start.php 第 15 行.

[ 2016-10-18T19:34:44+08:00 ]  
INFO: [ app_init ] --START--
INFO: Run Behavior\BuildLiteBehavior [ RunTime:0.000029s ]
INFO: [ app_init ] --END-- [ RunTime:0.000594s ]
NOTIC: [8] Use of undefined constant _PHP_FILE_ - assumed '_PHP_FILE_' /home/vagrant/www/ant-manager/ThinkPHP/Library/Think/Dispatcher.class.php 第 186 行.
INFO: [ app_begin ] --START--
INFO: Run Behavior\ReadHtmlCacheBehavior [ RunTime:0.008397s ]
INFO: [ app_begin ] --END-- [ RunTime:0.008459s ]
NOTIC: [2] require_once(/home/vagrant/www/ant-manager/Cli/Thrift/Org/ThriftRpc/../../Org/Workerman/Autoloader.php): failed to open stream: No such file or directory /home/vagrant/www/ant-manager/Cli/Thrift/Org/ThriftRpc/start.php 第 15 行.

[ 2016-10-18T19:34:51+08:00 ]  
INFO: [ app_init ] --START--
INFO: Run Behavior\BuildLiteBehavior [ RunTime:0.000028s ]
INFO: [ app_init ] --END-- [ RunTime:0.000567s ]
NOTIC: [8] Use of undefined constant _PHP_FILE_ - assumed '_PHP_FILE_' /home/vagrant/www/ant-manager/ThinkPHP/Library/Think/Dispatcher.class.php 第 186 行.
INFO: [ app_begin ] --START--
INFO: Run Behavior\ReadHtmlCacheBehavior [ RunTime:0.006225s ]
INFO: [ app_begin ] --END-- [ RunTime:0.006366s ]
NOTIC: [2] require_once(/home/vagrant/www/ant-manager/Cli/Thrift/Org/ThriftRpc/../../Org/Workerman/Autoloader.php): failed to open stream: No such file or directory /home/vagrant/www/ant-manager/Cli/Thrift/Org/ThriftRpc/start.php 第 15 行.

[ 2016-10-18T19:35:15+08:00 ]  
INFO: [ app_init ] --START--
INFO: Run Behavior\BuildLiteBehavior [ RunTime:0.000030s ]
INFO: [ app_init ] --END-- [ RunTime:0.000328s ]
NOTIC: [8] Use of undefined constant _PHP_FILE_ - assumed '_PHP_FILE_' /home/vagrant/www/ant-manager/ThinkPHP/Library/Think/Dispatcher.class.php 第 186 行.
INFO: [ app_begin ] --START--
INFO: Run Behavior\ReadHtmlCacheBehavior [ RunTime:0.007588s ]
INFO: [ app_begin ] --END-- [ RunTime:0.007713s ]
NOTIC: [2] require_once(/home/vagrant/www/ant-manager/Cli/Thrift/Org/ThriftRpc/../../Org/Workerman/Autoloader.php): failed to open stream: No such file or directory /home/vagrant/www/ant-manager/Cli/Thrift/Org/ThriftRpc/start.php 第 15 行.

[ 2016-10-18T19:35:43+08:00 ]  
INFO: [ app_init ] --START--
INFO: Run Behavior\BuildLiteBehavior [ RunTime:0.000030s ]
INFO: [ app_init ] --END-- [ RunTime:0.000387s ]
NOTIC: [8] Use of undefined constant _PHP_FILE_ - assumed '_PHP_FILE_' /home/vagrant/www/ant-manager/ThinkPHP/Library/Think/Dispatcher.class.php 第 186 行.
INFO: [ app_begin ] --START--
INFO: Run Behavior\ReadHtmlCacheBehavior [ RunTime:0.007066s ]
INFO: [ app_begin ] --END-- [ RunTime:0.007127s ]
NOTIC: [2] require_once(/home/vagrant/www/ant-manager/Cli/Thrift/Org/ThriftRpc/../../Org/Workerman/Autoloader.php): failed to open stream: No such file or directory /home/vagrant/www/ant-manager/Cli/Thrift/Org/ThriftRpc/start.php 第 16 行.

[ 2016-10-18T19:35:45+08:00 ]  
INFO: [ app_init ] --START--
INFO: Run Behavior\BuildLiteBehavior [ RunTime:0.000029s ]
INFO: [ app_init ] --END-- [ RunTime:0.000361s ]
NOTIC: [8] Use of undefined constant _PHP_FILE_ - assumed '_PHP_FILE_' /home/vagrant/www/ant-manager/ThinkPHP/Library/Think/Dispatcher.class.php 第 186 行.
INFO: [ app_begin ] --START--
INFO: Run Behavior\ReadHtmlCacheBehavior [ RunTime:0.006858s ]
INFO: [ app_begin ] --END-- [ RunTime:0.006918s ]
NOTIC: [2] require_once(/home/vagrant/www/ant-manager/Cli/Thrift/Org/ThriftRpc/../../Org/Workerman/Autoloader.php): failed to open stream: No such file or directory /home/vagrant/www/ant-manager/Cli/Thrift/Org/ThriftRpc/start.php 第 16 行.

[ 2016-10-18T19:36:01+08:00 ]  
INFO: [ app_init ] --START--
INFO: Run Behavior\BuildLiteBehavior [ RunTime:0.000028s ]
INFO: [ app_init ] --END-- [ RunTime:0.000392s ]
NOTIC: [8] Use of undefined constant _PHP_FILE_ - assumed '_PHP_FILE_' /home/vagrant/www/ant-manager/ThinkPHP/Library/Think/Dispatcher.class.php 第 186 行.
INFO: [ app_begin ] --START--
INFO: Run Behavior\ReadHtmlCacheBehavior [ RunTime:0.006582s ]
INFO: [ app_begin ] --END-- [ RunTime:0.006641s ]

[ 2016-10-18T19:42:37+08:00 ]  
INFO: [ app_init ] --START--
INFO: Run Behavior\BuildLiteBehavior [ RunTime:0.000105s ]
INFO: [ app_init ] --END-- [ RunTime:0.000399s ]
NOTIC: [8] Use of undefined constant _PHP_FILE_ - assumed '_PHP_FILE_' /home/vagrant/www/ant-manager/ThinkPHP/Library/Think/Dispatcher.class.php 第 186 行.
INFO: [ app_begin ] --START--
INFO: Run Behavior\ReadHtmlCacheBehavior [ RunTime:0.006315s ]
INFO: [ app_begin ] --END-- [ RunTime:0.006372s ]
NOTIC: [2] file_get_contents(/home/vagrant/www/ant-manager/Cli/Org/Workerman/../_home_vagrant_www_ant-manager_cli.php.pid): failed to open stream: No such file or directory /home/vagrant/www/ant-manager/Cli/Org/Workerman/Worker.php 第 618 行.

[ 2016-10-18T19:42:37+08:00 ]  
INFO: [ app_init ] --START--
INFO: Run Behavior\BuildLiteBehavior [ RunTime:0.000105s ]
INFO: [ app_init ] --END-- [ RunTime:0.000399s ]
NOTIC: [8] Use of undefined constant _PHP_FILE_ - assumed '_PHP_FILE_' /home/vagrant/www/ant-manager/ThinkPHP/Library/Think/Dispatcher.class.php 第 186 行.
INFO: [ app_begin ] --START--
INFO: Run Behavior\ReadHtmlCacheBehavior [ RunTime:0.006315s ]
INFO: [ app_begin ] --END-- [ RunTime:0.006372s ]
NOTIC: [2] file_get_contents(/home/vagrant/www/ant-manager/Cli/Org/Workerman/../_home_vagrant_www_ant-manager_cli.php.pid): failed to open stream: No such file or directory /home/vagrant/www/ant-manager/Cli/Org/Workerman/Worker.php 第 618 行.

[ 2016-10-18T19:42:37+08:00 ]  
INFO: [ app_init ] --START--
INFO: Run Behavior\BuildLiteBehavior [ RunTime:0.000105s ]
INFO: [ app_init ] --END-- [ RunTime:0.000399s ]
NOTIC: [8] Use of undefined constant _PHP_FILE_ - assumed '_PHP_FILE_' /home/vagrant/www/ant-manager/ThinkPHP/Library/Think/Dispatcher.class.php 第 186 行.
INFO: [ app_begin ] --START--
INFO: Run Behavior\ReadHtmlCacheBehavior [ RunTime:0.006315s ]
INFO: [ app_begin ] --END-- [ RunTime:0.006372s ]
NOTIC: [2] file_get_contents(/home/vagrant/www/ant-manager/Cli/Org/Workerman/../_home_vagrant_www_ant-manager_cli.php.pid): failed to open stream: No such file or directory /home/vagrant/www/ant-manager/Cli/Org/Workerman/Worker.php 第 618 行.

[ 2016-10-18T19:42:37+08:00 ]  
INFO: [ app_init ] --START--
INFO: Run Behavior\BuildLiteBehavior [ RunTime:0.000105s ]
INFO: [ app_init ] --END-- [ RunTime:0.000399s ]
NOTIC: [8] Use of undefined constant _PHP_FILE_ - assumed '_PHP_FILE_' /home/vagrant/www/ant-manager/ThinkPHP/Library/Think/Dispatcher.class.php 第 186 行.
INFO: [ app_begin ] --START--
INFO: Run Behavior\ReadHtmlCacheBehavior [ RunTime:0.006315s ]
INFO: [ app_begin ] --END-- [ RunTime:0.006372s ]
NOTIC: [2] file_get_contents(/home/vagrant/www/ant-manager/Cli/Org/Workerman/../_home_vagrant_www_ant-manager_cli.php.pid): failed to open stream: No such file or directory /home/vagrant/www/ant-manager/Cli/Org/Workerman/Worker.php 第 618 行.

[ 2016-10-18T19:42:37+08:00 ]  
INFO: [ app_init ] --START--
INFO: Run Behavior\BuildLiteBehavior [ RunTime:0.000105s ]
INFO: [ app_init ] --END-- [ RunTime:0.000399s ]
NOTIC: [8] Use of undefined constant _PHP_FILE_ - assumed '_PHP_FILE_' /home/vagrant/www/ant-manager/ThinkPHP/Library/Think/Dispatcher.class.php 第 186 行.
INFO: [ app_begin ] --START--
INFO: Run Behavior\ReadHtmlCacheBehavior [ RunTime:0.006315s ]
INFO: [ app_begin ] --END-- [ RunTime:0.006372s ]
NOTIC: [2] file_get_contents(/home/vagrant/www/ant-manager/Cli/Org/Workerman/../_home_vagrant_www_ant-manager_cli.php.pid): failed to open stream: No such file or directory /home/vagrant/www/ant-manager/Cli/Org/Workerman/Worker.php 第 618 行.

[ 2016-10-18T19:42:37+08:00 ]  
INFO: [ app_init ] --START--
INFO: Run Behavior\BuildLiteBehavior [ RunTime:0.000105s ]
INFO: [ app_init ] --END-- [ RunTime:0.000399s ]
NOTIC: [8] Use of undefined constant _PHP_FILE_ - assumed '_PHP_FILE_' /home/vagrant/www/ant-manager/ThinkPHP/Library/Think/Dispatcher.class.php 第 186 行.
INFO: [ app_begin ] --START--
INFO: Run Behavior\ReadHtmlCacheBehavior [ RunTime:0.006315s ]
INFO: [ app_begin ] --END-- [ RunTime:0.006372s ]
NOTIC: [2] file_get_contents(/home/vagrant/www/ant-manager/Cli/Org/Workerman/../_home_vagrant_www_ant-manager_cli.php.pid): failed to open stream: No such file or directory /home/vagrant/www/ant-manager/Cli/Org/Workerman/Worker.php 第 618 行.

[ 2016-10-18T19:42:37+08:00 ]  
INFO: [ app_init ] --START--
INFO: Run Behavior\BuildLiteBehavior [ RunTime:0.000105s ]
INFO: [ app_init ] --END-- [ RunTime:0.000399s ]
NOTIC: [8] Use of undefined constant _PHP_FILE_ - assumed '_PHP_FILE_' /home/vagrant/www/ant-manager/ThinkPHP/Library/Think/Dispatcher.class.php 第 186 行.
INFO: [ app_begin ] --START--
INFO: Run Behavior\ReadHtmlCacheBehavior [ RunTime:0.006315s ]
INFO: [ app_begin ] --END-- [ RunTime:0.006372s ]
NOTIC: [2] file_get_contents(/home/vagrant/www/ant-manager/Cli/Org/Workerman/../_home_vagrant_www_ant-manager_cli.php.pid): failed to open stream: No such file or directory /home/vagrant/www/ant-manager/Cli/Org/Workerman/Worker.php 第 618 行.

[ 2016-10-18T19:42:37+08:00 ]  
INFO: [ app_init ] --START--
INFO: Run Behavior\BuildLiteBehavior [ RunTime:0.000105s ]
INFO: [ app_init ] --END-- [ RunTime:0.000399s ]
NOTIC: [8] Use of undefined constant _PHP_FILE_ - assumed '_PHP_FILE_' /home/vagrant/www/ant-manager/ThinkPHP/Library/Think/Dispatcher.class.php 第 186 行.
INFO: [ app_begin ] --START--
INFO: Run Behavior\ReadHtmlCacheBehavior [ RunTime:0.006315s ]
INFO: [ app_begin ] --END-- [ RunTime:0.006372s ]
NOTIC: [2] file_get_contents(/home/vagrant/www/ant-manager/Cli/Org/Workerman/../_home_vagrant_www_ant-manager_cli.php.pid): failed to open stream: No such file or directory /home/vagrant/www/ant-manager/Cli/Org/Workerman/Worker.php 第 618 行.

[ 2016-10-18T19:42:37+08:00 ]  
INFO: [ app_init ] --START--
INFO: Run Behavior\BuildLiteBehavior [ RunTime:0.000105s ]
INFO: [ app_init ] --END-- [ RunTime:0.000399s ]
NOTIC: [8] Use of undefined constant _PHP_FILE_ - assumed '_PHP_FILE_' /home/vagrant/www/ant-manager/ThinkPHP/Library/Think/Dispatcher.class.php 第 186 行.
INFO: [ app_begin ] --START--
INFO: Run Behavior\ReadHtmlCacheBehavior [ RunTime:0.006315s ]
INFO: [ app_begin ] --END-- [ RunTime:0.006372s ]
NOTIC: [2] file_get_contents(/home/vagrant/www/ant-manager/Cli/Org/Workerman/../_home_vagrant_www_ant-manager_cli.php.pid): failed to open stream: No such file or directory /home/vagrant/www/ant-manager/Cli/Org/Workerman/Worker.php 第 618 行.

[ 2016-10-18T19:42:37+08:00 ]  
INFO: [ app_init ] --START--
INFO: Run Behavior\BuildLiteBehavior [ RunTime:0.000105s ]
INFO: [ app_init ] --END-- [ RunTime:0.000399s ]
NOTIC: [8] Use of undefined constant _PHP_FILE_ - assumed '_PHP_FILE_' /home/vagrant/www/ant-manager/ThinkPHP/Library/Think/Dispatcher.class.php 第 186 行.
INFO: [ app_begin ] --START--
INFO: Run Behavior\ReadHtmlCacheBehavior [ RunTime:0.006315s ]
INFO: [ app_begin ] --END-- [ RunTime:0.006372s ]
NOTIC: [2] file_get_contents(/home/vagrant/www/ant-manager/Cli/Org/Workerman/../_home_vagrant_www_ant-manager_cli.php.pid): failed to open stream: No such file or directory /home/vagrant/www/ant-manager/Cli/Org/Workerman/Worker.php 第 618 行.

[ 2016-10-18T19:42:37+08:00 ]  
INFO: [ app_init ] --START--
INFO: Run Behavior\BuildLiteBehavior [ RunTime:0.000105s ]
INFO: [ app_init ] --END-- [ RunTime:0.000399s ]
NOTIC: [8] Use of undefined constant _PHP_FILE_ - assumed '_PHP_FILE_' /home/vagrant/www/ant-manager/ThinkPHP/Library/Think/Dispatcher.class.php 第 186 行.
INFO: [ app_begin ] --START--
INFO: Run Behavior\ReadHtmlCacheBehavior [ RunTime:0.006315s ]
INFO: [ app_begin ] --END-- [ RunTime:0.006372s ]
NOTIC: [2] file_get_contents(/home/vagrant/www/ant-manager/Cli/Org/Workerman/../_home_vagrant_www_ant-manager_cli.php.pid): failed to open stream: No such file or directory /home/vagrant/www/ant-manager/Cli/Org/Workerman/Worker.php 第 618 行.

[ 2016-10-18T19:42:37+08:00 ]  
INFO: [ app_init ] --START--
INFO: Run Behavior\BuildLiteBehavior [ RunTime:0.000105s ]
INFO: [ app_init ] --END-- [ RunTime:0.000399s ]
NOTIC: [8] Use of undefined constant _PHP_FILE_ - assumed '_PHP_FILE_' /home/vagrant/www/ant-manager/ThinkPHP/Library/Think/Dispatcher.class.php 第 186 行.
INFO: [ app_begin ] --START--
INFO: Run Behavior\ReadHtmlCacheBehavior [ RunTime:0.006315s ]
INFO: [ app_begin ] --END-- [ RunTime:0.006372s ]
NOTIC: [2] file_get_contents(/home/vagrant/www/ant-manager/Cli/Org/Workerman/../_home_vagrant_www_ant-manager_cli.php.pid): failed to open stream: No such file or directory /home/vagrant/www/ant-manager/Cli/Org/Workerman/Worker.php 第 618 行.

[ 2016-10-18T19:42:37+08:00 ]  
INFO: [ app_init ] --START--
INFO: Run Behavior\BuildLiteBehavior [ RunTime:0.000105s ]
INFO: [ app_init ] --END-- [ RunTime:0.000399s ]
NOTIC: [8] Use of undefined constant _PHP_FILE_ - assumed '_PHP_FILE_' /home/vagrant/www/ant-manager/ThinkPHP/Library/Think/Dispatcher.class.php 第 186 行.
INFO: [ app_begin ] --START--
INFO: Run Behavior\ReadHtmlCacheBehavior [ RunTime:0.006315s ]
INFO: [ app_begin ] --END-- [ RunTime:0.006372s ]
NOTIC: [2] file_get_contents(/home/vagrant/www/ant-manager/Cli/Org/Workerman/../_home_vagrant_www_ant-manager_cli.php.pid): failed to open stream: No such file or directory /home/vagrant/www/ant-manager/Cli/Org/Workerman/Worker.php 第 618 行.

[ 2016-10-18T19:42:37+08:00 ]  
INFO: [ app_init ] --START--
INFO: Run Behavior\BuildLiteBehavior [ RunTime:0.000105s ]
INFO: [ app_init ] --END-- [ RunTime:0.000399s ]
NOTIC: [8] Use of undefined constant _PHP_FILE_ - assumed '_PHP_FILE_' /home/vagrant/www/ant-manager/ThinkPHP/Library/Think/Dispatcher.class.php 第 186 行.
INFO: [ app_begin ] --START--
INFO: Run Behavior\ReadHtmlCacheBehavior [ RunTime:0.006315s ]
INFO: [ app_begin ] --END-- [ RunTime:0.006372s ]
NOTIC: [2] file_get_contents(/home/vagrant/www/ant-manager/Cli/Org/Workerman/../_home_vagrant_www_ant-manager_cli.php.pid): failed to open stream: No such file or directory /home/vagrant/www/ant-manager/Cli/Org/Workerman/Worker.php 第 618 行.

[ 2016-10-18T19:42:37+08:00 ]  
INFO: [ app_init ] --START--
INFO: Run Behavior\BuildLiteBehavior [ RunTime:0.000105s ]
INFO: [ app_init ] --END-- [ RunTime:0.000399s ]
NOTIC: [8] Use of undefined constant _PHP_FILE_ - assumed '_PHP_FILE_' /home/vagrant/www/ant-manager/ThinkPHP/Library/Think/Dispatcher.class.php 第 186 行.
INFO: [ app_begin ] --START--
INFO: Run Behavior\ReadHtmlCacheBehavior [ RunTime:0.006315s ]
INFO: [ app_begin ] --END-- [ RunTime:0.006372s ]
NOTIC: [2] file_get_contents(/home/vagrant/www/ant-manager/Cli/Org/Workerman/../_home_vagrant_www_ant-manager_cli.php.pid): failed to open stream: No such file or directory /home/vagrant/www/ant-manager/Cli/Org/Workerman/Worker.php 第 618 行.

[ 2016-10-18T19:42:37+08:00 ]  
INFO: [ app_init ] --START--
INFO: Run Behavior\BuildLiteBehavior [ RunTime:0.000105s ]
INFO: [ app_init ] --END-- [ RunTime:0.000399s ]
NOTIC: [8] Use of undefined constant _PHP_FILE_ - assumed '_PHP_FILE_' /home/vagrant/www/ant-manager/ThinkPHP/Library/Think/Dispatcher.class.php 第 186 行.
INFO: [ app_begin ] --START--
INFO: Run Behavior\ReadHtmlCacheBehavior [ RunTime:0.006315s ]
INFO: [ app_begin ] --END-- [ RunTime:0.006372s ]
NOTIC: [2] file_get_contents(/home/vagrant/www/ant-manager/Cli/Org/Workerman/../_home_vagrant_www_ant-manager_cli.php.pid): failed to open stream: No such file or directory /home/vagrant/www/ant-manager/Cli/Org/Workerman/Worker.php 第 618 行.

[ 2016-10-18T19:42:37+08:00 ]  
INFO: [ app_init ] --START--
INFO: Run Behavior\BuildLiteBehavior [ RunTime:0.000105s ]
INFO: [ app_init ] --END-- [ RunTime:0.000399s ]
NOTIC: [8] Use of undefined constant _PHP_FILE_ - assumed '_PHP_FILE_' /home/vagrant/www/ant-manager/ThinkPHP/Library/Think/Dispatcher.class.php 第 186 行.
INFO: [ app_begin ] --START--
INFO: Run Behavior\ReadHtmlCacheBehavior [ RunTime:0.006315s ]
INFO: [ app_begin ] --END-- [ RunTime:0.006372s ]
NOTIC: [2] file_get_contents(/home/vagrant/www/ant-manager/Cli/Org/Workerman/../_home_vagrant_www_ant-manager_cli.php.pid): failed to open stream: No such file or directory /home/vagrant/www/ant-manager/Cli/Org/Workerman/Worker.php 第 618 行.

[ 2016-10-18T19:43:33+08:00 ]  
INFO: [ app_init ] --START--
INFO: Run Behavior\BuildLiteBehavior [ RunTime:0.000028s ]
INFO: [ app_init ] --END-- [ RunTime:0.000327s ]
NOTIC: [8] Use of undefined constant _PHP_FILE_ - assumed '_PHP_FILE_' /home/vagrant/www/ant-manager/ThinkPHP/Library/Think/Dispatcher.class.php 第 186 行.
INFO: [ app_begin ] --START--
INFO: Run Behavior\ReadHtmlCacheBehavior [ RunTime:0.008772s ]
INFO: [ app_begin ] --END-- [ RunTime:0.008845s ]
NOTIC: [2] fsockopen(): unable to connect to 127.0.0.2:9191 (Connection refused) /home/vagrant/www/ant-manager/Cli/Thrift/Org/ThriftRpc/Lib/Thrift/Transport/TSocket.php 第 226 行.
ERR: TSocket: Could not connect to 127.0.0.2:9191 (Connection refused [111])
NOTIC: [2] Cannot modify header information - headers already sent by (output started at /home/vagrant/www/ant-manager/Cli/Thrift/Controller/ClientController.class.php:26) /home/vagrant/www/ant-manager/ThinkPHP/Library/Think/Think.class.php 第 229 行.
NOTIC: [2] Cannot modify header information - headers already sent by (output started at /home/vagrant/www/ant-manager/Cli/Thrift/Controller/ClientController.class.php:26) /home/vagrant/www/ant-manager/ThinkPHP/Library/Think/Think.class.php 第 230 行.

[ 2016-10-18T19:43:37+08:00 ]  
INFO: [ app_init ] --START--
INFO: Run Behavior\BuildLiteBehavior [ RunTime:0.000028s ]
INFO: [ app_init ] --END-- [ RunTime:0.000317s ]
NOTIC: [8] Use of undefined constant _PHP_FILE_ - assumed '_PHP_FILE_' /home/vagrant/www/ant-manager/ThinkPHP/Library/Think/Dispatcher.class.php 第 186 行.
INFO: [ app_begin ] --START--
INFO: Run Behavior\ReadHtmlCacheBehavior [ RunTime:0.006471s ]
INFO: [ app_begin ] --END-- [ RunTime:0.006526s ]
NOTIC: [2] fsockopen(): unable to connect to 127.0.0.2:9191 (Connection refused) /home/vagrant/www/ant-manager/Cli/Thrift/Org/ThriftRpc/Lib/Thrift/Transport/TSocket.php 第 226 行.
ERR: TSocket: Could not connect to 127.0.0.2:9191 (Connection refused [111])
NOTIC: [2] Cannot modify header information - headers already sent by (output started at /home/vagrant/www/ant-manager/Cli/Thrift/Controller/ClientController.class.php:26) /home/vagrant/www/ant-manager/ThinkPHP/Library/Think/Think.class.php 第 229 行.
NOTIC: [2] Cannot modify header information - headers already sent by (output started at /home/vagrant/www/ant-manager/Cli/Thrift/Controller/ClientController.class.php:26) /home/vagrant/www/ant-manager/ThinkPHP/Library/Think/Think.class.php 第 230 行.

[ 2016-10-18T19:44:17+08:00 ]  
INFO: [ app_init ] --START--
INFO: Run Behavior\BuildLiteBehavior [ RunTime:0.000029s ]
INFO: [ app_init ] --END-- [ RunTime:0.000383s ]
NOTIC: [8] Use of undefined constant _PHP_FILE_ - assumed '_PHP_FILE_' /home/vagrant/www/ant-manager/ThinkPHP/Library/Think/Dispatcher.class.php 第 186 行.
INFO: [ app_begin ] --START--
INFO: Run Behavior\ReadHtmlCacheBehavior [ RunTime:0.006638s ]
INFO: [ app_begin ] --END-- [ RunTime:0.006698s ]
NOTIC: [2] file_get_contents(/home/vagrant/www/ant-manager/Cli/Org/Workerman/../_home_vagrant_www_ant-manager_cli.php.pid): failed to open stream: No such file or directory /home/vagrant/www/ant-manager/Cli/Org/Workerman/Worker.php 第 618 行.

[ 2016-10-18T19:44:17+08:00 ]  
INFO: [ app_init ] --START--
INFO: Run Behavior\BuildLiteBehavior [ RunTime:0.000029s ]
INFO: [ app_init ] --END-- [ RunTime:0.000383s ]
NOTIC: [8] Use of undefined constant _PHP_FILE_ - assumed '_PHP_FILE_' /home/vagrant/www/ant-manager/ThinkPHP/Library/Think/Dispatcher.class.php 第 186 行.
INFO: [ app_begin ] --START--
INFO: Run Behavior\ReadHtmlCacheBehavior [ RunTime:0.006638s ]
INFO: [ app_begin ] --END-- [ RunTime:0.006698s ]
NOTIC: [2] file_get_contents(/home/vagrant/www/ant-manager/Cli/Org/Workerman/../_home_vagrant_www_ant-manager_cli.php.pid): failed to open stream: No such file or directory /home/vagrant/www/ant-manager/Cli/Org/Workerman/Worker.php 第 618 行.

[ 2016-10-18T19:44:17+08:00 ]  
INFO: [ app_init ] --START--
INFO: Run Behavior\BuildLiteBehavior [ RunTime:0.000029s ]
INFO: [ app_init ] --END-- [ RunTime:0.000383s ]
NOTIC: [8] Use of undefined constant _PHP_FILE_ - assumed '_PHP_FILE_' /home/vagrant/www/ant-manager/ThinkPHP/Library/Think/Dispatcher.class.php 第 186 行.
INFO: [ app_begin ] --START--
INFO: Run Behavior\ReadHtmlCacheBehavior [ RunTime:0.006638s ]
INFO: [ app_begin ] --END-- [ RunTime:0.006698s ]
NOTIC: [2] file_get_contents(/home/vagrant/www/ant-manager/Cli/Org/Workerman/../_home_vagrant_www_ant-manager_cli.php.pid): failed to open stream: No such file or directory /home/vagrant/www/ant-manager/Cli/Org/Workerman/Worker.php 第 618 行.

[ 2016-10-18T19:44:17+08:00 ]  
INFO: [ app_init ] --START--
INFO: Run Behavior\BuildLiteBehavior [ RunTime:0.000029s ]
INFO: [ app_init ] --END-- [ RunTime:0.000383s ]
NOTIC: [8] Use of undefined constant _PHP_FILE_ - assumed '_PHP_FILE_' /home/vagrant/www/ant-manager/ThinkPHP/Library/Think/Dispatcher.class.php 第 186 行.
INFO: [ app_begin ] --START--
INFO: Run Behavior\ReadHtmlCacheBehavior [ RunTime:0.006638s ]
INFO: [ app_begin ] --END-- [ RunTime:0.006698s ]
NOTIC: [2] file_get_contents(/home/vagrant/www/ant-manager/Cli/Org/Workerman/../_home_vagrant_www_ant-manager_cli.php.pid): failed to open stream: No such file or directory /home/vagrant/www/ant-manager/Cli/Org/Workerman/Worker.php 第 618 行.

[ 2016-10-18T19:44:17+08:00 ]  
INFO: [ app_init ] --START--
INFO: Run Behavior\BuildLiteBehavior [ RunTime:0.000029s ]
INFO: [ app_init ] --END-- [ RunTime:0.000383s ]
NOTIC: [8] Use of undefined constant _PHP_FILE_ - assumed '_PHP_FILE_' /home/vagrant/www/ant-manager/ThinkPHP/Library/Think/Dispatcher.class.php 第 186 行.
INFO: [ app_begin ] --START--
INFO: Run Behavior\ReadHtmlCacheBehavior [ RunTime:0.006638s ]
INFO: [ app_begin ] --END-- [ RunTime:0.006698s ]
NOTIC: [2] file_get_contents(/home/vagrant/www/ant-manager/Cli/Org/Workerman/../_home_vagrant_www_ant-manager_cli.php.pid): failed to open stream: No such file or directory /home/vagrant/www/ant-manager/Cli/Org/Workerman/Worker.php 第 618 行.

[ 2016-10-18T19:44:17+08:00 ]  
INFO: [ app_init ] --START--
INFO: Run Behavior\BuildLiteBehavior [ RunTime:0.000029s ]
INFO: [ app_init ] --END-- [ RunTime:0.000383s ]
NOTIC: [8] Use of undefined constant _PHP_FILE_ - assumed '_PHP_FILE_' /home/vagrant/www/ant-manager/ThinkPHP/Library/Think/Dispatcher.class.php 第 186 行.
INFO: [ app_begin ] --START--
INFO: Run Behavior\ReadHtmlCacheBehavior [ RunTime:0.006638s ]
INFO: [ app_begin ] --END-- [ RunTime:0.006698s ]
NOTIC: [2] file_get_contents(/home/vagrant/www/ant-manager/Cli/Org/Workerman/../_home_vagrant_www_ant-manager_cli.php.pid): failed to open stream: No such file or directory /home/vagrant/www/ant-manager/Cli/Org/Workerman/Worker.php 第 618 行.

[ 2016-10-18T19:44:17+08:00 ]  
INFO: [ app_init ] --START--
INFO: Run Behavior\BuildLiteBehavior [ RunTime:0.000029s ]
INFO: [ app_init ] --END-- [ RunTime:0.000383s ]
NOTIC: [8] Use of undefined constant _PHP_FILE_ - assumed '_PHP_FILE_' /home/vagrant/www/ant-manager/ThinkPHP/Library/Think/Dispatcher.class.php 第 186 行.
INFO: [ app_begin ] --START--
INFO: Run Behavior\ReadHtmlCacheBehavior [ RunTime:0.006638s ]
INFO: [ app_begin ] --END-- [ RunTime:0.006698s ]
NOTIC: [2] file_get_contents(/home/vagrant/www/ant-manager/Cli/Org/Workerman/../_home_vagrant_www_ant-manager_cli.php.pid): failed to open stream: No such file or directory /home/vagrant/www/ant-manager/Cli/Org/Workerman/Worker.php 第 618 行.

[ 2016-10-18T19:44:17+08:00 ]  
INFO: [ app_init ] --START--
INFO: Run Behavior\BuildLiteBehavior [ RunTime:0.000029s ]
INFO: [ app_init ] --END-- [ RunTime:0.000383s ]
NOTIC: [8] Use of undefined constant _PHP_FILE_ - assumed '_PHP_FILE_' /home/vagrant/www/ant-manager/ThinkPHP/Library/Think/Dispatcher.class.php 第 186 行.
INFO: [ app_begin ] --START--
INFO: Run Behavior\ReadHtmlCacheBehavior [ RunTime:0.006638s ]
INFO: [ app_begin ] --END-- [ RunTime:0.006698s ]
NOTIC: [2] file_get_contents(/home/vagrant/www/ant-manager/Cli/Org/Workerman/../_home_vagrant_www_ant-manager_cli.php.pid): failed to open stream: No such file or directory /home/vagrant/www/ant-manager/Cli/Org/Workerman/Worker.php 第 618 行.

[ 2016-10-18T19:44:17+08:00 ]  
INFO: [ app_init ] --START--
INFO: Run Behavior\BuildLiteBehavior [ RunTime:0.000029s ]
INFO: [ app_init ] --END-- [ RunTime:0.000383s ]
NOTIC: [8] Use of undefined constant _PHP_FILE_ - assumed '_PHP_FILE_' /home/vagrant/www/ant-manager/ThinkPHP/Library/Think/Dispatcher.class.php 第 186 行.
INFO: [ app_begin ] --START--
INFO: Run Behavior\ReadHtmlCacheBehavior [ RunTime:0.006638s ]
INFO: [ app_begin ] --END-- [ RunTime:0.006698s ]
NOTIC: [2] file_get_contents(/home/vagrant/www/ant-manager/Cli/Org/Workerman/../_home_vagrant_www_ant-manager_cli.php.pid): failed to open stream: No such file or directory /home/vagrant/www/ant-manager/Cli/Org/Workerman/Worker.php 第 618 行.

[ 2016-10-18T19:44:17+08:00 ]  
INFO: [ app_init ] --START--
INFO: Run Behavior\BuildLiteBehavior [ RunTime:0.000029s ]
INFO: [ app_init ] --END-- [ RunTime:0.000383s ]
NOTIC: [8] Use of undefined constant _PHP_FILE_ - assumed '_PHP_FILE_' /home/vagrant/www/ant-manager/ThinkPHP/Library/Think/Dispatcher.class.php 第 186 行.
INFO: [ app_begin ] --START--
INFO: Run Behavior\ReadHtmlCacheBehavior [ RunTime:0.006638s ]
INFO: [ app_begin ] --END-- [ RunTime:0.006698s ]
NOTIC: [2] file_get_contents(/home/vagrant/www/ant-manager/Cli/Org/Workerman/../_home_vagrant_www_ant-manager_cli.php.pid): failed to open stream: No such file or directory /home/vagrant/www/ant-manager/Cli/Org/Workerman/Worker.php 第 618 行.

[ 2016-10-18T19:44:17+08:00 ]  
INFO: [ app_init ] --START--
INFO: Run Behavior\BuildLiteBehavior [ RunTime:0.000029s ]
INFO: [ app_init ] --END-- [ RunTime:0.000383s ]
NOTIC: [8] Use of undefined constant _PHP_FILE_ - assumed '_PHP_FILE_' /home/vagrant/www/ant-manager/ThinkPHP/Library/Think/Dispatcher.class.php 第 186 行.
INFO: [ app_begin ] --START--
INFO: Run Behavior\ReadHtmlCacheBehavior [ RunTime:0.006638s ]
INFO: [ app_begin ] --END-- [ RunTime:0.006698s ]
NOTIC: [2] file_get_contents(/home/vagrant/www/ant-manager/Cli/Org/Workerman/../_home_vagrant_www_ant-manager_cli.php.pid): failed to open stream: No such file or directory /home/vagrant/www/ant-manager/Cli/Org/Workerman/Worker.php 第 618 行.

[ 2016-10-18T19:44:17+08:00 ]  
INFO: [ app_init ] --START--
INFO: Run Behavior\BuildLiteBehavior [ RunTime:0.000029s ]
INFO: [ app_init ] --END-- [ RunTime:0.000383s ]
NOTIC: [8] Use of undefined constant _PHP_FILE_ - assumed '_PHP_FILE_' /home/vagrant/www/ant-manager/ThinkPHP/Library/Think/Dispatcher.class.php 第 186 行.
INFO: [ app_begin ] --START--
INFO: Run Behavior\ReadHtmlCacheBehavior [ RunTime:0.006638s ]
INFO: [ app_begin ] --END-- [ RunTime:0.006698s ]
NOTIC: [2] file_get_contents(/home/vagrant/www/ant-manager/Cli/Org/Workerman/../_home_vagrant_www_ant-manager_cli.php.pid): failed to open stream: No such file or directory /home/vagrant/www/ant-manager/Cli/Org/Workerman/Worker.php 第 618 行.

[ 2016-10-18T19:44:17+08:00 ]  
INFO: [ app_init ] --START--
INFO: Run Behavior\BuildLiteBehavior [ RunTime:0.000029s ]
INFO: [ app_init ] --END-- [ RunTime:0.000383s ]
NOTIC: [8] Use of undefined constant _PHP_FILE_ - assumed '_PHP_FILE_' /home/vagrant/www/ant-manager/ThinkPHP/Library/Think/Dispatcher.class.php 第 186 行.
INFO: [ app_begin ] --START--
INFO: Run Behavior\ReadHtmlCacheBehavior [ RunTime:0.006638s ]
INFO: [ app_begin ] --END-- [ RunTime:0.006698s ]
NOTIC: [2] file_get_contents(/home/vagrant/www/ant-manager/Cli/Org/Workerman/../_home_vagrant_www_ant-manager_cli.php.pid): failed to open stream: No such file or directory /home/vagrant/www/ant-manager/Cli/Org/Workerman/Worker.php 第 618 行.

[ 2016-10-18T19:44:17+08:00 ]  
INFO: [ app_init ] --START--
INFO: Run Behavior\BuildLiteBehavior [ RunTime:0.000029s ]
INFO: [ app_init ] --END-- [ RunTime:0.000383s ]
NOTIC: [8] Use of undefined constant _PHP_FILE_ - assumed '_PHP_FILE_' /home/vagrant/www/ant-manager/ThinkPHP/Library/Think/Dispatcher.class.php 第 186 行.
INFO: [ app_begin ] --START--
INFO: Run Behavior\ReadHtmlCacheBehavior [ RunTime:0.006638s ]
INFO: [ app_begin ] --END-- [ RunTime:0.006698s ]
NOTIC: [2] file_get_contents(/home/vagrant/www/ant-manager/Cli/Org/Workerman/../_home_vagrant_www_ant-manager_cli.php.pid): failed to open stream: No such file or directory /home/vagrant/www/ant-manager/Cli/Org/Workerman/Worker.php 第 618 行.

[ 2016-10-18T19:44:17+08:00 ]  
INFO: [ app_init ] --START--
INFO: Run Behavior\BuildLiteBehavior [ RunTime:0.000029s ]
INFO: [ app_init ] --END-- [ RunTime:0.000383s ]
NOTIC: [8] Use of undefined constant _PHP_FILE_ - assumed '_PHP_FILE_' /home/vagrant/www/ant-manager/ThinkPHP/Library/Think/Dispatcher.class.php 第 186 行.
INFO: [ app_begin ] --START--
INFO: Run Behavior\ReadHtmlCacheBehavior [ RunTime:0.006638s ]
INFO: [ app_begin ] --END-- [ RunTime:0.006698s ]
NOTIC: [2] file_get_contents(/home/vagrant/www/ant-manager/Cli/Org/Workerman/../_home_vagrant_www_ant-manager_cli.php.pid): failed to open stream: No such file or directory /home/vagrant/www/ant-manager/Cli/Org/Workerman/Worker.php 第 618 行.

[ 2016-10-18T19:44:17+08:00 ]  
INFO: [ app_init ] --START--
INFO: Run Behavior\BuildLiteBehavior [ RunTime:0.000029s ]
INFO: [ app_init ] --END-- [ RunTime:0.000383s ]
NOTIC: [8] Use of undefined constant _PHP_FILE_ - assumed '_PHP_FILE_' /home/vagrant/www/ant-manager/ThinkPHP/Library/Think/Dispatcher.class.php 第 186 行.
INFO: [ app_begin ] --START--
INFO: Run Behavior\ReadHtmlCacheBehavior [ RunTime:0.006638s ]
INFO: [ app_begin ] --END-- [ RunTime:0.006698s ]
NOTIC: [2] file_get_contents(/home/vagrant/www/ant-manager/Cli/Org/Workerman/../_home_vagrant_www_ant-manager_cli.php.pid): failed to open stream: No such file or directory /home/vagrant/www/ant-manager/Cli/Org/Workerman/Worker.php 第 618 行.

[ 2016-10-18T19:44:17+08:00 ]  
INFO: [ app_init ] --START--
INFO: Run Behavior\BuildLiteBehavior [ RunTime:0.000029s ]
INFO: [ app_init ] --END-- [ RunTime:0.000383s ]
NOTIC: [8] Use of undefined constant _PHP_FILE_ - assumed '_PHP_FILE_' /home/vagrant/www/ant-manager/ThinkPHP/Library/Think/Dispatcher.class.php 第 186 行.
INFO: [ app_begin ] --START--
INFO: Run Behavior\ReadHtmlCacheBehavior [ RunTime:0.006638s ]
INFO: [ app_begin ] --END-- [ RunTime:0.006698s ]
NOTIC: [2] file_get_contents(/home/vagrant/www/ant-manager/Cli/Org/Workerman/../_home_vagrant_www_ant-manager_cli.php.pid): failed to open stream: No such file or directory /home/vagrant/www/ant-manager/Cli/Org/Workerman/Worker.php 第 618 行.

[ 2016-10-18T19:44:19+08:00 ]  
INFO: [ app_init ] --START--
INFO: Run Behavior\BuildLiteBehavior [ RunTime:0.000029s ]
INFO: [ app_init ] --END-- [ RunTime:0.000416s ]
NOTIC: [8] Use of undefined constant _PHP_FILE_ - assumed '_PHP_FILE_' /home/vagrant/www/ant-manager/ThinkPHP/Library/Think/Dispatcher.class.php 第 186 行.
INFO: [ app_begin ] --START--
INFO: Run Behavior\ReadHtmlCacheBehavior [ RunTime:0.007350s ]
INFO: [ app_begin ] --END-- [ RunTime:0.007419s ]

[ 2016-10-18T19:45:57+08:00 ]  
INFO: [ app_init ] --START--
INFO: Run Behavior\BuildLiteBehavior [ RunTime:0.000030s ]
INFO: [ app_init ] --END-- [ RunTime:0.000392s ]
NOTIC: [8] Use of undefined constant _PHP_FILE_ - assumed '_PHP_FILE_' /home/vagrant/www/ant-manager/ThinkPHP/Library/Think/Dispatcher.class.php 第 186 行.
INFO: [ app_begin ] --START--
INFO: Run Behavior\ReadHtmlCacheBehavior [ RunTime:0.006884s ]
INFO: [ app_begin ] --END-- [ RunTime:0.006946s ]

[ 2016-10-18T19:46:27+08:00 ]  
INFO: [ app_init ] --START--
INFO: Run Behavior\BuildLiteBehavior [ RunTime:0.000027s ]
INFO: [ app_init ] --END-- [ RunTime:0.000315s ]
NOTIC: [8] Use of undefined constant _PHP_FILE_ - assumed '_PHP_FILE_' /home/vagrant/www/ant-manager/ThinkPHP/Library/Think/Dispatcher.class.php 第 186 行.
INFO: [ app_begin ] --START--
INFO: Run Behavior\ReadHtmlCacheBehavior [ RunTime:0.006649s ]
INFO: [ app_begin ] --END-- [ RunTime:0.006782s ]

[ 2016-10-18T19:46:34+08:00 ]  
INFO: [ app_init ] --START--
INFO: Run Behavior\BuildLiteBehavior [ RunTime:0.000027s ]
INFO: [ app_init ] --END-- [ RunTime:0.000336s ]
NOTIC: [8] Use of undefined constant _PHP_FILE_ - assumed '_PHP_FILE_' /home/vagrant/www/ant-manager/ThinkPHP/Library/Think/Dispatcher.class.php 第 186 行.
INFO: [ app_begin ] --START--
INFO: Run Behavior\ReadHtmlCacheBehavior [ RunTime:0.006882s ]
INFO: [ app_begin ] --END-- [ RunTime:0.006942s ]

[ 2016-10-18T19:46:43+08:00 ]  
INFO: [ app_init ] --START--
INFO: Run Behavior\BuildLiteBehavior [ RunTime:0.000029s ]
INFO: [ app_init ] --END-- [ RunTime:0.000397s ]
NOTIC: [8] Use of undefined constant _PHP_FILE_ - assumed '_PHP_FILE_' /home/vagrant/www/ant-manager/ThinkPHP/Library/Think/Dispatcher.class.php 第 186 行.
INFO: [ app_begin ] --START--
INFO: Run Behavior\ReadHtmlCacheBehavior [ RunTime:0.006566s ]
INFO: [ app_begin ] --END-- [ RunTime:0.006627s ]

[ 2016-10-18T19:46:49+08:00 ]  
INFO: [ app_init ] --START--
INFO: Run Behavior\BuildLiteBehavior [ RunTime:0.000028s ]
INFO: [ app_init ] --END-- [ RunTime:0.000325s ]
NOTIC: [8] Use of undefined constant _PHP_FILE_ - assumed '_PHP_FILE_' /home/vagrant/www/ant-manager/ThinkPHP/Library/Think/Dispatcher.class.php 第 186 行.
INFO: [ app_begin ] --START--
INFO: Run Behavior\ReadHtmlCacheBehavior [ RunTime:0.004594s ]
INFO: [ app_begin ] --END-- [ RunTime:0.004656s ]
INFO: [ app_end ] --START--
INFO: Run Behavior\ShowPageTraceBehavior [ RunTime:0.031385s ]
INFO: [ app_end ] --END-- [ RunTime:0.031557s ]

[ 2016-10-18T19:53:20+08:00 ]  
INFO: [ app_init ] --START--
INFO: Run Behavior\BuildLiteBehavior [ RunTime:0.000029s ]
INFO: [ app_init ] --END-- [ RunTime:0.000363s ]
NOTIC: [8] Use of undefined constant _PHP_FILE_ - assumed '_PHP_FILE_' /home/vagrant/www/ant-manager/ThinkPHP/Library/Think/Dispatcher.class.php 第 186 行.
INFO: [ app_begin ] --START--
INFO: Run Behavior\ReadHtmlCacheBehavior [ RunTime:0.006379s ]
INFO: [ app_begin ] --END-- [ RunTime:0.006444s ]
INFO: [ app_end ] --START--
INFO: Run Behavior\ShowPageTraceBehavior [ RunTime:0.037433s ]
INFO: [ app_end ] --END-- [ RunTime:0.037735s ]

