[ 2016-10-25T14:37:43+08:00 ]  
INFO: [ app_init ] --START--
INFO: Run Behavior\BuildLiteBehavior [ RunTime:0.000029s ]
INFO: [ app_init ] --END-- [ RunTime:0.000345s ]
NOTIC: [8] Use of undefined constant _PHP_FILE_ - assumed '_PHP_FILE_' /home/vagrant/www/ant-manager/ThinkPHP/Library/Think/Dispatcher.class.php 第 186 行.
INFO: [ app_begin ] --START--
INFO: Run Behavior\ReadHtmlCacheBehavior [ RunTime:0.007196s ]
INFO: [ app_begin ] --END-- [ RunTime:0.007260s ]
NOTIC: [2] file_get_contents(/home/vagrant/www/ant-manager/Cli/Org/Workerman/../_home_vagrant_www_ant-manager_cli.php.pid): failed to open stream: No such file or directory /home/vagrant/www/ant-manager/Cli/Org/Workerman/Worker.php 第 618 行.

[ 2016-10-25T14:37:43+08:00 ]  
INFO: [ app_init ] --START--
INFO: Run Behavior\BuildLiteBehavior [ RunTime:0.000029s ]
INFO: [ app_init ] --END-- [ RunTime:0.000345s ]
NOTIC: [8] Use of undefined constant _PHP_FILE_ - assumed '_PHP_FILE_' /home/vagrant/www/ant-manager/ThinkPHP/Library/Think/Dispatcher.class.php 第 186 行.
INFO: [ app_begin ] --START--
INFO: Run Behavior\ReadHtmlCacheBehavior [ RunTime:0.007196s ]
INFO: [ app_begin ] --END-- [ RunTime:0.007260s ]
NOTIC: [2] file_get_contents(/home/vagrant/www/ant-manager/Cli/Org/Workerman/../_home_vagrant_www_ant-manager_cli.php.pid): failed to open stream: No such file or directory /home/vagrant/www/ant-manager/Cli/Org/Workerman/Worker.php 第 618 行.

[ 2016-10-25T14:37:43+08:00 ]  
INFO: [ app_init ] --START--
INFO: Run Behavior\BuildLiteBehavior [ RunTime:0.000029s ]
INFO: [ app_init ] --END-- [ RunTime:0.000345s ]
NOTIC: [8] Use of undefined constant _PHP_FILE_ - assumed '_PHP_FILE_' /home/vagrant/www/ant-manager/ThinkPHP/Library/Think/Dispatcher.class.php 第 186 行.
INFO: [ app_begin ] --START--
INFO: Run Behavior\ReadHtmlCacheBehavior [ RunTime:0.007196s ]
INFO: [ app_begin ] --END-- [ RunTime:0.007260s ]
NOTIC: [2] file_get_contents(/home/vagrant/www/ant-manager/Cli/Org/Workerman/../_home_vagrant_www_ant-manager_cli.php.pid): failed to open stream: No such file or directory /home/vagrant/www/ant-manager/Cli/Org/Workerman/Worker.php 第 618 行.
NOTIC: [2] stream_socket_accept(): accept failed: Connection timed out /home/vagrant/www/ant-manager/Cli/Org/Workerman/Worker.php 第 1515 行.

[ 2016-10-25T14:37:43+08:00 ]  
INFO: [ app_init ] --START--
INFO: Run Behavior\BuildLiteBehavior [ RunTime:0.000029s ]
INFO: [ app_init ] --END-- [ RunTime:0.000345s ]
NOTIC: [8] Use of undefined constant _PHP_FILE_ - assumed '_PHP_FILE_' /home/vagrant/www/ant-manager/ThinkPHP/Library/Think/Dispatcher.class.php 第 186 行.
INFO: [ app_begin ] --START--
INFO: Run Behavior\ReadHtmlCacheBehavior [ RunTime:0.007196s ]
INFO: [ app_begin ] --END-- [ RunTime:0.007260s ]
NOTIC: [2] file_get_contents(/home/vagrant/www/ant-manager/Cli/Org/Workerman/../_home_vagrant_www_ant-manager_cli.php.pid): failed to open stream: No such file or directory /home/vagrant/www/ant-manager/Cli/Org/Workerman/Worker.php 第 618 行.

[ 2016-10-25T14:37:43+08:00 ]  
INFO: [ app_init ] --START--
INFO: Run Behavior\BuildLiteBehavior [ RunTime:0.000029s ]
INFO: [ app_init ] --END-- [ RunTime:0.000345s ]
NOTIC: [8] Use of undefined constant _PHP_FILE_ - assumed '_PHP_FILE_' /home/vagrant/www/ant-manager/ThinkPHP/Library/Think/Dispatcher.class.php 第 186 行.
INFO: [ app_begin ] --START--
INFO: Run Behavior\ReadHtmlCacheBehavior [ RunTime:0.007196s ]
INFO: [ app_begin ] --END-- [ RunTime:0.007260s ]
NOTIC: [2] file_get_contents(/home/vagrant/www/ant-manager/Cli/Org/Workerman/../_home_vagrant_www_ant-manager_cli.php.pid): failed to open stream: No such file or directory /home/vagrant/www/ant-manager/Cli/Org/Workerman/Worker.php 第 618 行.

[ 2016-10-25T14:37:43+08:00 ]  
INFO: [ app_init ] --START--
INFO: Run Behavior\BuildLiteBehavior [ RunTime:0.000029s ]
INFO: [ app_init ] --END-- [ RunTime:0.000345s ]
NOTIC: [8] Use of undefined constant _PHP_FILE_ - assumed '_PHP_FILE_' /home/vagrant/www/ant-manager/ThinkPHP/Library/Think/Dispatcher.class.php 第 186 行.
INFO: [ app_begin ] --START--
INFO: Run Behavior\ReadHtmlCacheBehavior [ RunTime:0.007196s ]
INFO: [ app_begin ] --END-- [ RunTime:0.007260s ]
NOTIC: [2] file_get_contents(/home/vagrant/www/ant-manager/Cli/Org/Workerman/../_home_vagrant_www_ant-manager_cli.php.pid): failed to open stream: No such file or directory /home/vagrant/www/ant-manager/Cli/Org/Workerman/Worker.php 第 618 行.

[ 2016-10-25T14:37:43+08:00 ]  
INFO: [ app_init ] --START--
INFO: Run Behavior\BuildLiteBehavior [ RunTime:0.000029s ]
INFO: [ app_init ] --END-- [ RunTime:0.000345s ]
NOTIC: [8] Use of undefined constant _PHP_FILE_ - assumed '_PHP_FILE_' /home/vagrant/www/ant-manager/ThinkPHP/Library/Think/Dispatcher.class.php 第 186 行.
INFO: [ app_begin ] --START--
INFO: Run Behavior\ReadHtmlCacheBehavior [ RunTime:0.007196s ]
INFO: [ app_begin ] --END-- [ RunTime:0.007260s ]
NOTIC: [2] file_get_contents(/home/vagrant/www/ant-manager/Cli/Org/Workerman/../_home_vagrant_www_ant-manager_cli.php.pid): failed to open stream: No such file or directory /home/vagrant/www/ant-manager/Cli/Org/Workerman/Worker.php 第 618 行.

[ 2016-10-25T14:37:43+08:00 ]  
INFO: [ app_init ] --START--
INFO: Run Behavior\BuildLiteBehavior [ RunTime:0.000029s ]
INFO: [ app_init ] --END-- [ RunTime:0.000345s ]
NOTIC: [8] Use of undefined constant _PHP_FILE_ - assumed '_PHP_FILE_' /home/vagrant/www/ant-manager/ThinkPHP/Library/Think/Dispatcher.class.php 第 186 行.
INFO: [ app_begin ] --START--
INFO: Run Behavior\ReadHtmlCacheBehavior [ RunTime:0.007196s ]
INFO: [ app_begin ] --END-- [ RunTime:0.007260s ]
NOTIC: [2] file_get_contents(/home/vagrant/www/ant-manager/Cli/Org/Workerman/../_home_vagrant_www_ant-manager_cli.php.pid): failed to open stream: No such file or directory /home/vagrant/www/ant-manager/Cli/Org/Workerman/Worker.php 第 618 行.

[ 2016-10-25T14:37:43+08:00 ]  
INFO: [ app_init ] --START--
INFO: Run Behavior\BuildLiteBehavior [ RunTime:0.000029s ]
INFO: [ app_init ] --END-- [ RunTime:0.000345s ]
NOTIC: [8] Use of undefined constant _PHP_FILE_ - assumed '_PHP_FILE_' /home/vagrant/www/ant-manager/ThinkPHP/Library/Think/Dispatcher.class.php 第 186 行.
INFO: [ app_begin ] --START--
INFO: Run Behavior\ReadHtmlCacheBehavior [ RunTime:0.007196s ]
INFO: [ app_begin ] --END-- [ RunTime:0.007260s ]
NOTIC: [2] file_get_contents(/home/vagrant/www/ant-manager/Cli/Org/Workerman/../_home_vagrant_www_ant-manager_cli.php.pid): failed to open stream: No such file or directory /home/vagrant/www/ant-manager/Cli/Org/Workerman/Worker.php 第 618 行.
NOTIC: [2] stream_socket_accept(): accept failed: Connection timed out /home/vagrant/www/ant-manager/Cli/Org/Workerman/Worker.php 第 1515 行.
NOTIC: [2] stream_socket_accept(): accept failed: Connection timed out /home/vagrant/www/ant-manager/Cli/Org/Workerman/Worker.php 第 1515 行.

[ 2016-10-25T14:37:43+08:00 ]  
INFO: [ app_init ] --START--
INFO: Run Behavior\BuildLiteBehavior [ RunTime:0.000029s ]
INFO: [ app_init ] --END-- [ RunTime:0.000345s ]
NOTIC: [8] Use of undefined constant _PHP_FILE_ - assumed '_PHP_FILE_' /home/vagrant/www/ant-manager/ThinkPHP/Library/Think/Dispatcher.class.php 第 186 行.
INFO: [ app_begin ] --START--
INFO: Run Behavior\ReadHtmlCacheBehavior [ RunTime:0.007196s ]
INFO: [ app_begin ] --END-- [ RunTime:0.007260s ]
NOTIC: [2] file_get_contents(/home/vagrant/www/ant-manager/Cli/Org/Workerman/../_home_vagrant_www_ant-manager_cli.php.pid): failed to open stream: No such file or directory /home/vagrant/www/ant-manager/Cli/Org/Workerman/Worker.php 第 618 行.

[ 2016-10-25T14:37:43+08:00 ]  
INFO: [ app_init ] --START--
INFO: Run Behavior\BuildLiteBehavior [ RunTime:0.000029s ]
INFO: [ app_init ] --END-- [ RunTime:0.000345s ]
NOTIC: [8] Use of undefined constant _PHP_FILE_ - assumed '_PHP_FILE_' /home/vagrant/www/ant-manager/ThinkPHP/Library/Think/Dispatcher.class.php 第 186 行.
INFO: [ app_begin ] --START--
INFO: Run Behavior\ReadHtmlCacheBehavior [ RunTime:0.007196s ]
INFO: [ app_begin ] --END-- [ RunTime:0.007260s ]
NOTIC: [2] file_get_contents(/home/vagrant/www/ant-manager/Cli/Org/Workerman/../_home_vagrant_www_ant-manager_cli.php.pid): failed to open stream: No such file or directory /home/vagrant/www/ant-manager/Cli/Org/Workerman/Worker.php 第 618 行.

[ 2016-10-25T14:37:43+08:00 ]  
INFO: [ app_init ] --START--
INFO: Run Behavior\BuildLiteBehavior [ RunTime:0.000029s ]
INFO: [ app_init ] --END-- [ RunTime:0.000345s ]
NOTIC: [8] Use of undefined constant _PHP_FILE_ - assumed '_PHP_FILE_' /home/vagrant/www/ant-manager/ThinkPHP/Library/Think/Dispatcher.class.php 第 186 行.
INFO: [ app_begin ] --START--
INFO: Run Behavior\ReadHtmlCacheBehavior [ RunTime:0.007196s ]
INFO: [ app_begin ] --END-- [ RunTime:0.007260s ]
NOTIC: [2] file_get_contents(/home/vagrant/www/ant-manager/Cli/Org/Workerman/../_home_vagrant_www_ant-manager_cli.php.pid): failed to open stream: No such file or directory /home/vagrant/www/ant-manager/Cli/Org/Workerman/Worker.php 第 618 行.

[ 2016-10-25T14:37:43+08:00 ]  
INFO: [ app_init ] --START--
INFO: Run Behavior\BuildLiteBehavior [ RunTime:0.000029s ]
INFO: [ app_init ] --END-- [ RunTime:0.000345s ]
NOTIC: [8] Use of undefined constant _PHP_FILE_ - assumed '_PHP_FILE_' /home/vagrant/www/ant-manager/ThinkPHP/Library/Think/Dispatcher.class.php 第 186 行.
INFO: [ app_begin ] --START--
INFO: Run Behavior\ReadHtmlCacheBehavior [ RunTime:0.007196s ]
INFO: [ app_begin ] --END-- [ RunTime:0.007260s ]
NOTIC: [2] file_get_contents(/home/vagrant/www/ant-manager/Cli/Org/Workerman/../_home_vagrant_www_ant-manager_cli.php.pid): failed to open stream: No such file or directory /home/vagrant/www/ant-manager/Cli/Org/Workerman/Worker.php 第 618 行.

[ 2016-10-25T14:37:43+08:00 ]  
INFO: [ app_init ] --START--
INFO: Run Behavior\BuildLiteBehavior [ RunTime:0.000029s ]
INFO: [ app_init ] --END-- [ RunTime:0.000345s ]
NOTIC: [8] Use of undefined constant _PHP_FILE_ - assumed '_PHP_FILE_' /home/vagrant/www/ant-manager/ThinkPHP/Library/Think/Dispatcher.class.php 第 186 行.
INFO: [ app_begin ] --START--
INFO: Run Behavior\ReadHtmlCacheBehavior [ RunTime:0.007196s ]
INFO: [ app_begin ] --END-- [ RunTime:0.007260s ]
NOTIC: [2] file_get_contents(/home/vagrant/www/ant-manager/Cli/Org/Workerman/../_home_vagrant_www_ant-manager_cli.php.pid): failed to open stream: No such file or directory /home/vagrant/www/ant-manager/Cli/Org/Workerman/Worker.php 第 618 行.

[ 2016-10-25T14:37:43+08:00 ]  
INFO: [ app_init ] --START--
INFO: Run Behavior\BuildLiteBehavior [ RunTime:0.000029s ]
INFO: [ app_init ] --END-- [ RunTime:0.000345s ]
NOTIC: [8] Use of undefined constant _PHP_FILE_ - assumed '_PHP_FILE_' /home/vagrant/www/ant-manager/ThinkPHP/Library/Think/Dispatcher.class.php 第 186 行.
INFO: [ app_begin ] --START--
INFO: Run Behavior\ReadHtmlCacheBehavior [ RunTime:0.007196s ]
INFO: [ app_begin ] --END-- [ RunTime:0.007260s ]
NOTIC: [2] file_get_contents(/home/vagrant/www/ant-manager/Cli/Org/Workerman/../_home_vagrant_www_ant-manager_cli.php.pid): failed to open stream: No such file or directory /home/vagrant/www/ant-manager/Cli/Org/Workerman/Worker.php 第 618 行.

[ 2016-10-25T14:37:43+08:00 ]  
INFO: [ app_init ] --START--
INFO: Run Behavior\BuildLiteBehavior [ RunTime:0.000029s ]
INFO: [ app_init ] --END-- [ RunTime:0.000345s ]
NOTIC: [8] Use of undefined constant _PHP_FILE_ - assumed '_PHP_FILE_' /home/vagrant/www/ant-manager/ThinkPHP/Library/Think/Dispatcher.class.php 第 186 行.
INFO: [ app_begin ] --START--
INFO: Run Behavior\ReadHtmlCacheBehavior [ RunTime:0.007196s ]
INFO: [ app_begin ] --END-- [ RunTime:0.007260s ]
NOTIC: [2] file_get_contents(/home/vagrant/www/ant-manager/Cli/Org/Workerman/../_home_vagrant_www_ant-manager_cli.php.pid): failed to open stream: No such file or directory /home/vagrant/www/ant-manager/Cli/Org/Workerman/Worker.php 第 618 行.

[ 2016-10-25T14:37:44+08:00 ]  
INFO: [ app_init ] --START--
INFO: Run Behavior\BuildLiteBehavior [ RunTime:0.000029s ]
INFO: [ app_init ] --END-- [ RunTime:0.000345s ]
NOTIC: [8] Use of undefined constant _PHP_FILE_ - assumed '_PHP_FILE_' /home/vagrant/www/ant-manager/ThinkPHP/Library/Think/Dispatcher.class.php 第 186 行.
INFO: [ app_begin ] --START--
INFO: Run Behavior\ReadHtmlCacheBehavior [ RunTime:0.007196s ]
INFO: [ app_begin ] --END-- [ RunTime:0.007260s ]
NOTIC: [2] file_get_contents(/home/vagrant/www/ant-manager/Cli/Org/Workerman/../_home_vagrant_www_ant-manager_cli.php.pid): failed to open stream: No such file or directory /home/vagrant/www/ant-manager/Cli/Org/Workerman/Worker.php 第 618 行.

