[ 2016-09-26T09:14:13+08:00 ] 127.0.0.1 /auctionsub/doc
INFO: [ app_init ] --START--
INFO: Run Behavior\BuildLiteBehavior [ RunTime:0.000027s ]
INFO: [ app_init ] --END-- [ RunTime:0.000156s ]
INFO: [ app_begin ] --START--
INFO: Run Behavior\ReadHtmlCacheBehavior [ RunTime:0.001656s ]
INFO: [ app_begin ] --END-- [ RunTime:0.001792s ]
INFO: [ view_parse ] --START--
INFO: [ template_filter ] --START--
INFO: Run Behavior\ContentReplaceBehavior [ RunTime:0.000075s ]
INFO: [ template_filter ] --END-- [ RunTime:0.000206s ]
INFO: Run Behavior\ParseTemplateBehavior [ RunTime:0.021798s ]
INFO: [ view_parse ] --END-- [ RunTime:0.021950s ]
INFO: [ view_filter ] --START--
INFO: Run Behavior\WriteHtmlCacheBehavior [ RunTime:0.002026s ]
INFO: [ view_filter ] --END-- [ RunTime:0.002132s ]
INFO: [ app_end ] --START--
INFO: Run Behavior\ShowPageTraceBehavior [ RunTime:0.001500s ]
INFO: [ app_end ] --END-- [ RunTime:0.001604s ]

[ 2016-09-26T13:57:33+08:00 ] 127.0.0.1 /auctionsub/doc
INFO: [ app_init ] --START--
INFO: Run Behavior\BuildLiteBehavior [ RunTime:0.000031s ]
INFO: [ app_init ] --END-- [ RunTime:0.000191s ]
INFO: [ app_begin ] --START--
INFO: Run Behavior\ReadHtmlCacheBehavior [ RunTime:0.001283s ]
INFO: [ app_begin ] --END-- [ RunTime:0.001419s ]
INFO: [ view_parse ] --START--
INFO: [ template_filter ] --START--
INFO: Run Behavior\ContentReplaceBehavior [ RunTime:0.000141s ]
INFO: [ template_filter ] --END-- [ RunTime:0.000276s ]
INFO: Run Behavior\ParseTemplateBehavior [ RunTime:0.012264s ]
INFO: [ view_parse ] --END-- [ RunTime:0.012393s ]
INFO: [ view_filter ] --START--
INFO: Run Behavior\WriteHtmlCacheBehavior [ RunTime:0.000922s ]
INFO: [ view_filter ] --END-- [ RunTime:0.001023s ]
INFO: [ app_end ] --START--
INFO: Run Behavior\ShowPageTraceBehavior [ RunTime:0.001278s ]
INFO: [ app_end ] --END-- [ RunTime:0.001391s ]

[ 2016-09-26T13:58:21+08:00 ] 127.0.0.1 /auctionsub/doc
INFO: [ app_init ] --START--
INFO: Run Behavior\BuildLiteBehavior [ RunTime:0.000029s ]
INFO: [ app_init ] --END-- [ RunTime:0.000164s ]
INFO: [ app_begin ] --START--
INFO: Run Behavior\ReadHtmlCacheBehavior [ RunTime:0.000951s ]
INFO: [ app_begin ] --END-- [ RunTime:0.001071s ]
INFO: [ view_parse ] --START--
INFO: [ template_filter ] --START--
INFO: Run Behavior\ContentReplaceBehavior [ RunTime:0.000078s ]
INFO: [ template_filter ] --END-- [ RunTime:0.000286s ]
INFO: Run Behavior\ParseTemplateBehavior [ RunTime:0.014055s ]
INFO: [ view_parse ] --END-- [ RunTime:0.014186s ]
INFO: [ view_filter ] --START--
INFO: Run Behavior\WriteHtmlCacheBehavior [ RunTime:0.001105s ]
INFO: [ view_filter ] --END-- [ RunTime:0.001234s ]
INFO: [ app_end ] --START--
INFO: Run Behavior\ShowPageTraceBehavior [ RunTime:0.000899s ]
INFO: [ app_end ] --END-- [ RunTime:0.001001s ]

[ 2016-09-26T14:00:33+08:00 ] 127.0.0.1 /auctionsub/api/order/add
INFO: [ app_init ] --START--
INFO: Run Behavior\BuildLiteBehavior [ RunTime:0.000059s ]
INFO: [ app_init ] --END-- [ RunTime:0.000220s ]
INFO: [ app_begin ] --START--
INFO: Run Behavior\ReadHtmlCacheBehavior [ RunTime:0.000866s ]
INFO: [ app_begin ] --END-- [ RunTime:0.001038s ]
NOTIC: [8] Undefined variable: response xdebug://debug-eval 第 1 行.
NOTIC: [8] Undefined variable: response xdebug://debug-eval 第 1 行.
NOTIC: [8] Undefined variable: response xdebug://debug-eval 第 1 行.
NOTIC: [8] Undefined variable: response xdebug://debug-eval 第 1 行.
NOTIC: [8] Undefined variable: response xdebug://debug-eval 第 1 行.
NOTIC: [8] Undefined variable: response xdebug://debug-eval 第 1 行.
NOTIC: [8] Undefined variable: response xdebug://debug-eval 第 1 行.
NOTIC: [8] Undefined variable: response xdebug://debug-eval 第 1 行.
NOTIC: [8] Undefined variable: response xdebug://debug-eval 第 1 行.
NOTIC: [8] Undefined variable: response xdebug://debug-eval 第 1 行.
NOTIC: [8] Undefined variable: response xdebug://debug-eval 第 1 行.
NOTIC: [8] Undefined variable: response xdebug://debug-eval 第 1 行.
NOTIC: [8] Undefined variable: response xdebug://debug-eval 第 1 行.
NOTIC: [8] Undefined variable: response xdebug://debug-eval 第 1 行.
NOTIC: [8] Undefined variable: response xdebug://debug-eval 第 1 行.
NOTIC: [8] Undefined variable: response xdebug://debug-eval 第 1 行.
NOTIC: [8] Undefined variable: response xdebug://debug-eval 第 1 行.
NOTIC: [8] Undefined variable: response xdebug://debug-eval 第 1 行.
NOTIC: [8] Undefined variable: response xdebug://debug-eval 第 1 行.
NOTIC: [8] Undefined variable: response xdebug://debug-eval 第 1 行.
NOTIC: [8] Undefined variable: response xdebug://debug-eval 第 1 行.
NOTIC: [8] Undefined variable: response xdebug://debug-eval 第 1 行.
NOTIC: [8] Undefined variable: response xdebug://debug-eval 第 1 行.
NOTIC: [8] Undefined variable: response xdebug://debug-eval 第 1 行.

[ 2016-09-26T14:00:36+08:00 ] 127.0.0.1 /auctionsub/api/order/add
INFO: [ app_init ] --START--
INFO: Run Behavior\BuildLiteBehavior [ RunTime:0.000026s ]
INFO: [ app_init ] --END-- [ RunTime:0.000143s ]
INFO: [ app_begin ] --START--
INFO: Run Behavior\ReadHtmlCacheBehavior [ RunTime:0.001270s ]
INFO: [ app_begin ] --END-- [ RunTime:0.001382s ]

