[ 2016-11-16T09:08:01+08:00 ] 127.0.0.1 /auctionsub/doc
INFO: [ app_init ] --START--
INFO: Run Behavior\BuildLiteBehavior [ RunTime:0.000382s ]
INFO: [ app_init ] --END-- [ RunTime:0.002395s ]
INFO: [ app_begin ] --START--
INFO: Run Behavior\ReadHtmlCacheBehavior [ RunTime:0.006406s ]
INFO: [ app_begin ] --END-- [ RunTime:0.007931s ]
INFO: [ view_parse ] --START--
INFO: [ template_filter ] --START--
INFO: Run Behavior\ContentReplaceBehavior [ RunTime:0.000811s ]
INFO: [ template_filter ] --END-- [ RunTime:0.002465s ]
INFO: Run Behavior\ParseTemplateBehavior [ RunTime:0.073479s ]
INFO: [ view_parse ] --END-- [ RunTime:0.075798s ]
INFO: [ view_filter ] --START--
INFO: Run Behavior\WriteHtmlCacheBehavior [ RunTime:0.005833s ]
INFO: [ view_filter ] --END-- [ RunTime:0.007572s ]
INFO: [ app_end ] --START--
INFO: Run Behavior\ShowPageTraceBehavior [ RunTime:0.006354s ]
INFO: [ app_end ] --END-- [ RunTime:0.008275s ]

[ 2016-11-16T18:05:48+08:00 ] 127.0.0.1 /auctionsub/doc
INFO: [ app_init ] --START--
INFO: Run Behavior\BuildLiteBehavior [ RunTime:0.000066s ]
INFO: [ app_init ] --END-- [ RunTime:0.000562s ]
INFO: [ app_begin ] --START--
INFO: Run Behavior\ReadHtmlCacheBehavior [ RunTime:0.005556s ]
INFO: [ app_begin ] --END-- [ RunTime:0.005797s ]
INFO: [ view_parse ] --START--
INFO: [ template_filter ] --START--
INFO: Run Behavior\ContentReplaceBehavior [ RunTime:0.000105s ]
INFO: [ template_filter ] --END-- [ RunTime:0.000219s ]
INFO: Run Behavior\ParseTemplateBehavior [ RunTime:0.048765s ]
INFO: [ view_parse ] --END-- [ RunTime:0.048909s ]
INFO: [ view_filter ] --START--
INFO: Run Behavior\WriteHtmlCacheBehavior [ RunTime:0.011637s ]
INFO: [ view_filter ] --END-- [ RunTime:0.011764s ]
INFO: [ app_end ] --START--
INFO: Run Behavior\ShowPageTraceBehavior [ RunTime:0.010722s ]
INFO: [ app_end ] --END-- [ RunTime:0.010882s ]

