[ 2016-10-24T14:20:23+08:00 ] 127.0.0.1 /auctionsub/doc
INFO: [ app_init ] --START--
INFO: Run Behavior\BuildLiteBehavior [ RunTime:0.000068s ]
INFO: [ app_init ] --END-- [ RunTime:0.000409s ]
INFO: [ app_begin ] --START--
INFO: Run Behavior\ReadHtmlCacheBehavior [ RunTime:0.010372s ]
INFO: [ app_begin ] --END-- [ RunTime:0.010919s ]
INFO: [ view_parse ] --START--
INFO: [ template_filter ] --START--
INFO: Run Behavior\ContentReplaceBehavior [ RunTime:0.000314s ]
INFO: [ template_filter ] --END-- [ RunTime:0.000646s ]
INFO: Run Behavior\ParseTemplateBehavior [ RunTime:0.124229s ]
INFO: [ view_parse ] --END-- [ RunTime:0.124598s ]
INFO: [ view_filter ] --START--
INFO: Run Behavior\WriteHtmlCacheBehavior [ RunTime:0.014947s ]
INFO: [ view_filter ] --END-- [ RunTime:0.015363s ]
INFO: [ app_end ] --START--
INFO: Run Behavior\ShowPageTraceBehavior [ RunTime:0.018419s ]
INFO: [ app_end ] --END-- [ RunTime:0.018964s ]

[ 2016-10-24T14:44:35+08:00 ] 127.0.0.1 /auctionsub/doc
INFO: [ app_init ] --START--
INFO: Run Behavior\BuildLiteBehavior [ RunTime:0.000068s ]
INFO: [ app_init ] --END-- [ RunTime:0.000477s ]
INFO: [ app_begin ] --START--
INFO: Run Behavior\ReadHtmlCacheBehavior [ RunTime:0.005571s ]
INFO: [ app_begin ] --END-- [ RunTime:0.005905s ]
INFO: [ view_parse ] --START--
INFO: [ template_filter ] --START--
INFO: Run Behavior\ContentReplaceBehavior [ RunTime:0.000443s ]
INFO: [ template_filter ] --END-- [ RunTime:0.000858s ]
INFO: Run Behavior\ParseTemplateBehavior [ RunTime:0.056215s ]
INFO: [ view_parse ] --END-- [ RunTime:0.056788s ]
INFO: [ view_filter ] --START--
INFO: Run Behavior\WriteHtmlCacheBehavior [ RunTime:0.006744s ]
INFO: [ view_filter ] --END-- [ RunTime:0.007151s ]
INFO: [ app_end ] --START--
INFO: Run Behavior\ShowPageTraceBehavior [ RunTime:0.005937s ]
INFO: [ app_end ] --END-- [ RunTime:0.006262s ]

[ 2016-10-24T17:15:51+08:00 ] 127.0.0.1 /auctionsub/doc
INFO: [ app_init ] --START--
INFO: Run Behavior\BuildLiteBehavior [ RunTime:0.000069s ]
INFO: [ app_init ] --END-- [ RunTime:0.000463s ]
INFO: [ app_begin ] --START--
INFO: Run Behavior\ReadHtmlCacheBehavior [ RunTime:0.006001s ]
INFO: [ app_begin ] --END-- [ RunTime:0.006408s ]
INFO: [ view_parse ] --START--
INFO: [ template_filter ] --START--
INFO: Run Behavior\ContentReplaceBehavior [ RunTime:0.000263s ]
INFO: [ template_filter ] --END-- [ RunTime:0.000592s ]
INFO: Run Behavior\ParseTemplateBehavior [ RunTime:0.053520s ]
INFO: [ view_parse ] --END-- [ RunTime:0.053995s ]
INFO: [ view_filter ] --START--
INFO: Run Behavior\WriteHtmlCacheBehavior [ RunTime:0.006250s ]
INFO: [ view_filter ] --END-- [ RunTime:0.006754s ]
INFO: [ app_end ] --START--
INFO: Run Behavior\ShowPageTraceBehavior [ RunTime:0.005958s ]
INFO: [ app_end ] --END-- [ RunTime:0.006300s ]

[ 2016-10-24T17:15:52+08:00 ] 127.0.0.1 /auctionsub/doc
INFO: [ app_init ] --START--
INFO: Run Behavior\BuildLiteBehavior [ RunTime:0.000089s ]
INFO: [ app_init ] --END-- [ RunTime:0.000587s ]
INFO: [ app_begin ] --START--
INFO: Run Behavior\ReadHtmlCacheBehavior [ RunTime:0.000911s ]
INFO: [ app_begin ] --END-- [ RunTime:0.001247s ]
INFO: [ view_parse ] --START--
INFO: [ template_filter ] --START--
INFO: Run Behavior\ContentReplaceBehavior [ RunTime:0.000196s ]
INFO: [ template_filter ] --END-- [ RunTime:0.000669s ]
INFO: Run Behavior\ParseTemplateBehavior [ RunTime:0.034240s ]
INFO: [ view_parse ] --END-- [ RunTime:0.034718s ]
INFO: [ view_filter ] --START--
INFO: Run Behavior\WriteHtmlCacheBehavior [ RunTime:0.001659s ]
INFO: [ view_filter ] --END-- [ RunTime:0.002075s ]
INFO: [ app_end ] --START--
INFO: Run Behavior\ShowPageTraceBehavior [ RunTime:0.001748s ]
INFO: [ app_end ] --END-- [ RunTime:0.002062s ]

[ 2016-10-24T17:16:21+08:00 ] 127.0.0.1 /auctionsub/doc
INFO: [ app_init ] --START--
INFO: Run Behavior\BuildLiteBehavior [ RunTime:0.000093s ]
INFO: [ app_init ] --END-- [ RunTime:0.000539s ]
INFO: [ app_begin ] --START--
INFO: Run Behavior\ReadHtmlCacheBehavior [ RunTime:0.005518s ]
INFO: [ app_begin ] --END-- [ RunTime:0.005949s ]
INFO: [ view_parse ] --START--
INFO: [ template_filter ] --START--
INFO: Run Behavior\ContentReplaceBehavior [ RunTime:0.000274s ]
INFO: [ template_filter ] --END-- [ RunTime:0.000602s ]
INFO: Run Behavior\ParseTemplateBehavior [ RunTime:0.060444s ]
INFO: [ view_parse ] --END-- [ RunTime:0.060868s ]
INFO: [ view_filter ] --START--
INFO: Run Behavior\WriteHtmlCacheBehavior [ RunTime:0.005609s ]
INFO: [ view_filter ] --END-- [ RunTime:0.006091s ]
INFO: [ app_end ] --START--
INFO: Run Behavior\ShowPageTraceBehavior [ RunTime:0.005644s ]
INFO: [ app_end ] --END-- [ RunTime:0.005988s ]

[ 2016-10-24T17:20:04+08:00 ] 127.0.0.1 /auctionsub/doc
INFO: [ app_init ] --START--
INFO: Run Behavior\BuildLiteBehavior [ RunTime:0.000069s ]
INFO: [ app_init ] --END-- [ RunTime:0.000413s ]
INFO: [ app_begin ] --START--
INFO: Run Behavior\ReadHtmlCacheBehavior [ RunTime:0.005999s ]
INFO: [ app_begin ] --END-- [ RunTime:0.006418s ]
INFO: [ view_parse ] --START--
INFO: [ template_filter ] --START--
INFO: Run Behavior\ContentReplaceBehavior [ RunTime:0.000346s ]
INFO: [ template_filter ] --END-- [ RunTime:0.000685s ]
INFO: Run Behavior\ParseTemplateBehavior [ RunTime:0.056968s ]
INFO: [ view_parse ] --END-- [ RunTime:0.057459s ]
INFO: [ view_filter ] --START--
INFO: Run Behavior\WriteHtmlCacheBehavior [ RunTime:0.005758s ]
INFO: [ view_filter ] --END-- [ RunTime:0.006138s ]
INFO: [ app_end ] --START--
INFO: Run Behavior\ShowPageTraceBehavior [ RunTime:0.005514s ]
INFO: [ app_end ] --END-- [ RunTime:0.005918s ]

[ 2016-10-24T17:20:30+08:00 ] 127.0.0.1 /auctionsub/doc
INFO: [ app_init ] --START--
INFO: Run Behavior\BuildLiteBehavior [ RunTime:0.000068s ]
INFO: [ app_init ] --END-- [ RunTime:0.000780s ]
INFO: [ app_begin ] --START--
INFO: Run Behavior\ReadHtmlCacheBehavior [ RunTime:0.005494s ]
INFO: [ app_begin ] --END-- [ RunTime:0.005882s ]
INFO: [ view_parse ] --START--
INFO: [ template_filter ] --START--
INFO: Run Behavior\ContentReplaceBehavior [ RunTime:0.000361s ]
INFO: [ template_filter ] --END-- [ RunTime:0.000689s ]
INFO: Run Behavior\ParseTemplateBehavior [ RunTime:0.055476s ]
INFO: [ view_parse ] --END-- [ RunTime:0.055953s ]
INFO: [ view_filter ] --START--
INFO: Run Behavior\WriteHtmlCacheBehavior [ RunTime:0.005870s ]
INFO: [ view_filter ] --END-- [ RunTime:0.006346s ]
INFO: [ app_end ] --START--
INFO: Run Behavior\ShowPageTraceBehavior [ RunTime:0.004673s ]
INFO: [ app_end ] --END-- [ RunTime:0.005237s ]

[ 2016-10-24T17:24:28+08:00 ] 127.0.0.1 /auctionsub/doc
INFO: [ app_init ] --START--
INFO: Run Behavior\BuildLiteBehavior [ RunTime:0.000068s ]
INFO: [ app_init ] --END-- [ RunTime:0.000465s ]
INFO: [ app_begin ] --START--
INFO: Run Behavior\ReadHtmlCacheBehavior [ RunTime:0.006032s ]
INFO: [ app_begin ] --END-- [ RunTime:0.006471s ]
INFO: [ view_parse ] --START--
INFO: [ template_filter ] --START--
INFO: Run Behavior\ContentReplaceBehavior [ RunTime:0.000188s ]
INFO: [ template_filter ] --END-- [ RunTime:0.000602s ]
INFO: Run Behavior\ParseTemplateBehavior [ RunTime:0.051735s ]
INFO: [ view_parse ] --END-- [ RunTime:0.052225s ]
INFO: [ view_filter ] --START--
INFO: Run Behavior\WriteHtmlCacheBehavior [ RunTime:0.006185s ]
INFO: [ view_filter ] --END-- [ RunTime:0.006495s ]
INFO: [ app_end ] --START--
INFO: Run Behavior\ShowPageTraceBehavior [ RunTime:0.005938s ]
INFO: [ app_end ] --END-- [ RunTime:0.006334s ]

[ 2016-10-24T17:26:27+08:00 ] 127.0.0.1 /auctionsub/api/notice/send
INFO: [ app_init ] --START--
INFO: Run Behavior\BuildLiteBehavior [ RunTime:0.000078s ]
INFO: [ app_init ] --END-- [ RunTime:0.000533s ]
INFO: [ app_begin ] --START--
INFO: Run Behavior\ReadHtmlCacheBehavior [ RunTime:0.005654s ]
INFO: [ app_begin ] --END-- [ RunTime:0.006178s ]
NOTIC: [8] Undefined variable: response xdebug://debug-eval 第 1 行.
NOTIC: [8] Undefined variable: response xdebug://debug-eval 第 1 行.
NOTIC: [8] Undefined variable: response xdebug://debug-eval 第 1 行.
NOTIC: [8] Undefined variable: response xdebug://debug-eval 第 1 行.
NOTIC: [8] Undefined variable: response xdebug://debug-eval 第 1 行.
NOTIC: [8] Undefined variable: response xdebug://debug-eval 第 1 行.
NOTIC: [8] Undefined variable: response xdebug://debug-eval 第 1 行.
NOTIC: [8] Undefined variable: response xdebug://debug-eval 第 1 行.
NOTIC: [8] Undefined variable: response xdebug://debug-eval 第 1 行.
NOTIC: [8] Undefined variable: response xdebug://debug-eval 第 1 行.
NOTIC: [8] Undefined variable: response xdebug://debug-eval 第 1 行.
NOTIC: [8] Undefined variable: response xdebug://debug-eval 第 1 行.
NOTIC: [8] Undefined variable: response xdebug://debug-eval 第 1 行.
NOTIC: [8] Undefined variable: response xdebug://debug-eval 第 1 行.
NOTIC: [8] Undefined variable: response xdebug://debug-eval 第 1 行.
NOTIC: [8] Undefined variable: response xdebug://debug-eval 第 1 行.

[ 2016-10-24T17:26:44+08:00 ] 127.0.0.1 /auctionsub/api/notice/send
INFO: [ app_init ] --START--
INFO: Run Behavior\BuildLiteBehavior [ RunTime:0.000093s ]
INFO: [ app_init ] --END-- [ RunTime:0.000556s ]
INFO: [ app_begin ] --START--
INFO: Run Behavior\ReadHtmlCacheBehavior [ RunTime:0.006303s ]
INFO: [ app_begin ] --END-- [ RunTime:0.006897s ]
NOTIC: [8] Undefined variable: response xdebug://debug-eval 第 1 行.
NOTIC: [8] Undefined variable: response xdebug://debug-eval 第 1 行.
NOTIC: [8] Undefined variable: response xdebug://debug-eval 第 1 行.
NOTIC: [8] Undefined variable: response xdebug://debug-eval 第 1 行.
NOTIC: [8] Undefined variable: response xdebug://debug-eval 第 1 行.
NOTIC: [8] Undefined variable: response xdebug://debug-eval 第 1 行.
NOTIC: [8] Undefined variable: response xdebug://debug-eval 第 1 行.
NOTIC: [8] Undefined variable: response xdebug://debug-eval 第 1 行.
NOTIC: [8] Undefined variable: response xdebug://debug-eval 第 1 行.
NOTIC: [8] Undefined variable: response xdebug://debug-eval 第 1 行.
NOTIC: [8] Undefined variable: response xdebug://debug-eval 第 1 行.
NOTIC: [8] Undefined variable: response xdebug://debug-eval 第 1 行.
NOTIC: [8] Undefined variable: response xdebug://debug-eval 第 1 行.
NOTIC: [8] Undefined variable: response xdebug://debug-eval 第 1 行.
NOTIC: [8] Undefined variable: response xdebug://debug-eval 第 1 行.
NOTIC: [8] Undefined variable: response xdebug://debug-eval 第 1 行.

[ 2016-10-24T17:28:03+08:00 ] 127.0.0.1 /auctionsub/api/notice/send
INFO: [ app_init ] --START--
INFO: Run Behavior\BuildLiteBehavior [ RunTime:0.000079s ]
INFO: [ app_init ] --END-- [ RunTime:0.000730s ]
INFO: [ app_begin ] --START--
INFO: Run Behavior\ReadHtmlCacheBehavior [ RunTime:0.005788s ]
INFO: [ app_begin ] --END-- [ RunTime:0.006181s ]
NOTIC: [8] Undefined variable: response xdebug://debug-eval 第 1 行.
NOTIC: [8] Undefined variable: response xdebug://debug-eval 第 1 行.

[ 2016-10-24T17:28:29+08:00 ] 127.0.0.1 /auctionsub/api/notice/send
INFO: [ app_init ] --START--
INFO: Run Behavior\BuildLiteBehavior [ RunTime:0.000079s ]
INFO: [ app_init ] --END-- [ RunTime:0.000613s ]
INFO: [ app_begin ] --START--
INFO: Run Behavior\ReadHtmlCacheBehavior [ RunTime:0.005546s ]
INFO: [ app_begin ] --END-- [ RunTime:0.006105s ]
NOTIC: [8] Undefined variable: response xdebug://debug-eval 第 1 行.
NOTIC: [8] Undefined variable: response xdebug://debug-eval 第 1 行.

[ 2016-10-24T17:32:14+08:00 ] 127.0.0.1 /auctionsub/api/notice/send
INFO: [ app_init ] --START--
INFO: Run Behavior\BuildLiteBehavior [ RunTime:0.000082s ]
INFO: [ app_init ] --END-- [ RunTime:0.000733s ]
INFO: [ app_begin ] --START--
INFO: Run Behavior\ReadHtmlCacheBehavior [ RunTime:0.006287s ]
INFO: [ app_begin ] --END-- [ RunTime:0.006773s ]
NOTIC: [8] Undefined variable: response xdebug://debug-eval 第 1 行.
NOTIC: [8] Undefined variable: response xdebug://debug-eval 第 1 行.

[ 2016-10-24T17:33:07+08:00 ] 127.0.0.1 /auctionsub/api/notice/send
INFO: [ app_init ] --START--
INFO: Run Behavior\BuildLiteBehavior [ RunTime:0.000081s ]
INFO: [ app_init ] --END-- [ RunTime:0.000534s ]
INFO: [ app_begin ] --START--
INFO: Run Behavior\ReadHtmlCacheBehavior [ RunTime:0.005852s ]
INFO: [ app_begin ] --END-- [ RunTime:0.006253s ]
NOTIC: [8] Undefined variable: response xdebug://debug-eval 第 1 行.
NOTIC: [8] Undefined variable: response xdebug://debug-eval 第 1 行.

[ 2016-10-24T17:41:44+08:00 ] 127.0.0.1 /auctionsub/api/notice/send
INFO: [ app_init ] --START--
INFO: Run Behavior\BuildLiteBehavior [ RunTime:0.000089s ]
INFO: [ app_init ] --END-- [ RunTime:0.000482s ]
INFO: [ app_begin ] --START--
INFO: Run Behavior\ReadHtmlCacheBehavior [ RunTime:0.005528s ]
INFO: [ app_begin ] --END-- [ RunTime:0.005976s ]
NOTIC: [8] Undefined variable: response xdebug://debug-eval 第 1 行.
NOTIC: [8] Undefined variable: response xdebug://debug-eval 第 1 行.
NOTIC: [8] Undefined variable: response xdebug://debug-eval 第 1 行.
NOTIC: [8] Undefined variable: response xdebug://debug-eval 第 1 行.
NOTIC: [8] Undefined variable: response xdebug://debug-eval 第 1 行.
NOTIC: [8] Undefined variable: response xdebug://debug-eval 第 1 行.
NOTIC: [8] Undefined variable: response xdebug://debug-eval 第 1 行.
NOTIC: [8] Undefined variable: response xdebug://debug-eval 第 1 行.
NOTIC: [8] Undefined variable: response xdebug://debug-eval 第 1 行.
NOTIC: [8] Undefined variable: response xdebug://debug-eval 第 1 行.
NOTIC: [8] Undefined variable: response xdebug://debug-eval 第 1 行.
NOTIC: [8] Undefined variable: response xdebug://debug-eval 第 1 行.
NOTIC: [8] Undefined variable: response xdebug://debug-eval 第 1 行.
NOTIC: [8] Undefined variable: response xdebug://debug-eval 第 1 行.
NOTIC: [8] Undefined variable: response xdebug://debug-eval 第 1 行.
NOTIC: [8] Undefined variable: response xdebug://debug-eval 第 1 行.
NOTIC: [8] Undefined variable: response xdebug://debug-eval 第 1 行.
NOTIC: [8] Undefined variable: response xdebug://debug-eval 第 1 行.
NOTIC: [8] Undefined variable: response xdebug://debug-eval 第 1 行.
NOTIC: [8] Undefined variable: response xdebug://debug-eval 第 1 行.
NOTIC: [8] Undefined variable: response xdebug://debug-eval 第 1 行.
NOTIC: [8] Undefined variable: response xdebug://debug-eval 第 1 行.
NOTIC: [2] error_log(): Filename cannot be empty /home/vagrant/www/ant-auction-sub/Application/Org/JPush/Http.php 第 129 行.
NOTIC: [8] Undefined variable: response xdebug://debug-eval 第 1 行.
NOTIC: [8] Undefined variable: response xdebug://debug-eval 第 1 行.
NOTIC: [8] Undefined variable: response xdebug://debug-eval 第 1 行.
NOTIC: [8] Undefined variable: response xdebug://debug-eval 第 1 行.
NOTIC: [8] Undefined variable: response xdebug://debug-eval 第 1 行.
NOTIC: [8] Undefined variable: response xdebug://debug-eval 第 1 行.
NOTIC: [8] Undefined variable: response xdebug://debug-eval 第 1 行.
NOTIC: [8] Undefined variable: response xdebug://debug-eval 第 1 行.

[ 2016-10-24T17:42:03+08:00 ] 127.0.0.1 /auctionsub/api/notice/send
INFO: [ app_init ] --START--
INFO: Run Behavior\BuildLiteBehavior [ RunTime:0.000208s ]
INFO: [ app_init ] --END-- [ RunTime:0.000593s ]
INFO: [ app_begin ] --START--
INFO: Run Behavior\ReadHtmlCacheBehavior [ RunTime:0.007311s ]
INFO: [ app_begin ] --END-- [ RunTime:0.007713s ]
NOTIC: [8] Undefined variable: response xdebug://debug-eval 第 1 行.
NOTIC: [8] Undefined variable: response xdebug://debug-eval 第 1 行.
NOTIC: [8] Undefined variable: response xdebug://debug-eval 第 1 行.
NOTIC: [8] Undefined variable: response xdebug://debug-eval 第 1 行.
NOTIC: [8] Undefined variable: response xdebug://debug-eval 第 1 行.
NOTIC: [8] Undefined variable: response xdebug://debug-eval 第 1 行.
NOTIC: [8] Undefined variable: response xdebug://debug-eval 第 1 行.
NOTIC: [8] Undefined variable: response xdebug://debug-eval 第 1 行.
NOTIC: [8] Undefined variable: response xdebug://debug-eval 第 1 行.
NOTIC: [8] Undefined variable: response xdebug://debug-eval 第 1 行.
NOTIC: [8] Undefined variable: response xdebug://debug-eval 第 1 行.
NOTIC: [8] Undefined variable: response xdebug://debug-eval 第 1 行.
NOTIC: [8] Undefined variable: response xdebug://debug-eval 第 1 行.
NOTIC: [8] Undefined variable: response xdebug://debug-eval 第 1 行.
NOTIC: [8] Undefined variable: response xdebug://debug-eval 第 1 行.
NOTIC: [8] Undefined variable: response xdebug://debug-eval 第 1 行.
NOTIC: [8] Undefined variable: response xdebug://debug-eval 第 1 行.
NOTIC: [8] Undefined variable: response xdebug://debug-eval 第 1 行.
NOTIC: [8] Undefined variable: response xdebug://debug-eval 第 1 行.
NOTIC: [8] Undefined variable: response xdebug://debug-eval 第 1 行.
NOTIC: [8] Undefined variable: response xdebug://debug-eval 第 1 行.
NOTIC: [8] Undefined variable: response xdebug://debug-eval 第 1 行.
NOTIC: [2] error_log(): Filename cannot be empty /home/vagrant/www/ant-auction-sub/Application/Org/JPush/Http.php 第 129 行.
NOTIC: [8] Undefined variable: response xdebug://debug-eval 第 1 行.
NOTIC: [8] Undefined variable: response xdebug://debug-eval 第 1 行.
NOTIC: [8] Undefined variable: response xdebug://debug-eval 第 1 行.
NOTIC: [8] Undefined variable: response xdebug://debug-eval 第 1 行.
NOTIC: [8] Undefined variable: response xdebug://debug-eval 第 1 行.
NOTIC: [8] Undefined variable: response xdebug://debug-eval 第 1 行.

[ 2016-10-24T17:48:44+08:00 ] 127.0.0.1 /auctionsub/api/notice/send
INFO: [ app_init ] --START--
INFO: Run Behavior\BuildLiteBehavior [ RunTime:0.000099s ]
INFO: [ app_init ] --END-- [ RunTime:0.000485s ]
INFO: [ app_begin ] --START--
INFO: Run Behavior\ReadHtmlCacheBehavior [ RunTime:0.005709s ]
INFO: [ app_begin ] --END-- [ RunTime:0.006162s ]
NOTIC: [8] Undefined variable: response xdebug://debug-eval 第 1 行.
NOTIC: [8] Undefined variable: response xdebug://debug-eval 第 1 行.
NOTIC: [8] Undefined variable: response xdebug://debug-eval 第 1 行.
NOTIC: [8] Undefined variable: response xdebug://debug-eval 第 1 行.
NOTIC: [8] Undefined variable: response xdebug://debug-eval 第 1 行.
NOTIC: [8] Undefined variable: response xdebug://debug-eval 第 1 行.
NOTIC: [8] Undefined variable: response xdebug://debug-eval 第 1 行.
NOTIC: [8] Undefined variable: response xdebug://debug-eval 第 1 行.
NOTIC: [8] Undefined variable: response xdebug://debug-eval 第 1 行.
NOTIC: [8] Undefined variable: response xdebug://debug-eval 第 1 行.
NOTIC: [8] Undefined variable: response xdebug://debug-eval 第 1 行.
NOTIC: [8] Undefined variable: response xdebug://debug-eval 第 1 行.
NOTIC: [8] Undefined variable: response xdebug://debug-eval 第 1 行.
NOTIC: [8] Undefined variable: response xdebug://debug-eval 第 1 行.
NOTIC: [8] Undefined variable: response xdebug://debug-eval 第 1 行.
NOTIC: [8] Undefined variable: response xdebug://debug-eval 第 1 行.
NOTIC: [8] Undefined variable: response xdebug://debug-eval 第 1 行.
NOTIC: [8] Undefined variable: response xdebug://debug-eval 第 1 行.
NOTIC: [8] Undefined variable: response xdebug://debug-eval 第 1 行.
NOTIC: [8] Undefined variable: response xdebug://debug-eval 第 1 行.
NOTIC: [8] Undefined variable: response xdebug://debug-eval 第 1 行.
NOTIC: [8] Undefined variable: response xdebug://debug-eval 第 1 行.
NOTIC: [2] error_log(): Filename cannot be empty /home/vagrant/www/ant-auction-sub/Application/Org/JPush/Http.php 第 129 行.
NOTIC: [8] Undefined variable: response xdebug://debug-eval 第 1 行.
NOTIC: [8] Undefined variable: response xdebug://debug-eval 第 1 行.
NOTIC: [8] Undefined variable: response xdebug://debug-eval 第 1 行.
NOTIC: [8] Undefined variable: response xdebug://debug-eval 第 1 行.
NOTIC: [8] Undefined variable: response xdebug://debug-eval 第 1 行.
NOTIC: [8] Undefined variable: response xdebug://debug-eval 第 1 行.
NOTIC: [8] Undefined variable: response xdebug://debug-eval 第 1 行.
NOTIC: [8] Undefined variable: response xdebug://debug-eval 第 1 行.
NOTIC: [8] Undefined variable: response xdebug://debug-eval 第 1 行.
NOTIC: [8] Undefined variable: response xdebug://debug-eval 第 1 行.
NOTIC: [8] Undefined variable: response xdebug://debug-eval 第 1 行.
NOTIC: [8] Undefined variable: response xdebug://debug-eval 第 1 行.
NOTIC: [8] Undefined variable: response xdebug://debug-eval 第 1 行.
NOTIC: [8] Undefined variable: response xdebug://debug-eval 第 1 行.

[ 2016-10-24T17:49:46+08:00 ] 127.0.0.1 /auctionsub/api/notice/send
INFO: [ app_init ] --START--
INFO: Run Behavior\BuildLiteBehavior [ RunTime:0.000137s ]
INFO: [ app_init ] --END-- [ RunTime:0.000527s ]
INFO: [ app_begin ] --START--
INFO: Run Behavior\ReadHtmlCacheBehavior [ RunTime:0.005604s ]
INFO: [ app_begin ] --END-- [ RunTime:0.005994s ]
NOTIC: [8] Undefined variable: response xdebug://debug-eval 第 1 行.
NOTIC: [8] Undefined variable: response xdebug://debug-eval 第 1 行.
NOTIC: [8] Undefined variable: response xdebug://debug-eval 第 1 行.
NOTIC: [8] Undefined variable: response xdebug://debug-eval 第 1 行.
NOTIC: [8] Undefined variable: response xdebug://debug-eval 第 1 行.
NOTIC: [8] Undefined variable: response xdebug://debug-eval 第 1 行.
NOTIC: [2] error_log(): Filename cannot be empty /home/vagrant/www/ant-auction-sub/Application/Org/JPush/Http.php 第 129 行.
NOTIC: [8] Undefined variable: response xdebug://debug-eval 第 1 行.
NOTIC: [8] Undefined variable: response xdebug://debug-eval 第 1 行.
NOTIC: [8] Undefined variable: response xdebug://debug-eval 第 1 行.
NOTIC: [8] Undefined variable: response xdebug://debug-eval 第 1 行.
NOTIC: [8] Undefined variable: response xdebug://debug-eval 第 1 行.
NOTIC: [8] Undefined variable: response xdebug://debug-eval 第 1 行.

[ 2016-10-24T17:49:49+08:00 ] 127.0.0.1 /auctionsub/api/notice/send
INFO: [ app_init ] --START--
INFO: Run Behavior\BuildLiteBehavior [ RunTime:0.000078s ]
INFO: [ app_init ] --END-- [ RunTime:0.000413s ]
INFO: [ app_begin ] --START--
INFO: Run Behavior\ReadHtmlCacheBehavior [ RunTime:0.004925s ]
INFO: [ app_begin ] --END-- [ RunTime:0.005318s ]
NOTIC: [2] error_log(): Filename cannot be empty /home/vagrant/www/ant-auction-sub/Application/Org/JPush/Http.php 第 129 行.
SQL: INSERT INTO `ant_jpush_send_log` (`app_key`,`app_secret`,`mobile`,`notice_info`,`jpush_id`,`response_code`,`remark`,`request_time`,`createtime`) VALUES ('3f018eecffb595cd4d373dc2','7d864244977e459fd6c2fd6a','15029911786','aaaaaaaaaaaaaaaaaa','123','1011','cannot find user by this audience','','2016-10-24 17:49:49') [ RunTime:0.1177s ]

[ 2016-10-24T17:50:03+08:00 ] 127.0.0.1 /auctionsub/api/notice/send
INFO: [ app_init ] --START--
INFO: Run Behavior\BuildLiteBehavior [ RunTime:0.000095s ]
INFO: [ app_init ] --END-- [ RunTime:0.000578s ]
INFO: [ app_begin ] --START--
INFO: Run Behavior\ReadHtmlCacheBehavior [ RunTime:0.004559s ]
INFO: [ app_begin ] --END-- [ RunTime:0.005053s ]
NOTIC: [8] Undefined variable: response xdebug://debug-eval 第 1 行.
NOTIC: [8] Undefined variable: response xdebug://debug-eval 第 1 行.
NOTIC: [8] Undefined variable: response xdebug://debug-eval 第 1 行.
NOTIC: [8] Undefined variable: response xdebug://debug-eval 第 1 行.
NOTIC: [8] Undefined variable: response xdebug://debug-eval 第 1 行.
NOTIC: [8] Undefined variable: response xdebug://debug-eval 第 1 行.
NOTIC: [2] error_log(): Filename cannot be empty /home/vagrant/www/ant-auction-sub/Application/Org/JPush/Http.php 第 129 行.
NOTIC: [8] Undefined variable: response xdebug://debug-eval 第 1 行.
NOTIC: [8] Undefined variable: response xdebug://debug-eval 第 1 行.
NOTIC: [8] Undefined variable: response xdebug://debug-eval 第 1 行.
NOTIC: [8] Undefined variable: response xdebug://debug-eval 第 1 行.
SQL: INSERT INTO `ant_jpush_send_log` (`app_key`,`app_secret`,`mobile`,`notice_info`,`jpush_id`,`response_code`,`remark`,`request_time`,`createtime`) VALUES ('3f018eecffb595cd4d373dc2','7d864244977e459fd6c2fd6a','15029911786','aaaaaaaaaaaaaaaaaa','123','1011','cannot find user by this audience','','2016-10-24 17:49:56') [ RunTime:0.1110s ]
NOTIC: [8] Undefined variable: response xdebug://debug-eval 第 1 行.
NOTIC: [8] Undefined variable: response xdebug://debug-eval 第 1 行.

