[ 2016-11-14T15:03:38+08:00 ] 127.0.0.1 /auctionsub/doc
INFO: [ app_init ] --START--
INFO: Run Behavior\BuildLiteBehavior [ RunTime:0.000250s ]
INFO: [ app_init ] --END-- [ RunTime:0.001843s ]
INFO: [ app_begin ] --START--
INFO: Run Behavior\ReadHtmlCacheBehavior [ RunTime:0.004731s ]
INFO: [ app_begin ] --END-- [ RunTime:0.006437s ]
INFO: [ view_parse ] --START--
INFO: [ template_filter ] --START--
INFO: Run Behavior\ContentReplaceBehavior [ RunTime:0.000860s ]
INFO: [ template_filter ] --END-- [ RunTime:0.003143s ]
INFO: Run Behavior\ParseTemplateBehavior [ RunTime:0.082274s ]
INFO: [ view_parse ] --END-- [ RunTime:0.084175s ]
INFO: [ view_filter ] --START--
INFO: Run Behavior\WriteHtmlCacheBehavior [ RunTime:0.005737s ]
INFO: [ view_filter ] --END-- [ RunTime:0.007219s ]
INFO: [ app_end ] --START--
INFO: Run Behavior\ShowPageTraceBehavior [ RunTime:0.005138s ]
INFO: [ app_end ] --END-- [ RunTime:0.006551s ]

[ 2016-11-14T19:08:15+08:00 ] 127.0.0.1 /auctionsub/doc
INFO: [ app_init ] --START--
INFO: Run Behavior\BuildLiteBehavior [ RunTime:0.000281s ]
INFO: [ app_init ] --END-- [ RunTime:0.002163s ]
INFO: [ app_begin ] --START--
INFO: Run Behavior\ReadHtmlCacheBehavior [ RunTime:0.007921s ]
INFO: [ app_begin ] --END-- [ RunTime:0.009395s ]
INFO: [ view_parse ] --START--
INFO: [ template_filter ] --START--
INFO: Run Behavior\ContentReplaceBehavior [ RunTime:0.000856s ]
INFO: [ template_filter ] --END-- [ RunTime:0.002290s ]
INFO: Run Behavior\ParseTemplateBehavior [ RunTime:0.081555s ]
INFO: [ view_parse ] --END-- [ RunTime:0.082977s ]
INFO: [ view_filter ] --START--
INFO: Run Behavior\WriteHtmlCacheBehavior [ RunTime:0.006113s ]
INFO: [ view_filter ] --END-- [ RunTime:0.007640s ]
INFO: [ app_end ] --START--
INFO: Run Behavior\ShowPageTraceBehavior [ RunTime:0.006191s ]
INFO: [ app_end ] --END-- [ RunTime:0.007755s ]

[ 2016-11-14T19:09:42+08:00 ] 127.0.0.1 /auctionsub/doc
INFO: [ app_init ] --START--
INFO: Run Behavior\BuildLiteBehavior [ RunTime:0.000256s ]
INFO: [ app_init ] --END-- [ RunTime:0.001585s ]
INFO: [ app_begin ] --START--
INFO: Run Behavior\ReadHtmlCacheBehavior [ RunTime:0.005013s ]
INFO: [ app_begin ] --END-- [ RunTime:0.006499s ]
INFO: [ view_parse ] --START--
INFO: [ template_filter ] --START--
INFO: Run Behavior\ContentReplaceBehavior [ RunTime:0.000765s ]
INFO: [ template_filter ] --END-- [ RunTime:0.002385s ]
INFO: Run Behavior\ParseTemplateBehavior [ RunTime:0.050419s ]
INFO: [ view_parse ] --END-- [ RunTime:0.052606s ]
INFO: [ view_filter ] --START--
INFO: Run Behavior\WriteHtmlCacheBehavior [ RunTime:0.005214s ]
INFO: [ view_filter ] --END-- [ RunTime:0.007312s ]
INFO: [ app_end ] --START--
INFO: Run Behavior\ShowPageTraceBehavior [ RunTime:0.004760s ]
INFO: [ app_end ] --END-- [ RunTime:0.006465s ]

