[ 2016-11-07T11:46:41+08:00 ] 127.0.0.1 /auctionsub/doc
INFO: [ app_init ] --START--
INFO: Run Behavior\BuildLiteBehavior [ RunTime:0.000350s ]
INFO: [ app_init ] --END-- [ RunTime:0.000845s ]
INFO: [ app_begin ] --START--
INFO: Run Behavior\ReadHtmlCacheBehavior [ RunTime:0.004502s ]
INFO: [ app_begin ] --END-- [ RunTime:0.004950s ]
INFO: [ view_parse ] --START--
INFO: [ template_filter ] --START--
INFO: Run Behavior\ContentReplaceBehavior [ RunTime:0.000210s ]
INFO: [ template_filter ] --END-- [ RunTime:0.000626s ]
INFO: Run Behavior\ParseTemplateBehavior [ RunTime:0.080403s ]
INFO: [ view_parse ] --END-- [ RunTime:0.081180s ]
INFO: [ view_filter ] --START--
INFO: Run Behavior\WriteHtmlCacheBehavior [ RunTime:0.004625s ]
INFO: [ view_filter ] --END-- [ RunTime:0.004950s ]
INFO: [ app_end ] --START--
INFO: Run Behavior\ShowPageTraceBehavior [ RunTime:0.004890s ]
INFO: [ app_end ] --END-- [ RunTime:0.005295s ]

[ 2016-11-07T11:59:19+08:00 ] 127.0.0.1 /auctionsub/doc
INFO: [ app_init ] --START--
INFO: Run Behavior\BuildLiteBehavior [ RunTime:0.000095s ]
INFO: [ app_init ] --END-- [ RunTime:0.000819s ]
INFO: [ app_begin ] --START--
INFO: Run Behavior\ReadHtmlCacheBehavior [ RunTime:0.002408s ]
INFO: [ app_begin ] --END-- [ RunTime:0.002811s ]
INFO: [ view_parse ] --START--
INFO: [ template_filter ] --START--
INFO: Run Behavior\ContentReplaceBehavior [ RunTime:0.000226s ]
INFO: [ template_filter ] --END-- [ RunTime:0.000579s ]
INFO: Run Behavior\ParseTemplateBehavior [ RunTime:0.056161s ]
INFO: [ view_parse ] --END-- [ RunTime:0.056687s ]
INFO: [ view_filter ] --START--
INFO: Run Behavior\WriteHtmlCacheBehavior [ RunTime:0.004939s ]
INFO: [ view_filter ] --END-- [ RunTime:0.005546s ]
INFO: [ app_end ] --START--
INFO: Run Behavior\ShowPageTraceBehavior [ RunTime:0.004282s ]
INFO: [ app_end ] --END-- [ RunTime:0.004732s ]

[ 2016-11-07T12:00:58+08:00 ] 127.0.0.1 /auctionsub/api/notice/send
INFO: [ app_init ] --START--
INFO: Run Behavior\BuildLiteBehavior [ RunTime:0.000070s ]
INFO: [ app_init ] --END-- [ RunTime:0.000446s ]
INFO: [ app_begin ] --START--
INFO: Run Behavior\ReadHtmlCacheBehavior [ RunTime:0.004674s ]
INFO: [ app_begin ] --END-- [ RunTime:0.005097s ]

[ 2016-11-07T12:01:54+08:00 ] 127.0.0.1 /auctionsub/api/notice/send
INFO: [ app_init ] --START--
INFO: Run Behavior\BuildLiteBehavior [ RunTime:0.000103s ]
INFO: [ app_init ] --END-- [ RunTime:0.000591s ]
INFO: [ app_begin ] --START--
INFO: Run Behavior\ReadHtmlCacheBehavior [ RunTime:0.005215s ]
INFO: [ app_begin ] --END-- [ RunTime:0.005731s ]
NOTIC: [8] Undefined variable: response xdebug://debug-eval 第 1 行.
NOTIC: [8] Undefined variable: response xdebug://debug-eval 第 1 行.
NOTIC: [8] Undefined variable: response xdebug://debug-eval 第 1 行.
NOTIC: [8] Undefined variable: response xdebug://debug-eval 第 1 行.
NOTIC: [8] Undefined variable: response xdebug://debug-eval 第 1 行.
NOTIC: [8] Undefined variable: response xdebug://debug-eval 第 1 行.
NOTIC: [8] Undefined variable: response xdebug://debug-eval 第 1 行.
NOTIC: [8] Undefined variable: response xdebug://debug-eval 第 1 行.
NOTIC: [8] Undefined variable: response xdebug://debug-eval 第 1 行.
NOTIC: [8] Undefined variable: response xdebug://debug-eval 第 1 行.
NOTIC: [8] Undefined variable: response xdebug://debug-eval 第 1 行.
NOTIC: [8] Undefined variable: response xdebug://debug-eval 第 1 行.
NOTIC: [8] Undefined variable: response xdebug://debug-eval 第 1 行.
NOTIC: [8] Undefined variable: response xdebug://debug-eval 第 1 行.
NOTIC: [8] Undefined variable: response xdebug://debug-eval 第 1 行.
NOTIC: [8] Undefined variable: response xdebug://debug-eval 第 1 行.
NOTIC: [8] Undefined variable: response xdebug://debug-eval 第 1 行.
NOTIC: [8] Undefined variable: response xdebug://debug-eval 第 1 行.
NOTIC: [8] Undefined variable: response xdebug://debug-eval 第 1 行.
NOTIC: [8] Undefined variable: response xdebug://debug-eval 第 1 行.

[ 2016-11-07T13:58:49+08:00 ] 127.0.0.1 /auctionsub/api/notice/send
INFO: [ app_init ] --START--
INFO: Run Behavior\BuildLiteBehavior [ RunTime:0.000082s ]
INFO: [ app_init ] --END-- [ RunTime:0.000537s ]
INFO: [ app_begin ] --START--
INFO: Run Behavior\ReadHtmlCacheBehavior [ RunTime:0.004870s ]
INFO: [ app_begin ] --END-- [ RunTime:0.005289s ]
NOTIC: [8] Undefined variable: response xdebug://debug-eval 第 1 行.
NOTIC: [8] Undefined variable: response xdebug://debug-eval 第 1 行.
NOTIC: [8] Undefined variable: response xdebug://debug-eval 第 1 行.
NOTIC: [8] Undefined variable: response xdebug://debug-eval 第 1 行.
NOTIC: [8] Undefined variable: response xdebug://debug-eval 第 1 行.
NOTIC: [8] Undefined variable: response xdebug://debug-eval 第 1 行.
NOTIC: [8] Undefined variable: response xdebug://debug-eval 第 1 行.
NOTIC: [8] Undefined variable: response xdebug://debug-eval 第 1 行.
NOTIC: [8] Undefined variable: response xdebug://debug-eval 第 1 行.
NOTIC: [8] Undefined variable: response xdebug://debug-eval 第 1 行.
NOTIC: [8] Undefined variable: response xdebug://debug-eval 第 1 行.
NOTIC: [8] Undefined variable: response xdebug://debug-eval 第 1 行.
NOTIC: [8] Undefined variable: response xdebug://debug-eval 第 1 行.
NOTIC: [8] Undefined variable: response xdebug://debug-eval 第 1 行.
NOTIC: [8] Undefined variable: response xdebug://debug-eval 第 1 行.
NOTIC: [8] Undefined variable: response xdebug://debug-eval 第 1 行.
NOTIC: [8] Undefined variable: response xdebug://debug-eval 第 1 行.
NOTIC: [8] Undefined variable: response xdebug://debug-eval 第 1 行.
NOTIC: [8] Undefined variable: response xdebug://debug-eval 第 1 行.
NOTIC: [8] Undefined variable: response xdebug://debug-eval 第 1 行.
NOTIC: [2] error_log(): Filename cannot be empty /home/vagrant/www/ant-auction-sub/Application/Org/JPush/Http.php 第 129 行.
SQL: INSERT INTO `ant_jpush_send_log` (`app_key`,`app_secret`,`mobile`,`notice_info`,`jpush_id`,`response_code`,`remark`,`request_time`,`createtime`) VALUES ('10537129f173165093deb6cb','d5a46aece7fea5d7301cdf7d','18613890691','333','18071adc030ebd04b96','200','OK','','2016-11-07 13:58:48') [ RunTime:0.0938s ]

[ 2016-11-07T14:00:37+08:00 ] 127.0.0.1 /auctionsub/api/notice/send
INFO: [ app_init ] --START--
INFO: Run Behavior\BuildLiteBehavior [ RunTime:0.000093s ]
INFO: [ app_init ] --END-- [ RunTime:0.000563s ]
INFO: [ app_begin ] --START--
INFO: Run Behavior\ReadHtmlCacheBehavior [ RunTime:0.004797s ]
INFO: [ app_begin ] --END-- [ RunTime:0.005247s ]
NOTIC: [8] Undefined variable: response xdebug://debug-eval 第 1 行.
NOTIC: [8] Undefined variable: response xdebug://debug-eval 第 1 行.
NOTIC: [8] Undefined variable: response xdebug://debug-eval 第 1 行.
NOTIC: [8] Undefined variable: response xdebug://debug-eval 第 1 行.
NOTIC: [8] Undefined variable: response xdebug://debug-eval 第 1 行.
NOTIC: [8] Undefined variable: response xdebug://debug-eval 第 1 行.
NOTIC: [8] Undefined variable: response xdebug://debug-eval 第 1 行.
NOTIC: [8] Undefined variable: response xdebug://debug-eval 第 1 行.
NOTIC: [8] Undefined variable: response xdebug://debug-eval 第 1 行.
NOTIC: [8] Undefined variable: response xdebug://debug-eval 第 1 行.
NOTIC: [8] Undefined variable: response xdebug://debug-eval 第 1 行.
NOTIC: [8] Undefined variable: response xdebug://debug-eval 第 1 行.
NOTIC: [8] Undefined variable: response xdebug://debug-eval 第 1 行.
NOTIC: [8] Undefined variable: response xdebug://debug-eval 第 1 行.
NOTIC: [8] Undefined variable: response xdebug://debug-eval 第 1 行.
NOTIC: [8] Undefined variable: response xdebug://debug-eval 第 1 行.
NOTIC: [8] Undefined variable: response xdebug://debug-eval 第 1 行.
NOTIC: [8] Undefined variable: response xdebug://debug-eval 第 1 行.
NOTIC: [8] Undefined variable: response xdebug://debug-eval 第 1 行.
NOTIC: [8] Undefined variable: response xdebug://debug-eval 第 1 行.
NOTIC: [8] Undefined variable: response xdebug://debug-eval 第 1 行.
NOTIC: [8] Undefined variable: response xdebug://debug-eval 第 1 行.
NOTIC: [8] Undefined variable: response xdebug://debug-eval 第 1 行.
NOTIC: [8] Undefined variable: response xdebug://debug-eval 第 1 行.
NOTIC: [8] Undefined variable: response xdebug://debug-eval 第 1 行.
NOTIC: [8] Undefined variable: response xdebug://debug-eval 第 1 行.
NOTIC: [8] Undefined variable: response xdebug://debug-eval 第 1 行.
NOTIC: [8] Undefined variable: response xdebug://debug-eval 第 1 行.
NOTIC: [8] Undefined variable: response xdebug://debug-eval 第 1 行.
NOTIC: [8] Undefined variable: response xdebug://debug-eval 第 1 行.
NOTIC: [8] Undefined variable: response xdebug://debug-eval 第 1 行.
NOTIC: [8] Undefined variable: response xdebug://debug-eval 第 1 行.
NOTIC: [8] Undefined variable: response xdebug://debug-eval 第 1 行.
NOTIC: [8] Undefined variable: response xdebug://debug-eval 第 1 行.
NOTIC: [8] Undefined variable: response xdebug://debug-eval 第 1 行.
NOTIC: [8] Undefined variable: response xdebug://debug-eval 第 1 行.
NOTIC: [8] Undefined variable: response xdebug://debug-eval 第 1 行.
NOTIC: [8] Undefined variable: response xdebug://debug-eval 第 1 行.
NOTIC: [8] Undefined variable: response xdebug://debug-eval 第 1 行.
NOTIC: [8] Undefined variable: response xdebug://debug-eval 第 1 行.
NOTIC: [2] error_log(): Filename cannot be empty /home/vagrant/www/ant-auction-sub/Application/Org/JPush/Http.php 第 129 行.
SQL: INSERT INTO `ant_jpush_send_log` (`app_key`,`app_secret`,`mobile`,`notice_info`,`jpush_id`,`response_code`,`remark`,`request_time`,`createtime`) VALUES ('10537129f173165093deb6cb','d5a46aece7fea5d7301cdf7d','18613890691','333','18071adc030ebd04b96','200','OK','','2016-11-07 14:00:37') [ RunTime:0.1036s ]

[ 2016-11-07T14:02:23+08:00 ] 127.0.0.1 /auctionsub/api/notice/send
INFO: [ app_init ] --START--
INFO: Run Behavior\BuildLiteBehavior [ RunTime:0.000114s ]
INFO: [ app_init ] --END-- [ RunTime:0.000521s ]
INFO: [ app_begin ] --START--
INFO: Run Behavior\ReadHtmlCacheBehavior [ RunTime:0.004296s ]
INFO: [ app_begin ] --END-- [ RunTime:0.004723s ]
NOTIC: [8] Undefined variable: response xdebug://debug-eval 第 1 行.
NOTIC: [8] Undefined variable: response xdebug://debug-eval 第 1 行.
NOTIC: [8] Undefined variable: response xdebug://debug-eval 第 1 行.
NOTIC: [8] Undefined variable: response xdebug://debug-eval 第 1 行.
NOTIC: [8] Undefined variable: response xdebug://debug-eval 第 1 行.
NOTIC: [8] Undefined variable: response xdebug://debug-eval 第 1 行.
NOTIC: [8] Undefined variable: response xdebug://debug-eval 第 1 行.
NOTIC: [8] Undefined variable: response xdebug://debug-eval 第 1 行.
NOTIC: [8] Undefined variable: response xdebug://debug-eval 第 1 行.
NOTIC: [8] Undefined variable: response xdebug://debug-eval 第 1 行.
NOTIC: [8] Undefined variable: response xdebug://debug-eval 第 1 行.
NOTIC: [8] Undefined variable: response xdebug://debug-eval 第 1 行.
NOTIC: [8] Undefined variable: response xdebug://debug-eval 第 1 行.
NOTIC: [8] Undefined variable: response xdebug://debug-eval 第 1 行.
NOTIC: [8] Undefined variable: response xdebug://debug-eval 第 1 行.
NOTIC: [8] Undefined variable: response xdebug://debug-eval 第 1 行.
NOTIC: [8] Undefined variable: response xdebug://debug-eval 第 1 行.
NOTIC: [8] Undefined variable: response xdebug://debug-eval 第 1 行.
NOTIC: [8] Undefined variable: response xdebug://debug-eval 第 1 行.
NOTIC: [8] Undefined variable: response xdebug://debug-eval 第 1 行.
NOTIC: [8] Undefined variable: response xdebug://debug-eval 第 1 行.
NOTIC: [8] Undefined variable: response xdebug://debug-eval 第 1 行.
NOTIC: [2] error_log(): Filename cannot be empty /home/vagrant/www/ant-auction-sub/Application/Org/JPush/Http.php 第 129 行.
NOTIC: [8] Undefined variable: response xdebug://debug-eval 第 1 行.
NOTIC: [8] Undefined variable: response xdebug://debug-eval 第 1 行.
NOTIC: [8] Undefined variable: response xdebug://debug-eval 第 1 行.
NOTIC: [8] Undefined variable: response xdebug://debug-eval 第 1 行.
SQL: INSERT INTO `ant_jpush_send_log` (`app_key`,`app_secret`,`mobile`,`notice_info`,`jpush_id`,`response_code`,`remark`,`request_time`,`createtime`) VALUES ('10537129f173165093deb6cb','d5a46aece7fea5d7301cdf7d','18613890691','333','18071adc030ebd04b96','200','OK','','2016-11-07 14:02:17') [ RunTime:0.1006s ]
NOTIC: [8] Undefined variable: response xdebug://debug-eval 第 1 行.
NOTIC: [8] Undefined variable: response xdebug://debug-eval 第 1 行.

[ 2016-11-07T14:02:39+08:00 ] 127.0.0.1 /auctionsub/api/notice/send
INFO: [ app_init ] --START--
INFO: Run Behavior\BuildLiteBehavior [ RunTime:0.000071s ]
INFO: [ app_init ] --END-- [ RunTime:0.000416s ]
INFO: [ app_begin ] --START--
INFO: Run Behavior\ReadHtmlCacheBehavior [ RunTime:0.004884s ]
INFO: [ app_begin ] --END-- [ RunTime:0.005222s ]
NOTIC: [2] error_log(): Filename cannot be empty /home/vagrant/www/ant-auction-sub/Application/Org/JPush/Http.php 第 129 行.
SQL: INSERT INTO `ant_jpush_send_log` (`app_key`,`app_secret`,`mobile`,`notice_info`,`jpush_id`,`response_code`,`remark`,`request_time`,`createtime`) VALUES ('10537129f173165093deb6cb','d5a46aece7fea5d7301cdf7d','18613890691','333','18071adc030ebd04b96','200','OK','','2016-11-07 14:02:38') [ RunTime:0.1023s ]

[ 2016-11-07T14:03:01+08:00 ] 127.0.0.1 /auctionsub/api/notice/send
INFO: [ app_init ] --START--
INFO: Run Behavior\BuildLiteBehavior [ RunTime:0.000155s ]
INFO: [ app_init ] --END-- [ RunTime:0.000543s ]
INFO: [ app_begin ] --START--
INFO: Run Behavior\ReadHtmlCacheBehavior [ RunTime:0.004974s ]
INFO: [ app_begin ] --END-- [ RunTime:0.005559s ]
NOTIC: [8] Undefined variable: response xdebug://debug-eval 第 1 行.
NOTIC: [8] Undefined variable: response xdebug://debug-eval 第 1 行.
NOTIC: [8] Undefined variable: response xdebug://debug-eval 第 1 行.
NOTIC: [8] Undefined variable: response xdebug://debug-eval 第 1 行.
NOTIC: [8] Undefined variable: response xdebug://debug-eval 第 1 行.
NOTIC: [8] Undefined variable: response xdebug://debug-eval 第 1 行.
NOTIC: [8] Undefined variable: response xdebug://debug-eval 第 1 行.
NOTIC: [8] Undefined variable: response xdebug://debug-eval 第 1 行.
NOTIC: [8] Undefined variable: response xdebug://debug-eval 第 1 行.
NOTIC: [8] Undefined variable: response xdebug://debug-eval 第 1 行.
NOTIC: [8] Undefined variable: response xdebug://debug-eval 第 1 行.
NOTIC: [8] Undefined variable: response xdebug://debug-eval 第 1 行.
NOTIC: [8] Undefined variable: response xdebug://debug-eval 第 1 行.
NOTIC: [8] Undefined variable: response xdebug://debug-eval 第 1 行.
NOTIC: [8] Undefined variable: response xdebug://debug-eval 第 1 行.
NOTIC: [8] Undefined variable: response xdebug://debug-eval 第 1 行.
NOTIC: [8] Undefined variable: response xdebug://debug-eval 第 1 行.
NOTIC: [8] Undefined variable: response xdebug://debug-eval 第 1 行.
NOTIC: [8] Undefined variable: response xdebug://debug-eval 第 1 行.
NOTIC: [8] Undefined variable: response xdebug://debug-eval 第 1 行.
NOTIC: [8] Undefined variable: response xdebug://debug-eval 第 1 行.
NOTIC: [8] Undefined variable: response xdebug://debug-eval 第 1 行.
NOTIC: [2] error_log(): Filename cannot be empty /home/vagrant/www/ant-auction-sub/Application/Org/JPush/Http.php 第 129 行.
NOTIC: [8] Undefined variable: response xdebug://debug-eval 第 1 行.
NOTIC: [8] Undefined variable: response xdebug://debug-eval 第 1 行.
NOTIC: [8] Undefined variable: response xdebug://debug-eval 第 1 行.
NOTIC: [8] Undefined variable: response xdebug://debug-eval 第 1 行.
SQL: INSERT INTO `ant_jpush_send_log` (`app_key`,`app_secret`,`mobile`,`notice_info`,`jpush_id`,`response_code`,`remark`,`request_time`,`createtime`) VALUES ('10537129f173165093deb6cb','d5a46aece7fea5d7301cdf7d','18613890691','333','18071adc030ebd04b96','200','OK','','2016-11-07 14:02:48') [ RunTime:0.0851s ]
NOTIC: [8] Undefined variable: response xdebug://debug-eval 第 1 行.
NOTIC: [8] Undefined variable: response xdebug://debug-eval 第 1 行.
NOTIC: [8] Undefined variable: response xdebug://debug-eval 第 1 行.
NOTIC: [8] Undefined variable: response xdebug://debug-eval 第 1 行.

[ 2016-11-07T14:03:22+08:00 ] 127.0.0.1 /auctionsub/api/notice/send
INFO: [ app_init ] --START--
INFO: Run Behavior\BuildLiteBehavior [ RunTime:0.000068s ]
INFO: [ app_init ] --END-- [ RunTime:0.000481s ]
INFO: [ app_begin ] --START--
INFO: Run Behavior\ReadHtmlCacheBehavior [ RunTime:0.004878s ]
INFO: [ app_begin ] --END-- [ RunTime:0.005393s ]
NOTIC: [2] error_log(): Filename cannot be empty /home/vagrant/www/ant-auction-sub/Application/Org/JPush/Http.php 第 129 行.
SQL: INSERT INTO `ant_jpush_send_log` (`app_key`,`app_secret`,`mobile`,`notice_info`,`jpush_id`,`response_code`,`remark`,`request_time`,`createtime`) VALUES ('10537129f173165093deb6cb','d5a46aece7fea5d7301cdf7d','18613890691','333','18071adc030ebd04b96','200','OK','','2016-11-07 14:03:22') [ RunTime:0.0928s ]

[ 2016-11-07T14:04:05+08:00 ] 127.0.0.1 /auctionsub/api/notice/send
INFO: [ app_init ] --START--
INFO: Run Behavior\BuildLiteBehavior [ RunTime:0.000437s ]
INFO: [ app_init ] --END-- [ RunTime:0.000977s ]
INFO: [ app_begin ] --START--
INFO: Run Behavior\ReadHtmlCacheBehavior [ RunTime:0.004140s ]
INFO: [ app_begin ] --END-- [ RunTime:0.004677s ]
NOTIC: [2] error_log(): Filename cannot be empty /home/vagrant/www/ant-auction-sub/Application/Org/JPush/Http.php 第 129 行.
SQL: INSERT INTO `ant_jpush_send_log` (`app_key`,`app_secret`,`mobile`,`notice_info`,`jpush_id`,`response_code`,`remark`,`request_time`,`createtime`) VALUES ('10537129f173165093deb6cb','d5a46aece7fea5d7301cdf7d','18613890691','faa','18071adc030ebd04b96','200','OK','','2016-11-07 14:04:05') [ RunTime:0.1059s ]

[ 2016-11-07T14:06:19+08:00 ] 127.0.0.1 /auctionsub/api/notice/send
INFO: [ app_init ] --START--
INFO: Run Behavior\BuildLiteBehavior [ RunTime:0.000066s ]
INFO: [ app_init ] --END-- [ RunTime:0.000434s ]
INFO: [ app_begin ] --START--
INFO: Run Behavior\ReadHtmlCacheBehavior [ RunTime:0.002289s ]
INFO: [ app_begin ] --END-- [ RunTime:0.002754s ]
NOTIC: [2] error_log(): Filename cannot be empty /home/vagrant/www/ant-auction-sub/Application/Org/JPush/Http.php 第 129 行.
SQL: INSERT INTO `ant_jpush_send_log` (`app_key`,`app_secret`,`mobile`,`notice_info`,`jpush_id`,`response_code`,`remark`,`request_time`,`createtime`) VALUES ('10537129f173165093deb6cb','d5a46aece7fea5d7301cdf7d','18613890691','faa','18071adc030ebd04b96','200','OK','','2016-11-07 14:06:19') [ RunTime:0.1226s ]

[ 2016-11-07T14:06:43+08:00 ] 127.0.0.1 /auctionsub/api/notice/send
INFO: [ app_init ] --START--
INFO: Run Behavior\BuildLiteBehavior [ RunTime:0.000126s ]
INFO: [ app_init ] --END-- [ RunTime:0.000470s ]
INFO: [ app_begin ] --START--
INFO: Run Behavior\ReadHtmlCacheBehavior [ RunTime:0.004184s ]
INFO: [ app_begin ] --END-- [ RunTime:0.004518s ]
NOTIC: [2] error_log(): Filename cannot be empty /home/vagrant/www/ant-auction-sub/Application/Org/JPush/Http.php 第 129 行.
SQL: INSERT INTO `ant_jpush_send_log` (`app_key`,`app_secret`,`mobile`,`notice_info`,`jpush_id`,`response_code`,`remark`,`request_time`,`createtime`) VALUES ('10537129f173165093deb6cb','d5a46aece7fea5d7301cdf7d','18613890691','faa','18071adc030ebd04b96','200','OK','','2016-11-07 14:06:43') [ RunTime:0.0921s ]

